<?xml version="1.0" encoding="UTF-8"?>
<coverage generated="1762772251043" clover="3.2.0">
  <project timestamp="1762772251043" name="All files">
    <metrics statements="4166" coveredstatements="1429" conditionals="2131" coveredconditionals="441" methods="850" coveredmethods="357" elements="7147" coveredelements="2227" complexity="0" loc="4166" ncloc="4166" packages="6" files="37" classes="37"/>
    <package name="src">
      <metrics statements="1481" coveredstatements="828" conditionals="618" coveredconditionals="253" methods="322" coveredmethods="189"/>
      <file name="base-plugin.ts" path="/Users/ivan/Sites/wavesurfer.js/src/base-plugin.ts">
        <metrics statements="18" coveredstatements="16" conditionals="1" coveredconditionals="0" methods="5" coveredmethods="5"/>
        <line num="1" count="2" type="stmt"/>
        <line num="11" count="2" type="stmt"/>
        <line num="13" count="3" type="stmt"/>
        <line num="15" count="3" type="stmt"/>
        <line num="19" count="3" type="stmt"/>
        <line num="20" count="3" type="stmt"/>
        <line num="25" count="1" type="stmt"/>
        <line num="31" count="2" type="cond" truecount="0" falsecount="1"/>
        <line num="32" count="0" type="stmt"/>
        <line num="33" count="0" type="stmt"/>
        <line num="36" count="2" type="stmt"/>
        <line num="37" count="2" type="stmt"/>
        <line num="42" count="2" type="stmt"/>
        <line num="43" count="2" type="stmt"/>
        <line num="44" count="2" type="stmt"/>
        <line num="45" count="2" type="stmt"/>
        <line num="46" count="2" type="stmt"/>
        <line num="50" count="2" type="stmt"/>
      </file>
      <file name="color-utils.ts" path="/Users/ivan/Sites/wavesurfer.js/src/color-utils.ts">
        <metrics statements="58" coveredstatements="53" conditionals="24" coveredconditionals="19" methods="12" coveredmethods="10"/>
        <line num="37" count="1" type="stmt"/>
        <line num="38" count="10" type="stmt"/>
        <line num="41" count="10" type="cond" truecount="1" falsecount="0"/>
        <line num="42" count="4" type="stmt"/>
        <line num="46" count="6" type="cond" truecount="1" falsecount="0"/>
        <line num="47" count="2" type="stmt"/>
        <line num="51" count="4" type="stmt"/>
        <line num="52" count="4" type="cond" truecount="1" falsecount="0"/>
        <line num="53" count="3" type="stmt"/>
        <line num="57" count="1" type="stmt"/>
        <line num="66" count="7" type="stmt"/>
        <line num="69" count="7" type="cond" truecount="1" falsecount="0"/>
        <line num="70" count="2" type="stmt"/>
        <line num="79" count="5" type="cond" truecount="1" falsecount="0"/>
        <line num="80" count="4" type="stmt"/>
        <line num="89" count="1" type="cond" truecount="1" falsecount="0"/>
        <line num="90" count="1" type="stmt"/>
        <line num="98" count="0" type="stmt"/>
        <line num="106" count="2" type="stmt"/>
        <line num="107" count="2" type="cond" truecount="0" falsecount="1"/>
        <line num="109" count="7" type="stmt"/>
        <line num="110" count="2" type="stmt"/>
        <line num="129" count="1" type="stmt"/>
        <line num="130" count="3" type="stmt"/>
        <line num="141" count="1" type="cond" truecount="1" falsecount="0"/>
        <line num="142" count="3" type="stmt"/>
        <line num="143" count="3" type="stmt"/>
        <line num="144" count="3" type="stmt"/>
        <line num="146" count="3" type="cond" truecount="1" falsecount="0"/>
        <line num="147" count="1" type="stmt"/>
        <line num="150" count="1" type="stmt"/>
        <line num="153" count="2" type="stmt"/>
        <line num="169" count="1" type="stmt"/>
        <line num="170" count="10" type="stmt"/>
        <line num="171" count="10" type="stmt"/>
        <line num="187" count="1" type="stmt"/>
        <line num="188" count="7" type="cond" truecount="1" falsecount="0"/>
        <line num="189" count="6" type="cond" truecount="1" falsecount="0"/>
        <line num="191" count="5" type="stmt"/>
        <line num="194" count="5" type="cond" truecount="1" falsecount="0"/>
        <line num="196" count="4" type="stmt"/>
        <line num="197" count="4" type="stmt"/>
        <line num="198" count="4" type="stmt"/>
        <line num="200" count="4" type="stmt"/>
        <line num="214" count="1" type="stmt"/>
        <line num="215" count="5" type="cond" truecount="1" falsecount="0"/>
        <line num="216" count="4" type="cond" truecount="1" falsecount="0"/>
        <line num="218" count="3" type="stmt"/>
        <line num="219" count="3" type="stmt"/>
        <line num="221" count="3" type="stmt"/>
        <line num="222" count="9" type="stmt"/>
        <line num="228" count="3" type="stmt"/>
        <line num="241" count="1" type="stmt"/>
        <line num="247" count="0" type="stmt"/>
        <line num="249" count="0" type="stmt"/>
        <line num="250" count="0" type="stmt"/>
        <line num="253" count="0" type="stmt"/>
        <line num="260" count="1" type="stmt"/>
      </file>
      <file name="decoder.ts" path="/Users/ivan/Sites/wavesurfer.js/src/decoder.ts">
        <metrics statements="52" coveredstatements="0" conditionals="20" coveredconditionals="0" methods="11" coveredmethods="0"/>
        <line num="12" count="0" type="stmt"/>
        <line num="13" count="0" type="stmt"/>
        <line num="14" count="0" type="stmt"/>
        <line num="16" count="0" type="stmt"/>
        <line num="24" count="0" type="stmt"/>
        <line num="25" count="0" type="cond" truecount="0" falsecount="1"/>
        <line num="27" count="0" type="stmt"/>
        <line num="28" count="0" type="stmt"/>
        <line num="29" count="0" type="stmt"/>
        <line num="30" count="0" type="stmt"/>
        <line num="31" count="0" type="cond" truecount="0" falsecount="1"/>
        <line num="33" count="0" type="stmt"/>
        <line num="41" count="0" type="stmt"/>
        <line num="42" count="0" type="cond" truecount="0" falsecount="1"/>
        <line num="43" count="0" type="cond" truecount="0" falsecount="2"/>
        <line num="51" count="0" type="cond" truecount="0" falsecount="1"/>
        <line num="52" count="0" type="stmt"/>
        <line num="55" count="0" type="stmt"/>
        <line num="56" count="0" type="cond" truecount="0" falsecount="1"/>
        <line num="58" count="0" type="stmt"/>
        <line num="59" count="0" type="stmt"/>
        <line num="60" count="0" type="stmt"/>
        <line num="61" count="0" type="stmt"/>
        <line num="63" count="0" type="stmt"/>
        <line num="75" count="0" type="stmt"/>
        <line num="76" count="0" type="stmt"/>
        <line num="77" count="0" type="stmt"/>
        <line num="80" count="0" type="stmt"/>
        <line num="89" count="0" type="cond" truecount="0" falsecount="1"/>
        <line num="90" count="0" type="stmt"/>
        <line num="93" count="0" type="stmt"/>
        <line num="94" count="0" type="cond" truecount="0" falsecount="1"/>
        <line num="96" count="0" type="stmt"/>
        <line num="97" count="0" type="stmt"/>
        <line num="98" count="0" type="stmt"/>
        <line num="101" count="0" type="stmt"/>
        <line num="107" count="0" type="cond" truecount="0" falsecount="3"/>
        <line num="108" count="0" type="stmt"/>
        <line num="110" count="0" type="cond" truecount="0" falsecount="1"/>
        <line num="111" count="0" type="stmt"/>
        <line num="115" count="0" type="cond" truecount="0" falsecount="1"/>
        <line num="118" count="0" type="cond" truecount="0" falsecount="3"/>
        <line num="119" count="0" type="stmt"/>
        <line num="123" count="0" type="stmt"/>
        <line num="126" count="0" type="stmt"/>
        <line num="127" count="0" type="cond" truecount="0" falsecount="2"/>
        <line num="130" count="0" type="stmt"/>
        <line num="136" count="0" type="stmt"/>
        <line num="137" count="0" type="cond" truecount="0" falsecount="1"/>
        <line num="138" count="0" type="stmt"/>
        <line num="140" count="0" type="stmt"/>
        <line num="147" count="0" type="stmt"/>
      </file>
      <file name="dom.ts" path="/Users/ivan/Sites/wavesurfer.js/src/dom.ts">
        <metrics statements="20" coveredstatements="19" conditionals="20" coveredconditionals="17" methods="2" coveredmethods="2"/>
        <line num="9" count="123" type="cond" truecount="1" falsecount="1"/>
        <line num="13" count="123" type="stmt"/>
        <line num="14" count="245" type="cond" truecount="4" falsecount="0"/>
        <line num="15" count="42" type="stmt"/>
        <line num="16" count="42" type="cond" truecount="2" falsecount="0"/>
        <line num="17" count="41" type="stmt"/>
        <line num="18" count="1" type="cond" truecount="1" falsecount="1"/>
        <line num="19" count="0" type="stmt"/>
        <line num="21" count="1" type="stmt"/>
        <line num="24" count="203" type="cond" truecount="2" falsecount="0"/>
        <line num="25" count="121" type="stmt"/>
        <line num="26" count="82" type="cond" truecount="2" falsecount="0"/>
        <line num="27" count="1" type="stmt"/>
        <line num="29" count="81" type="stmt"/>
        <line num="33" count="123" type="stmt"/>
        <line num="38" count="5" type="stmt"/>
        <line num="39" count="122" type="cond" truecount="1" falsecount="1"/>
        <line num="40" count="122" type="cond" truecount="4" falsecount="0"/>
        <line num="41" count="122" type="stmt"/>
        <line num="44" count="5" type="stmt"/>
      </file>
      <file name="draggable.ts" path="/Users/ivan/Sites/wavesurfer.js/src/draggable.ts">
        <metrics statements="74" coveredstatements="61" conditionals="34" coveredconditionals="16" methods="12" coveredmethods="6"/>
        <line num="1" count="2" type="stmt"/>
        <line num="10" count="1" type="cond" truecount="0" falsecount="1"/>
        <line num="12" count="1" type="stmt"/>
        <line num="13" count="1" type="stmt"/>
        <line num="15" count="1" type="stmt"/>
        <line num="17" count="1" type="stmt"/>
        <line num="18" count="1" type="cond" truecount="0" falsecount="1"/>
        <line num="20" count="1" type="stmt"/>
        <line num="21" count="1" type="cond" truecount="0" falsecount="1"/>
        <line num="22" count="0" type="stmt"/>
        <line num="25" count="1" type="stmt"/>
        <line num="26" count="1" type="stmt"/>
        <line num="27" count="1" type="stmt"/>
        <line num="28" count="1" type="stmt"/>
        <line num="30" count="1" type="stmt"/>
        <line num="31" count="1" type="cond" truecount="2" falsecount="1"/>
        <line num="32" count="0" type="stmt"/>
        <line num="35" count="1" type="cond" truecount="1" falsecount="2"/>
        <line num="37" count="1" type="stmt"/>
        <line num="38" count="1" type="stmt"/>
        <line num="39" count="1" type="stmt"/>
        <line num="40" count="1" type="stmt"/>
        <line num="42" count="1" type="cond" truecount="3" falsecount="1"/>
        <line num="43" count="1" type="stmt"/>
        <line num="44" count="1" type="stmt"/>
        <line num="46" count="1" type="stmt"/>
        <line num="47" count="1" type="stmt"/>
        <line num="49" count="1" type="cond" truecount="1" falsecount="0"/>
        <line num="50" count="1" type="cond" truecount="3" falsecount="1"/>
        <line num="51" count="1" type="stmt"/>
        <line num="54" count="1" type="stmt"/>
        <line num="56" count="1" type="stmt"/>
        <line num="57" count="1" type="stmt"/>
        <line num="61" count="1" type="stmt"/>
        <line num="62" count="1" type="stmt"/>
        <line num="63" count="1" type="cond" truecount="1" falsecount="0"/>
        <line num="64" count="1" type="stmt"/>
        <line num="65" count="1" type="stmt"/>
        <line num="66" count="1" type="stmt"/>
        <line num="67" count="1" type="stmt"/>
        <line num="69" count="1" type="cond" truecount="3" falsecount="1"/>
        <line num="71" count="1" type="stmt"/>
        <line num="74" count="1" type="stmt"/>
        <line num="75" count="0" type="stmt"/>
        <line num="76" count="0" type="cond" truecount="0" falsecount="3"/>
        <line num="77" count="0" type="stmt"/>
        <line num="81" count="1" type="stmt"/>
        <line num="82" count="0" type="cond" truecount="0" falsecount="1"/>
        <line num="83" count="0" type="stmt"/>
        <line num="84" count="0" type="stmt"/>
        <line num="88" count="1" type="stmt"/>
        <line num="89" count="0" type="cond" truecount="0" falsecount="3"/>
        <line num="90" count="0" type="stmt"/>
        <line num="92" count="0" type="cond" truecount="0" falsecount="1"/>
        <line num="93" count="0" type="stmt"/>
        <line num="97" count="1" type="stmt"/>
        <line num="98" count="1" type="stmt"/>
        <line num="99" count="1" type="stmt"/>
        <line num="100" count="1" type="stmt"/>
        <line num="101" count="1" type="stmt"/>
        <line num="102" count="1" type="stmt"/>
        <line num="104" count="1" type="stmt"/>
        <line num="105" count="2" type="stmt"/>
        <line num="106" count="2" type="stmt"/>
        <line num="107" count="2" type="stmt"/>
        <line num="108" count="2" type="stmt"/>
        <line num="109" count="2" type="stmt"/>
        <line num="110" count="2" type="stmt"/>
        <line num="111" count="0" type="stmt"/>
        <line num="116" count="1" type="stmt"/>
        <line num="118" count="1" type="stmt"/>
        <line num="119" count="1" type="stmt"/>
        <line num="120" count="1" type="stmt"/>
        <line num="121" count="1" type="stmt"/>
      </file>
      <file name="event-emitter.ts" path="/Users/ivan/Sites/wavesurfer.js/src/event-emitter.ts">
        <metrics statements="17" coveredstatements="17" conditionals="11" coveredconditionals="10" methods="10" coveredmethods="9"/>
        <line num="17" count="84" type="stmt"/>
        <line num="25" count="33" type="cond" truecount="1" falsecount="0"/>
        <line num="26" count="33" type="stmt"/>
        <line num="29" count="33" type="cond" truecount="5" falsecount="0"/>
        <line num="31" count="2" type="stmt"/>
        <line num="32" count="2" type="stmt"/>
        <line num="33" count="2" type="stmt"/>
        <line num="35" count="2" type="stmt"/>
        <line num="36" count="2" type="stmt"/>
        <line num="39" count="31" type="stmt"/>
        <line num="40" count="31" type="stmt"/>
        <line num="48" count="28" type="cond" truecount="3" falsecount="1"/>
        <line num="56" count="2" type="stmt"/>
        <line num="61" count="1" type="stmt"/>
        <line num="66" count="136" type="cond" truecount="1" falsecount="0"/>
        <line num="67" count="47" type="stmt"/>
        <line num="72" count="6" type="stmt"/>
      </file>
      <file name="fetcher.ts" path="/Users/ivan/Sites/wavesurfer.js/src/fetcher.ts">
        <metrics statements="22" coveredstatements="20" conditionals="13" coveredconditionals="8" methods="3" coveredmethods="3"/>
        <line num="2" count="1" type="cond" truecount="2" falsecount="1"/>
        <line num="3" count="1" type="stmt"/>
        <line num="5" count="1" type="cond" truecount="1" falsecount="1"/>
        <line num="6" count="1" type="stmt"/>
        <line num="9" count="1" type="stmt"/>
        <line num="11" count="1" type="cond" truecount="4" falsecount="2"/>
        <line num="12" count="1" type="stmt"/>
        <line num="13" count="1" type="stmt"/>
        <line num="17" count="1" type="stmt"/>
        <line num="18" count="1" type="stmt"/>
        <line num="19" count="2" type="stmt"/>
        <line num="21" count="2" type="cond" truecount="1" falsecount="0"/>
        <line num="22" count="1" type="stmt"/>
        <line num="25" count="1" type="stmt"/>
        <line num="29" count="0" type="stmt"/>
        <line num="39" count="1" type="stmt"/>
        <line num="41" count="1" type="cond" truecount="0" falsecount="1"/>
        <line num="42" count="0" type="stmt"/>
        <line num="46" count="1" type="stmt"/>
        <line num="48" count="1" type="stmt"/>
        <line num="51" count="2" type="stmt"/>
        <line num="55" count="2" type="stmt"/>
      </file>
      <file name="fft.ts" path="/Users/ivan/Sites/wavesurfer.js/src/fft.ts">
        <metrics statements="191" coveredstatements="0" conditionals="50" coveredconditionals="0" methods="26" coveredmethods="0"/>
        <line num="11" count="0" type="stmt"/>
        <line num="15" count="0" type="stmt"/>
        <line num="19" count="0" type="stmt"/>
        <line num="23" count="0" type="stmt"/>
        <line num="27" count="0" type="stmt"/>
        <line num="32" count="0" type="stmt"/>
        <line num="33" count="0" type="cond" truecount="0" falsecount="1"/>
        <line num="34" count="0" type="stmt"/>
        <line num="36" count="0" type="cond" truecount="0" falsecount="1"/>
        <line num="37" count="0" type="stmt"/>
        <line num="39" count="0" type="stmt"/>
        <line num="44" count="0" type="cond" truecount="0" falsecount="1"/>
        <line num="45" count="0" type="stmt"/>
        <line num="47" count="0" type="cond" truecount="0" falsecount="1"/>
        <line num="48" count="0" type="stmt"/>
        <line num="50" count="0" type="stmt"/>
        <line num="55" count="0" type="stmt"/>
        <line num="60" count="0" type="stmt"/>
        <line num="65" count="0" type="cond" truecount="0" falsecount="5"/>
        <line num="67" count="0" type="stmt"/>
        <line num="69" count="0" type="stmt"/>
        <line num="71" count="0" type="stmt"/>
        <line num="73" count="0" type="stmt"/>
        <line num="75" count="0" type="stmt"/>
        <line num="80" count="0" type="cond" truecount="0" falsecount="5"/>
        <line num="82" count="0" type="stmt"/>
        <line num="84" count="0" type="stmt"/>
        <line num="86" count="0" type="stmt"/>
        <line num="88" count="0" type="stmt"/>
        <line num="90" count="0" type="stmt"/>
        <line num="102" count="0" type="stmt"/>
        <line num="103" count="0" type="stmt"/>
        <line num="104" count="0" type="stmt"/>
        <line num="105" count="0" type="stmt"/>
        <line num="107" count="0" type="stmt"/>
        <line num="108" count="0" type="stmt"/>
        <line num="109" count="0" type="stmt"/>
        <line num="110" count="0" type="stmt"/>
        <line num="111" count="0" type="stmt"/>
        <line num="112" count="0" type="stmt"/>
        <line num="113" count="0" type="stmt"/>
        <line num="114" count="0" type="stmt"/>
        <line num="116" count="0" type="stmt"/>
        <line num="120" count="0" type="stmt"/>
        <line num="121" count="0" type="stmt"/>
        <line num="122" count="0" type="stmt"/>
        <line num="123" count="0" type="stmt"/>
        <line num="124" count="0" type="stmt"/>
        <line num="127" count="0" type="stmt"/>
        <line num="137" count="0" type="cond" truecount="0" falsecount="6"/>
        <line num="139" count="0" type="stmt"/>
        <line num="141" count="0" type="stmt"/>
        <line num="143" count="0" type="stmt"/>
        <line num="145" count="0" type="stmt"/>
        <line num="148" count="0" type="stmt"/>
        <line num="152" count="0" type="stmt"/>
        <line num="154" count="0" type="stmt"/>
        <line num="155" count="0" type="stmt"/>
        <line num="156" count="0" type="stmt"/>
        <line num="157" count="0" type="stmt"/>
        <line num="159" count="0" type="stmt"/>
        <line num="163" count="0" type="stmt"/>
        <line num="164" count="0" type="stmt"/>
        <line num="165" count="0" type="stmt"/>
        <line num="166" count="0" type="stmt"/>
        <line num="168" count="0" type="stmt"/>
        <line num="171" count="0" type="stmt"/>
        <line num="435" count="0" type="cond" truecount="0" falsecount="3"/>
        <line num="436" count="0" type="cond" truecount="0" falsecount="1"/>
        <line num="437" count="0" type="stmt"/>
        <line num="439" count="0" type="stmt"/>
        <line num="440" count="0" type="stmt"/>
        <line num="441" count="0" type="cond" truecount="0" falsecount="1"/>
        <line num="442" count="0" type="stmt"/>
        <line num="445" count="0" type="stmt"/>
        <line num="448" count="0" type="stmt"/>
        <line num="449" count="0" type="cond" truecount="0" falsecount="1"/>
        <line num="450" count="0" type="stmt"/>
        <line num="453" count="0" type="stmt"/>
        <line num="460" count="0" type="cond" truecount="0" falsecount="2"/>
        <line num="467" count="0" type="cond" truecount="0" falsecount="2"/>
        <line num="480" count="0" type="stmt"/>
        <line num="481" count="0" type="stmt"/>
        <line num="482" count="0" type="stmt"/>
        <line num="489" count="0" type="stmt"/>
        <line num="490" count="0" type="stmt"/>
        <line num="491" count="0" type="stmt"/>
        <line num="492" count="0" type="stmt"/>
        <line num="493" count="0" type="stmt"/>
        <line num="494" count="0" type="stmt"/>
        <line num="502" count="0" type="stmt"/>
        <line num="503" count="0" type="stmt"/>
        <line num="504" count="0" type="stmt"/>
        <line num="506" count="0" type="stmt"/>
        <line num="507" count="0" type="stmt"/>
        <line num="508" count="0" type="stmt"/>
        <line num="509" count="0" type="stmt"/>
        <line num="511" count="0" type="stmt"/>
        <line num="512" count="0" type="stmt"/>
        <line num="514" count="0" type="cond" truecount="0" falsecount="12"/>
        <line num="516" count="0" type="stmt"/>
        <line num="517" count="0" type="stmt"/>
        <line num="519" count="0" type="stmt"/>
        <line num="521" count="0" type="stmt"/>
        <line num="522" count="0" type="stmt"/>
        <line num="525" count="0" type="stmt"/>
        <line num="527" count="0" type="cond" truecount="0" falsecount="2"/>
        <line num="528" count="0" type="stmt"/>
        <line num="529" count="0" type="stmt"/>
        <line num="534" count="0" type="stmt"/>
        <line num="536" count="0" type="stmt"/>
        <line num="537" count="0" type="stmt"/>
        <line num="539" count="0" type="stmt"/>
        <line num="541" count="0" type="cond" truecount="0" falsecount="2"/>
        <line num="542" count="0" type="stmt"/>
        <line num="543" count="0" type="stmt"/>
        <line num="548" count="0" type="stmt"/>
        <line num="550" count="0" type="stmt"/>
        <line num="551" count="0" type="stmt"/>
        <line num="553" count="0" type="stmt"/>
        <line num="556" count="0" type="stmt"/>
        <line num="557" count="0" type="stmt"/>
        <line num="559" count="0" type="stmt"/>
        <line num="561" count="0" type="stmt"/>
        <line num="562" count="0" type="stmt"/>
        <line num="565" count="0" type="stmt"/>
        <line num="567" count="0" type="stmt"/>
        <line num="568" count="0" type="stmt"/>
        <line num="570" count="0" type="stmt"/>
        <line num="572" count="0" type="stmt"/>
        <line num="573" count="0" type="stmt"/>
        <line num="575" count="0" type="stmt"/>
        <line num="577" count="0" type="stmt"/>
        <line num="580" count="0" type="stmt"/>
        <line num="581" count="0" type="stmt"/>
        <line num="583" count="0" type="stmt"/>
        <line num="584" count="0" type="stmt"/>
        <line num="585" count="0" type="stmt"/>
        <line num="588" count="0" type="stmt"/>
        <line num="589" count="0" type="stmt"/>
        <line num="592" count="0" type="stmt"/>
        <line num="593" count="0" type="stmt"/>
        <line num="594" count="0" type="stmt"/>
        <line num="597" count="0" type="stmt"/>
        <line num="598" count="0" type="stmt"/>
        <line num="599" count="0" type="stmt"/>
        <line num="600" count="0" type="stmt"/>
        <line num="601" count="0" type="stmt"/>
        <line num="602" count="0" type="stmt"/>
        <line num="603" count="0" type="stmt"/>
        <line num="604" count="0" type="stmt"/>
        <line num="605" count="0" type="stmt"/>
        <line num="606" count="0" type="stmt"/>
        <line num="610" count="0" type="stmt"/>
        <line num="612" count="0" type="cond" truecount="0" falsecount="1"/>
        <line num="613" count="0" type="stmt"/>
        <line num="615" count="0" type="cond" truecount="0" falsecount="1"/>
        <line num="616" count="0" type="stmt"/>
        <line num="624" count="0" type="stmt"/>
        <line num="634" count="0" type="stmt"/>
        <line num="635" count="0" type="stmt"/>
        <line num="636" count="0" type="stmt"/>
        <line num="639" count="0" type="stmt"/>
        <line num="640" count="0" type="stmt"/>
        <line num="641" count="0" type="stmt"/>
        <line num="643" count="0" type="stmt"/>
        <line num="644" count="0" type="stmt"/>
        <line num="646" count="0" type="stmt"/>
        <line num="647" count="0" type="stmt"/>
        <line num="649" count="0" type="stmt"/>
        <line num="650" count="0" type="stmt"/>
        <line num="651" count="0" type="stmt"/>
        <line num="652" count="0" type="stmt"/>
        <line num="654" count="0" type="stmt"/>
        <line num="655" count="0" type="stmt"/>
        <line num="656" count="0" type="stmt"/>
        <line num="657" count="0" type="stmt"/>
        <line num="659" count="0" type="stmt"/>
        <line num="662" count="0" type="stmt"/>
        <line num="663" count="0" type="stmt"/>
        <line num="664" count="0" type="stmt"/>
        <line num="667" count="0" type="stmt"/>
        <line num="670" count="0" type="stmt"/>
        <line num="671" count="0" type="stmt"/>
        <line num="672" count="0" type="stmt"/>
        <line num="673" count="0" type="stmt"/>
        <line num="675" count="0" type="cond" truecount="0" falsecount="1"/>
        <line num="676" count="0" type="stmt"/>
        <line num="677" count="0" type="stmt"/>
        <line num="679" count="0" type="stmt"/>
        <line num="681" count="0" type="stmt"/>
      </file>
      <file name="player.ts" path="/Users/ivan/Sites/wavesurfer.js/src/player.ts">
        <metrics statements="104" coveredstatements="76" conditionals="31" coveredconditionals="11" methods="49" coveredmethods="44"/>
        <line num="1" count="2" type="stmt"/>
        <line num="2" count="2" type="stmt"/>
        <line num="13" count="40" type="stmt"/>
        <line num="25" count="40" type="stmt"/>
        <line num="27" count="40" type="cond" truecount="1" falsecount="1"/>
        <line num="28" count="40" type="stmt"/>
        <line num="29" count="40" type="stmt"/>
        <line num="31" count="0" type="stmt"/>
        <line num="35" count="40" type="stmt"/>
        <line num="36" count="40" type="stmt"/>
        <line num="37" count="40" type="stmt"/>
        <line num="38" count="40" type="stmt"/>
        <line num="39" count="40" type="stmt"/>
        <line num="40" count="40" type="cond" truecount="1" falsecount="1"/>
        <line num="41" count="40" type="stmt"/>
        <line num="44" count="40" type="stmt"/>
        <line num="47" count="40" type="cond" truecount="0" falsecount="1"/>
        <line num="48" count="0" type="stmt"/>
        <line num="51" count="40" type="cond" truecount="0" falsecount="1"/>
        <line num="52" count="0" type="stmt"/>
        <line num="55" count="40" type="cond" truecount="0" falsecount="1"/>
        <line num="56" count="0" type="stmt"/>
        <line num="59" count="0" type="cond" truecount="0" falsecount="1"/>
        <line num="60" count="0" type="stmt"/>
        <line num="74" count="40" type="stmt"/>
        <line num="75" count="3" type="stmt"/>
        <line num="78" count="40" type="stmt"/>
        <line num="79" count="1" type="stmt"/>
        <line num="82" count="40" type="stmt"/>
        <line num="83" count="1" type="stmt"/>
        <line num="87" count="40" type="stmt"/>
        <line num="88" count="1" type="stmt"/>
        <line num="91" count="40" type="stmt"/>
        <line num="92" count="1" type="stmt"/>
        <line num="96" count="40" type="stmt"/>
        <line num="97" count="1" type="stmt"/>
        <line num="100" count="40" type="stmt"/>
        <line num="101" count="1" type="stmt"/>
        <line num="105" count="40" type="stmt"/>
        <line num="106" count="3" type="stmt"/>
        <line num="107" count="3" type="stmt"/>
        <line num="111" count="40" type="stmt"/>
        <line num="112" count="2" type="stmt"/>
        <line num="119" count="1" type="stmt"/>
        <line num="124" count="9" type="stmt"/>
        <line num="129" count="1" type="stmt"/>
        <line num="134" count="5" type="stmt"/>
        <line num="139" count="1" type="stmt"/>
        <line num="144" count="4" type="stmt"/>
        <line num="149" count="1" type="stmt"/>
        <line num="154" count="4" type="stmt"/>
        <line num="159" count="1" type="stmt"/>
        <line num="164" count="4" type="stmt"/>
        <line num="169" count="1" type="stmt"/>
        <line num="174" count="4" type="stmt"/>
        <line num="179" count="1" type="stmt"/>
        <line num="184" count="6" type="stmt"/>
        <line num="192" count="440" type="stmt"/>
        <line num="193" count="440" type="stmt"/>
        <line num="197" count="19" type="cond" truecount="3" falsecount="0"/>
        <line num="201" count="0" type="stmt"/>
        <line num="202" count="0" type="cond" truecount="0" falsecount="1"/>
        <line num="203" count="0" type="stmt"/>
        <line num="208" count="0" type="stmt"/>
        <line num="212" count="0" type="stmt"/>
        <line num="213" count="0" type="cond" truecount="0" falsecount="3"/>
        <line num="215" count="0" type="stmt"/>
        <line num="216" count="0" type="cond" truecount="0" falsecount="5"/>
        <line num="219" count="0" type="cond" truecount="0" falsecount="1"/>
        <line num="220" count="0" type="stmt"/>
        <line num="223" count="0" type="cond" truecount="0" falsecount="3"/>
        <line num="224" count="0" type="stmt"/>
        <line num="225" count="0" type="stmt"/>
        <line num="227" count="0" type="stmt"/>
        <line num="233" count="1" type="cond" truecount="1" falsecount="0"/>
        <line num="234" count="0" type="stmt"/>
        <line num="235" count="0" type="stmt"/>
        <line num="236" count="0" type="stmt"/>
        <line num="238" count="0" type="stmt"/>
        <line num="240" count="0" type="stmt"/>
        <line num="244" count="1" type="stmt"/>
        <line num="249" count="4" type="stmt"/>
        <line num="250" count="4" type="stmt"/>
        <line num="252" count="1" type="cond" truecount="3" falsecount="0"/>
        <line num="253" count="1" type="stmt"/>
        <line num="255" count="0" type="stmt"/>
        <line num="261" count="4" type="stmt"/>
        <line num="266" count="28" type="cond" truecount="2" falsecount="0"/>
        <line num="271" count="8" type="stmt"/>
        <line num="276" count="13" type="stmt"/>
        <line num="281" count="4" type="stmt"/>
        <line num="286" count="1" type="stmt"/>
        <line num="291" count="1" type="stmt"/>
        <line num="296" count="1" type="stmt"/>
        <line num="301" count="1" type="stmt"/>
        <line num="306" count="1" type="stmt"/>
        <line num="311" count="0" type="stmt"/>
        <line num="317" count="1" type="cond" truecount="0" falsecount="1"/>
        <line num="318" count="0" type="stmt"/>
        <line num="320" count="1" type="stmt"/>
        <line num="325" count="25" type="stmt"/>
        <line num="331" count="1" type="stmt"/>
        <line num="332" count="1" type="stmt"/>
        <line num="336" count="2" type="stmt"/>
      </file>
      <file name="renderer-utils.ts" path="/Users/ivan/Sites/wavesurfer.js/src/renderer-utils.ts">
        <metrics statements="200" coveredstatements="162" conditionals="119" coveredconditionals="83" methods="36" coveredmethods="23"/>
        <line num="14" count="2" type="stmt"/>
        <line num="16" count="2" type="stmt"/>
        <line num="18" count="2" type="stmt"/>
        <line num="20" count="2" type="stmt"/>
        <line num="21" count="3" type="cond" truecount="1" falsecount="0"/>
        <line num="22" count="2" type="cond" truecount="1" falsecount="0"/>
        <line num="23" count="1" type="stmt"/>
        <line num="41" count="2" type="stmt"/>
        <line num="42" count="0" type="stmt"/>
        <line num="43" count="0" type="stmt"/>
        <line num="44" count="0" type="cond" truecount="0" falsecount="2"/>
        <line num="45" count="0" type="cond" truecount="0" falsecount="1"/>
        <line num="47" count="0" type="stmt"/>
        <line num="58" count="2" type="stmt"/>
        <line num="59" count="0" type="stmt"/>
        <line num="60" count="0" type="stmt"/>
        <line num="61" count="0" type="stmt"/>
        <line num="63" count="0" type="stmt"/>
        <line num="64" count="0" type="stmt"/>
        <line num="65" count="0" type="stmt"/>
        <line num="66" count="0" type="stmt"/>
        <line num="69" count="0" type="stmt"/>
        <line num="82" count="2" type="stmt"/>
        <line num="88" count="0" type="stmt"/>
        <line num="89" count="0" type="stmt"/>
        <line num="91" count="0" type="stmt"/>
        <line num="92" count="0" type="cond" truecount="0" falsecount="2"/>
        <line num="93" count="0" type="cond" truecount="0" falsecount="2"/>
        <line num="94" count="0" type="cond" truecount="0" falsecount="1"/>
        <line num="95" count="0" type="cond" truecount="0" falsecount="1"/>
        <line num="98" count="0" type="stmt"/>
        <line num="101" count="2" type="stmt"/>
        <line num="114" count="5" type="stmt"/>
        <line num="115" count="5" type="cond" truecount="2" falsecount="0"/>
        <line num="116" count="5" type="cond" truecount="4" falsecount="0"/>
        <line num="117" count="5" type="cond" truecount="2" falsecount="0"/>
        <line num="118" count="5" type="cond" truecount="1" falsecount="1"/>
        <line num="119" count="5" type="cond" truecount="1" falsecount="1"/>
        <line num="121" count="5" type="stmt"/>
        <line num="131" count="2" type="stmt"/>
        <line num="142" count="14" type="stmt"/>
        <line num="143" count="14" type="stmt"/>
        <line num="144" count="14" type="cond" truecount="2" falsecount="0"/>
        <line num="146" count="14" type="stmt"/>
        <line num="149" count="2" type="stmt"/>
        <line num="162" count="15" type="cond" truecount="1" falsecount="0"/>
        <line num="163" count="14" type="cond" truecount="1" falsecount="0"/>
        <line num="164" count="13" type="stmt"/>
        <line num="167" count="2" type="stmt"/>
        <line num="186" count="4" type="cond" truecount="1" falsecount="1"/>
        <line num="187" count="4" type="cond" truecount="2" falsecount="0"/>
        <line num="188" count="4" type="stmt"/>
        <line num="190" count="4" type="stmt"/>
        <line num="192" count="4" type="stmt"/>
        <line num="193" count="4" type="stmt"/>
        <line num="194" count="4" type="stmt"/>
        <line num="196" count="4" type="stmt"/>
        <line num="197" count="16" type="stmt"/>
        <line num="199" count="16" type="cond" truecount="1" falsecount="0"/>
        <line num="200" count="12" type="stmt"/>
        <line num="207" count="12" type="stmt"/>
        <line num="215" count="12" type="stmt"/>
        <line num="222" count="12" type="stmt"/>
        <line num="223" count="12" type="stmt"/>
        <line num="224" count="12" type="stmt"/>
        <line num="227" count="16" type="cond" truecount="2" falsecount="0"/>
        <line num="228" count="16" type="cond" truecount="2" falsecount="0"/>
        <line num="229" count="16" type="cond" truecount="1" falsecount="0"/>
        <line num="230" count="16" type="cond" truecount="1" falsecount="0"/>
        <line num="233" count="4" type="stmt"/>
        <line num="251" count="2" type="stmt"/>
        <line num="252" count="1" type="stmt"/>
        <line num="253" count="1" type="stmt"/>
        <line num="254" count="1" type="stmt"/>
        <line num="255" count="1" type="stmt"/>
        <line num="256" count="1" type="stmt"/>
        <line num="269" count="2" type="cond" truecount="0" falsecount="1"/>
        <line num="270" count="0" type="stmt"/>
        <line num="283" count="2" type="cond" truecount="0" falsecount="1"/>
        <line num="284" count="0" type="stmt"/>
        <line num="295" count="2" type="stmt"/>
        <line num="296" count="0" type="stmt"/>
        <line num="307" count="2" type="stmt"/>
        <line num="308" count="0" type="cond" truecount="0" falsecount="2"/>
        <line num="320" count="2" type="stmt"/>
        <line num="321" count="0" type="stmt"/>
        <line num="342" count="2" type="cond" truecount="0" falsecount="2"/>
        <line num="343" count="0" type="stmt"/>
        <line num="354" count="2" type="stmt"/>
        <line num="355" count="0" type="cond" truecount="0" falsecount="2"/>
        <line num="368" count="2" type="stmt"/>
        <line num="374" count="0" type="stmt"/>
        <line num="375" count="0" type="stmt"/>
        <line num="376" count="0" type="stmt"/>
        <line num="392" count="2" type="stmt"/>
        <line num="401" count="0" type="stmt"/>
        <line num="402" count="0" type="stmt"/>
        <line num="403" count="0" type="stmt"/>
        <line num="406" count="2" type="stmt"/>
        <line num="419" count="29" type="cond" truecount="1" falsecount="0"/>
        <line num="420" count="5" type="stmt"/>
        <line num="421" count="5" type="cond" truecount="1" falsecount="0"/>
        <line num="422" count="3" type="cond" truecount="1" falsecount="0"/>
        <line num="423" count="2" type="cond" truecount="2" falsecount="0"/>
        <line num="424" count="3" type="cond" truecount="4" falsecount="1"/>
        <line num="425" count="2" type="stmt"/>
        <line num="427" count="0" type="stmt"/>
        <line num="429" count="1" type="stmt"/>
        <line num="432" count="2" type="stmt"/>
        <line num="433" count="25" type="cond" truecount="2" falsecount="0"/>
        <line num="436" count="2" type="stmt"/>
        <line num="437" count="19" type="cond" truecount="3" falsecount="0"/>
        <line num="440" count="2" type="stmt"/>
        <line num="444" count="12" type="cond" truecount="3" falsecount="0"/>
        <line num="445" count="4" type="cond" truecount="1" falsecount="0"/>
        <line num="446" count="3" type="cond" truecount="2" falsecount="1"/>
        <line num="448" count="2" type="stmt"/>
        <line num="449" count="2" type="stmt"/>
        <line num="450" count="2" type="stmt"/>
        <line num="451" count="2" type="cond" truecount="1" falsecount="1"/>
        <line num="453" count="2" type="stmt"/>
        <line num="454" count="2" type="stmt"/>
        <line num="455" count="4" type="stmt"/>
        <line num="458" count="2" type="stmt"/>
        <line num="461" count="2" type="stmt"/>
        <line num="474" count="5" type="stmt"/>
        <line num="475" count="5" type="stmt"/>
        <line num="476" count="5" type="cond" truecount="2" falsecount="0"/>
        <line num="477" count="5" type="cond" truecount="2" falsecount="0"/>
        <line num="479" count="5" type="stmt"/>
        <line num="487" count="2" type="stmt"/>
        <line num="488" count="11" type="cond" truecount="1" falsecount="0"/>
        <line num="489" count="6" type="cond" truecount="1" falsecount="1"/>
        <line num="490" count="6" type="cond" truecount="2" falsecount="0"/>
        <line num="491" count="6" type="stmt"/>
        <line num="492" count="6" type="cond" truecount="0" falsecount="1"/>
        <line num="493" count="6" type="stmt"/>
        <line num="496" count="2" type="stmt"/>
        <line num="505" count="6" type="stmt"/>
        <line num="506" count="6" type="stmt"/>
        <line num="509" count="2" type="stmt"/>
        <line num="520" count="2" type="stmt"/>
        <line num="521" count="3" type="stmt"/>
        <line num="522" count="3" type="stmt"/>
        <line num="523" count="3" type="stmt"/>
        <line num="527" count="2" type="stmt"/>
        <line num="528" count="2" type="stmt"/>
        <line num="531" count="2" type="stmt"/>
        <line num="540" count="2" type="cond" truecount="1" falsecount="0"/>
        <line num="541" count="1" type="stmt"/>
        <line num="542" count="1" type="stmt"/>
        <line num="543" count="1" type="stmt"/>
        <line num="546" count="2" type="stmt"/>
        <line num="557" count="6" type="cond" truecount="2" falsecount="0"/>
        <line num="558" count="6" type="cond" truecount="1" falsecount="0"/>
        <line num="560" count="1" type="stmt"/>
        <line num="561" count="1" type="cond" truecount="2" falsecount="1"/>
        <line num="564" count="1" type="cond" truecount="3" falsecount="1"/>
        <line num="565" count="1" type="cond" truecount="1" falsecount="0"/>
        <line num="566" count="1" type="stmt"/>
        <line num="567" count="2" type="cond" truecount="3" falsecount="1"/>
        <line num="568" count="2" type="stmt"/>
        <line num="569" count="2" type="cond" truecount="1" falsecount="0"/>
        <line num="573" count="1" type="cond" truecount="0" falsecount="1"/>
        <line num="574" count="1" type="stmt"/>
        <line num="577" count="2" type="stmt"/>
        <line num="588" count="4" type="stmt"/>
        <line num="589" count="4" type="cond" truecount="1" falsecount="1"/>
        <line num="590" count="4" type="cond" truecount="2" falsecount="0"/>
        <line num="591" count="4" type="stmt"/>
        <line num="593" count="4" type="stmt"/>
        <line num="594" count="8" type="stmt"/>
        <line num="595" count="8" type="cond" truecount="1" falsecount="1"/>
        <line num="596" count="8" type="stmt"/>
        <line num="597" count="8" type="cond" truecount="2" falsecount="0"/>
        <line num="599" count="8" type="stmt"/>
        <line num="600" count="8" type="stmt"/>
        <line num="601" count="8" type="stmt"/>
        <line num="603" count="8" type="stmt"/>
        <line num="604" count="28" type="stmt"/>
        <line num="606" count="28" type="cond" truecount="1" falsecount="0"/>
        <line num="607" count="20" type="cond" truecount="2" falsecount="0"/>
        <line num="608" count="20" type="stmt"/>
        <line num="609" count="20" type="stmt"/>
        <line num="610" count="20" type="stmt"/>
        <line num="611" count="20" type="stmt"/>
        <line num="614" count="28" type="cond" truecount="2" falsecount="0"/>
        <line num="615" count="28" type="cond" truecount="1" falsecount="0"/>
        <line num="618" count="8" type="stmt"/>
        <line num="620" count="8" type="stmt"/>
        <line num="624" count="2" type="stmt"/>
        <line num="633" count="3" type="cond" truecount="1" falsecount="0"/>
        <line num="634" count="1" type="stmt"/>
        <line num="637" count="2" type="stmt"/>
        <line num="638" count="2" type="stmt"/>
        <line num="640" count="2" type="stmt"/>
        <line num="643" count="2" type="stmt"/>
        <line num="644" count="0" type="stmt"/>
        <line num="645" count="0" type="cond" truecount="0" falsecount="2"/>
        <line num="646" count="0" type="stmt"/>
      </file>
      <file name="renderer.ts" path="/Users/ivan/Sites/wavesurfer.js/src/renderer.ts">
        <metrics statements="342" coveredstatements="242" conditionals="121" coveredconditionals="56" methods="59" coveredmethods="38"/>
        <line num="1" count="1" type="stmt"/>
        <line num="2" count="1" type="stmt"/>
        <line num="3" count="1" type="stmt"/>
        <line num="5" count="1" type="stmt"/>
        <line num="6" count="1" type="stmt"/>
        <line num="7" count="1" type="stmt"/>
        <line num="32" count="18" type="stmt"/>
        <line num="33" count="18" type="stmt"/>
        <line num="34" count="18" type="stmt"/>
        <line num="35" count="18" type="stmt"/>
        <line num="36" count="18" type="stmt"/>
        <line num="37" count="18" type="stmt"/>
        <line num="38" count="18" type="stmt"/>
        <line num="39" count="18" type="stmt"/>
        <line num="40" count="18" type="stmt"/>
        <line num="41" count="18" type="stmt"/>
        <line num="42" count="18" type="stmt"/>
        <line num="43" count="18" type="stmt"/>
        <line num="63" count="18" type="stmt"/>
        <line num="65" count="18" type="stmt"/>
        <line num="66" count="18" type="stmt"/>
        <line num="69" count="18" type="stmt"/>
        <line num="70" count="18" type="stmt"/>
        <line num="71" count="18" type="stmt"/>
        <line num="72" count="18" type="stmt"/>
        <line num="73" count="18" type="stmt"/>
        <line num="74" count="18" type="stmt"/>
        <line num="77" count="18" type="stmt"/>
        <line num="78" count="18" type="stmt"/>
        <line num="79" count="18" type="stmt"/>
        <line num="80" count="18" type="stmt"/>
        <line num="81" count="18" type="stmt"/>
        <line num="82" count="18" type="stmt"/>
        <line num="84" count="18" type="stmt"/>
        <line num="85" count="18" type="stmt"/>
        <line num="87" count="18" type="stmt"/>
        <line num="88" count="18" type="stmt"/>
        <line num="89" count="18" type="stmt"/>
        <line num="90" count="18" type="stmt"/>
        <line num="91" count="18" type="stmt"/>
        <line num="92" count="18" type="stmt"/>
        <line num="93" count="18" type="stmt"/>
        <line num="94" count="18" type="stmt"/>
        <line num="96" count="18" type="cond" truecount="0" falsecount="1"/>
        <line num="97" count="0" type="stmt"/>
        <line num="100" count="18" type="stmt"/>
        <line num="105" count="21" type="cond" truecount="2" falsecount="0"/>
        <line num="106" count="2" type="stmt"/>
        <line num="107" count="19" type="cond" truecount="1" falsecount="0"/>
        <line num="108" count="19" type="stmt"/>
        <line num="111" count="21" type="cond" truecount="1" falsecount="0"/>
        <line num="112" count="1" type="stmt"/>
        <line num="115" count="20" type="stmt"/>
        <line num="120" count="18" type="stmt"/>
        <line num="121" count="0" type="stmt"/>
        <line num="122" count="0" type="stmt"/>
        <line num="124" count="0" type="stmt"/>
        <line num="126" count="0" type="stmt"/>
        <line num="130" count="18" type="stmt"/>
        <line num="131" count="0" type="stmt"/>
        <line num="132" count="0" type="stmt"/>
        <line num="134" count="0" type="stmt"/>
        <line num="136" count="0" type="stmt"/>
        <line num="140" count="18" type="cond" truecount="2" falsecount="1"/>
        <line num="141" count="0" type="stmt"/>
        <line num="145" count="18" type="stmt"/>
        <line num="148" count="18" type="stmt"/>
        <line num="149" count="18" type="stmt"/>
        <line num="150" count="18" type="stmt"/>
        <line num="151" count="18" type="stmt"/>
        <line num="154" count="18" type="stmt"/>
        <line num="157" count="18" type="cond" truecount="0" falsecount="1"/>
        <line num="158" count="0" type="stmt"/>
        <line num="159" count="0" type="stmt"/>
        <line num="160" count="0" type="stmt"/>
        <line num="161" count="0" type="stmt"/>
        <line num="162" count="0" type="stmt"/>
        <line num="164" count="0" type="stmt"/>
        <line num="169" count="0" type="stmt"/>
        <line num="170" count="0" type="cond" truecount="0" falsecount="3"/>
        <line num="171" count="0" type="stmt"/>
        <line num="172" count="0" type="stmt"/>
        <line num="174" count="0" type="stmt"/>
        <line num="176" count="0" type="stmt"/>
        <line num="181" count="0" type="cond" truecount="0" falsecount="1"/>
        <line num="183" count="0" type="stmt"/>
        <line num="187" count="0" type="stmt"/>
        <line num="188" count="0" type="stmt"/>
        <line num="190" count="0" type="stmt"/>
        <line num="192" count="0" type="stmt"/>
        <line num="196" count="0" type="stmt"/>
        <line num="197" count="0" type="stmt"/>
        <line num="198" count="0" type="stmt"/>
        <line num="200" count="0" type="stmt"/>
        <line num="202" count="0" type="stmt"/>
        <line num="206" count="0" type="stmt"/>
        <line num="207" count="0" type="stmt"/>
        <line num="208" count="0" type="stmt"/>
        <line num="210" count="0" type="stmt"/>
        <line num="212" count="0" type="stmt"/>
        <line num="216" count="0" type="stmt"/>
        <line num="220" count="19" type="stmt"/>
        <line num="221" count="19" type="stmt"/>
        <line num="224" count="19" type="cond" truecount="2" falsecount="2"/>
        <line num="226" count="19" type="stmt"/>
        <line num="301" count="19" type="stmt"/>
        <line num="306" count="0" type="cond" truecount="0" falsecount="1"/>
        <line num="307" count="0" type="stmt"/>
        <line num="308" count="0" type="stmt"/>
        <line num="310" count="0" type="stmt"/>
        <line num="313" count="0" type="cond" truecount="0" falsecount="3"/>
        <line num="314" count="0" type="stmt"/>
        <line num="317" count="0" type="stmt"/>
        <line num="320" count="0" type="stmt"/>
        <line num="324" count="1" type="stmt"/>
        <line num="328" count="0" type="stmt"/>
        <line num="332" count="2" type="stmt"/>
        <line num="336" count="1" type="stmt"/>
        <line num="340" count="0" type="stmt"/>
        <line num="341" count="0" type="stmt"/>
        <line num="342" count="0" type="stmt"/>
        <line num="346" count="19" type="stmt"/>
        <line num="347" count="19" type="stmt"/>
        <line num="348" count="19" type="cond" truecount="0" falsecount="1"/>
        <line num="349" count="0" type="stmt"/>
        <line num="350" count="0" type="stmt"/>
        <line num="352" count="19" type="cond" truecount="3" falsecount="1"/>
        <line num="353" count="19" type="stmt"/>
        <line num="356" count="19" type="cond" truecount="1" falsecount="0"/>
        <line num="357" count="18" type="stmt"/>
        <line num="358" count="18" type="stmt"/>
        <line num="362" count="19" type="stmt"/>
        <line num="369" count="1" type="stmt"/>
        <line num="370" count="1" type="cond" truecount="0" falsecount="1"/>
        <line num="371" count="0" type="stmt"/>
        <line num="372" count="0" type="stmt"/>
        <line num="374" count="1" type="cond" truecount="0" falsecount="1"/>
        <line num="375" count="0" type="stmt"/>
        <line num="376" count="0" type="stmt"/>
        <line num="380" count="1" type="stmt"/>
        <line num="382" count="1" type="stmt"/>
        <line num="383" count="1" type="stmt"/>
        <line num="385" count="1" type="stmt"/>
        <line num="387" count="1" type="stmt"/>
        <line num="389" count="1" type="stmt"/>
        <line num="390" count="1" type="stmt"/>
        <line num="391" count="1" type="stmt"/>
        <line num="392" count="1" type="stmt"/>
        <line num="402" count="26" type="cond" truecount="6" falsecount="0"/>
        <line num="403" count="26" type="stmt"/>
        <line num="413" count="8" type="stmt"/>
        <line num="417" count="22" type="stmt"/>
        <line num="426" count="3" type="stmt"/>
        <line num="427" count="3" type="stmt"/>
        <line num="435" count="3" type="stmt"/>
        <line num="446" count="3" type="stmt"/>
        <line num="448" count="3" type="stmt"/>
        <line num="449" count="6" type="cond" truecount="2" falsecount="2"/>
        <line num="451" count="0" type="stmt"/>
        <line num="462" count="6" type="stmt"/>
        <line num="466" count="3" type="stmt"/>
        <line num="467" count="3" type="stmt"/>
        <line num="476" count="3" type="stmt"/>
        <line num="477" count="3" type="stmt"/>
        <line num="479" count="3" type="stmt"/>
        <line num="481" count="3" type="stmt"/>
        <line num="482" count="6" type="cond" truecount="0" falsecount="1"/>
        <line num="483" count="6" type="stmt"/>
        <line num="484" count="6" type="stmt"/>
        <line num="485" count="20" type="stmt"/>
        <line num="486" count="20" type="stmt"/>
        <line num="490" count="3" type="stmt"/>
        <line num="491" count="3" type="stmt"/>
        <line num="495" count="4" type="stmt"/>
        <line num="497" count="4" type="cond" truecount="0" falsecount="1"/>
        <line num="498" count="0" type="stmt"/>
        <line num="499" count="0" type="stmt"/>
        <line num="502" count="4" type="stmt"/>
        <line num="509" count="4" type="cond" truecount="1" falsecount="0"/>
        <line num="510" count="2" type="stmt"/>
        <line num="511" count="2" type="stmt"/>
        <line num="514" count="2" type="stmt"/>
        <line num="526" count="2" type="stmt"/>
        <line num="527" count="2" type="stmt"/>
        <line num="528" count="2" type="stmt"/>
        <line num="529" count="2" type="stmt"/>
        <line num="530" count="2" type="stmt"/>
        <line num="531" count="2" type="stmt"/>
        <line num="532" count="2" type="stmt"/>
        <line num="533" count="2" type="stmt"/>
        <line num="535" count="2" type="stmt"/>
        <line num="538" count="2" type="cond" truecount="1" falsecount="1"/>
        <line num="539" count="0" type="stmt"/>
        <line num="540" count="0" type="stmt"/>
        <line num="542" count="2" type="stmt"/>
        <line num="546" count="2" type="cond" truecount="3" falsecount="0"/>
        <line num="547" count="2" type="stmt"/>
        <line num="548" count="2" type="stmt"/>
        <line num="549" count="2" type="stmt"/>
        <line num="551" count="2" type="stmt"/>
        <line num="552" count="2" type="stmt"/>
        <line num="554" count="2" type="stmt"/>
        <line num="555" count="2" type="stmt"/>
        <line num="567" count="5" type="stmt"/>
        <line num="568" count="5" type="stmt"/>
        <line num="569" count="5" type="stmt"/>
        <line num="571" count="5" type="stmt"/>
        <line num="572" count="5" type="stmt"/>
        <line num="575" count="5" type="cond" truecount="1" falsecount="0"/>
        <line num="578" count="1" type="stmt"/>
        <line num="579" count="2" type="cond" truecount="2" falsecount="1"/>
        <line num="580" count="2" type="cond" truecount="0" falsecount="1"/>
        <line num="581" count="2" type="stmt"/>
        <line num="582" count="2" type="stmt"/>
        <line num="583" count="2" type="stmt"/>
        <line num="586" count="2" type="stmt"/>
        <line num="588" count="2" type="cond" truecount="1" falsecount="0"/>
        <line num="589" count="1" type="stmt"/>
        <line num="590" count="1" type="stmt"/>
        <line num="594" count="1" type="stmt"/>
        <line num="595" count="0" type="cond" truecount="0" falsecount="1"/>
        <line num="596" count="0" type="stmt"/>
        <line num="597" count="0" type="stmt"/>
        <line num="598" count="0" type="stmt"/>
        <line num="603" count="1" type="stmt"/>
        <line num="606" count="1" type="cond" truecount="1" falsecount="0"/>
        <line num="607" count="1" type="stmt"/>
        <line num="608" count="2" type="stmt"/>
        <line num="610" count="1" type="stmt"/>
        <line num="614" count="0" type="stmt"/>
        <line num="619" count="0" type="stmt"/>
        <line num="622" count="0" type="cond" truecount="0" falsecount="1"/>
        <line num="623" count="0" type="stmt"/>
        <line num="624" count="0" type="stmt"/>
        <line num="625" count="0" type="stmt"/>
        <line num="626" count="0" type="stmt"/>
        <line num="629" count="0" type="stmt"/>
        <line num="635" count="4" type="stmt"/>
        <line num="640" count="4" type="stmt"/>
        <line num="641" count="4" type="stmt"/>
        <line num="642" count="4" type="stmt"/>
        <line num="643" count="4" type="cond" truecount="1" falsecount="2"/>
        <line num="644" count="0" type="stmt"/>
        <line num="646" count="4" type="stmt"/>
        <line num="647" count="4" type="stmt"/>
        <line num="650" count="4" type="stmt"/>
        <line num="651" count="4" type="stmt"/>
        <line num="654" count="4" type="stmt"/>
        <line num="659" count="3" type="stmt"/>
        <line num="660" count="3" type="stmt"/>
        <line num="663" count="3" type="stmt"/>
        <line num="664" count="3" type="stmt"/>
        <line num="667" count="3" type="cond" truecount="0" falsecount="1"/>
        <line num="668" count="0" type="stmt"/>
        <line num="673" count="3" type="stmt"/>
        <line num="674" count="3" type="stmt"/>
        <line num="675" count="3" type="stmt"/>
        <line num="684" count="3" type="stmt"/>
        <line num="687" count="3" type="cond" truecount="1" falsecount="1"/>
        <line num="690" count="3" type="cond" truecount="1" falsecount="1"/>
        <line num="691" count="3" type="stmt"/>
        <line num="692" count="3" type="cond" truecount="2" falsecount="0"/>
        <line num="693" count="3" type="stmt"/>
        <line num="695" count="3" type="stmt"/>
        <line num="698" count="3" type="stmt"/>
        <line num="700" count="3" type="stmt"/>
        <line num="703" count="3" type="cond" truecount="1" falsecount="1"/>
        <line num="705" count="0" type="stmt"/>
        <line num="706" count="0" type="cond" truecount="0" falsecount="4"/>
        <line num="707" count="0" type="stmt"/>
        <line num="711" count="3" type="stmt"/>
        <line num="712" count="3" type="cond" truecount="0" falsecount="1"/>
        <line num="713" count="3" type="stmt"/>
        <line num="717" count="3" type="stmt"/>
        <line num="719" count="3" type="stmt"/>
        <line num="721" count="3" type="stmt"/>
        <line num="726" count="2" type="stmt"/>
        <line num="727" count="2" type="stmt"/>
        <line num="730" count="2" type="cond" truecount="1" falsecount="0"/>
        <line num="733" count="1" type="stmt"/>
        <line num="734" count="1" type="stmt"/>
        <line num="737" count="1" type="stmt"/>
        <line num="740" count="1" type="cond" truecount="1" falsecount="2"/>
        <line num="741" count="0" type="stmt"/>
        <line num="742" count="0" type="stmt"/>
        <line num="743" count="0" type="stmt"/>
        <line num="748" count="1" type="stmt"/>
        <line num="749" count="1" type="stmt"/>
        <line num="753" count="1" type="stmt"/>
        <line num="754" count="1" type="stmt"/>
        <line num="755" count="1" type="stmt"/>
        <line num="756" count="1" type="stmt"/>
        <line num="757" count="1" type="stmt"/>
        <line num="759" count="1" type="cond" truecount="1" falsecount="1"/>
        <line num="761" count="0" type="stmt"/>
        <line num="762" count="0" type="cond" truecount="0" falsecount="2"/>
        <line num="763" count="0" type="stmt"/>
        <line num="764" count="0" type="cond" truecount="0" falsecount="1"/>
        <line num="765" count="0" type="stmt"/>
        <line num="768" count="1" type="cond" truecount="3" falsecount="0"/>
        <line num="769" count="1" type="cond" truecount="1" falsecount="1"/>
        <line num="773" count="1" type="stmt"/>
        <line num="774" count="1" type="cond" truecount="1" falsecount="3"/>
        <line num="775" count="0" type="stmt"/>
        <line num="781" count="1" type="stmt"/>
        <line num="782" count="1" type="stmt"/>
        <line num="787" count="1" type="stmt"/>
        <line num="800" count="2" type="cond" truecount="0" falsecount="1"/>
        <line num="803" count="2" type="cond" truecount="2" falsecount="0"/>
        <line num="806" count="2" type="stmt"/>
        <line num="807" count="0" type="cond" truecount="0" falsecount="1"/>
        <line num="809" count="0" type="stmt"/>
        <line num="810" count="0" type="stmt"/>
        <line num="813" count="0" type="stmt"/>
        <line num="814" count="0" type="stmt"/>
        <line num="815" count="0" type="stmt"/>
        <line num="816" count="0" type="cond" truecount="0" falsecount="2"/>
        <line num="818" count="0" type="cond" truecount="0" falsecount="3"/>
        <line num="819" count="0" type="stmt"/>
        <line num="829" count="1" type="cond" truecount="0" falsecount="1"/>
        <line num="831" count="1" type="stmt"/>
        <line num="832" count="1" type="stmt"/>
        <line num="834" count="1" type="stmt"/>
        <line num="835" count="1" type="stmt"/>
        <line num="836" count="1" type="stmt"/>
        <line num="837" count="1" type="stmt"/>
        <line num="838" count="1" type="cond" truecount="1" falsecount="1"/>
        <line num="842" count="1" type="cond" truecount="1" falsecount="2"/>
        <line num="843" count="0" type="stmt"/>
        <line num="849" count="2" type="stmt"/>
        <line num="850" count="2" type="cond" truecount="0" falsecount="1"/>
        <line num="851" count="0" type="stmt"/>
        <line num="855" count="2" type="cond" truecount="1" falsecount="0"/>
        <line num="856" count="1" type="stmt"/>
        <line num="857" count="1" type="stmt"/>
        <line num="861" count="1" type="stmt"/>
        <line num="863" count="1" type="stmt"/>
        <line num="864" count="1" type="stmt"/>
        <line num="866" count="1" type="cond" truecount="1" falsecount="1"/>
        <line num="867" count="1" type="stmt"/>
        <line num="869" count="0" type="stmt"/>
        <line num="881" count="1" type="stmt"/>
      </file>
      <file name="wavesurfer.ts" path="/Users/ivan/Sites/wavesurfer.js/src/wavesurfer.ts">
        <metrics statements="261" coveredstatements="160" conditionals="121" coveredconditionals="33" methods="67" coveredmethods="49"/>
        <line num="1" count="1" type="stmt"/>
        <line num="2" count="1" type="stmt"/>
        <line num="3" count="1" type="stmt"/>
        <line num="4" count="1" type="stmt"/>
        <line num="5" count="1" type="stmt"/>
        <line num="6" count="1" type="stmt"/>
        <line num="7" count="1" type="stmt"/>
        <line num="8" count="1" type="stmt"/>
        <line num="9" count="1" type="stmt"/>
        <line num="10" count="1" type="stmt"/>
        <line num="11" count="1" type="stmt"/>
        <line num="90" count="1" type="stmt"/>
        <line num="157" count="19" type="stmt"/>
        <line num="158" count="19" type="stmt"/>
        <line num="159" count="19" type="stmt"/>
        <line num="160" count="19" type="stmt"/>
        <line num="161" count="19" type="stmt"/>
        <line num="162" count="19" type="stmt"/>
        <line num="167" count="19" type="stmt"/>
        <line num="169" count="1" type="stmt"/>
        <line num="170" count="1" type="stmt"/>
        <line num="174" count="19" type="stmt"/>
        <line num="180" count="19" type="cond" truecount="1" falsecount="1"/>
        <line num="183" count="19" type="stmt"/>
        <line num="190" count="19" type="stmt"/>
        <line num="193" count="19" type="stmt"/>
        <line num="194" count="19" type="stmt"/>
        <line num="195" count="19" type="stmt"/>
        <line num="197" count="19" type="cond" truecount="1" falsecount="1"/>
        <line num="198" count="19" type="stmt"/>
        <line num="200" count="19" type="stmt"/>
        <line num="201" count="19" type="stmt"/>
        <line num="202" count="19" type="stmt"/>
        <line num="203" count="19" type="stmt"/>
        <line num="206" count="19" type="stmt"/>
        <line num="209" count="19" type="stmt"/>
        <line num="216" count="19" type="cond" truecount="3" falsecount="0"/>
        <line num="219" count="19" type="stmt"/>
        <line num="220" count="19" type="stmt"/>
        <line num="224" count="19" type="stmt"/>
        <line num="225" count="19" type="cond" truecount="2" falsecount="2"/>
        <line num="228" count="0" type="stmt"/>
        <line num="230" count="0" type="cond" truecount="0" falsecount="2"/>
        <line num="237" count="6" type="stmt"/>
        <line num="238" count="6" type="stmt"/>
        <line num="242" count="19" type="stmt"/>
        <line num="245" count="19" type="stmt"/>
        <line num="246" count="19" type="stmt"/>
        <line num="249" count="19" type="cond" truecount="0" falsecount="1"/>
        <line num="250" count="0" type="stmt"/>
        <line num="251" count="0" type="stmt"/>
        <line num="254" count="19" type="cond" truecount="0" falsecount="1"/>
        <line num="256" count="0" type="stmt"/>
        <line num="257" count="0" type="cond" truecount="0" falsecount="1"/>
        <line num="258" count="0" type="stmt"/>
        <line num="261" count="0" type="cond" truecount="0" falsecount="3"/>
        <line num="262" count="0" type="stmt"/>
        <line num="263" count="0" type="stmt"/>
        <line num="268" count="0" type="stmt"/>
        <line num="271" count="0" type="stmt"/>
        <line num="276" count="19" type="stmt"/>
        <line num="277" count="1" type="cond" truecount="0" falsecount="1"/>
        <line num="278" count="0" type="stmt"/>
        <line num="279" count="0" type="stmt"/>
        <line num="281" count="1" type="stmt"/>
        <line num="287" count="20" type="cond" truecount="0" falsecount="1"/>
        <line num="288" count="0" type="stmt"/>
        <line num="293" count="20" type="stmt"/>
        <line num="296" count="0" type="stmt"/>
        <line num="300" count="0" type="stmt"/>
        <line num="304" count="0" type="stmt"/>
        <line num="308" count="0" type="stmt"/>
        <line num="315" count="19" type="stmt"/>
        <line num="317" count="19" type="stmt"/>
        <line num="318" count="19" type="cond" truecount="1" falsecount="2"/>
        <line num="319" count="0" type="stmt"/>
        <line num="320" count="0" type="stmt"/>
        <line num="321" count="0" type="stmt"/>
        <line num="327" count="19" type="stmt"/>
        <line num="329" count="19" type="stmt"/>
        <line num="330" count="19" type="cond" truecount="0" falsecount="1"/>
        <line num="331" count="0" type="stmt"/>
        <line num="337" count="19" type="cond" truecount="0" falsecount="1"/>
        <line num="338" count="0" type="stmt"/>
        <line num="340" count="0" type="stmt"/>
        <line num="341" count="0" type="stmt"/>
        <line num="342" count="0" type="stmt"/>
        <line num="343" count="0" type="stmt"/>
        <line num="349" count="19" type="stmt"/>
        <line num="351" count="19" type="cond" truecount="0" falsecount="1"/>
        <line num="352" count="0" type="stmt"/>
        <line num="358" count="19" type="stmt"/>
        <line num="360" count="19" type="cond" truecount="0" falsecount="1"/>
        <line num="361" count="0" type="stmt"/>
        <line num="367" count="19" type="stmt"/>
        <line num="369" count="19" type="cond" truecount="0" falsecount="1"/>
        <line num="370" count="0" type="stmt"/>
        <line num="378" count="19" type="stmt"/>
        <line num="379" count="19" type="stmt"/>
        <line num="380" count="19" type="cond" truecount="2" falsecount="1"/>
        <line num="382" count="0" type="stmt"/>
        <line num="385" count="0" type="cond" truecount="0" falsecount="2"/>
        <line num="386" count="0" type="stmt"/>
        <line num="387" count="0" type="cond" truecount="0" falsecount="2"/>
        <line num="388" count="0" type="stmt"/>
        <line num="389" count="0" type="cond" truecount="0" falsecount="1"/>
        <line num="391" count="0" type="stmt"/>
        <line num="394" count="0" type="stmt"/>
        <line num="395" count="0" type="stmt"/>
        <line num="397" count="0" type="stmt"/>
        <line num="398" count="0" type="cond" truecount="0" falsecount="2"/>
        <line num="399" count="0" type="stmt"/>
        <line num="400" count="0" type="cond" truecount="0" falsecount="2"/>
        <line num="401" count="0" type="stmt"/>
        <line num="402" count="0" type="cond" truecount="0" falsecount="3"/>
        <line num="403" count="0" type="cond" truecount="0" falsecount="4"/>
        <line num="406" count="0" type="stmt"/>
        <line num="407" count="0" type="stmt"/>
        <line num="410" count="0" type="stmt"/>
        <line num="411" count="0" type="stmt"/>
        <line num="416" count="19" type="stmt"/>
        <line num="417" count="1" type="stmt"/>
        <line num="418" count="1" type="stmt"/>
        <line num="424" count="19" type="cond" truecount="4" falsecount="1"/>
        <line num="426" count="0" type="stmt"/>
        <line num="427" count="0" type="stmt"/>
        <line num="432" count="8" type="stmt"/>
        <line num="433" count="2" type="stmt"/>
        <line num="438" count="1" type="stmt"/>
        <line num="439" count="1" type="cond" truecount="1" falsecount="2"/>
        <line num="440" count="0" type="stmt"/>
        <line num="442" count="1" type="cond" truecount="1" falsecount="2"/>
        <line num="444" count="0" type="stmt"/>
        <line num="446" count="1" type="stmt"/>
        <line num="448" count="1" type="cond" truecount="1" falsecount="0"/>
        <line num="449" count="1" type="stmt"/>
        <line num="451" count="1" type="cond" truecount="1" falsecount="0"/>
        <line num="452" count="1" type="stmt"/>
        <line num="459" count="1" type="cond" truecount="0" falsecount="1"/>
        <line num="460" count="0" type="stmt"/>
        <line num="463" count="1" type="stmt"/>
        <line num="464" count="1" type="stmt"/>
        <line num="467" count="1" type="stmt"/>
        <line num="468" count="1" type="stmt"/>
        <line num="469" count="1" type="stmt"/>
        <line num="471" count="1" type="stmt"/>
        <line num="473" count="1" type="stmt"/>
        <line num="478" count="0" type="stmt"/>
        <line num="479" count="0" type="stmt"/>
        <line num="484" count="1" type="stmt"/>
        <line num="489" count="0" type="stmt"/>
        <line num="494" count="1" type="stmt"/>
        <line num="499" count="1" type="stmt"/>
        <line num="504" count="1" type="stmt"/>
        <line num="509" count="1" type="stmt"/>
        <line num="510" count="1" type="stmt"/>
        <line num="515" count="2" type="stmt"/>
        <line num="519" count="0" type="stmt"/>
        <line num="521" count="0" type="cond" truecount="0" falsecount="3"/>
        <line num="523" count="0" type="stmt"/>
        <line num="524" count="0" type="stmt"/>
        <line num="527" count="0" type="cond" truecount="0" falsecount="4"/>
        <line num="528" count="0" type="stmt"/>
        <line num="531" count="0" type="cond" truecount="0" falsecount="3"/>
        <line num="532" count="0" type="cond" truecount="0" falsecount="2"/>
        <line num="533" count="0" type="cond" truecount="0" falsecount="3"/>
        <line num="534" count="0" type="stmt"/>
        <line num="535" count="0" type="stmt"/>
        <line num="537" count="0" type="stmt"/>
        <line num="538" count="0" type="stmt"/>
        <line num="539" count="0" type="stmt"/>
        <line num="540" count="0" type="cond" truecount="0" falsecount="1"/>
        <line num="541" count="0" type="stmt"/>
        <line num="546" count="0" type="stmt"/>
        <line num="549" count="0" type="stmt"/>
        <line num="550" count="0" type="cond" truecount="0" falsecount="2"/>
        <line num="551" count="0" type="cond" truecount="0" falsecount="2"/>
        <line num="552" count="0" type="stmt"/>
        <line num="554" count="0" type="stmt"/>
        <line num="555" count="0" type="stmt"/>
        <line num="561" count="0" type="cond" truecount="0" falsecount="3"/>
        <line num="562" count="0" type="stmt"/>
        <line num="563" count="0" type="cond" truecount="0" falsecount="1"/>
        <line num="564" count="0" type="stmt"/>
        <line num="569" count="0" type="cond" truecount="0" falsecount="2"/>
        <line num="570" count="0" type="cond" truecount="0" falsecount="2"/>
        <line num="571" count="0" type="cond" truecount="0" falsecount="1"/>
        <line num="572" count="0" type="stmt"/>
        <line num="573" count="0" type="stmt"/>
        <line num="576" count="0" type="cond" truecount="0" falsecount="1"/>
        <line num="577" count="0" type="stmt"/>
        <line num="578" count="0" type="stmt"/>
        <line num="581" count="0" type="stmt"/>
        <line num="586" count="1" type="stmt"/>
        <line num="587" count="1" type="stmt"/>
        <line num="589" count="0" type="stmt"/>
        <line num="590" count="0" type="stmt"/>
        <line num="596" count="1" type="stmt"/>
        <line num="597" count="1" type="stmt"/>
        <line num="599" count="0" type="stmt"/>
        <line num="600" count="0" type="stmt"/>
        <line num="606" count="2" type="cond" truecount="1" falsecount="0"/>
        <line num="607" count="1" type="stmt"/>
        <line num="609" count="1" type="stmt"/>
        <line num="610" count="1" type="stmt"/>
        <line num="615" count="1" type="stmt"/>
        <line num="620" count="1" type="cond" truecount="0" falsecount="1"/>
        <line num="621" count="0" type="stmt"/>
        <line num="623" count="1" type="stmt"/>
        <line num="624" count="1" type="stmt"/>
        <line num="625" count="1" type="stmt"/>
        <line num="626" count="1" type="stmt"/>
        <line num="627" count="1" type="stmt"/>
        <line num="628" count="1" type="stmt"/>
        <line num="629" count="1" type="stmt"/>
        <line num="630" count="3" type="stmt"/>
        <line num="631" count="3" type="stmt"/>
        <line num="632" count="3" type="stmt"/>
        <line num="633" count="3" type="stmt"/>
        <line num="634" count="3" type="cond" truecount="1" falsecount="0"/>
        <line num="636" count="3" type="stmt"/>
        <line num="638" count="1" type="stmt"/>
        <line num="640" count="1" type="stmt"/>
        <line num="645" count="11" type="cond" truecount="1" falsecount="1"/>
        <line num="647" count="11" type="cond" truecount="4" falsecount="0"/>
        <line num="648" count="1" type="stmt"/>
        <line num="650" count="11" type="stmt"/>
        <line num="655" count="1" type="stmt"/>
        <line num="660" count="6" type="stmt"/>
        <line num="661" count="6" type="stmt"/>
        <line num="662" count="6" type="stmt"/>
        <line num="663" count="6" type="stmt"/>
        <line num="668" count="1" type="stmt"/>
        <line num="669" count="1" type="stmt"/>
        <line num="674" count="2" type="cond" truecount="1" falsecount="0"/>
        <line num="675" count="1" type="stmt"/>
        <line num="678" count="2" type="stmt"/>
        <line num="679" count="2" type="cond" truecount="1" falsecount="0"/>
        <line num="680" count="1" type="cond" truecount="1" falsecount="1"/>
        <line num="681" count="0" type="stmt"/>
        <line num="683" count="1" type="stmt"/>
        <line num="687" count="2" type="stmt"/>
        <line num="692" count="2" type="cond" truecount="2" falsecount="0"/>
        <line num="697" count="1" type="stmt"/>
        <line num="698" count="1" type="stmt"/>
        <line num="703" count="1" type="stmt"/>
        <line num="708" count="1" type="stmt"/>
        <line num="713" count="1" type="stmt"/>
        <line num="714" count="1" type="stmt"/>
        <line num="715" count="1" type="stmt"/>
        <line num="729" count="1" type="cond" truecount="0" falsecount="1"/>
        <line num="733" count="1" type="stmt"/>
        <line num="738" count="1" type="stmt"/>
        <line num="739" count="1" type="cond" truecount="2" falsecount="2"/>
        <line num="740" count="1" type="stmt"/>
        <line num="741" count="1" type="stmt"/>
        <line num="742" count="1" type="stmt"/>
        <line num="743" count="1" type="stmt"/>
        <line num="744" count="9" type="stmt"/>
        <line num="745" count="1" type="stmt"/>
        <line num="749" count="1" type="stmt"/>
      </file>
      <file name="webaudio.ts" path="/Users/ivan/Sites/wavesurfer.js/src/webaudio.ts">
        <metrics statements="122" coveredstatements="2" conditionals="53" coveredconditionals="0" methods="30" coveredmethods="0"/>
        <line num="1" count="1" type="stmt"/>
        <line num="25" count="0" type="stmt"/>
        <line num="26" count="0" type="stmt"/>
        <line num="27" count="0" type="stmt"/>
        <line num="28" count="0" type="stmt"/>
        <line num="29" count="0" type="stmt"/>
        <line num="30" count="0" type="stmt"/>
        <line num="31" count="0" type="stmt"/>
        <line num="32" count="0" type="stmt"/>
        <line num="33" count="0" type="stmt"/>
        <line num="34" count="0" type="stmt"/>
        <line num="35" count="0" type="stmt"/>
        <line num="36" count="0" type="stmt"/>
        <line num="39" count="0" type="stmt"/>
        <line num="40" count="0" type="stmt"/>
        <line num="41" count="0" type="stmt"/>
        <line num="42" count="0" type="stmt"/>
        <line num="46" count="0" type="stmt"/>
        <line num="49" count="0" type="stmt"/>
        <line num="52" count="0" type="stmt"/>
        <line num="56" count="0" type="stmt"/>
        <line num="60" count="0" type="stmt"/>
        <line num="61" count="0" type="stmt"/>
        <line num="63" count="0" type="cond" truecount="0" falsecount="1"/>
        <line num="64" count="0" type="stmt"/>
        <line num="65" count="0" type="stmt"/>
        <line num="66" count="0" type="stmt"/>
        <line num="69" count="0" type="stmt"/>
        <line num="71" count="0" type="cond" truecount="0" falsecount="1"/>
        <line num="72" count="0" type="stmt"/>
        <line num="74" count="0" type="stmt"/>
        <line num="77" count="0" type="cond" truecount="0" falsecount="1"/>
        <line num="78" count="0" type="stmt"/>
        <line num="81" count="0" type="cond" truecount="0" falsecount="1"/>
        <line num="83" count="0" type="stmt"/>
        <line num="85" count="0" type="stmt"/>
        <line num="86" count="0" type="stmt"/>
        <line num="88" count="0" type="cond" truecount="0" falsecount="1"/>
        <line num="92" count="0" type="stmt"/>
        <line num="97" count="0" type="cond" truecount="0" falsecount="1"/>
        <line num="98" count="0" type="stmt"/>
        <line num="101" count="0" type="cond" truecount="0" falsecount="1"/>
        <line num="102" count="0" type="stmt"/>
        <line num="103" count="0" type="stmt"/>
        <line num="106" count="0" type="stmt"/>
        <line num="107" count="0" type="cond" truecount="0" falsecount="1"/>
        <line num="108" count="0" type="stmt"/>
        <line num="110" count="0" type="stmt"/>
        <line num="111" count="0" type="stmt"/>
        <line num="113" count="0" type="stmt"/>
        <line num="114" count="0" type="cond" truecount="0" falsecount="3"/>
        <line num="115" count="0" type="stmt"/>
        <line num="116" count="0" type="stmt"/>
        <line num="119" count="0" type="stmt"/>
        <line num="120" count="0" type="stmt"/>
        <line num="122" count="0" type="stmt"/>
        <line num="123" count="0" type="cond" truecount="0" falsecount="1"/>
        <line num="124" count="0" type="stmt"/>
        <line num="125" count="0" type="stmt"/>
        <line num="131" count="0" type="stmt"/>
        <line num="132" count="0" type="cond" truecount="0" falsecount="4"/>
        <line num="133" count="0" type="stmt"/>
        <line num="137" count="0" type="cond" truecount="0" falsecount="1"/>
        <line num="138" count="0" type="stmt"/>
[...]
        <line num="42" count="22" type="stmt"/>
        <line num="45" count="22" type="stmt"/>
        <line num="46" count="22" type="stmt"/>
        <line num="56" count="1069" type="cond" truecount="1" falsecount="0"/>
        <line num="57" count="1020" type="stmt"/>
        <line num="58" count="1020" type="stmt"/>
        <line num="59" count="1020" type="stmt"/>
        <line num="70" count="14" type="stmt"/>
        <line num="71" count="14" type="stmt"/>
        <line num="78" count="11" type="stmt"/>
      </file>
      <file name="scroll-stream.ts" path="/Users/ivan/Sites/wavesurfer.js/src/reactive/scroll-stream.ts">
        <metrics statements="33" coveredstatements="33" conditionals="1" coveredconditionals="1" methods="10" coveredmethods="10"/>
        <line num="8" count="2" type="stmt"/>
        <line num="9" count="2" type="stmt"/>
        <line num="38" count="2" type="stmt"/>
        <line num="39" count="33" type="stmt"/>
        <line num="41" count="33" type="cond" truecount="1" falsecount="0"/>
        <line num="42" count="19" type="stmt"/>
        <line num="45" count="14" type="stmt"/>
        <line num="46" count="14" type="stmt"/>
        <line num="48" count="14" type="stmt"/>
        <line num="61" count="2" type="stmt"/>
        <line num="62" count="30" type="stmt"/>
        <line num="104" count="2" type="stmt"/>
        <line num="106" count="26" type="stmt"/>
        <line num="113" count="26" type="stmt"/>
        <line num="114" count="28" type="stmt"/>
        <line num="117" count="26" type="stmt"/>
        <line num="118" count="28" type="stmt"/>
        <line num="122" count="26" type="stmt"/>
        <line num="123" count="2" type="stmt"/>
        <line num="131" count="26" type="stmt"/>
        <line num="134" count="26" type="stmt"/>
        <line num="135" count="26" type="stmt"/>
        <line num="136" count="26" type="stmt"/>
        <line num="139" count="26" type="stmt"/>
        <line num="164" count="2" type="stmt"/>
        <line num="168" count="2" type="stmt"/>
        <line num="171" count="2" type="stmt"/>
        <line num="172" count="3" type="stmt"/>
        <line num="176" count="2" type="stmt"/>
        <line num="177" count="2" type="stmt"/>
        <line num="178" count="2" type="stmt"/>
        <line num="179" count="2" type="stmt"/>
        <line num="182" count="2" type="stmt"/>
      </file>
      <file name="state-event-emitter.ts" path="/Users/ivan/Sites/wavesurfer.js/src/reactive/state-event-emitter.ts">
        <metrics statements="61" coveredstatements="60" conditionals="19" coveredconditionals="16" methods="17" coveredmethods="17"/>
        <line num="8" count="2" type="stmt"/>
        <line num="40" count="2" type="stmt"/>
        <line num="41" count="30" type="stmt"/>
        <line num="48" count="30" type="stmt"/>
        <line num="50" count="32" type="stmt"/>
        <line num="51" count="32" type="cond" truecount="2" falsecount="0"/>
        <line num="60" count="30" type="stmt"/>
        <line num="62" count="35" type="stmt"/>
        <line num="63" count="35" type="stmt"/>
        <line num="66" count="35" type="cond" truecount="1" falsecount="0"/>
        <line num="67" count="4" type="stmt"/>
        <line num="77" count="30" type="stmt"/>
        <line num="79" count="34" type="stmt"/>
        <line num="80" count="34" type="cond" truecount="1" falsecount="0"/>
        <line num="81" count="1" type="stmt"/>
        <line num="91" count="30" type="stmt"/>
        <line num="92" count="30" type="stmt"/>
        <line num="94" count="35" type="stmt"/>
        <line num="95" count="35" type="cond" truecount="3" falsecount="0"/>
        <line num="96" count="2" type="stmt"/>
        <line num="97" count="2" type="stmt"/>
        <line num="107" count="30" type="stmt"/>
        <line num="108" count="30" type="stmt"/>
        <line num="110" count="38" type="stmt"/>
        <line num="111" count="38" type="stmt"/>
        <line num="112" count="38" type="stmt"/>
        <line num="115" count="38" type="cond" truecount="2" falsecount="0"/>
        <line num="118" count="38" type="cond" truecount="1" falsecount="3"/>
        <line num="119" count="0" type="stmt"/>
        <line num="123" count="38" type="cond" truecount="2" falsecount="0"/>
        <line num="132" count="30" type="stmt"/>
        <line num="134" count="31" type="stmt"/>
        <line num="135" count="31" type="cond" truecount="1" falsecount="0"/>
        <line num="136" count="1" type="stmt"/>
        <line num="142" count="30" type="stmt"/>
        <line num="143" count="72" type="stmt"/>
        <line num="169" count="2" type="stmt"/>
        <line num="174" count="2" type="stmt"/>
        <line num="175" count="3" type="stmt"/>
        <line num="176" count="3" type="stmt"/>
        <line num="177" count="3" type="stmt"/>
        <line num="202" count="2" type="stmt"/>
        <line num="208" count="3" type="stmt"/>
        <line num="210" count="3" type="stmt"/>
        <line num="211" count="9" type="stmt"/>
        <line num="214" count="9" type="cond" truecount="1" falsecount="0"/>
        <line num="215" count="6" type="stmt"/>
        <line num="219" count="9" type="stmt"/>
        <line num="220" count="2" type="stmt"/>
        <line num="221" count="2" type="stmt"/>
        <line num="222" count="2" type="stmt"/>
        <line num="227" count="3" type="stmt"/>
        <line num="228" count="3" type="cond" truecount="1" falsecount="0"/>
        <line num="229" count="1" type="stmt"/>
        <line num="231" count="3" type="stmt"/>
        <line num="257" count="2" type="stmt"/>
        <line num="263" count="3" type="stmt"/>
        <line num="264" count="7" type="stmt"/>
        <line num="265" count="7" type="cond" truecount="1" falsecount="0"/>
        <line num="266" count="2" type="stmt"/>
        <line num="267" count="2" type="stmt"/>
      </file>
      <file name="store.ts" path="/Users/ivan/Sites/wavesurfer.js/src/reactive/store.ts">
        <metrics statements="39" coveredstatements="39" conditionals="5" coveredconditionals="5" methods="19" coveredmethods="19"/>
        <line num="38" count="12" type="stmt"/>
        <line num="39" count="2520" type="stmt"/>
        <line num="40" count="2520" type="stmt"/>
        <line num="42" count="2520" type="stmt"/>
        <line num="44" count="2512" type="stmt"/>
        <line num="49" count="774" type="cond" truecount="1" falsecount="0"/>
        <line num="50" count="751" type="stmt"/>
        <line num="51" count="782" type="stmt"/>
        <line num="56" count="1" type="stmt"/>
        <line num="60" count="2468" type="stmt"/>
        <line num="61" count="2468" type="stmt"/>
        <line num="78" count="12" type="stmt"/>
        <line num="79" count="626" type="stmt"/>
        <line num="80" count="626" type="stmt"/>
        <line num="83" count="626" type="stmt"/>
        <line num="84" count="854" type="stmt"/>
        <line num="85" count="390" type="stmt"/>
        <line num="87" count="390" type="cond" truecount="1" falsecount="0"/>
        <line num="88" count="228" type="stmt"/>
        <line num="94" count="626" type="stmt"/>
        <line num="96" count="377" type="stmt"/>
        <line num="101" count="197" type="stmt"/>
        <line num="104" count="197" type="stmt"/>
        <line num="105" count="47" type="stmt"/>
        <line num="107" count="47" type="cond" truecount="1" falsecount="0"/>
        <line num="108" count="62" type="stmt"/>
        <line num="132" count="12" type="stmt"/>
        <line num="135" count="379" type="stmt"/>
        <line num="137" count="445" type="cond" truecount="1" falsecount="0"/>
        <line num="138" count="2" type="stmt"/>
        <line num="139" count="2" type="stmt"/>
        <line num="142" count="445" type="stmt"/>
        <line num="146" count="530" type="stmt"/>
        <line num="149" count="379" type="stmt"/>
        <line num="152" count="379" type="stmt"/>
        <line num="153" count="114" type="cond" truecount="1" falsecount="0"/>
        <line num="154" count="1" type="stmt"/>
        <line num="155" count="1" type="stmt"/>
        <line num="157" count="174" type="stmt"/>
      </file>
    </package>
    <package name="src.renderer">
      <metrics statements="159" coveredstatements="159" conditionals="133" coveredconditionals="111" methods="28" coveredmethods="28"/>
      <file name="declarative-renderer.ts" path="/Users/ivan/Sites/wavesurfer.js/src/renderer/declarative-renderer.ts">
        <metrics statements="87" coveredstatements="87" conditionals="96" coveredconditionals="76" methods="20" coveredmethods="20"/>
        <line num="8" count="1" type="stmt"/>
        <line num="9" count="1" type="stmt"/>
        <line num="11" count="1" type="stmt"/>
        <line num="12" count="1" type="stmt"/>
        <line num="37" count="1" type="stmt"/>
        <line num="44" count="29" type="stmt"/>
        <line num="45" count="29" type="stmt"/>
        <line num="46" count="29" type="stmt"/>
        <line num="47" count="29" type="stmt"/>
        <line num="48" count="29" type="stmt"/>
        <line num="51" count="29" type="stmt"/>
        <line num="52" count="29" type="stmt"/>
        <line num="55" count="29" type="cond" truecount="2" falsecount="0"/>
        <line num="56" count="2" type="stmt"/>
        <line num="57" count="2" type="cond" truecount="1" falsecount="0"/>
        <line num="58" count="1" type="stmt"/>
        <line num="60" count="1" type="stmt"/>
        <line num="62" count="27" type="stmt"/>
        <line num="66" count="28" type="stmt"/>
        <line num="67" count="28" type="stmt"/>
        <line num="68" count="28" type="stmt"/>
        <line num="69" count="28" type="stmt"/>
        <line num="70" count="28" type="stmt"/>
        <line num="71" count="28" type="stmt"/>
        <line num="74" count="28" type="stmt"/>
        <line num="81" count="28" type="stmt"/>
        <line num="82" count="28" type="stmt"/>
        <line num="83" count="28" type="stmt"/>
        <line num="84" count="28" type="stmt"/>
        <line num="85" count="28" type="stmt"/>
        <line num="86" count="28" type="stmt"/>
        <line num="88" count="28" type="cond" truecount="2" falsecount="0"/>
        <line num="89" count="1" type="stmt"/>
        <line num="91" count="27" type="stmt"/>
        <line num="94" count="28" type="stmt"/>
        <line num="101" count="28" type="stmt"/>
        <line num="102" count="28" type="stmt"/>
        <line num="103" count="28" type="stmt"/>
        <line num="104" count="28" type="stmt"/>
        <line num="105" count="28" type="stmt"/>
        <line num="107" count="28" type="stmt"/>
        <line num="114" count="28" type="stmt"/>
        <line num="115" count="28" type="stmt"/>
        <line num="116" count="28" type="stmt"/>
        <line num="117" count="28" type="stmt"/>
        <line num="118" count="28" type="stmt"/>
        <line num="119" count="28" type="stmt"/>
        <line num="130" count="28" type="stmt"/>
        <line num="131" count="28" type="stmt"/>
        <line num="137" count="28" type="stmt"/>
        <line num="140" count="28" type="stmt"/>
        <line num="141" count="28" type="stmt"/>
        <line num="146" count="28" type="stmt"/>
        <line num="150" count="28" type="stmt"/>
        <line num="151" count="44" type="stmt"/>
        <line num="154" count="44" type="stmt"/>
        <line num="155" count="12" type="cond" truecount="6" falsecount="2"/>
        <line num="156" count="12" type="cond" truecount="6" falsecount="2"/>
        <line num="159" count="28" type="stmt"/>
        <line num="169" count="16" type="stmt"/>
        <line num="176" count="2" type="stmt"/>
        <line num="183" count="1" type="stmt"/>
        <line num="190" count="4" type="stmt"/>
        <line num="197" count="2" type="stmt"/>
        <line num="204" count="1" type="stmt"/>
        <line num="205" count="1" type="stmt"/>
        <line num="215" count="1" type="cond" truecount="6" falsecount="2"/>
        <line num="216" count="1" type="cond" truecount="6" falsecount="2"/>
        <line num="223" count="1" type="stmt"/>
        <line num="224" count="1" type="cond" truecount="1" falsecount="0"/>
        <line num="225" count="1" type="cond" truecount="1" falsecount="0"/>
        <line num="227" count="1" type="cond" truecount="1" falsecount="0"/>
        <line num="228" count="1" type="cond" truecount="6" falsecount="2"/>
        <line num="236" count="1" type="cond" truecount="1" falsecount="0"/>
        <line num="237" count="1" type="cond" truecount="6" falsecount="2"/>
        <line num="246" count="4" type="stmt"/>
        <line num="247" count="4" type="stmt"/>
        <line num="248" count="4" type="cond" truecount="6" falsecount="2"/>
        <line num="249" count="4" type="cond" truecount="6" falsecount="2"/>
        <line num="260" count="3" type="stmt"/>
        <line num="263" count="3" type="stmt"/>
        <line num="264" count="3" type="stmt"/>
        <line num="267" count="3" type="cond" truecount="6" falsecount="2"/>
        <line num="268" count="3" type="cond" truecount="6" falsecount="2"/>
        <line num="271" count="3" type="stmt"/>
        <line num="274" count="3" type="stmt"/>
        <line num="275" count="3" type="stmt"/>
      </file>
      <file name="waveform-renderer.ts" path="/Users/ivan/Sites/wavesurfer.js/src/renderer/waveform-renderer.ts">
        <metrics statements="72" coveredstatements="72" conditionals="37" coveredconditionals="35" methods="8" coveredmethods="8"/>
        <line num="43" count="1" type="stmt"/>
        <line num="50" count="16" type="stmt"/>
        <line num="51" count="16" type="stmt"/>
        <line num="52" count="16" type="stmt"/>
        <line num="54" count="16" type="stmt"/>
        <line num="55" count="50" type="cond" truecount="1" falsecount="1"/>
        <line num="56" count="50" type="cond" truecount="2" falsecount="0"/>
        <line num="57" count="50" type="cond" truecount="2" falsecount="0"/>
        <line num="59" count="50" type="cond" truecount="2" falsecount="0"/>
        <line num="60" count="15" type="stmt"/>
        <line num="62" count="35" type="stmt"/>
        <line num="66" count="16" type="stmt"/>
        <line num="82" count="1" type="stmt"/>
        <line num="83" count="14" type="stmt"/>
        <line num="84" count="14" type="stmt"/>
        <line num="85" count="14" type="cond" truecount="2" falsecount="0"/>
        <line num="86" count="14" type="cond" truecount="2" falsecount="0"/>
        <line num="87" count="14" type="stmt"/>
        <line num="89" count="14" type="cond" truecount="1" falsecount="0"/>
        <line num="92" count="12" type="stmt"/>
        <line num="93" count="12" type="stmt"/>
        <line num="96" count="12" type="stmt"/>
        <line num="97" count="12" type="stmt"/>
        <line num="98" count="38" type="cond" truecount="1" falsecount="1"/>
        <line num="99" count="38" type="cond" truecount="2" falsecount="0"/>
        <line num="100" count="38" type="stmt"/>
        <line num="101" count="38" type="stmt"/>
        <line num="103" count="12" type="stmt"/>
        <line num="106" count="12" type="stmt"/>
        <line num="108" count="12" type="stmt"/>
        <line num="121" count="1" type="stmt"/>
        <line num="127" count="2" type="cond" truecount="1" falsecount="0"/>
        <line num="128" count="2" type="stmt"/>
        <line num="134" count="1" type="stmt"/>
        <line num="144" count="6" type="stmt"/>
        <line num="145" count="6" type="stmt"/>
        <line num="148" count="6" type="stmt"/>
        <line num="149" count="6" type="stmt"/>
        <line num="152" count="6" type="cond" truecount="4" falsecount="0"/>
        <line num="153" count="2" type="stmt"/>
        <line num="154" count="2" type="stmt"/>
        <line num="155" count="2" type="stmt"/>
        <line num="157" count="2" type="stmt"/>
        <line num="158" count="2" type="stmt"/>
        <line num="159" count="2" type="stmt"/>
        <line num="160" count="2" type="stmt"/>
        <line num="161" count="2" type="stmt"/>
        <line num="168" count="1" type="stmt"/>
        <line num="177" count="6" type="stmt"/>
        <line num="178" count="7" type="cond" truecount="3" falsecount="0"/>
        <line num="180" count="7" type="cond" truecount="4" falsecount="0"/>
        <line num="182" count="7" type="cond" truecount="2" falsecount="0"/>
        <line num="184" count="2" type="stmt"/>
        <line num="187" count="5" type="stmt"/>
        <line num="203" count="2" type="stmt"/>
        <line num="204" count="2" type="stmt"/>
        <line num="205" count="2" type="stmt"/>
        <line num="206" count="2" type="stmt"/>
        <line num="207" count="2" type="stmt"/>
        <line num="208" count="2" type="stmt"/>
        <line num="209" count="2" type="stmt"/>
        <line num="210" count="2" type="stmt"/>
        <line num="211" count="2" type="stmt"/>
        <line num="212" count="2" type="stmt"/>
        <line num="213" count="2" type="stmt"/>
        <line num="214" count="2" type="stmt"/>
        <line num="220" count="1" type="stmt"/>
        <line num="226" count="4" type="stmt"/>
        <line num="229" count="4" type="stmt"/>
        <line num="232" count="4" type="cond" truecount="4" falsecount="0"/>
        <line num="233" count="2" type="stmt"/>
        <line num="235" count="2" type="stmt"/>
      </file>
    </package>
    <package name="src.state">
      <metrics statements="39" coveredstatements="39" conditionals="7" coveredconditionals="7" methods="17" coveredmethods="17"/>
      <file name="wavesurfer-state.ts" path="/Users/ivan/Sites/wavesurfer.js/src/state/wavesurfer-state.ts">
        <metrics statements="39" coveredstatements="39" conditionals="7" coveredconditionals="7" methods="17" coveredmethods="17"/>
        <line num="8" count="5" type="stmt"/>
        <line num="77" count="5" type="stmt"/>
        <line num="82" count="112" type="stmt"/>
        <line num="83" count="112" type="stmt"/>
        <line num="84" count="112" type="stmt"/>
        <line num="85" count="112" type="stmt"/>
        <line num="86" count="112" type="stmt"/>
        <line num="87" count="112" type="stmt"/>
        <line num="88" count="112" type="stmt"/>
        <line num="89" count="112" type="stmt"/>
        <line num="90" count="112" type="stmt"/>
        <line num="91" count="112" type="stmt"/>
        <line num="92" count="112" type="stmt"/>
        <line num="95" count="135" type="stmt"/>
        <line num="97" count="121" type="stmt"/>
        <line num="99" count="112" type="stmt"/>
        <line num="100" count="147" type="cond" truecount="2" falsecount="0"/>
        <line num="103" count="250" type="stmt"/>
        <line num="105" count="112" type="stmt"/>
        <line num="106" count="274" type="cond" truecount="2" falsecount="0"/>
        <line num="110" count="112" type="stmt"/>
        <line num="130" count="112" type="stmt"/>
        <line num="132" count="140" type="cond" truecount="2" falsecount="0"/>
        <line num="133" count="140" type="stmt"/>
        <line num="137" count="25" type="stmt"/>
        <line num="141" count="25" type="stmt"/>
        <line num="145" count="5" type="stmt"/>
        <line num="149" count="6" type="stmt"/>
        <line num="150" count="6" type="stmt"/>
        <line num="154" count="5" type="stmt"/>
        <line num="155" count="5" type="stmt"/>
        <line num="159" count="9" type="stmt"/>
        <line num="160" count="9" type="cond" truecount="1" falsecount="0"/>
        <line num="161" count="7" type="stmt"/>
        <line num="166" count="1" type="stmt"/>
        <line num="170" count="1" type="stmt"/>
        <line num="174" count="5" type="stmt"/>
        <line num="178" count="2" type="stmt"/>
        <line num="182" count="112" type="stmt"/>
      </file>
    </package>
  </project>
</coverage>
