{"/Users/ivan/Sites/wavesurfer.js/src/base-plugin.ts": {"path":"/Users/ivan/Sites/wavesurfer.js/src/base-plugin.ts","statementMap":{"0":{"start":{"line":1,"column":0},"end":{"line":1,"column":45}},"1":{"start":{"line":19,"column":4},"end":{"line":19,"column":null}},"2":{"start":{"line":13,"column":12},"end":{"line":13,"column":null}},"3":{"start":{"line":15,"column":10},"end":{"line":15,"column":null}},"4":{"start":{"line":20,"column":4},"end":{"line":20,"column":null}},"5":{"start":{"line":25,"column":4},"end":{"line":25,"column":10}},"6":{"start":{"line":31,"column":4},"end":{"line":34,"column":5}},"7":{"start":{"line":32,"column":6},"end":{"line":32,"column":null}},"8":{"start":{"line":33,"column":6},"end":{"line":33,"column":null}},"9":{"start":{"line":36,"column":4},"end":{"line":36,"column":null}},"10":{"start":{"line":37,"column":4},"end":{"line":37,"column":null}},"11":{"start":{"line":42,"column":4},"end":{"line":42,"column":null}},"12":{"start":{"line":43,"column":4},"end":{"line":43,"column":null}},"13":{"start":{"line":43,"column":48},"end":{"line":43,"column":61}},"14":{"start":{"line":44,"column":4},"end":{"line":44,"column":null}},"15":{"start":{"line":45,"column":4},"end":{"line":45,"column":null}},"16":{"start":{"line":46,"column":4},"end":{"line":46,"column":null}},"17":{"start":{"line":11,"column":0},"end":{"line":11,"column":13}},"18":{"start":{"line":50,"column":0},"end":{"line":50,"column":null}}},"fnMap":{"0":{"name":"(anonymous_1)","decl":{"start":{"line":18,"column":2},"end":{"line":18,"column":14}},"loc":{"start":{"line":18,"column":30},"end":{"line":21,"column":3}}},"1":{"name":"(anonymous_2)","decl":{"start":{"line":24,"column":12},"end":{"line":24,"column":18}},"loc":{"start":{"line":24,"column":18},"end":{"line":26,"column":3}}},"2":{"name":"(anonymous_3)","decl":{"start":{"line":29,"column":9},"end":{"line":29,"column":14}},"loc":{"start":{"line":29,"column":37},"end":{"line":38,"column":3}}},"3":{"name":"(anonymous_4)","decl":{"start":{"line":41,"column":9},"end":{"line":41,"column":16}},"loc":{"start":{"line":41,"column":16},"end":{"line":47,"column":3}}},"4":{"name":"(anonymous_5)","decl":{"start":{"line":43,"column":31},"end":{"line":43,"column":32}},"loc":{"start":{"line":43,"column":48},"end":{"line":43,"column":61}}}},"branchMap":{"0":{"loc":{"start":{"line":31,"column":4},"end":{"line":34,"column":5}},"type":"if","locations":[{"start":{"line":31,"column":4},"end":{"line":34,"column":5}}]}},"s":{"0":2,"1":3,"2":3,"3":3,"4":3,"5":1,"6":2,"7":0,"8":0,"9":2,"10":2,"11":2,"12":2,"13":1,"14":2,"15":2,"16":2,"17":2,"18":2},"f":{"0":3,"1":1,"2":2,"3":2,"4":1},"b":{"0":[0]}}
,"/Users/ivan/Sites/wavesurfer.js/src/color-utils.ts": {"path":"/Users/ivan/Sites/wavesurfer.js/src/color-utils.ts","statementMap":{"0":{"start":{"line":37,"column":0},"end":{"line":37,"column":16}},"1":{"start":{"line":129,"column":0},"end":{"line":129,"column":16}},"2":{"start":{"line":141,"column":0},"end":{"line":141,"column":16}},"3":{"start":{"line":169,"column":0},"end":{"line":169,"column":16}},"4":{"start":{"line":187,"column":0},"end":{"line":187,"column":16}},"5":{"start":{"line":214,"column":0},"end":{"line":214,"column":16}},"6":{"start":{"line":241,"column":0},"end":{"line":241,"column":16}},"7":{"start":{"line":38,"column":18},"end":{"line":38,"column":30}},"8":{"start":{"line":41,"column":2},"end":{"line":43,"column":3}},"9":{"start":{"line":42,"column":4},"end":{"line":42,"column":null}},"10":{"start":{"line":46,"column":2},"end":{"line":48,"column":3}},"11":{"start":{"line":47,"column":4},"end":{"line":47,"column":null}},"12":{"start":{"line":51,"column":21},"end":{"line":51,"column":56}},"13":{"start":{"line":52,"column":2},"end":{"line":54,"column":3}},"14":{"start":{"line":53,"column":4},"end":{"line":53,"column":null}},"15":{"start":{"line":57,"column":2},"end":{"line":57,"column":null}},"16":{"start":{"line":66,"column":12},"end":{"line":66,"column":24}},"17":{"start":{"line":69,"column":2},"end":{"line":76,"column":3}},"18":{"start":{"line":70,"column":4},"end":{"line":75,"column":null}},"19":{"start":{"line":79,"column":2},"end":{"line":86,"column":3}},"20":{"start":{"line":80,"column":4},"end":{"line":85,"column":null}},"21":{"start":{"line":89,"column":2},"end":{"line":96,"column":3}},"22":{"start":{"line":90,"column":4},"end":{"line":95,"column":null}},"23":{"start":{"line":98,"column":2},"end":{"line":98,"column":null}},"24":{"start":{"line":106,"column":16},"end":{"line":106,"column":45}},"25":{"start":{"line":107,"column":2},"end":{"line":107,"column":null}},"26":{"start":{"line":107,"column":14},"end":{"line":107,"column":null}},"27":{"start":{"line":109,"column":17},"end":{"line":109,"column":57}},"28":{"start":{"line":109,"column":48},"end":{"line":109,"column":56}},"29":{"start":{"line":110,"column":2},"end":{"line":115,"column":null}},"30":{"start":{"line":130,"column":2},"end":{"line":130,"column":null}},"31":{"start":{"line":142,"column":12},"end":{"line":142,"column":60}},"32":{"start":{"line":143,"column":12},"end":{"line":143,"column":60}},"33":{"start":{"line":144,"column":12},"end":{"line":144,"column":60}},"34":{"start":{"line":146,"column":2},"end":{"line":151,"column":3}},"35":{"start":{"line":147,"column":14},"end":{"line":149,"column":23}},"36":{"start":{"line":150,"column":4},"end":{"line":150,"column":null}},"37":{"start":{"line":153,"column":2},"end":{"line":153,"column":null}},"38":{"start":{"line":170,"column":19},"end":{"line":170,"column":46}},"39":{"start":{"line":171,"column":2},"end":{"line":176,"column":null}},"40":{"start":{"line":188,"column":2},"end":{"line":188,"column":null}},"41":{"start":{"line":188,"column":27},"end":{"line":188,"column":null}},"42":{"start":{"line":189,"column":2},"end":{"line":189,"column":null}},"43":{"start":{"line":189,"column":27},"end":{"line":189,"column":null}},"44":{"start":{"line":191,"column":19},"end":{"line":191,"column":46}},"45":{"start":{"line":194,"column":2},"end":{"line":194,"column":null}},"46":{"start":{"line":194,"column":22},"end":{"line":194,"column":null}},"47":{"start":{"line":196,"column":23},"end":{"line":196,"column":40}},"48":{"start":{"line":197,"column":18},"end":{"line":197,"column":53}},"49":{"start":{"line":198,"column":19},"end":{"line":198,"column":48}},"50":{"start":{"line":200,"column":2},"end":{"line":200,"column":null}},"51":{"start":{"line":215,"column":2},"end":{"line":215,"column":null}},"52":{"start":{"line":215,"column":27},"end":{"line":215,"column":null}},"53":{"start":{"line":216,"column":2},"end":{"line":216,"column":null}},"54":{"start":{"line":216,"column":27},"end":{"line":216,"column":null}},"55":{"start":{"line":218,"column":29},"end":{"line":218,"column":31}},"56":{"start":{"line":219,"column":19},"end":{"line":219,"column":42}},"57":{"start":{"line":221,"column":2},"end":{"line":226,"column":null}},"58":{"start":{"line":222,"column":4},"end":{"line":225,"column":null}},"59":{"start":{"line":228,"column":2},"end":{"line":228,"column":null}},"60":{"start":{"line":247,"column":19},"end":{"line":247,"column":64}},"61":{"start":{"line":249,"column":2},"end":{"line":251,"column":null}},"62":{"start":{"line":250,"column":4},"end":{"line":250,"column":null}},"63":{"start":{"line":253,"column":2},"end":{"line":253,"column":null}},"64":{"start":{"line":260,"column":45},"end":{"line":276,"column":null}}},"fnMap":{"0":{"name":"parseColor","decl":{"start":{"line":37,"column":16},"end":{"line":37,"column":26}},"loc":{"start":{"line":37,"column":40},"end":{"line":58,"column":1}}},"1":{"name":"parseHexColor","decl":{"start":{"line":64,"column":9},"end":{"line":64,"column":22}},"loc":{"start":{"line":64,"column":34},"end":{"line":99,"column":1}}},"2":{"name":"parseRgbColor","decl":{"start":{"line":105,"column":9},"end":{"line":105,"column":22}},"loc":{"start":{"line":105,"column":34},"end":{"line":116,"column":1}}},"3":{"name":"(anonymous_3)","decl":{"start":{"line":109,"column":41},"end":{"line":109,"column":42}},"loc":{"start":{"line":109,"column":48},"end":{"line":109,"column":56}}},"4":{"name":"rgbaToString","decl":{"start":{"line":129,"column":16},"end":{"line":129,"column":28}},"loc":{"start":{"line":129,"column":39},"end":{"line":131,"column":1}}},"5":{"name":"rgbaToHex","decl":{"start":{"line":141,"column":16},"end":{"line":141,"column":25}},"loc":{"start":{"line":141,"column":58},"end":{"line":154,"column":1}}},"6":{"name":"interpolateColor","decl":{"start":{"line":169,"column":16},"end":{"line":169,"column":32}},"loc":{"start":{"line":169,"column":64},"end":{"line":177,"column":1}}},"7":{"name":"interpolateColors","decl":{"start":{"line":187,"column":16},"end":{"line":187,"column":33}},"loc":{"start":{"line":187,"column":59},"end":{"line":201,"column":1}}},"8":{"name":"generateColorStops","decl":{"start":{"line":214,"column":16},"end":{"line":214,"column":34}},"loc":{"start":{"line":214,"column":51},"end":{"line":229,"column":1}}},"9":{"name":"(anonymous_9)","decl":{"start":{"line":221,"column":17},"end":{"line":221,"column":18}},"loc":{"start":{"line":221,"column":34},"end":{"line":226,"column":3}}},"10":{"name":"createCanvasGradient","decl":{"start":{"line":241,"column":16},"end":{"line":241,"column":36}},"loc":{"start":{"line":245,"column":14},"end":{"line":254,"column":1}}},"11":{"name":"(anonymous_11)","decl":{"start":{"line":249,"column":16},"end":{"line":249,"column":17}},"loc":{"start":{"line":249,"column":25},"end":{"line":251,"column":3}}}},"branchMap":{"0":{"loc":{"start":{"line":41,"column":2},"end":{"line":43,"column":3}},"type":"if","locations":[{"start":{"line":41,"column":2},"end":{"line":43,"column":3}}]},"1":{"loc":{"start":{"line":46,"column":2},"end":{"line":48,"column":3}},"type":"if","locations":[{"start":{"line":46,"column":2},"end":{"line":48,"column":3}}]},"2":{"loc":{"start":{"line":52,"column":2},"end":{"line":54,"column":3}},"type":"if","locations":[{"start":{"line":52,"column":2},"end":{"line":54,"column":3}}]},"3":{"loc":{"start":{"line":69,"column":2},"end":{"line":76,"column":3}},"type":"if","locations":[{"start":{"line":69,"column":2},"end":{"line":76,"column":3}}]},"4":{"loc":{"start":{"line":79,"column":2},"end":{"line":86,"column":3}},"type":"if","locations":[{"start":{"line":79,"column":2},"end":{"line":86,"column":3}}]},"5":{"loc":{"start":{"line":89,"column":2},"end":{"line":96,"column":3}},"type":"if","locations":[{"start":{"line":89,"column":2},"end":{"line":96,"column":3}}]},"6":{"loc":{"start":{"line":107,"column":2},"end":{"line":107,"column":null}},"type":"if","locations":[{"start":{"line":107,"column":2},"end":{"line":107,"column":null}}]},"7":{"loc":{"start":{"line":111,"column":7},"end":{"line":111,"column":31}},"type":"binary-expr","locations":[{"start":{"line":111,"column":7},"end":{"line":111,"column":26}},{"start":{"line":111,"column":30},"end":{"line":111,"column":31}}]},"8":{"loc":{"start":{"line":112,"column":7},"end":{"line":112,"column":31}},"type":"binary-expr","locations":[{"start":{"line":112,"column":7},"end":{"line":112,"column":26}},{"start":{"line":112,"column":30},"end":{"line":112,"column":31}}]},"9":{"loc":{"start":{"line":113,"column":7},"end":{"line":113,"column":31}},"type":"binary-expr","locations":[{"start":{"line":113,"column":7},"end":{"line":113,"column":26}},{"start":{"line":113,"column":30},"end":{"line":113,"column":31}}]},"10":{"loc":{"start":{"line":114,"column":7},"end":{"line":114,"column":44}},"type":"cond-expr","locations":[{"start":{"line":114,"column":19},"end":{"line":114,"column":40}},{"start":{"line":114,"column":43},"end":{"line":114,"column":44}}]},"11":{"loc":{"start":{"line":141,"column":38},"end":{"line":141,"column":58}},"type":"default-arg","locations":[{"start":{"line":141,"column":53},"end":{"line":141,"column":58}}]},"12":{"loc":{"start":{"line":146,"column":2},"end":{"line":151,"column":3}},"type":"if","locations":[{"start":{"line":146,"column":2},"end":{"line":151,"column":3}}]},"13":{"loc":{"start":{"line":188,"column":2},"end":{"line":188,"column":null}},"type":"if","locations":[{"start":{"line":188,"column":2},"end":{"line":188,"column":null}}]},"14":{"loc":{"start":{"line":189,"column":2},"end":{"line":189,"column":null}},"type":"if","locations":[{"start":{"line":189,"column":2},"end":{"line":189,"column":null}}]},"15":{"loc":{"start":{"line":194,"column":2},"end":{"line":194,"column":null}},"type":"if","locations":[{"start":{"line":194,"column":2},"end":{"line":194,"column":null}}]},"16":{"loc":{"start":{"line":215,"column":2},"end":{"line":215,"column":null}},"type":"if","locations":[{"start":{"line":215,"column":2},"end":{"line":215,"column":null}}]},"17":{"loc":{"start":{"line":216,"column":2},"end":{"line":216,"column":null}},"type":"if","locations":[{"start":{"line":216,"column":2},"end":{"line":216,"column":null}}]},"18":{"loc":{"start":{"line":244,"column":2},"end":{"line":244,"column":11}},"type":"default-arg","locations":[{"start":{"line":244,"column":10},"end":{"line":244,"column":11}}]},"19":{"loc":{"start":{"line":245,"column":2},"end":{"line":245,"column":14}},"type":"default-arg","locations":[{"start":{"line":245,"column":11},"end":{"line":245,"column":14}}]}},"s":{"0":1,"1":1,"2":1,"3":1,"4":1,"5":1,"6":1,"7":10,"8":10,"9":4,"10":6,"11":2,"12":4,"13":4,"14":3,"15":1,"16":7,"17":7,"18":2,"19":5,"20":4,"21":1,"22":1,"23":0,"24":2,"25":2,"26":0,"27":2,"28":7,"29":2,"30":3,"31":3,"32":3,"33":3,"34":3,"35":1,"36":1,"37":2,"38":10,"39":10,"40":7,"41":1,"42":6,"43":1,"44":5,"45":5,"46":1,"47":4,"48":4,"49":4,"50":4,"51":5,"52":1,"53":4,"54":1,"55":3,"56":3,"57":3,"58":9,"59":3,"60":0,"61":0,"62":0,"63":0,"64":1},"f":{"0":10,"1":7,"2":2,"3":7,"4":3,"5":3,"6":10,"7":7,"8":5,"9":9,"10":0,"11":0},"b":{"0":[4],"1":[2],"2":[3],"3":[2],"4":[4],"5":[1],"6":[0],"7":[2,0],"8":[2,0],"9":[2,2],"10":[1,1],"11":[2],"12":[1],"13":[1],"14":[1],"15":[1],"16":[1],"17":[1],"18":[0],"19":[0]}}
,"/Users/ivan/Sites/wavesurfer.js/src/decoder.ts": {"path":"/Users/ivan/Sites/wavesurfer.js/src/decoder.ts","statementMap":{"0":{"start":{"line":12,"column":35},"end":{"line":12,"column":37}},"1":{"start":{"line":13,"column":2},"end":{"line":15,"column":3}},"2":{"start":{"line":13,"column":15},"end":{"line":13,"column":16}},"3":{"start":{"line":14,"column":4},"end":{"line":14,"column":null}},"4":{"start":{"line":16,"column":2},"end":{"line":16,"column":null}},"5":{"start":{"line":24,"column":23},"end":{"line":24,"column":37}},"6":{"start":{"line":25,"column":2},"end":{"line":25,"column":null}},"7":{"start":{"line":25,"column":21},"end":{"line":25,"column":null}},"8":{"start":{"line":27,"column":12},"end":{"line":27,"column":13}},"9":{"start":{"line":28,"column":17},"end":{"line":28,"column":36}},"10":{"start":{"line":29,"column":2},"end":{"line":32,"column":3}},"11":{"start":{"line":29,"column":15},"end":{"line":29,"column":16}},"12":{"start":{"line":30,"column":17},"end":{"line":30,"column":42}},"13":{"start":{"line":31,"column":4},"end":{"line":31,"column":null}},"14":{"start":{"line":31,"column":20},"end":{"line":31,"column":null}},"15":{"start":{"line":33,"column":2},"end":{"line":33,"column":null}},"16":{"start":{"line":41,"column":23},"end":{"line":41,"column":37}},"17":{"start":{"line":42,"column":2},"end":{"line":42,"column":null}},"18":{"start":{"line":42,"column":21},"end":{"line":42,"column":null}},"19":{"start":{"line":43,"column":2},"end":{"line":43,"column":null}},"20":{"start":{"line":43,"column":34},"end":{"line":43,"column":49}},"21":{"start":{"line":51,"column":2},"end":{"line":53,"column":3}},"22":{"start":{"line":52,"column":4},"end":{"line":52,"column":null}},"23":{"start":{"line":55,"column":14},"end":{"line":55,"column":43}},"24":{"start":{"line":56,"column":2},"end":{"line":56,"column":null}},"25":{"start":{"line":56,"column":17},"end":{"line":56,"column":null}},"26":{"start":{"line":58,"column":2},"end":{"line":64,"column":null}},"27":{"start":{"line":59,"column":23},"end":{"line":59,"column":55}},"28":{"start":{"line":60,"column":4},"end":{"line":62,"column":5}},"29":{"start":{"line":60,"column":17},"end":{"line":60,"column":18}},"30":{"start":{"line":61,"column":6},"end":{"line":61,"column":null}},"31":{"start":{"line":63,"column":4},"end":{"line":63,"column":null}},"32":{"start":{"line":75,"column":19},"end":{"line":75,"column":51}},"33":{"start":{"line":76,"column":2},"end":{"line":81,"column":3}},"34":{"start":{"line":77,"column":4},"end":{"line":77,"column":null}},"35":{"start":{"line":80,"column":4},"end":{"line":80,"column":null}},"36":{"start":{"line":89,"column":2},"end":{"line":91,"column":3}},"37":{"start":{"line":90,"column":4},"end":{"line":90,"column":null}},"38":{"start":{"line":93,"column":14},"end":{"line":93,"column":43}},"39":{"start":{"line":94,"column":2},"end":{"line":94,"column":null}},"40":{"start":{"line":94,"column":17},"end":{"line":94,"column":null}},"41":{"start":{"line":96,"column":2},"end":{"line":100,"column":3}},"42":{"start":{"line":97,"column":4},"end":{"line":99,"column":5}},"43":{"start":{"line":97,"column":17},"end":{"line":97,"column":18}},"44":{"start":{"line":98,"column":6},"end":{"line":98,"column":null}},"45":{"start":{"line":101,"column":2},"end":{"line":101,"column":null}},"46":{"start":{"line":107,"column":2},"end":{"line":109,"column":3}},"47":{"start":{"line":108,"column":4},"end":{"line":108,"column":null}},"48":{"start":{"line":110,"column":2},"end":{"line":112,"column":3}},"49":{"start":{"line":111,"column":4},"end":{"line":111,"column":null}},"50":{"start":{"line":115,"column":2},"end":{"line":115,"column":null}},"51":{"start":{"line":115,"column":42},"end":{"line":115,"column":null}},"52":{"start":{"line":118,"column":2},"end":{"line":120,"column":3}},"53":{"start":{"line":119,"column":4},"end":{"line":119,"column":null}},"54":{"start":{"line":123,"column":2},"end":{"line":123,"column":null}},"55":{"start":{"line":126,"column":26},"end":{"line":127,"column":null}},"56":{"start":{"line":127,"column":4},"end":{"line":127,"column":74}},"57":{"start":{"line":130,"column":2},"end":{"line":144,"column":null}},"58":{"start":{"line":136,"column":22},"end":{"line":136,"column":40}},"59":{"start":{"line":137,"column":6},"end":{"line":139,"column":7}},"60":{"start":{"line":138,"column":8},"end":{"line":138,"column":null}},"61":{"start":{"line":140,"column":6},"end":{"line":140,"column":null}},"62":{"start":{"line":147,"column":16},"end":{"line":150,"column":null}}},"fnMap":{"0":{"name":"extractChannelData","decl":{"start":{"line":11,"column":16},"end":{"line":11,"column":34}},"loc":{"start":{"line":11,"column":59},"end":{"line":17,"column":1}}},"1":{"name":"findMaxAmplitude","decl":{"start":{"line":23,"column":16},"end":{"line":23,"column":32}},"loc":{"start":{"line":23,"column":76},"end":{"line":34,"column":1}}},"2":{"name":"needsNormalization","decl":{"start":{"line":40,"column":16},"end":{"line":40,"column":34}},"loc":{"start":{"line":40,"column":78},"end":{"line":44,"column":1}}},"3":{"name":"(anonymous_10)","decl":{"start":{"line":43,"column":27},"end":{"line":43,"column":28}},"loc":{"start":{"line":43,"column":34},"end":{"line":43,"column":49}}},"4":{"name":"normalizeChannelData","decl":{"start":{"line":50,"column":16},"end":{"line":50,"column":36}},"loc":{"start":{"line":50,"column":80},"end":{"line":65,"column":1}}},"5":{"name":"(anonymous_12)","decl":{"start":{"line":58,"column":25},"end":{"line":58,"column":26}},"loc":{"start":{"line":58,"column":37},"end":{"line":64,"column":3}}},"6":{"name":"decode","decl":{"start":{"line":74,"column":15},"end":{"line":74,"column":21}},"loc":{"start":{"line":74,"column":64},"end":{"line":82,"column":null}}},"7":{"name":"normalize","decl":{"start":{"line":88,"column":9},"end":{"line":88,"column":18}},"loc":{"start":{"line":88,"column":75},"end":{"line":102,"column":1}}},"8":{"name":"createBuffer","decl":{"start":{"line":105,"column":9},"end":{"line":105,"column":21}},"loc":{"start":{"line":105,"column":83},"end":{"line":145,"column":1}}},"9":{"name":"(anonymous_17)","decl":{"start":{"line":126,"column":42},"end":{"line":126,"column":43}},"loc":{"start":{"line":127,"column":4},"end":{"line":127,"column":74}}},"10":{"name":"(anonymous_18)","decl":{"start":{"line":135,"column":20},"end":{"line":135,"column":21}},"loc":{"start":{"line":135,"column":34},"end":{"line":141,"column":5}}}},"branchMap":{"0":{"loc":{"start":{"line":25,"column":2},"end":{"line":25,"column":null}},"type":"if","locations":[{"start":{"line":25,"column":2},"end":{"line":25,"column":null}}]},"1":{"loc":{"start":{"line":31,"column":4},"end":{"line":31,"column":null}},"type":"if","locations":[{"start":{"line":31,"column":4},"end":{"line":31,"column":null}}]},"2":{"loc":{"start":{"line":42,"column":2},"end":{"line":42,"column":null}},"type":"if","locations":[{"start":{"line":42,"column":2},"end":{"line":42,"column":null}}]},"3":{"loc":{"start":{"line":43,"column":34},"end":{"line":43,"column":49}},"type":"binary-expr","locations":[{"start":{"line":43,"column":34},"end":{"line":43,"column":39}},{"start":{"line":43,"column":43},"end":{"line":43,"column":49}}]},"4":{"loc":{"start":{"line":51,"column":2},"end":{"line":53,"column":3}},"type":"if","locations":[{"start":{"line":51,"column":2},"end":{"line":53,"column":3}}]},"5":{"loc":{"start":{"line":56,"column":2},"end":{"line":56,"column":null}},"type":"if","locations":[{"start":{"line":56,"column":2},"end":{"line":56,"column":null}}]},"6":{"loc":{"start":{"line":89,"column":2},"end":{"line":91,"column":3}},"type":"if","locations":[{"start":{"line":89,"column":2},"end":{"line":91,"column":3}}]},"7":{"loc":{"start":{"line":94,"column":2},"end":{"line":94,"column":null}},"type":"if","locations":[{"start":{"line":94,"column":2},"end":{"line":94,"column":null}}]},"8":{"loc":{"start":{"line":107,"column":2},"end":{"line":109,"column":3}},"type":"if","locations":[{"start":{"line":107,"column":2},"end":{"line":109,"column":3}}]},"9":{"loc":{"start":{"line":107,"column":6},"end":{"line":107,"column":46}},"type":"binary-expr","locations":[{"start":{"line":107,"column":6},"end":{"line":107,"column":18}},{"start":{"line":107,"column":22},"end":{"line":107,"column":46}}]},"10":{"loc":{"start":{"line":110,"column":2},"end":{"line":112,"column":3}},"type":"if","locations":[{"start":{"line":110,"column":2},"end":{"line":112,"column":3}}]},"11":{"loc":{"start":{"line":115,"column":2},"end":{"line":115,"column":null}},"type":"if","locations":[{"start":{"line":115,"column":2},"end":{"line":115,"column":null}}]},"12":{"loc":{"start":{"line":118,"column":2},"end":{"line":120,"column":3}},"type":"if","locations":[{"start":{"line":118,"column":2},"end":{"line":120,"column":3}}]},"13":{"loc":{"start":{"line":118,"column":6},"end":{"line":118,"column":52}},"type":"binary-expr","locations":[{"start":{"line":118,"column":6},"end":{"line":118,"column":21}},{"start":{"line":118,"column":25},"end":{"line":118,"column":52}}]},"14":{"loc":{"start":{"line":127,"column":4},"end":{"line":127,"column":74}},"type":"cond-expr","locations":[{"start":{"line":127,"column":38},"end":{"line":127,"column":45}},{"start":{"line":127,"column":48},"end":{"line":127,"column":74}}]},"15":{"loc":{"start":{"line":137,"column":6},"end":{"line":139,"column":7}},"type":"if","locations":[{"start":{"line":137,"column":6},"end":{"line":139,"column":7}}]}},"s":{"0":0,"1":0,"2":0,"3":0,"4":0,"5":0,"6":0,"7":0,"8":0,"9":0,"10":0,"11":0,"12":0,"13":0,"14":0,"15":0,"16":0,"17":0,"18":0,"19":0,"20":0,"21":0,"22":0,"23":0,"24":0,"25":0,"26":0,"27":0,"28":0,"29":0,"30":0,"31":0,"32":0,"33":0,"34":0,"35":0,"36":0,"37":0,"38":0,"39":0,"40":0,"41":0,"42":0,"43":0,"44":0,"45":0,"46":0,"47":0,"48":0,"49":0,"50":0,"51":0,"52":0,"53":0,"54":0,"55":0,"56":0,"57":0,"58":0,"59":0,"60":0,"61":0,"62":0},"f":{"0":0,"1":0,"2":0,"3":0,"4":0,"5":0,"6":0,"7":0,"8":0,"9":0,"10":0},"b":{"0":[0],"1":[0],"2":[0],"3":[0,0],"4":[0],"5":[0],"6":[0],"7":[0],"8":[0],"9":[0,0],"10":[0],"11":[0],"12":[0],"13":[0,0],"14":[0,0],"15":[0]}}
,"/Users/ivan/Sites/wavesurfer.js/src/dom.ts": {"path":"/Users/ivan/Sites/wavesurfer.js/src/dom.ts","statementMap":{"0":{"start":{"line":38,"column":0},"end":{"line":38,"column":16}},"1":{"start":{"line":9,"column":18},"end":{"line":11,"column":54}},"2":{"start":{"line":13,"column":2},"end":{"line":31,"column":3}},"3":{"start":{"line":14,"column":4},"end":{"line":30,"column":5}},"4":{"start":{"line":15,"column":6},"end":{"line":23,"column":7}},"5":{"start":{"line":16,"column":8},"end":{"line":22,"column":9}},"6":{"start":{"line":17,"column":10},"end":{"line":17,"column":null}},"7":{"start":{"line":18,"column":15},"end":{"line":22,"column":9}},"8":{"start":{"line":19,"column":10},"end":{"line":19,"column":null}},"9":{"start":{"line":21,"column":10},"end":{"line":21,"column":null}},"10":{"start":{"line":24,"column":11},"end":{"line":30,"column":5}},"11":{"start":{"line":25,"column":6},"end":{"line":25,"column":null}},"12":{"start":{"line":26,"column":11},"end":{"line":30,"column":5}},"13":{"start":{"line":27,"column":6},"end":{"line":27,"column":null}},"14":{"start":{"line":29,"column":6},"end":{"line":29,"column":null}},"15":{"start":{"line":33,"column":2},"end":{"line":33,"column":null}},"16":{"start":{"line":39,"column":13},"end":{"line":39,"column":47}},"17":{"start":{"line":40,"column":2},"end":{"line":40,"column":null}},"18":{"start":{"line":41,"column":2},"end":{"line":41,"column":null}},"19":{"start":{"line":44,"column":0},"end":{"line":44,"column":null}}},"fnMap":{"0":{"name":"renderNode","decl":{"start":{"line":8,"column":9},"end":{"line":8,"column":19}},"loc":{"start":{"line":8,"column":54},"end":{"line":34,"column":1}}},"1":{"name":"createElement","decl":{"start":{"line":38,"column":16},"end":{"line":38,"column":29}},"loc":{"start":{"line":38,"column":83},"end":{"line":42,"column":1}}}},"branchMap":{"0":{"loc":{"start":{"line":9,"column":18},"end":{"line":11,"column":54}},"type":"cond-expr","locations":[{"start":{"line":10,"column":7},"end":{"line":10,"column":70}},{"start":{"line":11,"column":7},"end":{"line":11,"column":54}}]},"1":{"loc":{"start":{"line":14,"column":4},"end":{"line":30,"column":5}},"type":"if","locations":[{"start":{"line":14,"column":4},"end":{"line":30,"column":5}},{"start":{"line":24,"column":11},"end":{"line":30,"column":5}}]},"2":{"loc":{"start":{"line":14,"column":8},"end":{"line":14,"column":35}},"type":"binary-expr","locations":[{"start":{"line":14,"column":8},"end":{"line":14,"column":26}},{"start":{"line":14,"column":30},"end":{"line":14,"column":35}}]},"3":{"loc":{"start":{"line":16,"column":8},"end":{"line":22,"column":9}},"type":"if","locations":[{"start":{"line":16,"column":8},"end":{"line":22,"column":9}},{"start":{"line":18,"column":15},"end":{"line":22,"column":9}}]},"4":{"loc":{"start":{"line":18,"column":15},"end":{"line":22,"column":9}},"type":"if","locations":[{"start":{"line":18,"column":15},"end":{"line":22,"column":9}},{"start":{"line":20,"column":15},"end":{"line":22,"column":9}}]},"5":{"loc":{"start":{"line":24,"column":11},"end":{"line":30,"column":5}},"type":"if","locations":[{"start":{"line":24,"column":11},"end":{"line":30,"column":5}},{"start":{"line":26,"column":11},"end":{"line":30,"column":5}}]},"6":{"loc":{"start":{"line":26,"column":11},"end":{"line":30,"column":5}},"type":"if","locations":[{"start":{"line":26,"column":11},"end":{"line":30,"column":5}},{"start":{"line":28,"column":11},"end":{"line":30,"column":5}}]},"7":{"loc":{"start":{"line":39,"column":33},"end":{"line":39,"column":46}},"type":"binary-expr","locations":[{"start":{"line":39,"column":33},"end":{"line":39,"column":40}},{"start":{"line":39,"column":44},"end":{"line":39,"column":46}}]},"8":{"loc":{"start":{"line":40,"column":2},"end":{"line":40,"column":28}},"type":"cond-expr","locations":[{"start":{"line":40,"column":11},"end":{"line":40,"column":13}},{"start":{"line":40,"column":2},"end":{"line":40,"column":28}}]},"9":{"loc":{"start":{"line":40,"column":2},"end":{"line":40,"column":13}},"type":"binary-expr","locations":[{"start":{"line":40,"column":2},"end":{"line":40,"column":13}},{"start":{"line":40,"column":2},"end":{"line":40,"column":13}}]}},"s":{"0":5,"1":123,"2":123,"3":245,"4":42,"5":42,"6":41,"7":1,"8":0,"9":1,"10":203,"11":121,"12":82,"13":1,"14":81,"15":123,"16":122,"17":122,"18":122,"19":5},"f":{"0":123,"1":122},"b":{"0":[0,123],"1":[42,203],"2":[245,42],"3":[41,1],"4":[0,1],"5":[121,82],"6":[1,81],"7":[122,0],"8":[121,1],"9":[122,122]}}
,"/Users/ivan/Sites/wavesurfer.js/src/draggable.ts": {"path":"/Users/ivan/Sites/wavesurfer.js/src/draggable.ts","statementMap":{"0":{"start":{"line":1,"column":0},"end":{"line":1,"column":16}},"1":{"start":{"line":10,"column":2},"end":{"line":10,"column":null}},"2":{"start":{"line":10,"column":16},"end":{"line":10,"column":null}},"3":{"start":{"line":10,"column":29},"end":{"line":10,"column":35}},"4":{"start":{"line":12,"column":25},"end":{"line":12,"column":56}},"5":{"start":{"line":13,"column":24},"end":{"line":13,"column":63}},"6":{"start":{"line":15,"column":28},"end":{"line":15,"column":40}},"7":{"start":{"line":15,"column":34},"end":{"line":15,"column":40}},"8":{"start":{"line":17,"column":24},"end":{"line":114,"column":3}},"9":{"start":{"line":18,"column":4},"end":{"line":18,"column":44}},"10":{"start":{"line":18,"column":38},"end":{"line":18,"column":44}},"11":{"start":{"line":20,"column":4},"end":{"line":20,"column":null}},"12":{"start":{"line":21,"column":4},"end":{"line":23,"column":5}},"13":{"start":{"line":22,"column":6},"end":{"line":22,"column":12}},"14":{"start":{"line":25,"column":17},"end":{"line":25,"column":30}},"15":{"start":{"line":26,"column":17},"end":{"line":26,"column":30}},"16":{"start":{"line":27,"column":21},"end":{"line":27,"column":26}},"17":{"start":{"line":28,"column":27},"end":{"line":28,"column":37}},"18":{"start":{"line":30,"column":26},"end":{"line":59,"column":5}},"19":{"start":{"line":31,"column":6},"end":{"line":33,"column":7}},"20":{"start":{"line":32,"column":8},"end":{"line":32,"column":14}},"21":{"start":{"line":35,"column":6},"end":{"line":35,"column":75}},"22":{"start":{"line":35,"column":69},"end":{"line":35,"column":75}},"23":{"start":{"line":37,"column":16},"end":{"line":37,"column":29}},"24":{"start":{"line":38,"column":16},"end":{"line":38,"column":29}},"25":{"start":{"line":39,"column":17},"end":{"line":39,"column":27}},"26":{"start":{"line":40,"column":17},"end":{"line":40,"column":27}},"27":{"start":{"line":42,"column":6},"end":{"line":58,"column":7}},"28":{"start":{"line":43,"column":8},"end":{"line":43,"column":null}},"29":{"start":{"line":44,"column":8},"end":{"line":44,"column":null}},"30":{"start":{"line":46,"column":21},"end":{"line":46,"column":52}},"31":{"start":{"line":47,"column":30},"end":{"line":47,"column":34}},"32":{"start":{"line":49,"column":8},"end":{"line":52,"column":9}},"33":{"start":{"line":50,"column":10},"end":{"line":50,"column":null}},"34":{"start":{"line":51,"column":10},"end":{"line":51,"column":null}},"35":{"start":{"line":54,"column":8},"end":{"line":54,"column":null}},"36":{"start":{"line":56,"column":8},"end":{"line":56,"column":null}},"37":{"start":{"line":57,"column":8},"end":{"line":57,"column":null}},"38":{"start":{"line":61,"column":24},"end":{"line":72,"column":5}},"39":{"start":{"line":62,"column":6},"end":{"line":62,"column":null}},"40":{"start":{"line":63,"column":6},"end":{"line":70,"column":7}},"41":{"start":{"line":64,"column":18},"end":{"line":64,"column":31}},"42":{"start":{"line":65,"column":18},"end":{"line":65,"column":31}},"43":{"start":{"line":66,"column":21},"end":{"line":66,"column":52}},"44":{"start":{"line":67,"column":30},"end":{"line":67,"column":34}},"45":{"start":{"line":69,"column":8},"end":{"line":69,"column":null}},"46":{"start":{"line":71,"column":6},"end":{"line":71,"column":null}},"47":{"start":{"line":74,"column":27},"end":{"line":79,"column":5}},"48":{"start":{"line":75,"column":6},"end":{"line":75,"column":null}},"49":{"start":{"line":76,"column":6},"end":{"line":78,"column":7}},"50":{"start":{"line":77,"column":8},"end":{"line":77,"column":null}},"51":{"start":{"line":81,"column":20},"end":{"line":86,"column":5}},"52":{"start":{"line":82,"column":6},"end":{"line":85,"column":7}},"53":{"start":{"line":83,"column":8},"end":{"line":83,"column":null}},"54":{"start":{"line":84,"column":8},"end":{"line":84,"column":null}},"55":{"start":{"line":88,"column":24},"end":{"line":95,"column":5}},"56":{"start":{"line":89,"column":6},"end":{"line":91,"column":7}},"57":{"start":{"line":90,"column":8},"end":{"line":90,"column":14}},"58":{"start":{"line":92,"column":6},"end":{"line":94,"column":7}},"59":{"start":{"line":93,"column":8},"end":{"line":93,"column":null}},"60":{"start":{"line":97,"column":4},"end":{"line":97,"column":null}},"61":{"start":{"line":98,"column":4},"end":{"line":98,"column":null}},"62":{"start":{"line":99,"column":4},"end":{"line":99,"column":null}},"63":{"start":{"line":100,"column":4},"end":{"line":100,"column":null}},"64":{"start":{"line":101,"column":4},"end":{"line":101,"column":null}},"65":{"start":{"line":102,"column":4},"end":{"line":102,"column":null}},"66":{"start":{"line":104,"column":4},"end":{"line":113,"column":null}},"67":{"start":{"line":105,"column":6},"end":{"line":105,"column":null}},"68":{"start":{"line":106,"column":6},"end":{"line":106,"column":null}},"69":{"start":{"line":107,"column":6},"end":{"line":107,"column":null}},"70":{"start":{"line":108,"column":6},"end":{"line":108,"column":null}},"71":{"start":{"line":109,"column":6},"end":{"line":109,"column":null}},"72":{"start":{"line":110,"column":6},"end":{"line":112,"column":null}},"73":{"start":{"line":111,"column":8},"end":{"line":111,"column":null}},"74":{"start":{"line":116,"column":2},"end":{"line":116,"column":null}},"75":{"start":{"line":118,"column":2},"end":{"line":122,"column":null}},"76":{"start":{"line":119,"column":4},"end":{"line":119,"column":null}},"77":{"start":{"line":120,"column":4},"end":{"line":120,"column":null}},"78":{"start":{"line":121,"column":4},"end":{"line":121,"column":null}}},"fnMap":{"0":{"name":"makeDraggable","decl":{"start":{"line":1,"column":16},"end":{"line":1,"column":29}},"loc":{"start":{"line":8,"column":18},"end":{"line":123,"column":1}}},"1":{"name":"(anonymous_1)","decl":{"start":{"line":10,"column":23},"end":{"line":10,"column":26}},"loc":{"start":{"line":10,"column":29},"end":{"line":10,"column":35}}},"2":{"name":"(anonymous_2)","decl":{"start":{"line":15,"column":28},"end":{"line":15,"column":31}},"loc":{"start":{"line":15,"column":34},"end":{"line":15,"column":40}}},"3":{"name":"(anonymous_3)","decl":{"start":{"line":17,"column":24},"end":{"line":17,"column":25}},"loc":{"start":{"line":17,"column":48},"end":{"line":114,"column":3}}},"4":{"name":"(anonymous_4)","decl":{"start":{"line":30,"column":26},"end":{"line":30,"column":27}},"loc":{"start":{"line":30,"column":50},"end":{"line":59,"column":5}}},"5":{"name":"(anonymous_5)","decl":{"start":{"line":61,"column":24},"end":{"line":61,"column":25}},"loc":{"start":{"line":61,"column":48},"end":{"line":72,"column":5}}},"6":{"name":"(anonymous_6)","decl":{"start":{"line":74,"column":27},"end":{"line":74,"column":28}},"loc":{"start":{"line":74,"column":47},"end":{"line":79,"column":5}}},"7":{"name":"(anonymous_7)","decl":{"start":{"line":81,"column":20},"end":{"line":81,"column":21}},"loc":{"start":{"line":81,"column":42},"end":{"line":86,"column":5}}},"8":{"name":"(anonymous_8)","decl":{"start":{"line":88,"column":24},"end":{"line":88,"column":25}},"loc":{"start":{"line":88,"column":46},"end":{"line":95,"column":5}}},"9":{"name":"(anonymous_9)","decl":{"start":{"line":104,"column":26},"end":{"line":104,"column":29}},"loc":{"start":{"line":104,"column":31},"end":{"line":113,"column":5}}},"10":{"name":"(anonymous_10)","decl":{"start":{"line":110,"column":17},"end":{"line":110,"column":20}},"loc":{"start":{"line":110,"column":22},"end":{"line":112,"column":7}}},"11":{"name":"(anonymous_11)","decl":{"start":{"line":118,"column":9},"end":{"line":118,"column":12}},"loc":{"start":{"line":118,"column":14},"end":{"line":122,"column":3}}}},"branchMap":{"0":{"loc":{"start":{"line":6,"column":2},"end":{"line":6,"column":15}},"type":"default-arg","locations":[{"start":{"line":6,"column":14},"end":{"line":6,"column":15}}]},"1":{"loc":{"start":{"line":7,"column":2},"end":{"line":7,"column":17}},"type":"default-arg","locations":[{"start":{"line":7,"column":16},"end":{"line":7,"column":17}}]},"2":{"loc":{"start":{"line":8,"column":2},"end":{"line":8,"column":18}},"type":"default-arg","locations":[{"start":{"line":8,"column":15},"end":{"line":8,"column":18}}]},"3":{"loc":{"start":{"line":10,"column":2},"end":{"line":10,"column":null}},"type":"if","locations":[{"start":{"line":10,"column":2},"end":{"line":10,"column":null}}]},"4":{"loc":{"start":{"line":18,"column":4},"end":{"line":18,"column":44}},"type":"if","locations":[{"start":{"line":18,"column":4},"end":{"line":18,"column":44}}]},"5":{"loc":{"start":{"line":21,"column":4},"end":{"line":23,"column":5}},"type":"if","locations":[{"start":{"line":21,"column":4},"end":{"line":23,"column":5}}]},"6":{"loc":{"start":{"line":31,"column":6},"end":{"line":33,"column":7}},"type":"if","locations":[{"start":{"line":31,"column":6},"end":{"line":33,"column":7}}]},"7":{"loc":{"start":{"line":31,"column":10},"end":{"line":31,"column":59}},"type":"binary-expr","locations":[{"start":{"line":31,"column":10},"end":{"line":31,"column":32}},{"start":{"line":31,"column":36},"end":{"line":31,"column":59}}]},"8":{"loc":{"start":{"line":35,"column":6},"end":{"line":35,"column":75}},"type":"if","locations":[{"start":{"line":35,"column":6},"end":{"line":35,"column":75}}]},"9":{"loc":{"start":{"line":35,"column":10},"end":{"line":35,"column":67}},"type":"binary-expr","locations":[{"start":{"line":35,"column":10},"end":{"line":35,"column":23}},{"start":{"line":35,"column":27},"end":{"line":35,"column":67}}]},"10":{"loc":{"start":{"line":42,"column":6},"end":{"line":58,"column":7}},"type":"if","locations":[{"start":{"line":42,"column":6},"end":{"line":58,"column":7}}]},"11":{"loc":{"start":{"line":42,"column":10},"end":{"line":42,"column":76}},"type":"binary-expr","locations":[{"start":{"line":42,"column":10},"end":{"line":42,"column":20}},{"start":{"line":42,"column":24},"end":{"line":42,"column":48}},{"start":{"line":42,"column":52},"end":{"line":42,"column":76}}]},"12":{"loc":{"start":{"line":49,"column":8},"end":{"line":52,"column":9}},"type":"if","locations":[{"start":{"line":49,"column":8},"end":{"line":52,"column":9}}]},"13":{"loc":{"start":{"line":50,"column":10},"end":{"line":50,"column":48}},"type":"cond-expr","locations":[{"start":{"line":50,"column":17},"end":{"line":50,"column":20}},{"start":{"line":50,"column":10},"end":{"line":50,"column":48}}]},"14":{"loc":{"start":{"line":50,"column":10},"end":{"line":50,"column":20}},"type":"binary-expr","locations":[{"start":{"line":50,"column":10},"end":{"line":50,"column":20}},{"start":{"line":50,"column":10},"end":{"line":50,"column":20}}]},"15":{"loc":{"start":{"line":63,"column":6},"end":{"line":70,"column":7}},"type":"if","locations":[{"start":{"line":63,"column":6},"end":{"line":70,"column":7}}]},"16":{"loc":{"start":{"line":69,"column":8},"end":{"line":69,"column":34}},"type":"cond-expr","locations":[{"start":{"line":69,"column":13},"end":{"line":69,"column":16}},{"start":{"line":69,"column":8},"end":{"line":69,"column":34}}]},"17":{"loc":{"start":{"line":69,"column":8},"end":{"line":69,"column":16}},"type":"binary-expr","locations":[{"start":{"line":69,"column":8},"end":{"line":69,"column":16}},{"start":{"line":69,"column":8},"end":{"line":69,"column":16}}]},"18":{"loc":{"start":{"line":76,"column":6},"end":{"line":78,"column":7}},"type":"if","locations":[{"start":{"line":76,"column":6},"end":{"line":78,"column":7}}]},"19":{"loc":{"start":{"line":76,"column":10},"end":{"line":76,"column":74}},"type":"binary-expr","locations":[{"start":{"line":76,"column":10},"end":{"line":76,"column":26}},{"start":{"line":76,"column":30},"end":{"line":76,"column":74}}]},"20":{"loc":{"start":{"line":82,"column":6},"end":{"line":85,"column":7}},"type":"if","locations":[{"start":{"line":82,"column":6},"end":{"line":85,"column":7}}]},"21":{"loc":{"start":{"line":89,"column":6},"end":{"line":91,"column":7}},"type":"if","locations":[{"start":{"line":89,"column":6},"end":{"line":91,"column":7}}]},"22":{"loc":{"start":{"line":89,"column":10},"end":{"line":89,"column":59}},"type":"binary-expr","locations":[{"start":{"line":89,"column":10},"end":{"line":89,"column":32}},{"start":{"line":89,"column":36},"end":{"line":89,"column":59}}]},"23":{"loc":{"start":{"line":92,"column":6},"end":{"line":94,"column":7}},"type":"if","locations":[{"start":{"line":92,"column":6},"end":{"line":94,"column":7}}]}},"s":{"0":2,"1":1,"2":0,"3":0,"4":1,"5":1,"6":1,"7":0,"8":1,"9":1,"10":0,"11":1,"12":1,"13":0,"14":1,"15":1,"16":1,"17":1,"18":1,"19":1,"20":0,"21":1,"22":0,"23":1,"24":1,"25":1,"26":1,"27":1,"28":1,"29":1,"30":1,"31":1,"32":1,"33":1,"34":1,"35":1,"36":1,"37":1,"38":1,"39":1,"40":1,"41":1,"42":1,"43":1,"44":1,"45":1,"46":1,"47":1,"48":0,"49":0,"50":0,"51":1,"52":0,"53":0,"54":0,"55":1,"56":0,"57":0,"58":0,"59":0,"60":1,"61":1,"62":1,"63":1,"64":1,"65":1,"66":1,"67":2,"68":2,"69":2,"70":2,"71":2,"72":2,"73":0,"74":1,"75":1,"76":1,"77":1,"78":1},"f":{"0":1,"1":0,"2":0,"3":1,"4":1,"5":1,"6":0,"7":0,"8":0,"9":2,"10":0,"11":1},"b":{"0":[0],"1":[1],"2":[1],"3":[0],"4":[0],"5":[0],"6":[0],"7":[1,1],"8":[0],"9":[1,0],"10":[1],"11":[1,1,0],"12":[1],"13":[0,1],"14":[1,1],"15":[1],"16":[0,1],"17":[1,1],"18":[0],"19":[0,0],"20":[0],"21":[0],"22":[0,0],"23":[0]}}
,"/Users/ivan/Sites/wavesurfer.js/src/event-emitter.ts": {"path":"/Users/ivan/Sites/wavesurfer.js/src/event-emitter.ts","statementMap":{"0":{"start":{"line":17,"column":10},"end":{"line":17,"column":null}},"1":{"start":{"line":25,"column":4},"end":{"line":27,"column":5}},"2":{"start":{"line":26,"column":6},"end":{"line":26,"column":null}},"3":{"start":{"line":29,"column":4},"end":{"line":37,"column":5}},"4":{"start":{"line":31,"column":64},"end":{"line":34,"column":7}},"5":{"start":{"line":32,"column":8},"end":{"line":32,"column":null}},"6":{"start":{"line":33,"column":8},"end":{"line":33,"column":null}},"7":{"start":{"line":35,"column":6},"end":{"line":35,"column":null}},"8":{"start":{"line":36,"column":6},"end":{"line":36,"column":null}},"9":{"start":{"line":36,"column":19},"end":{"line":36,"column":46}},"10":{"start":{"line":39,"column":4},"end":{"line":39,"column":null}},"11":{"start":{"line":40,"column":4},"end":{"line":40,"column":null}},"12":{"start":{"line":40,"column":17},"end":{"line":40,"column":41}},"13":{"start":{"line":48,"column":4},"end":{"line":48,"column":null}},"14":{"start":{"line":56,"column":4},"end":{"line":56,"column":null}},"15":{"start":{"line":61,"column":4},"end":{"line":61,"column":null}},"16":{"start":{"line":66,"column":4},"end":{"line":68,"column":5}},"17":{"start":{"line":67,"column":6},"end":{"line":67,"column":null}},"18":{"start":{"line":67,"column":54},"end":{"line":67,"column":71}},"19":{"start":{"line":72,"column":0},"end":{"line":72,"column":null}}},"fnMap":{"0":{"name":"(anonymous_0)","decl":{"start":{"line":16,"column":0},"end":{"line":16,"column":6}},"loc":{"start":{"line":16,"column":0},"end":{"line":70,"column":1}}},"1":{"name":"(anonymous_1)","decl":{"start":{"line":20,"column":9},"end":{"line":20,"column":11}},"loc":{"start":{"line":23,"column":32},"end":{"line":41,"column":3}}},"2":{"name":"(anonymous_2)","decl":{"start":{"line":31,"column":64},"end":{"line":31,"column":65}},"loc":{"start":{"line":31,"column":76},"end":{"line":34,"column":7}}},"3":{"name":"(anonymous_3)","decl":{"start":{"line":36,"column":13},"end":{"line":36,"column":16}},"loc":{"start":{"line":36,"column":19},"end":{"line":36,"column":46}}},"4":{"name":"(anonymous_4)","decl":{"start":{"line":40,"column":11},"end":{"line":40,"column":14}},"loc":{"start":{"line":40,"column":17},"end":{"line":40,"column":41}}},"5":{"name":"(anonymous_5)","decl":{"start":{"line":44,"column":9},"end":{"line":44,"column":11}},"loc":{"start":{"line":46,"column":50},"end":{"line":49,"column":3}}},"6":{"name":"(anonymous_6)","decl":{"start":{"line":52,"column":9},"end":{"line":52,"column":13}},"loc":{"start":{"line":54,"column":50},"end":{"line":57,"column":3}}},"7":{"name":"(anonymous_7)","decl":{"start":{"line":60,"column":9},"end":{"line":60,"column":14}},"loc":{"start":{"line":60,"column":14},"end":{"line":62,"column":3}}},"8":{"name":"(anonymous_8)","decl":{"start":{"line":65,"column":12},"end":{"line":65,"column":16}},"loc":{"start":{"line":65,"column":105},"end":{"line":69,"column":3}}},"9":{"name":"(anonymous_9)","decl":{"start":{"line":67,"column":40},"end":{"line":67,"column":41}},"loc":{"start":{"line":67,"column":54},"end":{"line":67,"column":71}}}},"branchMap":{"0":{"loc":{"start":{"line":25,"column":4},"end":{"line":27,"column":5}},"type":"if","locations":[{"start":{"line":25,"column":4},"end":{"line":27,"column":5}}]},"1":{"loc":{"start":{"line":29,"column":4},"end":{"line":37,"column":5}},"type":"if","locations":[{"start":{"line":29,"column":4},"end":{"line":37,"column":5}}]},"2":{"loc":{"start":{"line":29,"column":8},"end":{"line":29,"column":21}},"type":"cond-expr","locations":[{"start":{"line":29,"column":15},"end":{"line":29,"column":17}},{"start":{"line":29,"column":8},"end":{"line":29,"column":21}}]},"3":{"loc":{"start":{"line":29,"column":8},"end":{"line":29,"column":17}},"type":"binary-expr","locations":[{"start":{"line":29,"column":8},"end":{"line":29,"column":17}},{"start":{"line":29,"column":8},"end":{"line":29,"column":17}}]},"4":{"loc":{"start":{"line":48,"column":4},"end":{"line":48,"column":43}},"type":"cond-expr","locations":[{"start":{"line":48,"column":25},"end":{"line":48,"column":27}},{"start":{"line":48,"column":25},"end":{"line":48,"column":43}}]},"5":{"loc":{"start":{"line":48,"column":4},"end":{"line":48,"column":27}},"type":"binary-expr","locations":[{"start":{"line":48,"column":4},"end":{"line":48,"column":27}},{"start":{"line":48,"column":25},"end":{"line":48,"column":27}}]},"6":{"loc":{"start":{"line":66,"column":4},"end":{"line":68,"column":5}},"type":"if","locations":[{"start":{"line":66,"column":4},"end":{"line":68,"column":5}}]}},"s":{"0":84,"1":33,"2":33,"3":33,"4":2,"5":2,"6":2,"7":2,"8":2,"9":0,"10":31,"11":31,"12":26,"13":28,"14":2,"15":1,"16":136,"17":47,"18":41,"19":6},"f":{"0":84,"1":33,"2":2,"3":0,"4":26,"5":28,"6":2,"7":1,"8":136,"9":41},"b":{"0":[33],"1":[2],"2":[31,2],"3":[33,33],"4":[0,28],"5":[28,28],"6":[47]}}
,"/Users/ivan/Sites/wavesurfer.js/src/fetcher.ts": {"path":"/Users/ivan/Sites/wavesurfer.js/src/fetcher.ts","statementMap":{"0":{"start":{"line":2,"column":2},"end":{"line":2,"column":49}},"1":{"start":{"line":2,"column":43},"end":{"line":2,"column":49}},"2":{"start":{"line":3,"column":17},"end":{"line":3,"column":42}},"3":{"start":{"line":5,"column":24},"end":{"line":5,"column":75}},"4":{"start":{"line":6,"column":23},"end":{"line":6,"column":24}},"5":{"start":{"line":9,"column":23},"end":{"line":14,"column":3}},"6":{"start":{"line":11,"column":4},"end":{"line":11,"column":null}},"7":{"start":{"line":12,"column":23},"end":{"line":12,"column":73}},"8":{"start":{"line":13,"column":4},"end":{"line":13,"column":null}},"9":{"start":{"line":17,"column":2},"end":{"line":30,"column":3}},"10":{"start":{"line":18,"column":4},"end":{"line":26,"column":5}},"11":{"start":{"line":19,"column":19},"end":{"line":19,"column":38}},"12":{"start":{"line":21,"column":6},"end":{"line":23,"column":7}},"13":{"start":{"line":22,"column":8},"end":{"line":22,"column":13}},"14":{"start":{"line":25,"column":6},"end":{"line":25,"column":null}},"15":{"start":{"line":29,"column":4},"end":{"line":29,"column":null}},"16":{"start":{"line":39,"column":19},"end":{"line":39,"column":48}},"17":{"start":{"line":41,"column":2},"end":{"line":43,"column":3}},"18":{"start":{"line":42,"column":4},"end":{"line":42,"column":null}},"19":{"start":{"line":46,"column":2},"end":{"line":46,"column":null}},"20":{"start":{"line":48,"column":2},"end":{"line":48,"column":null}},"21":{"start":{"line":51,"column":16},"end":{"line":53,"column":null}},"22":{"start":{"line":55,"column":0},"end":{"line":55,"column":null}}},"fnMap":{"0":{"name":"watchProgress","decl":{"start":{"line":1,"column":15},"end":{"line":1,"column":28}},"loc":{"start":{"line":1,"column":95},"end":{"line":31,"column":null}}},"1":{"name":"(anonymous_9)","decl":{"start":{"line":9,"column":23},"end":{"line":9,"column":24}},"loc":{"start":{"line":9,"column":57},"end":{"line":14,"column":3}}},"2":{"name":"fetchBlob","decl":{"start":{"line":33,"column":15},"end":{"line":33,"column":24}},"loc":{"start":{"line":36,"column":27},"end":{"line":49,"column":null}}}},"branchMap":{"0":{"loc":{"start":{"line":2,"column":2},"end":{"line":2,"column":49}},"type":"if","locations":[{"start":{"line":2,"column":2},"end":{"line":2,"column":49}}]},"1":{"loc":{"start":{"line":2,"column":6},"end":{"line":2,"column":41}},"type":"binary-expr","locations":[{"start":{"line":2,"column":6},"end":{"line":2,"column":20}},{"start":{"line":2,"column":24},"end":{"line":2,"column":41}}]},"2":{"loc":{"start":{"line":5,"column":24},"end":{"line":5,"column":75}},"type":"binary-expr","locations":[{"start":{"line":5,"column":24},"end":{"line":5,"column":70}},{"start":{"line":5,"column":74},"end":{"line":5,"column":75}}]},"3":{"loc":{"start":{"line":11,"column":22},"end":{"line":11,"column":40}},"type":"binary-expr","locations":[{"start":{"line":11,"column":22},"end":{"line":11,"column":35}},{"start":{"line":11,"column":39},"end":{"line":11,"column":40}}]},"4":{"loc":{"start":{"line":11,"column":22},"end":{"line":11,"column":35}},"type":"cond-expr","locations":[{"start":{"line":11,"column":27},"end":{"line":11,"column":29}},{"start":{"line":11,"column":22},"end":{"line":11,"column":35}}]},"5":{"loc":{"start":{"line":11,"column":22},"end":{"line":11,"column":29}},"type":"binary-expr","locations":[{"start":{"line":11,"column":22},"end":{"line":11,"column":29}},{"start":{"line":11,"column":22},"end":{"line":11,"column":29}}]},"6":{"loc":{"start":{"line":21,"column":6},"end":{"line":23,"column":7}},"type":"if","locations":[{"start":{"line":21,"column":6},"end":{"line":23,"column":7}}]},"7":{"loc":{"start":{"line":41,"column":2},"end":{"line":43,"column":3}},"type":"if","locations":[{"start":{"line":41,"column":2},"end":{"line":43,"column":3}}]}},"s":{"0":1,"1":0,"2":1,"3":1,"4":1,"5":1,"6":1,"7":1,"8":1,"9":1,"10":1,"11":2,"12":2,"13":1,"14":1,"15":0,"16":1,"17":1,"18":0,"19":1,"20":1,"21":2,"22":2},"f":{"0":1,"1":1,"2":1},"b":{"0":[0],"1":[1,1],"2":[1,0],"3":[1,0],"4":[0,1],"5":[1,1],"6":[1],"7":[0]}}
,"/Users/ivan/Sites/wavesurfer.js/src/fft.ts": {"path":"/Users/ivan/Sites/wavesurfer.js/src/fft.ts","statementMap":{"0":{"start":{"line":11,"column":21},"end":{"line":11,"column":58}},"1":{"start":{"line":15,"column":2},"end":{"line":15,"column":null}},"2":{"start":{"line":19,"column":2},"end":{"line":19,"column":null}},"3":{"start":{"line":23,"column":2},"end":{"line":23,"column":null}},"4":{"start":{"line":27,"column":2},"end":{"line":27,"column":null}},"5":{"start":{"line":32,"column":13},"end":{"line":32,"column":46}},"6":{"start":{"line":33,"column":2},"end":{"line":35,"column":3}},"7":{"start":{"line":34,"column":4},"end":{"line":34,"column":null}},"8":{"start":{"line":36,"column":2},"end":{"line":38,"column":3}},"9":{"start":{"line":37,"column":4},"end":{"line":37,"column":null}},"10":{"start":{"line":39,"column":2},"end":{"line":39,"column":null}},"11":{"start":{"line":44,"column":2},"end":{"line":46,"column":3}},"12":{"start":{"line":45,"column":4},"end":{"line":45,"column":null}},"13":{"start":{"line":47,"column":2},"end":{"line":49,"column":3}},"14":{"start":{"line":48,"column":4},"end":{"line":48,"column":null}},"15":{"start":{"line":50,"column":2},"end":{"line":50,"column":null}},"16":{"start":{"line":55,"column":2},"end":{"line":55,"column":null}},"17":{"start":{"line":60,"column":2},"end":{"line":60,"column":null}},"18":{"start":{"line":65,"column":2},"end":{"line":76,"column":3}},"19":{"start":{"line":67,"column":6},"end":{"line":67,"column":null}},"20":{"start":{"line":69,"column":6},"end":{"line":69,"column":null}},"21":{"start":{"line":71,"column":6},"end":{"line":71,"column":null}},"22":{"start":{"line":73,"column":6},"end":{"line":73,"column":null}},"23":{"start":{"line":75,"column":6},"end":{"line":75,"column":null}},"24":{"start":{"line":80,"column":2},"end":{"line":91,"column":3}},"25":{"start":{"line":82,"column":6},"end":{"line":82,"column":null}},"26":{"start":{"line":84,"column":6},"end":{"line":84,"column":null}},"27":{"start":{"line":86,"column":6},"end":{"line":86,"column":null}},"28":{"start":{"line":88,"column":6},"end":{"line":88,"column":null}},"29":{"start":{"line":90,"column":6},"end":{"line":90,"column":null}},"30":{"start":{"line":102,"column":20},"end":{"line":102,"column":36}},"31":{"start":{"line":103,"column":20},"end":{"line":103,"column":49}},"32":{"start":{"line":104,"column":21},"end":{"line":104,"column":96}},"33":{"start":{"line":104,"column":62},"end":{"line":104,"column":95}},"34":{"start":{"line":105,"column":16},"end":{"line":105,"column":39}},"35":{"start":{"line":107,"column":2},"end":{"line":115,"column":3}},"36":{"start":{"line":107,"column":15},"end":{"line":107,"column":16}},"37":{"start":{"line":108,"column":15},"end":{"line":108,"column":84}},"38":{"start":{"line":109,"column":14},"end":{"line":109,"column":36}},"39":{"start":{"line":110,"column":18},"end":{"line":110,"column":27}},"40":{"start":{"line":111,"column":19},"end":{"line":111,"column":34}},"41":{"start":{"line":112,"column":14},"end":{"line":112,"column":45}},"42":{"start":{"line":113,"column":4},"end":{"line":113,"column":null}},"43":{"start":{"line":114,"column":4},"end":{"line":114,"column":null}},"44":{"start":{"line":116,"column":2},"end":{"line":116,"column":null}},"45":{"start":{"line":120,"column":21},"end":{"line":120,"column":38}},"46":{"start":{"line":121,"column":22},"end":{"line":121,"column":72}},"47":{"start":{"line":121,"column":70},"end":{"line":121,"column":71}},"48":{"start":{"line":122,"column":2},"end":{"line":126,"column":3}},"49":{"start":{"line":122,"column":15},"end":{"line":122,"column":16}},"50":{"start":{"line":123,"column":4},"end":{"line":125,"column":5}},"51":{"start":{"line":123,"column":17},"end":{"line":123,"column":18}},"52":{"start":{"line":124,"column":6},"end":{"line":124,"column":null}},"53":{"start":{"line":127,"column":2},"end":{"line":127,"column":null}},"54":{"start":{"line":137,"column":2},"end":{"line":149,"column":3}},"55":{"start":{"line":139,"column":6},"end":{"line":139,"column":null}},"56":{"start":{"line":141,"column":6},"end":{"line":141,"column":null}},"57":{"start":{"line":143,"column":6},"end":{"line":143,"column":null}},"58":{"start":{"line":145,"column":6},"end":{"line":145,"column":null}},"59":{"start":{"line":148,"column":6},"end":{"line":148,"column":18}},"60":{"start":{"line":152,"column":26},"end":{"line":429,"column":null}},"61":{"start":{"line":154,"column":21},"end":{"line":154,"column":23}},"62":{"start":{"line":155,"column":4},"end":{"line":158,"column":5}},"63":{"start":{"line":155,"column":17},"end":{"line":155,"column":18}},"64":{"start":{"line":156,"column":18},"end":{"line":156,"column":33}},"65":{"start":{"line":157,"column":6},"end":{"line":157,"column":null}},"66":{"start":{"line":159,"column":4},"end":{"line":159,"column":null}},"67":{"start":{"line":163,"column":21},"end":{"line":163,"column":23}},"68":{"start":{"line":164,"column":4},"end":{"line":167,"column":5}},"69":{"start":{"line":164,"column":17},"end":{"line":164,"column":18}},"70":{"start":{"line":165,"column":18},"end":{"line":165,"column":25}},"71":{"start":{"line":166,"column":6},"end":{"line":166,"column":null}},"72":{"start":{"line":168,"column":4},"end":{"line":168,"column":null}},"73":{"start":{"line":171,"column":16},"end":{"line":428,"column":null}},"74":{"start":{"line":435,"column":2},"end":{"line":446,"column":3}},"75":{"start":{"line":436,"column":4},"end":{"line":438,"column":5}},"76":{"start":{"line":437,"column":6},"end":{"line":437,"column":null}},"77":{"start":{"line":439,"column":4},"end":{"line":444,"column":5}},"78":{"start":{"line":439,"column":17},"end":{"line":439,"column":18}},"79":{"start":{"line":440,"column":22},"end":{"line":440,"column":33}},"80":{"start":{"line":441,"column":6},"end":{"line":443,"column":7}},"81":{"start":{"line":442,"column":8},"end":{"line":442,"column":null}},"82":{"start":{"line":445,"column":4},"end":{"line":445,"column":null}},"83":{"start":{"line":448,"column":23},"end":{"line":448,"column":70}},"84":{"start":{"line":449,"column":2},"end":{"line":451,"column":3}},"85":{"start":{"line":450,"column":4},"end":{"line":450,"column":null}},"86":{"start":{"line":453,"column":2},"end":{"line":453,"column":null}},"87":{"start":{"line":460,"column":2},"end":{"line":460,"column":null}},"88":{"start":{"line":467,"column":2},"end":{"line":467,"column":null}},"89":{"start":{"line":480,"column":19},"end":{"line":480,"column":49}},"90":{"start":{"line":481,"column":19},"end":{"line":481,"column":49}},"91":{"start":{"line":482,"column":2},"end":{"line":482,"column":null}},"92":{"start":{"line":489,"column":2},"end":{"line":495,"column":null}},"93":{"start":{"line":490,"column":17},"end":{"line":490,"column":48}},"94":{"start":{"line":491,"column":22},"end":{"line":491,"column":43}},"95":{"start":{"line":492,"column":26},"end":{"line":492,"column":36}},"96":{"start":{"line":493,"column":29},"end":{"line":493,"column":54}},"97":{"start":{"line":494,"column":4},"end":{"line":494,"column":null}},"98":{"start":{"line":502,"column":2},"end":{"line":502,"column":null}},"99":{"start":{"line":503,"column":2},"end":{"line":503,"column":null}},"100":{"start":{"line":504,"column":2},"end":{"line":504,"column":null}},"101":{"start":{"line":506,"column":2},"end":{"line":506,"column":null}},"102":{"start":{"line":507,"column":2},"end":{"line":507,"column":null}},"103":{"start":{"line":508,"column":2},"end":{"line":508,"column":null}},"104":{"start":{"line":509,"column":2},"end":{"line":509,"column":null}},"105":{"start":{"line":511,"column":2},"end":{"line":511,"column":null}},"106":{"start":{"line":512,"column":2},"end":{"line":512,"column":null}},"107":{"start":{"line":514,"column":2},"end":{"line":578,"column":3}},"108":{"start":{"line":516,"column":6},"end":{"line":518,"column":7}},"109":{"start":{"line":516,"column":19},"end":{"line":516,"column":20}},"110":{"start":{"line":517,"column":8},"end":{"line":517,"column":null}},"111":{"start":{"line":519,"column":6},"end":{"line":519,"column":11}},"112":{"start":{"line":521,"column":6},"end":{"line":524,"column":7}},"113":{"start":{"line":521,"column":19},"end":{"line":521,"column":20}},"114":{"start":{"line":522,"column":8},"end":{"line":523,"column":null}},"115":{"start":{"line":525,"column":6},"end":{"line":525,"column":11}},"116":{"start":{"line":527,"column":6},"end":{"line":527,"column":null}},"117":{"start":{"line":528,"column":6},"end":{"line":533,"column":7}},"118":{"start":{"line":528,"column":19},"end":{"line":528,"column":20}},"119":{"start":{"line":529,"column":8},"end":{"line":532,"column":null}},"120":{"start":{"line":534,"column":6},"end":{"line":534,"column":11}},"121":{"start":{"line":536,"column":6},"end":{"line":538,"column":7}},"122":{"start":{"line":536,"column":19},"end":{"line":536,"column":20}},"123":{"start":{"line":537,"column":8},"end":{"line":537,"column":null}},"124":{"start":{"line":539,"column":6},"end":{"line":539,"column":11}},"125":{"start":{"line":541,"column":6},"end":{"line":541,"column":null}},"126":{"start":{"line":542,"column":6},"end":{"line":547,"column":7}},"127":{"start":{"line":542,"column":19},"end":{"line":542,"column":20}},"128":{"start":{"line":543,"column":8},"end":{"line":546,"column":null}},"129":{"start":{"line":548,"column":6},"end":{"line":548,"column":11}},"130":{"start":{"line":550,"column":6},"end":{"line":552,"column":7}},"131":{"start":{"line":550,"column":19},"end":{"line":550,"column":20}},"132":{"start":{"line":551,"column":8},"end":{"line":551,"column":null}},"133":{"start":{"line":553,"column":6},"end":{"line":553,"column":11}},"134":{"start":{"line":556,"column":6},"end":{"line":558,"column":7}},"135":{"start":{"line":556,"column":19},"end":{"line":556,"column":20}},"136":{"start":{"line":557,"column":8},"end":{"line":557,"column":null}},"137":{"start":{"line":559,"column":6},"end":{"line":559,"column":11}},"138":{"start":{"line":561,"column":6},"end":{"line":564,"column":7}},"139":{"start":{"line":561,"column":19},"end":{"line":561,"column":20}},"140":{"start":{"line":562,"column":8},"end":{"line":563,"column":null}},"141":{"start":{"line":565,"column":6},"end":{"line":565,"column":11}},"142":{"start":{"line":567,"column":6},"end":{"line":569,"column":7}},"143":{"start":{"line":567,"column":19},"end":{"line":567,"column":20}},"144":{"start":{"line":568,"column":8},"end":{"line":568,"column":null}},"145":{"start":{"line":570,"column":6},"end":{"line":570,"column":11}},"146":{"start":{"line":572,"column":6},"end":{"line":574,"column":7}},"147":{"start":{"line":572,"column":19},"end":{"line":572,"column":20}},"148":{"start":{"line":573,"column":8},"end":{"line":573,"column":null}},"149":{"start":{"line":575,"column":6},"end":{"line":575,"column":11}},"150":{"start":{"line":577,"column":6},"end":{"line":577,"column":null}},"151":{"start":{"line":580,"column":14},"end":{"line":580,"column":15}},"152":{"start":{"line":581,"column":12},"end":{"line":581,"column":27}},"153":{"start":{"line":583,"column":2},"end":{"line":590,"column":3}},"154":{"start":{"line":584,"column":4},"end":{"line":586,"column":5}},"155":{"start":{"line":584,"column":17},"end":{"line":584,"column":18}},"156":{"start":{"line":585,"column":6},"end":{"line":585,"column":null}},"157":{"start":{"line":588,"column":4},"end":{"line":588,"column":null}},"158":{"start":{"line":589,"column":4},"end":{"line":589,"column":null}},"159":{"start":{"line":592,"column":2},"end":{"line":595,"column":3}},"160":{"start":{"line":592,"column":15},"end":{"line":592,"column":16}},"161":{"start":{"line":593,"column":4},"end":{"line":593,"column":null}},"162":{"start":{"line":594,"column":4},"end":{"line":594,"column":null}},"163":{"start":{"line":597,"column":2},"end":{"line":682,"column":null}},"164":{"start":{"line":598,"column":23},"end":{"line":598,"column":38}},"165":{"start":{"line":599,"column":17},"end":{"line":599,"column":30}},"166":{"start":{"line":600,"column":17},"end":{"line":600,"column":30}},"167":{"start":{"line":601,"column":21},"end":{"line":601,"column":38}},"168":{"start":{"line":602,"column":13},"end":{"line":602,"column":41}},"169":{"start":{"line":603,"column":13},"end":{"line":603,"column":41}},"170":{"start":{"line":604,"column":12},"end":{"line":604,"column":31}},"171":{"start":{"line":605,"column":13},"end":{"line":605,"column":22}},"172":{"start":{"line":606,"column":17},"end":{"line":606,"column":49}},"173":{"start":{"line":610,"column":14},"end":{"line":610,"column":57}},"174":{"start":{"line":612,"column":4},"end":{"line":614,"column":5}},"175":{"start":{"line":613,"column":6},"end":{"line":613,"column":null}},"176":{"start":{"line":615,"column":4},"end":{"line":622,"column":5}},"177":{"start":{"line":616,"column":6},"end":{"line":621,"column":null}},"178":{"start":{"line":624,"column":19},"end":{"line":624,"column":20}},"179":{"start":{"line":634,"column":4},"end":{"line":637,"column":5}},"180":{"start":{"line":634,"column":17},"end":{"line":634,"column":18}},"181":{"start":{"line":635,"column":6},"end":{"line":635,"column":null}},"182":{"start":{"line":636,"column":6},"end":{"line":636,"column":null}},"183":{"start":{"line":639,"column":4},"end":{"line":668,"column":5}},"184":{"start":{"line":640,"column":6},"end":{"line":640,"column":null}},"185":{"start":{"line":641,"column":6},"end":{"line":641,"column":null}},"186":{"start":{"line":643,"column":6},"end":{"line":643,"column":null}},"187":{"start":{"line":644,"column":6},"end":{"line":644,"column":null}},"188":{"start":{"line":646,"column":6},"end":{"line":665,"column":7}},"189":{"start":{"line":646,"column":25},"end":{"line":646,"column":26}},"190":{"start":{"line":647,"column":16},"end":{"line":647,"column":23}},"191":{"start":{"line":649,"column":8},"end":{"line":660,"column":9}},"192":{"start":{"line":650,"column":10},"end":{"line":650,"column":null}},"193":{"start":{"line":651,"column":10},"end":{"line":651,"column":null}},"194":{"start":{"line":652,"column":10},"end":{"line":652,"column":null}},"195":{"start":{"line":654,"column":10},"end":{"line":654,"column":null}},"196":{"start":{"line":655,"column":10},"end":{"line":655,"column":null}},"197":{"start":{"line":656,"column":10},"end":{"line":656,"column":null}},"198":{"start":{"line":657,"column":10},"end":{"line":657,"column":null}},"199":{"start":{"line":659,"column":10},"end":{"line":659,"column":null}},"200":{"start":{"line":662,"column":8},"end":{"line":662,"column":null}},"201":{"start":{"line":663,"column":8},"end":{"line":663,"column":null}},"202":{"start":{"line":664,"column":8},"end":{"line":664,"column":null}},"203":{"start":{"line":667,"column":6},"end":{"line":667,"column":null}},"204":{"start":{"line":670,"column":4},"end":{"line":680,"column":5}},"205":{"start":{"line":670,"column":17},"end":{"line":670,"column":18}},"206":{"start":{"line":670,"column":24},"end":{"line":670,"column":38}},"207":{"start":{"line":671,"column":6},"end":{"line":671,"column":null}},"208":{"start":{"line":672,"column":6},"end":{"line":672,"column":null}},"209":{"start":{"line":673,"column":6},"end":{"line":673,"column":null}},"210":{"start":{"line":675,"column":6},"end":{"line":678,"column":7}},"211":{"start":{"line":676,"column":8},"end":{"line":676,"column":null}},"212":{"start":{"line":677,"column":8},"end":{"line":677,"column":null}},"213":{"start":{"line":679,"column":6},"end":{"line":679,"column":null}},"214":{"start":{"line":681,"column":4},"end":{"line":681,"column":null}}},"fnMap":{"0":{"name":"hzToMel","decl":{"start":{"line":14,"column":16},"end":{"line":14,"column":23}},"loc":{"start":{"line":14,"column":34},"end":{"line":16,"column":1}}},"1":{"name":"melToHz","decl":{"start":{"line":18,"column":16},"end":{"line":18,"column":23}},"loc":{"start":{"line":18,"column":35},"end":{"line":20,"column":1}}},"2":{"name":"hzToLog","decl":{"start":{"line":22,"column":16},"end":{"line":22,"column":23}},"loc":{"start":{"line":22,"column":34},"end":{"line":24,"column":1}}},"3":{"name":"logToHz","decl":{"start":{"line":26,"column":16},"end":{"line":26,"column":23}},"loc":{"start":{"line":26,"column":35},"end":{"line":28,"column":1}}},"4":{"name":"hzToBark","decl":{"start":{"line":30,"column":16},"end":{"line":30,"column":24}},"loc":{"start":{"line":30,"column":35},"end":{"line":40,"column":1}}},"5":{"name":"barkToHz","decl":{"start":{"line":42,"column":16},"end":{"line":42,"column":24}},"loc":{"start":{"line":42,"column":37},"end":{"line":51,"column":1}}},"6":{"name":"hzToErb","decl":{"start":{"line":53,"column":16},"end":{"line":53,"column":23}},"loc":{"start":{"line":53,"column":34},"end":{"line":56,"column":1}}},"7":{"name":"erbToHz","decl":{"start":{"line":58,"column":16},"end":{"line":58,"column":23}},"loc":{"start":{"line":58,"column":35},"end":{"line":61,"column":1}}},"8":{"name":"hzToScale","decl":{"start":{"line":64,"column":16},"end":{"line":64,"column":25}},"loc":{"start":{"line":64,"column":94},"end":{"line":77,"column":1}}},"9":{"name":"scaleToHz","decl":{"start":{"line":79,"column":16},"end":{"line":79,"column":25}},"loc":{"start":{"line":79,"column":101},"end":{"line":92,"column":1}}},"10":{"name":"createFilterBank","decl":{"start":{"line":95,"column":9},"end":{"line":95,"column":25}},"loc":{"start":{"line":100,"column":42},"end":{"line":117,"column":1}}},"11":{"name":"(anonymous_11)","decl":{"start":{"line":104,"column":56},"end":{"line":104,"column":59}},"loc":{"start":{"line":104,"column":62},"end":{"line":104,"column":95}}},"12":{"name":"applyFilterBank","decl":{"start":{"line":119,"column":16},"end":{"line":119,"column":31}},"loc":{"start":{"line":119,"column":79},"end":{"line":128,"column":1}}},"13":{"name":"(anonymous_13)","decl":{"start":{"line":121,"column":64},"end":{"line":121,"column":67}},"loc":{"start":{"line":121,"column":70},"end":{"line":121,"column":71}}},"14":{"name":"createFilterBankForScale","decl":{"start":{"line":131,"column":16},"end":{"line":131,"column":40}},"loc":{"start":{"line":135,"column":20},"end":{"line":150,"column":1}}},"15":{"name":"(anonymous_15)","decl":{"start":{"line":153,"column":8},"end":{"line":153,"column":11}},"loc":{"start":{"line":153,"column":13},"end":{"line":160,"column":3}}},"16":{"name":"(anonymous_16)","decl":{"start":{"line":162,"column":9},"end":{"line":162,"column":12}},"loc":{"start":{"line":162,"column":14},"end":{"line":169,"column":3}}},"17":{"name":"(anonymous_17)","decl":{"start":{"line":171,"column":10},"end":{"line":171,"column":13}},"loc":{"start":{"line":171,"column":16},"end":{"line":428,"column":null}}},"18":{"name":"setupColorMap","decl":{"start":{"line":434,"column":16},"end":{"line":434,"column":29}},"loc":{"start":{"line":434,"column":91},"end":{"line":454,"column":1}}},"19":{"name":"freqType","decl":{"start":{"line":459,"column":16},"end":{"line":459,"column":24}},"loc":{"start":{"line":459,"column":37},"end":{"line":461,"column":1}}},"20":{"name":"unitType","decl":{"start":{"line":466,"column":16},"end":{"line":466,"column":24}},"loc":{"start":{"line":466,"column":37},"end":{"line":468,"column":1}}},"21":{"name":"getLabelFrequency","decl":{"start":{"line":473,"column":16},"end":{"line":473,"column":33}},"loc":{"start":{"line":478,"column":58},"end":{"line":483,"column":1}}},"22":{"name":"createWrapperClickHandler","decl":{"start":{"line":488,"column":16},"end":{"line":488,"column":41}},"loc":{"start":{"line":488,"column":109},"end":{"line":496,"column":1}}},"23":{"name":"(anonymous_23)","decl":{"start":{"line":489,"column":9},"end":{"line":489,"column":10}},"loc":{"start":{"line":489,"column":27},"end":{"line":495,"column":3}}},"24":{"name":"FFT","decl":{"start":{"line":501,"column":9},"end":{"line":501,"column":12}},"loc":{"start":{"line":501,"column":86},"end":{"line":683,"column":1}}},"25":{"name":"(anonymous_25)","decl":{"start":{"line":597,"column":27},"end":{"line":597,"column":37}},"loc":{"start":{"line":597,"column":57},"end":{"line":682,"column":3}}}},"branchMap":{"0":{"loc":{"start":{"line":33,"column":2},"end":{"line":35,"column":3}},"type":"if","locations":[{"start":{"line":33,"column":2},"end":{"line":35,"column":3}}]},"1":{"loc":{"start":{"line":36,"column":2},"end":{"line":38,"column":3}},"type":"if","locations":[{"start":{"line":36,"column":2},"end":{"line":38,"column":3}}]},"2":{"loc":{"start":{"line":44,"column":2},"end":{"line":46,"column":3}},"type":"if","locations":[{"start":{"line":44,"column":2},"end":{"line":46,"column":3}}]},"3":{"loc":{"start":{"line":47,"column":2},"end":{"line":49,"column":3}},"type":"if","locations":[{"start":{"line":47,"column":2},"end":{"line":49,"column":3}}]},"4":{"loc":{"start":{"line":65,"column":2},"end":{"line":76,"column":3}},"type":"switch","locations":[{"start":{"line":66,"column":4},"end":{"line":67,"column":null}},{"start":{"line":68,"column":4},"end":{"line":69,"column":null}},{"start":{"line":70,"column":4},"end":{"line":71,"column":null}},{"start":{"line":72,"column":4},"end":{"line":73,"column":null}},{"start":{"line":74,"column":4},"end":{"line":75,"column":null}}]},"5":{"loc":{"start":{"line":80,"column":2},"end":{"line":91,"column":3}},"type":"switch","locations":[{"start":{"line":81,"column":4},"end":{"line":82,"column":null}},{"start":{"line":83,"column":4},"end":{"line":84,"column":null}},{"start":{"line":85,"column":4},"end":{"line":86,"column":null}},{"start":{"line":87,"column":4},"end":{"line":88,"column":null}},{"start":{"line":89,"column":4},"end":{"line":90,"column":null}}]},"6":{"loc":{"start":{"line":137,"column":2},"end":{"line":149,"column":3}},"type":"switch","locations":[{"start":{"line":138,"column":4},"end":{"line":139,"column":null}},{"start":{"line":140,"column":4},"end":{"line":141,"column":null}},{"start":{"line":142,"column":4},"end":{"line":143,"column":null}},{"start":{"line":144,"column":4},"end":{"line":145,"column":null}},{"start":{"line":146,"column":4},"end":{"line":146,"column":18}},{"start":{"line":147,"column":4},"end":{"line":148,"column":18}}]},"7":{"loc":{"start":{"line":434,"column":30},"end":{"line":434,"column":91}},"type":"default-arg","locations":[{"start":{"line":434,"column":83},"end":{"line":434,"column":91}}]},"8":{"loc":{"start":{"line":435,"column":2},"end":{"line":446,"column":3}},"type":"if","locations":[{"start":{"line":435,"column":2},"end":{"line":446,"column":3}}]},"9":{"loc":{"start":{"line":435,"column":6},"end":{"line":435,"column":46}},"type":"binary-expr","locations":[{"start":{"line":435,"column":6},"end":{"line":435,"column":14}},{"start":{"line":435,"column":18},"end":{"line":435,"column":46}}]},"10":{"loc":{"start":{"line":436,"column":4},"end":{"line":438,"column":5}},"type":"if","locations":[{"start":{"line":436,"column":4},"end":{"line":438,"column":5}}]},"11":{"loc":{"start":{"line":441,"column":6},"end":{"line":443,"column":7}},"type":"if","locations":[{"start":{"line":441,"column":6},"end":{"line":443,"column":7}}]},"12":{"loc":{"start":{"line":449,"column":2},"end":{"line":451,"column":3}},"type":"if","locations":[{"start":{"line":449,"column":2},"end":{"line":451,"column":3}}]},"13":{"loc":{"start":{"line":460,"column":9},"end":{"line":460,"column":78}},"type":"cond-expr","locations":[{"start":{"line":460,"column":24},"end":{"line":460,"column":48}},{"start":{"line":460,"column":51},"end":{"line":460,"column":78}}]},"14":{"loc":{"start":{"line":467,"column":9},"end":{"line":467,"column":36}},"type":"cond-expr","locations":[{"start":{"line":467,"column":24},"end":{"line":467,"column":29}},{"start":{"line":467,"column":32},"end":{"line":467,"column":36}}]},"15":{"loc":{"start":{"line":514,"column":2},"end":{"line":578,"column":3}},"type":"switch","locations":[{"start":{"line":515,"column":4},"end":{"line":519,"column":11}},{"start":{"line":520,"column":4},"end":{"line":525,"column":11}},{"start":{"line":526,"column":4},"end":{"line":534,"column":11}},{"start":{"line":535,"column":4},"end":{"line":539,"column":11}},{"start":{"line":540,"column":4},"end":{"line":548,"column":11}},{"start":{"line":549,"column":4},"end":{"line":553,"column":11}},{"start":{"line":554,"column":4},"end":{"line":554,"column":16}},{"start":{"line":555,"column":4},"end":{"line":559,"column":11}},{"start":{"line":560,"column":4},"end":{"line":565,"column":11}},{"start":{"line":566,"column":4},"end":{"line":570,"column":11}},{"start":{"line":571,"column":4},"end":{"line":575,"column":11}},{"start":{"line":576,"column":4},"end":{"line":577,"column":null}}]},"16":{"loc":{"start":{"line":527,"column":14},"end":{"line":527,"column":27}},"type":"binary-expr","locations":[{"start":{"line":527,"column":14},"end":{"line":527,"column":19}},{"start":{"line":527,"column":23},"end":{"line":527,"column":27}}]},"17":{"loc":{"start":{"line":541,"column":14},"end":{"line":541,"column":27}},"type":"binary-expr","locations":[{"start":{"line":541,"column":14},"end":{"line":541,"column":19}},{"start":{"line":541,"column":23},"end":{"line":541,"column":27}}]},"18":{"loc":{"start":{"line":612,"column":4},"end":{"line":614,"column":5}},"type":"if","locations":[{"start":{"line":612,"column":4},"end":{"line":614,"column":5}}]},"19":{"loc":{"start":{"line":615,"column":4},"end":{"line":622,"column":5}},"type":"if","locations":[{"start":{"line":615,"column":4},"end":{"line":622,"column":5}}]},"20":{"loc":{"start":{"line":675,"column":6},"end":{"line":678,"column":7}},"type":"if","locations":[{"start":{"line":675,"column":6},"end":{"line":678,"column":7}}]}},"s":{"0":0,"1":0,"2":0,"3":0,"4":0,"5":0,"6":0,"7":0,"8":0,"9":0,"10":0,"11":0,"12":0,"13":0,"14":0,"15":0,"16":0,"17":0,"18":0,"19":0,"20":0,"21":0,"22":0,"23":0,"24":0,"25":0,"26":0,"27":0,"28":0,"29":0,"30":0,"31":0,"32":0,"33":0,"34":0,"35":0,"36":0,"37":0,"38":0,"39":0,"40":0,"41":0,"42":0,"43":0,"44":0,"45":0,"46":0,"47":0,"48":0,"49":0,"50":0,"51":0,"52":0,"53":0,"54":0,"55":0,"56":0,"57":0,"58":0,"59":0,"60":0,"61":0,"62":0,"63":0,"64":0,"65":0,"66":0,"67":0,"68":0,"69":0,"70":0,"71":0,"72":0,"73":0,"74":0,"75":0,"76":0,"77":0,"78":0,"79":0,"80":0,"81":0,"82":0,"83":0,"84":0,"85":0,"86":0,"87":0,"88":0,"89":0,"90":0,"91":0,"92":0,"93":0,"94":0,"95":0,"96":0,"97":0,"98":0,"99":0,"100":0,"101":0,"102":0,"103":0,"104":0,"105":0,"106":0,"107":0,"108":0,"109":0,"110":0,"111":0,"112":0,"113":0,"114":0,"115":0,"116":0,"117":0,"118":0,"119":0,"120":0,"121":0,"122":0,"123":0,"124":0,"125":0,"126":0,"127":0,"128":0,"129":0,"130":0,"131":0,"132":0,"133":0,"134":0,"135":0,"136":0,"137":0,"138":0,"139":0,"140":0,"141":0,"142":0,"143":0,"144":0,"145":0,"146":0,"147":0,"148":0,"149":0,"150":0,"151":0,"152":0,"153":0,"154":0,"155":0,"156":0,"157":0,"158":0,"159":0,"160":0,"161":0,"162":0,"163":0,"164":0,"165":0,"166":0,"167":0,"168":0,"169":0,"170":0,"171":0,"172":0,"173":0,"174":0,"175":0,"176":0,"177":0,"178":0,"179":0,"180":0,"181":0,"182":0,"183":0,"184":0,"185":0,"186":0,"187":0,"188":0,"189":0,"190":0,"191":0,"192":0,"193":0,"194":0,"195":0,"196":0,"197":0,"198":0,"199":0,"200":0,"201":0,"202":0,"203":0,"204":0,"205":0,"206":0,"207":0,"208":0,"209":0,"210":0,"211":0,"212":0,"213":0,"214":0},"f":{"0":0,"1":0,"2":0,"3":0,"4":0,"5":0,"6":0,"7":0,"8":0,"9":0,"10":0,"11":0,"12":0,"13":0,"14":0,"15":0,"16":0,"17":0,"18":0,"19":0,"20":0,"21":0,"22":0,"23":0,"24":0,"25":0},"b":{"0":[0],"1":[0],"2":[0],"3":[0],"4":[0,0,0,0,0],"5":[0,0,0,0,0],"6":[0,0,0,0,0,0],"7":[0],"8":[0],"9":[0,0],"10":[0],"11":[0],"12":[0],"13":[0,0],"14":[0,0],"15":[0,0,0,0,0,0,0,0,0,0,0,0],"16":[0,0],"17":[0,0],"18":[0],"19":[0],"20":[0]}}
[...]
,"/Users/ivan/Sites/wavesurfer.js/src/renderer/waveform-renderer.ts": {"path":"/Users/ivan/Sites/wavesurfer.js/src/renderer/waveform-renderer.ts","statementMap":{"0":{"start":{"line":50,"column":25},"end":{"line":50,"column":27}},"1":{"start":{"line":51,"column":17},"end":{"line":51,"column":35}},"2":{"start":{"line":52,"column":21},"end":{"line":52,"column":31}},"3":{"start":{"line":54,"column":2},"end":{"line":64,"column":3}},"4":{"start":{"line":54,"column":15},"end":{"line":54,"column":16}},"5":{"start":{"line":55,"column":14},"end":{"line":55,"column":45}},"6":{"start":{"line":56,"column":18},"end":{"line":56,"column":37}},"7":{"start":{"line":57,"column":14},"end":{"line":57,"column":107}},"8":{"start":{"line":59,"column":4},"end":{"line":63,"column":5}},"9":{"start":{"line":60,"column":6},"end":{"line":60,"column":null}},"10":{"start":{"line":62,"column":6},"end":{"line":62,"column":null}},"11":{"start":{"line":66,"column":2},"end":{"line":66,"column":null}},"12":{"start":{"line":83,"column":26},"end":{"line":83,"column":28}},"13":{"start":{"line":84,"column":21},"end":{"line":84,"column":31}},"14":{"start":{"line":85,"column":21},"end":{"line":85,"column":41}},"15":{"start":{"line":86,"column":24},"end":{"line":86,"column":52}},"16":{"start":{"line":87,"column":17},"end":{"line":87,"column":34}},"17":{"start":{"line":89,"column":2},"end":{"line":89,"column":null}},"18":{"start":{"line":89,"column":20},"end":{"line":89,"column":null}},"19":{"start":{"line":92,"column":18},"end":{"line":92,"column":79}},"20":{"start":{"line":93,"column":2},"end":{"line":93,"column":null}},"21":{"start":{"line":96,"column":31},"end":{"line":96,"column":33}},"22":{"start":{"line":97,"column":2},"end":{"line":102,"column":3}},"23":{"start":{"line":97,"column":15},"end":{"line":97,"column":25}},"24":{"start":{"line":98,"column":14},"end":{"line":98,"column":45}},"25":{"start":{"line":99,"column":18},"end":{"line":99,"column":39}},"26":{"start":{"line":100,"column":14},"end":{"line":100,"column":54}},"27":{"start":{"line":101,"column":4},"end":{"line":101,"column":null}},"28":{"start":{"line":103,"column":2},"end":{"line":103,"column":null}},"29":{"start":{"line":106,"column":2},"end":{"line":106,"column":null}},"30":{"start":{"line":108,"column":2},"end":{"line":108,"column":null}},"31":{"start":{"line":127,"column":25},"end":{"line":127,"column":32}},"32":{"start":{"line":128,"column":2},"end":{"line":128,"column":null}},"33":{"start":{"line":144,"column":19},"end":{"line":144,"column":76}},"34":{"start":{"line":145,"column":15},"end":{"line":145,"column":35}},"35":{"start":{"line":148,"column":2},"end":{"line":148,"column":null}},"36":{"start":{"line":149,"column":2},"end":{"line":149,"column":null}},"37":{"start":{"line":152,"column":2},"end":{"line":162,"column":3}},"38":{"start":{"line":153,"column":26},"end":{"line":153,"column":42}},"39":{"start":{"line":154,"column":29},"end":{"line":154,"column":94}},"40":{"start":{"line":155,"column":25},"end":{"line":155,"column":53}},"41":{"start":{"line":157,"column":4},"end":{"line":157,"column":null}},"42":{"start":{"line":158,"column":4},"end":{"line":158,"column":null}},"43":{"start":{"line":159,"column":4},"end":{"line":159,"column":null}},"44":{"start":{"line":160,"column":4},"end":{"line":160,"column":null}},"45":{"start":{"line":161,"column":4},"end":{"line":161,"column":null}},"46":{"start":{"line":177,"column":2},"end":{"line":189,"column":null}},"47":{"start":{"line":178,"column":25},"end":{"line":178,"column":94}},"48":{"start":{"line":180,"column":4},"end":{"line":180,"column":null}},"49":{"start":{"line":182,"column":4},"end":{"line":188,"column":5}},"50":{"start":{"line":184,"column":6},"end":{"line":184,"column":null}},"51":{"start":{"line":187,"column":6},"end":{"line":187,"column":null}},"52":{"start":{"line":203,"column":2},"end":{"line":203,"column":null}},"53":{"start":{"line":204,"column":2},"end":{"line":204,"column":null}},"54":{"start":{"line":205,"column":2},"end":{"line":205,"column":null}},"55":{"start":{"line":206,"column":2},"end":{"line":206,"column":null}},"56":{"start":{"line":207,"column":2},"end":{"line":207,"column":null}},"57":{"start":{"line":208,"column":2},"end":{"line":208,"column":null}},"58":{"start":{"line":209,"column":2},"end":{"line":209,"column":null}},"59":{"start":{"line":210,"column":2},"end":{"line":210,"column":null}},"60":{"start":{"line":211,"column":2},"end":{"line":211,"column":null}},"61":{"start":{"line":212,"column":2},"end":{"line":212,"column":null}},"62":{"start":{"line":213,"column":2},"end":{"line":213,"column":null}},"63":{"start":{"line":214,"column":2},"end":{"line":214,"column":null}},"64":{"start":{"line":226,"column":4},"end":{"line":226,"column":11}},"65":{"start":{"line":229,"column":2},"end":{"line":229,"column":null}},"66":{"start":{"line":232,"column":2},"end":{"line":236,"column":3}},"67":{"start":{"line":233,"column":4},"end":{"line":233,"column":null}},"68":{"start":{"line":235,"column":4},"end":{"line":235,"column":null}}},"fnMap":{"0":{"name":"generateChannelPath","decl":{"start":{"line":43,"column":16},"end":{"line":43,"column":35}},"loc":{"start":{"line":48,"column":25},"end":{"line":67,"column":1}}},"1":{"name":"buildWaveformPathData","decl":{"start":{"line":82,"column":16},"end":{"line":82,"column":37}},"loc":{"start":{"line":82,"column":109},"end":{"line":109,"column":1}}},"2":{"name":"generateWaveformPath","decl":{"start":{"line":121,"column":16},"end":{"line":121,"column":36}},"loc":{"start":{"line":125,"column":35},"end":{"line":129,"column":1}}},"3":{"name":"renderLineWaveform","decl":{"start":{"line":134,"column":16},"end":{"line":134,"column":34}},"loc":{"start":{"line":142,"column":19},"end":{"line":163,"column":1}}},"4":{"name":"renderBarWaveform","decl":{"start":{"line":168,"column":16},"end":{"line":168,"column":33}},"loc":{"start":{"line":175,"column":22},"end":{"line":190,"column":1}}},"5":{"name":"(anonymous_5)","decl":{"start":{"line":177,"column":19},"end":{"line":177,"column":20}},"loc":{"start":{"line":177,"column":31},"end":{"line":189,"column":3}}},"6":{"name":"renderRoundedRect","decl":{"start":{"line":195,"column":9},"end":{"line":195,"column":26}},"loc":{"start":{"line":201,"column":16},"end":{"line":215,"column":1}}},"7":{"name":"renderWaveformWithChannelData","decl":{"start":{"line":220,"column":16},"end":{"line":220,"column":45}},"loc":{"start":{"line":223,"column":32},"end":{"line":237,"column":1}}}},"branchMap":{"0":{"loc":{"start":{"line":48,"column":2},"end":{"line":48,"column":25}},"type":"default-arg","locations":[{"start":{"line":48,"column":20},"end":{"line":48,"column":25}}]},"1":{"loc":{"start":{"line":55,"column":20},"end":{"line":55,"column":35}},"type":"binary-expr","locations":[{"start":{"line":55,"column":20},"end":{"line":55,"column":30}},{"start":{"line":55,"column":34},"end":{"line":55,"column":35}}]},"2":{"loc":{"start":{"line":56,"column":18},"end":{"line":56,"column":37}},"type":"binary-expr","locations":[{"start":{"line":56,"column":18},"end":{"line":56,"column":32}},{"start":{"line":56,"column":36},"end":{"line":56,"column":37}}]},"3":{"loc":{"start":{"line":57,"column":14},"end":{"line":57,"column":107}},"type":"cond-expr","locations":[{"start":{"line":57,"column":32},"end":{"line":57,"column":64}},{"start":{"line":57,"column":67},"end":{"line":57,"column":107}}]},"4":{"loc":{"start":{"line":59,"column":4},"end":{"line":63,"column":5}},"type":"if","locations":[{"start":{"line":59,"column":4},"end":{"line":63,"column":5}},{"start":{"line":61,"column":11},"end":{"line":63,"column":5}}]},"5":{"loc":{"start":{"line":85,"column":21},"end":{"line":85,"column":41}},"type":"binary-expr","locations":[{"start":{"line":85,"column":21},"end":{"line":85,"column":35}},{"start":{"line":85,"column":39},"end":{"line":85,"column":41}}]},"6":{"loc":{"start":{"line":86,"column":24},"end":{"line":86,"column":52}},"type":"binary-expr","locations":[{"start":{"line":86,"column":24},"end":{"line":86,"column":38}},{"start":{"line":86,"column":42},"end":{"line":86,"column":52}}]},"7":{"loc":{"start":{"line":89,"column":2},"end":{"line":89,"column":null}},"type":"if","locations":[{"start":{"line":89,"column":2},"end":{"line":89,"column":null}}]},"8":{"loc":{"start":{"line":98,"column":20},"end":{"line":98,"column":35}},"type":"binary-expr","locations":[{"start":{"line":98,"column":20},"end":{"line":98,"column":30}},{"start":{"line":98,"column":34},"end":{"line":98,"column":35}}]},"9":{"loc":{"start":{"line":99,"column":18},"end":{"line":99,"column":39}},"type":"binary-expr","locations":[{"start":{"line":99,"column":18},"end":{"line":99,"column":34}},{"start":{"line":99,"column":38},"end":{"line":99,"column":39}}]},"10":{"loc":{"start":{"line":125,"column":2},"end":{"line":125,"column":35}},"type":"default-arg","locations":[{"start":{"line":125,"column":33},"end":{"line":125,"column":35}}]},"11":{"loc":{"start":{"line":127,"column":10},"end":{"line":127,"column":20}},"type":"default-arg","locations":[{"start":{"line":127,"column":19},"end":{"line":127,"column":20}}]},"12":{"loc":{"start":{"line":152,"column":2},"end":{"line":162,"column":3}},"type":"if","locations":[{"start":{"line":152,"column":2},"end":{"line":162,"column":3}}]},"13":{"loc":{"start":{"line":152,"column":6},"end":{"line":152,"column":55}},"type":"binary-expr","locations":[{"start":{"line":152,"column":6},"end":{"line":152,"column":19}},{"start":{"line":152,"column":23},"end":{"line":152,"column":39}},{"start":{"line":152,"column":43},"end":{"line":152,"column":55}}]},"14":{"loc":{"start":{"line":178,"column":25},"end":{"line":178,"column":94}},"type":"binary-expr","locations":[{"start":{"line":178,"column":25},"end":{"line":178,"column":41}},{"start":{"line":178,"column":45},"end":{"line":178,"column":56}},{"start":{"line":178,"column":60},"end":{"line":178,"column":94}}]},"15":{"loc":{"start":{"line":180,"column":20},"end":{"line":180,"column":77}},"type":"cond-expr","locations":[{"start":{"line":180,"column":52},"end":{"line":180,"column":65}},{"start":{"line":180,"column":68},"end":{"line":180,"column":77}}]},"16":{"loc":{"start":{"line":180,"column":20},"end":{"line":180,"column":49}},"type":"binary-expr","locations":[{"start":{"line":180,"column":20},"end":{"line":180,"column":32}},{"start":{"line":180,"column":36},"end":{"line":180,"column":49}}]},"17":{"loc":{"start":{"line":182,"column":4},"end":{"line":188,"column":5}},"type":"if","locations":[{"start":{"line":182,"column":4},"end":{"line":188,"column":5}},{"start":{"line":185,"column":11},"end":{"line":188,"column":5}}]},"18":{"loc":{"start":{"line":232,"column":2},"end":{"line":236,"column":3}},"type":"if","locations":[{"start":{"line":232,"column":2},"end":{"line":236,"column":3}},{"start":{"line":234,"column":9},"end":{"line":236,"column":3}}]},"19":{"loc":{"start":{"line":232,"column":6},"end":{"line":232,"column":37}},"type":"binary-expr","locations":[{"start":{"line":232,"column":6},"end":{"line":232,"column":22}},{"start":{"line":232,"column":26},"end":{"line":232,"column":37}}]}},"s":{"0":0,"1":0,"2":0,"3":0,"4":0,"5":0,"6":0,"7":0,"8":0,"9":0,"10":0,"11":0,"12":0,"13":0,"14":0,"15":0,"16":0,"17":0,"18":0,"19":0,"20":0,"21":0,"22":0,"23":0,"24":0,"25":0,"26":0,"27":0,"28":0,"29":0,"30":0,"31":0,"32":0,"33":0,"34":0,"35":0,"36":0,"37":0,"38":0,"39":0,"40":0,"41":0,"42":0,"43":0,"44":0,"45":0,"46":0,"47":0,"48":0,"49":0,"50":0,"51":0,"52":0,"53":0,"54":0,"55":0,"56":0,"57":0,"58":0,"59":0,"60":0,"61":0,"62":0,"63":0,"64":0,"65":0,"66":0,"67":0,"68":0},"f":{"0":0,"1":0,"2":0,"3":0,"4":0,"5":0,"6":0,"7":0},"b":{"0":[0],"1":[0,0],"2":[0,0],"3":[0,0],"4":[0,0],"5":[0,0],"6":[0,0],"7":[0],"8":[0,0],"9":[0,0],"10":[0],"11":[0],"12":[0],"13":[0,0,0],"14":[0,0,0],"15":[0,0],"16":[0,0],"17":[0,0],"18":[0,0],"19":[0,0]}}
,"/Users/ivan/Sites/wavesurfer.js/src/state/wavesurfer-state.ts": {"path":"/Users/ivan/Sites/wavesurfer.js/src/state/wavesurfer-state.ts","statementMap":{"0":{"start":{"line":77,"column":0},"end":{"line":77,"column":16}},"1":{"start":{"line":8,"column":0},"end":{"line":8,"column":68}},"2":{"start":{"line":82,"column":22},"end":{"line":82,"column":31}},"3":{"start":{"line":83,"column":19},"end":{"line":83,"column":28}},"4":{"start":{"line":84,"column":20},"end":{"line":84,"column":33}},"5":{"start":{"line":85,"column":20},"end":{"line":85,"column":33}},"6":{"start":{"line":86,"column":17},"end":{"line":86,"column":26}},"7":{"start":{"line":87,"column":23},"end":{"line":87,"column":32}},"8":{"start":{"line":88,"column":22},"end":{"line":88,"column":54}},"9":{"start":{"line":89,"column":16},"end":{"line":89,"column":67}},"10":{"start":{"line":90,"column":14},"end":{"line":90,"column":24}},"11":{"start":{"line":91,"column":15},"end":{"line":91,"column":24}},"12":{"start":{"line":92,"column":25},"end":{"line":92,"column":34}},"13":{"start":{"line":95,"column":19},"end":{"line":95,"column":64}},"14":{"start":{"line":95,"column":34},"end":{"line":95,"column":50}},"15":{"start":{"line":97,"column":18},"end":{"line":97,"column":75}},"16":{"start":{"line":97,"column":33},"end":{"line":97,"column":59}},"17":{"start":{"line":99,"column":18},"end":{"line":101,"column":25}},"18":{"start":{"line":100,"column":4},"end":{"line":100,"column":null}},"19":{"start":{"line":103,"column":19},"end":{"line":103,"column":67}},"20":{"start":{"line":103,"column":34},"end":{"line":103,"column":51}},"21":{"start":{"line":105,"column":26},"end":{"line":107,"column":29}},"22":{"start":{"line":106,"column":4},"end":{"line":106,"column":null}},"23":{"start":{"line":110,"column":33},"end":{"line":127,"column":null}},"24":{"start":{"line":130,"column":37},"end":{"line":180,"column":null}},"25":{"start":{"line":132,"column":26},"end":{"line":132,"column":81}},"26":{"start":{"line":133,"column":6},"end":{"line":133,"column":null}},"27":{"start":{"line":137,"column":6},"end":{"line":137,"column":null}},"28":{"start":{"line":141,"column":6},"end":{"line":141,"column":null}},"29":{"start":{"line":145,"column":6},"end":{"line":145,"column":null}},"30":{"start":{"line":149,"column":28},"end":{"line":149,"column":55}},"31":{"start":{"line":150,"column":6},"end":{"line":150,"column":null}},"32":{"start":{"line":154,"column":26},"end":{"line":154,"column":59}},"33":{"start":{"line":155,"column":6},"end":{"line":155,"column":null}},"34":{"start":{"line":159,"column":6},"end":{"line":159,"column":null}},"35":{"start":{"line":160,"column":6},"end":{"line":162,"column":7}},"36":{"start":{"line":161,"column":8},"end":{"line":161,"column":null}},"37":{"start":{"line":166,"column":6},"end":{"line":166,"column":null}},"38":{"start":{"line":170,"column":6},"end":{"line":170,"column":null}},"39":{"start":{"line":174,"column":6},"end":{"line":174,"column":null}},"40":{"start":{"line":178,"column":6},"end":{"line":178,"column":null}},"41":{"start":{"line":182,"column":2},"end":{"line":182,"column":null}}},"fnMap":{"0":{"name":"createWaveSurferState","decl":{"start":{"line":77,"column":16},"end":{"line":77,"column":37}},"loc":{"start":{"line":77,"column":37},"end":{"line":183,"column":1}}},"1":{"name":"(anonymous_1)","decl":{"start":{"line":95,"column":28},"end":{"line":95,"column":31}},"loc":{"start":{"line":95,"column":34},"end":{"line":95,"column":50}}},"2":{"name":"(anonymous_2)","decl":{"start":{"line":97,"column":27},"end":{"line":97,"column":30}},"loc":{"start":{"line":97,"column":33},"end":{"line":97,"column":59}}},"3":{"name":"(anonymous_3)","decl":{"start":{"line":99,"column":27},"end":{"line":99,"column":30}},"loc":{"start":{"line":99,"column":32},"end":{"line":101,"column":3}}},"4":{"name":"(anonymous_4)","decl":{"start":{"line":103,"column":28},"end":{"line":103,"column":31}},"loc":{"start":{"line":103,"column":34},"end":{"line":103,"column":51}}},"5":{"name":"(anonymous_5)","decl":{"start":{"line":105,"column":35},"end":{"line":105,"column":38}},"loc":{"start":{"line":105,"column":40},"end":{"line":107,"column":3}}},"6":{"name":"(anonymous_6)","decl":{"start":{"line":131,"column":20},"end":{"line":131,"column":21}},"loc":{"start":{"line":131,"column":37},"end":{"line":134,"column":5}}},"7":{"name":"(anonymous_7)","decl":{"start":{"line":136,"column":17},"end":{"line":136,"column":18}},"loc":{"start":{"line":136,"column":31},"end":{"line":138,"column":5}}},"8":{"name":"(anonymous_8)","decl":{"start":{"line":140,"column":16},"end":{"line":140,"column":17}},"loc":{"start":{"line":140,"column":37},"end":{"line":142,"column":5}}},"9":{"name":"(anonymous_9)","decl":{"start":{"line":144,"column":16},"end":{"line":144,"column":17}},"loc":{"start":{"line":144,"column":37},"end":{"line":146,"column":5}}},"10":{"name":"(anonymous_10)","decl":{"start":{"line":148,"column":15},"end":{"line":148,"column":16}},"loc":{"start":{"line":148,"column":29},"end":{"line":151,"column":5}}},"11":{"name":"(anonymous_11)","decl":{"start":{"line":153,"column":21},"end":{"line":153,"column":22}},"loc":{"start":{"line":153,"column":38},"end":{"line":156,"column":5}}},"12":{"name":"(anonymous_12)","decl":{"start":{"line":158,"column":20},"end":{"line":158,"column":21}},"loc":{"start":{"line":158,"column":51},"end":{"line":163,"column":5}}},"13":{"name":"(anonymous_13)","decl":{"start":{"line":165,"column":14},"end":{"line":165,"column":15}},"loc":{"start":{"line":165,"column":59},"end":{"line":167,"column":5}}},"14":{"name":"(anonymous_14)","decl":{"start":{"line":169,"column":12},"end":{"line":169,"column":13}},"loc":{"start":{"line":169,"column":26},"end":{"line":171,"column":5}}},"15":{"name":"(anonymous_15)","decl":{"start":{"line":173,"column":13},"end":{"line":173,"column":14}},"loc":{"start":{"line":173,"column":27},"end":{"line":175,"column":5}}},"16":{"name":"(anonymous_16)","decl":{"start":{"line":177,"column":23},"end":{"line":177,"column":24}},"loc":{"start":{"line":177,"column":39},"end":{"line":179,"column":5}}}},"branchMap":{"0":{"loc":{"start":{"line":100,"column":11},"end":{"line":100,"column":46}},"type":"binary-expr","locations":[{"start":{"line":100,"column":11},"end":{"line":100,"column":24}},{"start":{"line":100,"column":28},"end":{"line":100,"column":46}}]},"1":{"loc":{"start":{"line":106,"column":11},"end":{"line":106,"column":70}},"type":"cond-expr","locations":[{"start":{"line":106,"column":32},"end":{"line":106,"column":66}},{"start":{"line":106,"column":69},"end":{"line":106,"column":70}}]},"2":{"loc":{"start":{"line":132,"column":47},"end":{"line":132,"column":73}},"type":"binary-expr","locations":[{"start":{"line":132,"column":47},"end":{"line":132,"column":61}},{"start":{"line":132,"column":65},"end":{"line":132,"column":73}}]},"3":{"loc":{"start":{"line":160,"column":6},"end":{"line":162,"column":7}},"type":"if","locations":[{"start":{"line":160,"column":6},"end":{"line":162,"column":7}}]}},"s":{"0":5,"1":5,"2":112,"3":112,"4":112,"5":112,"6":112,"7":112,"8":112,"9":112,"10":112,"11":112,"12":112,"13":112,"14":135,"15":112,"16":121,"17":112,"18":147,"19":112,"20":250,"21":112,"22":274,"23":112,"24":112,"25":140,"26":140,"27":25,"28":25,"29":5,"30":6,"31":6,"32":5,"33":5,"34":9,"35":9,"36":7,"37":1,"38":1,"39":5,"40":2,"41":112},"f":{"0":112,"1":135,"2":121,"3":147,"4":250,"5":274,"6":140,"7":25,"8":25,"9":5,"10":6,"11":5,"12":9,"13":1,"14":1,"15":5,"16":2},"b":{"0":[147,12],"1":[51,223],"2":[140,111],"3":[7]}}
}
