TN:
SF:src/base-plugin.ts
FN:18,(anonymous_0)
FN:24,(anonymous_1)
FN:29,(anonymous_2)
FN:41,(anonymous_3)
FN:43,(anonymous_4)
FNF:5
FNH:0
FNDA:0,(anonymous_0)
FNDA:0,(anonymous_1)
FNDA:0,(anonymous_2)
FNDA:0,(anonymous_3)
FNDA:0,(anonymous_4)
DA:13,0
DA:15,0
DA:19,0
DA:20,0
DA:25,0
DA:31,0
DA:32,0
DA:33,0
DA:36,0
DA:37,0
DA:42,0
DA:43,0
DA:44,0
DA:45,0
DA:46,0
LF:15
LH:0
BRDA:31,0,0,0
BRF:1
BRH:0
end_of_record
TN:
SF:src/color-utils.ts
FN:37,parseColor
FN:64,parseHexColor
FN:105,parseRgbColor
FN:109,(anonymous_3)
FN:129,rgbaToString
FN:141,rgbaToHex
FN:169,interpolateColor
FN:187,interpolateColors
FN:214,generateColorStops
FN:221,(anonymous_9)
FN:241,createCanvasGradient
FN:249,(anonymous_11)
FNF:12
FNH:0
FNDA:0,parseColor
FNDA:0,parseHexColor
FNDA:0,parseRgbColor
FNDA:0,(anonymous_3)
FNDA:0,rgbaToString
FNDA:0,rgbaToHex
FNDA:0,interpolateColor
FNDA:0,interpolateColors
FNDA:0,generateColorStops
FNDA:0,(anonymous_9)
FNDA:0,createCanvasGradient
FNDA:0,(anonymous_11)
DA:38,0
DA:41,0
DA:42,0
DA:46,0
DA:47,0
DA:51,0
DA:52,0
DA:53,0
DA:57,0
DA:66,0
DA:69,0
DA:70,0
DA:79,0
DA:80,0
DA:89,0
DA:90,0
DA:98,0
DA:106,0
DA:107,0
DA:109,0
DA:110,0
DA:130,0
DA:142,0
DA:143,0
DA:144,0
DA:146,0
DA:147,0
DA:150,0
DA:153,0
DA:170,0
DA:171,0
DA:188,0
DA:189,0
DA:191,0
DA:194,0
DA:196,0
DA:197,0
DA:198,0
DA:200,0
DA:215,0
DA:216,0
DA:218,0
DA:219,0
DA:221,0
DA:222,0
DA:228,0
DA:247,0
DA:249,0
DA:250,0
DA:253,0
DA:260,0
LF:51
LH:0
BRDA:41,0,0,0
BRDA:46,1,0,0
BRDA:52,2,0,0
BRDA:69,3,0,0
BRDA:79,4,0,0
BRDA:89,5,0,0
BRDA:107,6,0,0
BRDA:111,7,0,0
BRDA:111,7,1,0
BRDA:112,8,0,0
BRDA:112,8,1,0
BRDA:113,9,0,0
BRDA:113,9,1,0
BRDA:114,10,0,0
BRDA:114,10,1,0
BRDA:141,11,0,0
BRDA:146,12,0,0
BRDA:188,13,0,0
BRDA:189,14,0,0
BRDA:194,15,0,0
BRDA:215,16,0,0
BRDA:216,17,0,0
BRDA:244,18,0,0
BRDA:245,19,0,0
BRF:24
BRH:0
end_of_record
TN:
SF:src/decoder.ts
FN:11,extractChannelData
FN:23,findMaxAmplitude
FN:40,needsNormalization
FN:43,(anonymous_10)
FN:50,normalizeChannelData
FN:58,(anonymous_12)
FN:74,decode
FN:88,normalize
FN:105,createBuffer
FN:126,(anonymous_17)
FN:135,(anonymous_18)
FNF:11
FNH:0
FNDA:0,extractChannelData
FNDA:0,findMaxAmplitude
FNDA:0,needsNormalization
FNDA:0,(anonymous_10)
FNDA:0,normalizeChannelData
FNDA:0,(anonymous_12)
FNDA:0,decode
FNDA:0,normalize
FNDA:0,createBuffer
FNDA:0,(anonymous_17)
FNDA:0,(anonymous_18)
DA:12,0
DA:13,0
DA:14,0
DA:16,0
DA:24,0
DA:25,0
DA:27,0
DA:28,0
DA:29,0
DA:30,0
DA:31,0
DA:33,0
DA:41,0
DA:42,0
DA:43,0
DA:51,0
DA:52,0
DA:55,0
DA:56,0
DA:58,0
DA:59,0
DA:60,0
DA:61,0
DA:63,0
DA:75,0
DA:76,0
DA:77,0
DA:80,0
DA:89,0
DA:90,0
DA:93,0
DA:94,0
DA:96,0
DA:97,0
DA:98,0
DA:101,0
DA:107,0
DA:108,0
DA:110,0
DA:111,0
DA:115,0
DA:118,0
DA:119,0
DA:123,0
DA:126,0
DA:127,0
DA:130,0
DA:136,0
DA:137,0
DA:138,0
DA:140,0
DA:147,0
LF:52
LH:0
BRDA:25,0,0,0
BRDA:31,1,0,0
BRDA:42,2,0,0
BRDA:43,3,0,0
BRDA:43,3,1,0
BRDA:51,4,0,0
BRDA:56,5,0,0
BRDA:89,6,0,0
BRDA:94,7,0,0
BRDA:107,8,0,0
BRDA:107,9,0,0
BRDA:107,9,1,0
BRDA:110,10,0,0
BRDA:115,11,0,0
BRDA:118,12,0,0
BRDA:118,13,0,0
BRDA:118,13,1,0
BRDA:127,14,0,0
BRDA:127,14,1,0
BRDA:137,15,0,0
BRF:20
BRH:0
end_of_record
TN:
SF:src/dom.ts
FN:8,renderNode
FN:38,createElement
FNF:2
FNH:0
FNDA:0,renderNode
FNDA:0,createElement
DA:9,0
DA:13,0
DA:14,0
DA:15,0
DA:16,0
DA:17,0
DA:18,0
DA:19,0
DA:21,0
DA:24,0
DA:25,0
DA:26,0
DA:27,0
DA:29,0
DA:33,0
DA:39,0
DA:40,0
DA:41,0
LF:18
LH:0
BRDA:9,0,0,0
BRDA:9,0,1,0
BRDA:14,1,0,0
BRDA:14,1,1,0
BRDA:14,2,0,0
BRDA:14,2,1,0
BRDA:16,3,0,0
BRDA:16,3,1,0
BRDA:18,4,0,0
BRDA:18,4,1,0
BRDA:24,5,0,0
BRDA:24,5,1,0
BRDA:26,6,0,0
BRDA:26,6,1,0
BRDA:39,7,0,0
BRDA:39,7,1,0
BRDA:40,8,0,0
BRDA:40,8,1,0
BRDA:40,9,0,0
BRDA:40,9,1,0
BRF:20
BRH:0
end_of_record
TN:
SF:src/draggable.ts
FN:1,makeDraggable
FN:10,(anonymous_1)
FN:15,(anonymous_2)
FN:17,(anonymous_3)
FN:30,(anonymous_4)
FN:61,(anonymous_5)
FN:74,(anonymous_6)
FN:81,(anonymous_7)
FN:88,(anonymous_8)
FN:104,(anonymous_9)
FN:110,(anonymous_10)
FN:118,(anonymous_11)
FNF:12
FNH:0
FNDA:0,makeDraggable
FNDA:0,(anonymous_1)
FNDA:0,(anonymous_2)
FNDA:0,(anonymous_3)
FNDA:0,(anonymous_4)
FNDA:0,(anonymous_5)
FNDA:0,(anonymous_6)
FNDA:0,(anonymous_7)
FNDA:0,(anonymous_8)
FNDA:0,(anonymous_9)
FNDA:0,(anonymous_10)
FNDA:0,(anonymous_11)
DA:10,0
DA:12,0
DA:13,0
DA:15,0
DA:17,0
DA:18,0
DA:20,0
DA:21,0
DA:22,0
DA:25,0
DA:26,0
DA:27,0
DA:28,0
DA:30,0
DA:31,0
DA:32,0
DA:35,0
DA:37,0
DA:38,0
DA:39,0
DA:40,0
DA:42,0
DA:43,0
DA:44,0
DA:46,0
DA:47,0
DA:49,0
DA:50,0
DA:51,0
DA:54,0
DA:56,0
DA:57,0
DA:61,0
DA:62,0
DA:63,0
DA:64,0
DA:65,0
DA:66,0
DA:67,0
DA:69,0
DA:71,0
DA:74,0
DA:75,0
DA:76,0
DA:77,0
DA:81,0
DA:82,0
DA:83,0
DA:84,0
DA:88,0
DA:89,0
DA:90,0
DA:92,0
DA:93,0
DA:97,0
DA:98,0
DA:99,0
DA:100,0
DA:101,0
DA:102,0
DA:104,0
DA:105,0
DA:106,0
DA:107,0
DA:108,0
DA:109,0
DA:110,0
DA:111,0
DA:116,0
DA:118,0
DA:119,0
DA:120,0
DA:121,0
LF:73
LH:0
BRDA:6,0,0,0
BRDA:7,1,0,0
BRDA:8,2,0,0
BRDA:10,3,0,0
BRDA:18,4,0,0
BRDA:21,5,0,0
BRDA:31,6,0,0
BRDA:31,7,0,0
BRDA:31,7,1,0
BRDA:35,8,0,0
BRDA:35,9,0,0
BRDA:35,9,1,0
BRDA:42,10,0,0
BRDA:42,11,0,0
BRDA:42,11,1,0
BRDA:42,11,2,0
BRDA:49,12,0,0
BRDA:50,13,0,0
BRDA:50,13,1,0
BRDA:50,14,0,0
BRDA:50,14,1,0
BRDA:63,15,0,0
BRDA:69,16,0,0
BRDA:69,16,1,0
BRDA:69,17,0,0
BRDA:69,17,1,0
BRDA:76,18,0,0
BRDA:76,19,0,0
BRDA:76,19,1,0
BRDA:82,20,0,0
BRDA:89,21,0,0
BRDA:89,22,0,0
BRDA:89,22,1,0
BRDA:92,23,0,0
BRF:34
BRH:0
end_of_record
TN:
SF:src/event-emitter.ts
FN:16,(anonymous_0)
FN:20,(anonymous_1)
FN:31,(anonymous_2)
FN:36,(anonymous_3)
FN:40,(anonymous_4)
FN:44,(anonymous_5)
FN:52,(anonymous_6)
FN:60,(anonymous_7)
FN:65,(anonymous_8)
FN:67,(anonymous_9)
FNF:10
FNH:0
FNDA:0,(anonymous_0)
FNDA:0,(anonymous_1)
FNDA:0,(anonymous_2)
FNDA:0,(anonymous_3)
FNDA:0,(anonymous_4)
FNDA:0,(anonymous_5)
FNDA:0,(anonymous_6)
FNDA:0,(anonymous_7)
FNDA:0,(anonymous_8)
FNDA:0,(anonymous_9)
DA:17,0
DA:25,0
DA:26,0
DA:29,0
DA:31,0
DA:32,0
DA:33,0
DA:35,0
DA:36,0
DA:39,0
DA:40,0
DA:48,0
DA:56,0
DA:61,0
DA:66,0
DA:67,0
LF:16
LH:0
BRDA:25,0,0,0
BRDA:29,1,0,0
BRDA:29,2,0,0
BRDA:29,2,1,0
BRDA:29,3,0,0
BRDA:29,3,1,0
BRDA:48,4,0,0
BRDA:48,4,1,0
BRDA:48,5,0,0
BRDA:48,5,1,0
BRDA:66,6,0,0
BRF:11
BRH:0
end_of_record
TN:
SF:src/fetcher.ts
FN:1,watchProgress
FN:9,(anonymous_9)
FN:33,fetchBlob
FNF:3
FNH:0
FNDA:0,watchProgress
FNDA:0,(anonymous_9)
FNDA:0,fetchBlob
DA:2,0
DA:3,0
DA:5,0
DA:6,0
DA:9,0
DA:11,0
DA:12,0
DA:13,0
DA:17,0
DA:18,0
DA:19,0
DA:21,0
DA:22,0
DA:25,0
DA:29,0
DA:39,0
DA:41,0
DA:42,0
DA:46,0
DA:48,0
DA:51,0
LF:21
LH:0
BRDA:2,0,0,0
BRDA:2,1,0,0
BRDA:2,1,1,0
BRDA:5,2,0,0
BRDA:5,2,1,0
BRDA:11,3,0,0
BRDA:11,3,1,0
BRDA:11,4,0,0
BRDA:11,4,1,0
BRDA:11,5,0,0
BRDA:11,5,1,0
BRDA:21,6,0,0
BRDA:41,7,0,0
BRF:13
BRH:0
end_of_record
TN:
SF:src/fft.ts
FN:14,hzToMel
FN:18,melToHz
FN:22,hzToLog
FN:26,logToHz
FN:30,hzToBark
FN:42,barkToHz
FN:53,hzToErb
FN:58,erbToHz
FN:64,hzToScale
FN:79,scaleToHz
FN:95,createFilterBank
FN:104,(anonymous_11)
FN:119,applyFilterBank
FN:121,(anonymous_13)
FN:131,createFilterBankForScale
FN:153,(anonymous_15)
FN:162,(anonymous_16)
FN:171,(anonymous_17)
FN:434,setupColorMap
FN:459,freqType
FN:466,unitType
FN:473,getLabelFrequency
FN:488,createWrapperClickHandler
FN:489,(anonymous_23)
FN:501,FFT
FN:597,(anonymous_25)
FNF:26
FNH:0
FNDA:0,hzToMel
FNDA:0,melToHz
FNDA:0,hzToLog
FNDA:0,logToHz
FNDA:0,hzToBark
FNDA:0,barkToHz
FNDA:0,hzToErb
FNDA:0,erbToHz
FNDA:0,hzToScale
FNDA:0,scaleToHz
FNDA:0,createFilterBank
FNDA:0,(anonymous_11)
FNDA:0,applyFilterBank
FNDA:0,(anonymous_13)
FNDA:0,createFilterBankForScale
FNDA:0,(anonymous_15)
FNDA:0,(anonymous_16)
FNDA:0,(anonymous_17)
FNDA:0,setupColorMap
FNDA:0,freqType
FNDA:0,unitType
FNDA:0,getLabelFrequency
FNDA:0,createWrapperClickHandler
FNDA:0,(anonymous_23)
FNDA:0,FFT
FNDA:0,(anonymous_25)
DA:11,0
DA:15,0
DA:19,0
DA:23,0
DA:27,0
DA:32,0
DA:33,0
DA:34,0
DA:36,0
DA:37,0
DA:39,0
DA:44,0
DA:45,0
DA:47,0
DA:48,0
DA:50,0
DA:55,0
DA:60,0
DA:65,0
DA:67,0
DA:69,0
DA:71,0
DA:73,0
DA:75,0
DA:80,0
DA:82,0
DA:84,0
DA:86,0
DA:88,0
DA:90,0
DA:102,0
DA:103,0
DA:104,0
DA:105,0
DA:107,0
DA:108,0
DA:109,0
DA:110,0
DA:111,0
DA:112,0
DA:113,0
DA:114,0
DA:116,0
DA:120,0
DA:121,0
DA:122,0
DA:123,0
DA:124,0
DA:127,0
DA:137,0
DA:139,0
DA:141,0
DA:143,0
DA:145,0
DA:148,0
DA:152,0
DA:154,0
DA:155,0
DA:156,0
DA:157,0
DA:159,0
DA:163,0
DA:164,0
DA:165,0
DA:166,0
DA:168,0
DA:171,0
DA:435,0
DA:436,0
DA:437,0
DA:439,0
DA:440,0
DA:441,0
DA:442,0
DA:445,0
DA:448,0
DA:449,0
DA:450,0
DA:453,0
DA:460,0
DA:467,0
DA:480,0
DA:481,0
DA:482,0
DA:489,0
DA:490,0
DA:491,0
DA:492,0
DA:493,0
DA:494,0
DA:502,0
DA:503,0
DA:504,0
DA:506,0
DA:507,0
DA:508,0
DA:509,0
DA:511,0
DA:512,0
DA:514,0
DA:516,0
DA:517,0
DA:519,0
DA:521,0
DA:522,0
DA:525,0
DA:527,0
DA:528,0
DA:529,0
DA:534,0
DA:536,0
DA:537,0
DA:539,0
DA:541,0
DA:542,0
DA:543,0
DA:548,0
DA:550,0
DA:551,0
DA:553,0
DA:556,0
DA:557,0
DA:559,0
DA:561,0
DA:562,0
DA:565,0
DA:567,0
DA:568,0
DA:570,0
DA:572,0
DA:573,0
DA:575,0
DA:577,0
DA:580,0
DA:581,0
DA:583,0
DA:584,0
DA:585,0
DA:588,0
DA:589,0
DA:592,0
DA:593,0
DA:594,0
DA:597,0
DA:598,0
DA:599,0
DA:600,0
DA:601,0
DA:602,0
DA:603,0
DA:604,0
DA:605,0
DA:606,0
DA:610,0
DA:612,0
DA:613,0
DA:615,0
DA:616,0
DA:624,0
DA:634,0
DA:635,0
DA:636,0
DA:639,0
DA:640,0
DA:641,0
DA:643,0
DA:644,0
DA:646,0
DA:647,0
DA:649,0
DA:650,0
DA:651,0
DA:652,0
DA:654,0
DA:655,0
DA:656,0
DA:657,0
DA:659,0
DA:662,0
DA:663,0
DA:664,0
DA:667,0
DA:670,0
DA:671,0
DA:672,0
DA:673,0
DA:675,0
DA:676,0
DA:677,0
DA:679,0
DA:681,0
LF:191
LH:0
BRDA:33,0,0,0
BRDA:36,1,0,0
BRDA:44,2,0,0
BRDA:47,3,0,0
BRDA:65,4,0,0
BRDA:65,4,1,0
BRDA:65,4,2,0
BRDA:65,4,3,0
BRDA:65,4,4,0
BRDA:80,5,0,0
BRDA:80,5,1,0
BRDA:80,5,2,0
BRDA:80,5,3,0
BRDA:80,5,4,0
BRDA:137,6,0,0
BRDA:137,6,1,0
BRDA:137,6,2,0
BRDA:137,6,3,0
BRDA:137,6,4,0
BRDA:137,6,5,0
BRDA:434,7,0,0
BRDA:435,8,0,0
BRDA:435,9,0,0
BRDA:435,9,1,0
BRDA:436,10,0,0
BRDA:441,11,0,0
BRDA:449,12,0,0
BRDA:460,13,0,0
BRDA:460,13,1,0
BRDA:467,14,0,0
BRDA:467,14,1,0
BRDA:514,15,0,0
BRDA:514,15,1,0
BRDA:514,15,2,0
BRDA:514,15,3,0
BRDA:514,15,4,0
BRDA:514,15,5,0
BRDA:514,15,6,0
BRDA:514,15,7,0
BRDA:514,15,8,0
BRDA:514,15,9,0
BRDA:514,15,10,0
BRDA:514,15,11,0
BRDA:527,16,0,0
BRDA:527,16,1,0
BRDA:541,17,0,0
BRDA:541,17,1,0
BRDA:612,18,0,0
BRDA:615,19,0,0
BRDA:675,20,0,0
BRF:50
BRH:0
end_of_record
TN:
SF:src/player.ts
FN:24,(anonymous_7)
FN:58,(anonymous_8)
FN:72,(anonymous_9)
FN:74,(anonymous_10)
FN:78,(anonymous_11)
FN:82,(anonymous_12)
FN:87,(anonymous_13)
FN:91,(anonymous_14)
FN:96,(anonymous_15)
FN:100,(anonymous_16)
FN:105,(anonymous_17)
FN:111,(anonymous_18)
FN:118,(anonymous_19)
FN:123,(anonymous_20)
FN:128,(anonymous_21)
FN:133,(anonymous_22)
FN:138,(anonymous_23)
FN:143,(anonymous_24)
FN:148,(anonymous_25)
FN:152,(anonymous_26)
FN:158,(anonymous_27)
FN:161,(anonymous_28)
FN:165,(anonymous_29)
FN:172,(anonymous_30)
FN:176,(anonymous_31)
FN:197,(anonymous_32)
FN:208,(anonymous_33)
FN:213,(anonymous_34)
FN:225,(anonymous_36)
FN:230,(anonymous_37)
FN:235,(anonymous_38)
FN:240,(anonymous_39)
FN:245,(anonymous_40)
FN:250,(anonymous_41)
FN:255,(anonymous_42)
FN:260,(anonymous_43)
FN:265,(anonymous_44)
FN:270,(anonymous_45)
FN:275,(anonymous_46)
FN:280,(anonymous_47)
FN:289,(anonymous_48)
FN:294,(anonymous_49)
FNF:42
FNH:0
FNDA:0,(anonymous_7)
FNDA:0,(anonymous_8)
FNDA:0,(anonymous_9)
FNDA:0,(anonymous_10)
FNDA:0,(anonymous_11)
FNDA:0,(anonymous_12)
FNDA:0,(anonymous_13)
FNDA:0,(anonymous_14)
FNDA:0,(anonymous_15)
FNDA:0,(anonymous_16)
FNDA:0,(anonymous_17)
FNDA:0,(anonymous_18)
FNDA:0,(anonymous_19)
FNDA:0,(anonymous_20)
FNDA:0,(anonymous_21)
FNDA:0,(anonymous_22)
FNDA:0,(anonymous_23)
FNDA:0,(anonymous_24)
FNDA:0,(anonymous_25)
FNDA:0,(anonymous_26)
FNDA:0,(anonymous_27)
FNDA:0,(anonymous_28)
FNDA:0,(anonymous_29)
FNDA:0,(anonymous_30)
FNDA:0,(anonymous_31)
FNDA:0,(anonymous_32)
FNDA:0,(anonymous_33)
FNDA:0,(anonymous_34)
FNDA:0,(anonymous_36)
FNDA:0,(anonymous_37)
FNDA:0,(anonymous_38)
FNDA:0,(anonymous_39)
FNDA:0,(anonymous_40)
FNDA:0,(anonymous_41)
FNDA:0,(anonymous_42)
FNDA:0,(anonymous_43)
FNDA:0,(anonymous_44)
FNDA:0,(anonymous_45)
FNDA:0,(anonymous_46)
FNDA:0,(anonymous_47)
FNDA:0,(anonymous_48)
FNDA:0,(anonymous_49)
DA:13,0
DA:25,0
DA:27,0
DA:28,0
DA:29,0
DA:31,0
DA:35,0
DA:36,0
DA:37,0
DA:38,0
DA:39,0
DA:40,0
DA:41,0
DA:44,0
DA:47,0
DA:48,0
DA:51,0
DA:52,0
DA:55,0
DA:56,0
DA:59,0
DA:60,0
DA:74,0
DA:75,0
DA:78,0
DA:79,0
DA:82,0
DA:83,0
DA:87,0
DA:88,0
DA:91,0
DA:92,0
DA:96,0
DA:97,0
DA:100,0
DA:101,0
DA:105,0
DA:106,0
DA:107,0
DA:111,0
DA:112,0
DA:119,0
DA:124,0
DA:129,0
DA:134,0
DA:139,0
DA:144,0
DA:149,0
DA:157,0
DA:158,0
DA:162,0
DA:166,0
DA:167,0
DA:168,0
DA:173,0
DA:177,0
DA:178,0
DA:180,0
DA:181,0
DA:184,0
DA:185,0
DA:188,0
DA:189,0
DA:190,0
DA:192,0
DA:198,0
DA:199,0
DA:200,0
DA:201,0
DA:203,0
DA:205,0
DA:209,0
DA:214,0
DA:215,0
DA:217,0
DA:218,0
DA:220,0
DA:226,0
DA:231,0
DA:236,0
DA:241,0
DA:246,0
DA:251,0
DA:256,0
DA:261,0
DA:266,0
DA:271,0
DA:276,0
DA:282,0
DA:283,0
DA:285,0
DA:290,0
DA:296,0
DA:297,0
LF:94
LH:0
BRDA:27,0,0,0
BRDA:27,0,1,0
BRDA:40,1,0,0
BRDA:40,1,1,0
BRDA:47,2,0,0
BRDA:51,3,0,0
BRDA:55,4,0,0
BRDA:59,5,0,0
BRDA:162,6,0,0
BRDA:162,6,1,0
BRDA:162,6,2,0
BRDA:167,7,0,0
BRDA:178,8,0,0
BRDA:178,9,0,0
BRDA:178,9,1,0
BRDA:181,10,0,0
BRDA:181,10,1,0
BRDA:181,11,0,0
BRDA:181,11,1,0
BRDA:181,11,2,0
BRDA:184,12,0,0
BRDA:188,13,0,0
BRDA:188,14,0,0
BRDA:188,14,1,0
BRDA:198,15,0,0
BRDA:217,16,0,0
BRDA:217,17,0,0
BRDA:217,17,1,0
BRDA:231,18,0,0
BRDA:231,18,1,0
BRDA:282,19,0,0
BRF:31
BRH:0
end_of_record
TN:
SF:src/renderer-utils.ts
FN:20,clampToUnit
FN:41,findPeakInRange
FN:58,calculatePeaks
FN:82,findPeaksInRange
FN:101,calculateBarRenderConfig
FN:131,calculateBarHeights
FN:149,resolveBarYPosition
FN:167,calculateBarSegments
FN:251,getRelativePointerPosition
FN:269,pixelToTime
FN:283,timeToPixel
FN:295,relativeToTime
FN:307,timeToRelative
FN:320,normalizeToViewport
FN:342,calculateZoomLevel
FN:354,calculateFitZoom
FN:368,calculateZoomScrollOffset
FN:392,calculateZoom
FN:406,resolveChannelHeight
FN:424,(anonymous_19)
FN:432,getPixelRatio
FN:436,shouldRenderBars
FN:440,resolveColorValue
FN:454,(anonymous_23)
FN:461,calculateWaveformLayout
FN:487,clampWidthToBarGrid
FN:496,calculateSingleCanvasWidth
FN:509,sliceChannelData
FN:520,(anonymous_28)
FN:527,shouldClearCanvases
FN:531,getLazyRenderRange
FN:546,calculateVerticalScale
FN:577,calculateLinePaths
FN:593,(anonymous_33)
FN:624,calculateScrollPercentages
FN:643,roundToHalfAwayFromZero
FNF:36
FNH:0
FNDA:0,clampToUnit
FNDA:0,findPeakInRange
FNDA:0,calculatePeaks
FNDA:0,findPeaksInRange
FNDA:0,calculateBarRenderConfig
FNDA:0,calculateBarHeights
FNDA:0,resolveBarYPosition
FNDA:0,calculateBarSegments
FNDA:0,getRelativePointerPosition
FNDA:0,pixelToTime
FNDA:0,timeToPixel
FNDA:0,relativeToTime
FNDA:0,timeToRelative
FNDA:0,normalizeToViewport
FNDA:0,calculateZoomLevel
FNDA:0,calculateFitZoom
FNDA:0,calculateZoomScrollOffset
FNDA:0,calculateZoom
FNDA:0,resolveChannelHeight
FNDA:0,(anonymous_19)
FNDA:0,getPixelRatio
FNDA:0,shouldRenderBars
FNDA:0,resolveColorValue
FNDA:0,(anonymous_23)
FNDA:0,calculateWaveformLayout
FNDA:0,clampWidthToBarGrid
FNDA:0,calculateSingleCanvasWidth
FNDA:0,sliceChannelData
FNDA:0,(anonymous_28)
FNDA:0,shouldClearCanvases
FNDA:0,getLazyRenderRange
FNDA:0,calculateVerticalScale
FNDA:0,calculateLinePaths
FNDA:0,(anonymous_33)
FNDA:0,calculateScrollPercentages
FNDA:0,roundToHalfAwayFromZero
DA:14,0
DA:16,0
DA:18,0
DA:21,0
DA:22,0
DA:23,0
DA:42,0
DA:43,0
DA:44,0
DA:45,0
DA:47,0
DA:59,0
DA:60,0
DA:61,0
DA:63,0
DA:64,0
DA:65,0
DA:66,0
DA:69,0
DA:88,0
DA:89,0
DA:91,0
DA:92,0
DA:93,0
DA:94,0
DA:95,0
DA:98,0
DA:114,0
DA:115,0
DA:116,0
DA:117,0
DA:118,0
DA:119,0
DA:121,0
DA:142,0
DA:143,0
DA:144,0
DA:146,0
DA:162,0
DA:163,0
DA:164,0
DA:186,0
DA:187,0
DA:188,0
DA:190,0
DA:192,0
DA:193,0
DA:194,0
DA:196,0
DA:197,0
DA:199,0
DA:200,0
DA:207,0
DA:215,0
DA:222,0
DA:223,0
DA:224,0
DA:227,0
DA:228,0
DA:229,0
DA:230,0
DA:233,0
DA:252,0
DA:253,0
DA:254,0
DA:255,0
DA:256,0
DA:270,0
DA:284,0
DA:296,0
DA:308,0
DA:321,0
DA:343,0
DA:355,0
DA:374,0
DA:375,0
DA:376,0
DA:401,0
DA:402,0
DA:403,0
DA:419,0
DA:420,0
DA:421,0
DA:422,0
DA:423,0
DA:424,0
DA:425,0
DA:427,0
DA:429,0
DA:433,0
DA:437,0
DA:444,0
DA:445,0
DA:446,0
DA:448,0
DA:449,0
DA:450,0
DA:451,0
DA:453,0
DA:454,0
DA:455,0
DA:458,0
DA:474,0
DA:475,0
DA:476,0
DA:477,0
DA:479,0
DA:488,0
DA:489,0
DA:490,0
DA:491,0
DA:492,0
DA:493,0
DA:505,0
DA:506,0
DA:520,0
DA:521,0
DA:522,0
DA:523,0
DA:528,0
DA:540,0
DA:541,0
DA:542,0
DA:543,0
DA:557,0
DA:558,0
DA:560,0
DA:561,0
DA:564,0
DA:565,0
DA:566,0
DA:567,0
DA:568,0
DA:569,0
DA:573,0
DA:574,0
DA:588,0
DA:589,0
DA:590,0
DA:591,0
DA:593,0
DA:594,0
DA:595,0
DA:596,0
DA:597,0
DA:599,0
DA:600,0
DA:601,0
DA:603,0
DA:604,0
DA:606,0
DA:607,0
DA:608,0
DA:609,0
DA:610,0
DA:611,0
DA:614,0
DA:615,0
DA:618,0
DA:620,0
DA:633,0
DA:634,0
DA:637,0
DA:638,0
DA:640,0
DA:644,0
DA:645,0
DA:646,0
LF:168
LH:0
BRDA:21,0,0,0
BRDA:22,1,0,0
BRDA:44,2,0,0
BRDA:44,2,1,0
BRDA:45,3,0,0
BRDA:92,4,0,0
BRDA:92,4,1,0
BRDA:93,5,0,0
BRDA:93,5,1,0
BRDA:94,6,0,0
BRDA:95,7,0,0
BRDA:115,8,0,0
BRDA:115,8,1,0
BRDA:116,9,0,0
BRDA:116,9,1,0
BRDA:116,10,0,0
BRDA:116,10,1,0
BRDA:117,11,0,0
BRDA:117,11,1,0
BRDA:118,12,0,0
BRDA:118,12,1,0
BRDA:119,13,0,0
BRDA:119,13,1,0
BRDA:144,14,0,0
BRDA:144,14,1,0
BRDA:162,15,0,0
BRDA:163,16,0,0
BRDA:186,17,0,0
BRDA:186,17,1,0
BRDA:187,18,0,0
BRDA:187,18,1,0
BRDA:199,19,0,0
BRDA:227,20,0,0
BRDA:227,20,1,0
BRDA:228,21,0,0
BRDA:228,21,1,0
BRDA:229,22,0,0
BRDA:230,23,0,0
BRDA:269,24,0,0
BRDA:283,25,0,0
BRDA:308,26,0,0
BRDA:308,26,1,0
BRDA:342,27,0,0
BRDA:342,28,0,0
BRDA:355,29,0,0
BRDA:355,29,1,0
BRDA:398,30,0,0
BRDA:399,31,0,0
BRDA:411,32,0,0
BRDA:419,33,0,0
BRDA:421,34,0,0
BRDA:422,35,0,0
BRDA:423,36,0,0
BRDA:423,36,1,0
BRDA:424,37,0,0
BRDA:424,38,0,0
BRDA:424,38,1,0
BRDA:424,39,0,0
BRDA:424,39,1,0
BRDA:433,40,0,0
BRDA:433,40,1,0
BRDA:437,41,0,0
BRDA:437,41,1,0
BRDA:437,41,2,0
BRDA:444,42,0,0
BRDA:444,43,0,0
BRDA:444,43,1,0
BRDA:445,44,0,0
BRDA:446,45,0,0
BRDA:446,46,0,0
BRDA:446,46,1,0
BRDA:451,47,0,0
BRDA:451,47,1,0
BRDA:463,48,0,0
BRDA:476,49,0,0
BRDA:476,49,1,0
BRDA:477,50,0,0
BRDA:477,50,1,0
BRDA:488,51,0,0
BRDA:489,52,0,0
BRDA:489,52,1,0
BRDA:490,53,0,0
BRDA:490,53,1,0
BRDA:492,54,0,0
BRDA:540,55,0,0
BRDA:557,56,0,0
BRDA:557,56,1,0
BRDA:558,57,0,0
BRDA:561,58,0,0
BRDA:561,59,0,0
BRDA:561,59,1,0
BRDA:564,60,0,0
BRDA:564,60,1,0
BRDA:564,61,0,0
BRDA:564,61,1,0
BRDA:565,62,0,0
BRDA:567,63,0,0
BRDA:567,63,1,0
BRDA:567,64,0,0
BRDA:567,64,1,0
BRDA:569,65,0,0
BRDA:573,66,0,0
BRDA:589,67,0,0
BRDA:589,67,1,0
BRDA:590,68,0,0
BRDA:590,68,1,0
BRDA:595,69,0,0
BRDA:595,69,1,0
BRDA:597,70,0,0
BRDA:597,70,1,0
BRDA:606,71,0,0
BRDA:607,72,0,0
BRDA:607,72,1,0
BRDA:614,73,0,0
BRDA:614,73,1,0
BRDA:615,74,0,0
BRDA:633,75,0,0
BRDA:645,76,0,0
BRDA:645,76,1,0
BRF:119
BRH:0
end_of_record
TN:
SF:src/renderer.ts
FN:45,(anonymous_8)
FN:70,(anonymous_9)
FN:85,(anonymous_10)
FN:87,(anonymous_11)
FN:94,(anonymous_12)
FN:109,(anonymous_13)
FN:120,(anonymous_14)
FN:122,(anonymous_15)
FN:123,(anonymous_16)
FN:129,(anonymous_17)
FN:137,(anonymous_18)
FN:144,(anonymous_19)
FN:149,(anonymous_20)
FN:155,(anonymous_21)
FN:165,(anonymous_22)
FN:251,(anonymous_23)
FN:269,(anonymous_24)
FN:273,(anonymous_25)
FN:277,(anonymous_26)
FN:281,(anonymous_27)
FN:285,(anonymous_28)
FN:291,(anonymous_29)
FN:292,(anonymous_30)
FN:298,(anonymous_31)
FN:311,(anonymous_32)
FN:315,(anonymous_33)
FN:328,(anonymous_34)
FN:329,(anonymous_35)
FN:335,(anonymous_36)
FN:344,(anonymous_37)
FN:358,(anonymous_38)
FN:362,(anonymous_39)
FN:366,(anonymous_40)
FN:416,(anonymous_41)
FN:440,(anonymous_42)
FN:463,(anonymous_43)
FN:505,(anonymous_44)
FN:524,(anonymous_45)
FN:540,(anonymous_46)
FN:565,(anonymous_47)
FN:569,(anonymous_48)
FN:572,(anonymous_49)
FN:579,(anonymous_50)
FN:603,(anonymous_51)
FN:605,(anonymous_53)
FN:660,(anonymous_54)
FN:663,(anonymous_55)
FN:664,(anonymous_56)
FN:685,(anonymous_57)
FN:690,(anonymous_58)
FN:737,(anonymous_59)
FN:744,(anonymous_60)
FN:766,(anonymous_61)
FN:772,(anonymous_62)
FN:786,(anonymous_63)
FN:794,(anonymous_65)
FN:800,(anonymous_66)
FN:801,(anonymous_67)
FN:803,(anonymous_68)
FNF:59
FNH:0
FNDA:0,(anonymous_8)
FNDA:0,(anonymous_9)
FNDA:0,(anonymous_10)
FNDA:0,(anonymous_11)
FNDA:0,(anonymous_12)
FNDA:0,(anonymous_13)
FNDA:0,(anonymous_14)
FNDA:0,(anonymous_15)
FNDA:0,(anonymous_16)
FNDA:0,(anonymous_17)
FNDA:0,(anonymous_18)
FNDA:0,(anonymous_19)
FNDA:0,(anonymous_20)
FNDA:0,(anonymous_21)
FNDA:0,(anonymous_22)
FNDA:0,(anonymous_23)
FNDA:0,(anonymous_24)
FNDA:0,(anonymous_25)
FNDA:0,(anonymous_26)
FNDA:0,(anonymous_27)
FNDA:0,(anonymous_28)
FNDA:0,(anonymous_29)
FNDA:0,(anonymous_30)
FNDA:0,(anonymous_31)
FNDA:0,(anonymous_32)
FNDA:0,(anonymous_33)
FNDA:0,(anonymous_34)
FNDA:0,(anonymous_35)
FNDA:0,(anonymous_36)
FNDA:0,(anonymous_37)
FNDA:0,(anonymous_38)
FNDA:0,(anonymous_39)
FNDA:0,(anonymous_40)
FNDA:0,(anonymous_41)
FNDA:0,(anonymous_42)
FNDA:0,(anonymous_43)
FNDA:0,(anonymous_44)
FNDA:0,(anonymous_45)
FNDA:0,(anonymous_46)
FNDA:0,(anonymous_47)
FNDA:0,(anonymous_48)
FNDA:0,(anonymous_49)
FNDA:0,(anonymous_50)
FNDA:0,(anonymous_51)
FNDA:0,(anonymous_53)
FNDA:0,(anonymous_54)
FNDA:0,(anonymous_55)
FNDA:0,(anonymous_56)
FNDA:0,(anonymous_57)
FNDA:0,(anonymous_58)
FNDA:0,(anonymous_59)
FNDA:0,(anonymous_60)
FNDA:0,(anonymous_61)
FNDA:0,(anonymous_62)
FNDA:0,(anonymous_63)
FNDA:0,(anonymous_65)
FNDA:0,(anonymous_66)
FNDA:0,(anonymous_67)
FNDA:0,(anonymous_68)
DA:32,0
DA:33,0
DA:34,0
DA:35,0
DA:36,0
DA:37,0
DA:38,0
DA:39,0
DA:40,0
DA:41,0
DA:42,0
DA:43,0
DA:46,0
DA:48,0
DA:49,0
DA:51,0
DA:52,0
DA:54,0
DA:55,0
DA:56,0
DA:57,0
DA:58,0
DA:59,0
DA:60,0
DA:61,0
DA:63,0
DA:64,0
DA:67,0
DA:72,0
DA:73,0
DA:74,0
DA:75,0
DA:78,0
DA:79,0
DA:82,0
DA:87,0
DA:88,0
DA:89,0
DA:90,0
DA:94,0
DA:95,0
DA:96,0
DA:97,0
DA:101,0
DA:102,0
DA:106,0
DA:109,0
DA:110,0
DA:111,0
DA:112,0
DA:115,0
DA:118,0
DA:119,0
DA:120,0
DA:121,0
DA:122,0
DA:123,0
DA:125,0
DA:130,0
DA:131,0
DA:132,0
DA:133,0
DA:134,0
DA:139,0
DA:141,0
DA:145,0
DA:146,0
DA:150,0
DA:151,0
DA:152,0
DA:156,0
DA:157,0
DA:158,0
DA:162,0
DA:166,0
DA:167,0
DA:170,0
DA:172,0
DA:247,0
DA:252,0
DA:253,0
DA:254,0
DA:256,0
DA:259,0
DA:260,0
DA:263,0
DA:266,0
DA:270,0
DA:274,0
DA:278,0
DA:282,0
DA:286,0
DA:287,0
DA:288,0
DA:292,0
DA:293,0
DA:294,0
DA:295,0
DA:296,0
DA:298,0
DA:299,0
DA:302,0
DA:303,0
DA:304,0
DA:308,0
DA:315,0
DA:316,0
DA:317,0
DA:318,0
DA:320,0
DA:321,0
DA:322,0
DA:326,0
DA:328,0
DA:329,0
DA:331,0
DA:333,0
DA:335,0
DA:336,0
DA:337,0
DA:338,0
DA:348,0
DA:349,0
DA:359,0
DA:363,0
DA:372,0
DA:373,0
DA:381,0
DA:392,0
DA:394,0
DA:395,0
DA:397,0
DA:408,0
DA:412,0
DA:413,0
DA:422,0
DA:423,0
DA:425,0
DA:427,0
DA:428,0
DA:429,0
DA:430,0
DA:431,0
DA:432,0
DA:436,0
DA:437,0
DA:441,0
DA:443,0
DA:444,0
DA:445,0
DA:448,0
DA:455,0
DA:456,0
DA:457,0
DA:460,0
DA:472,0
DA:473,0
DA:474,0
DA:475,0
DA:476,0
DA:477,0
DA:478,0
DA:479,0
DA:481,0
DA:484,0
DA:485,0
DA:486,0
DA:488,0
DA:492,0
DA:493,0
DA:494,0
DA:495,0
DA:497,0
DA:498,0
DA:500,0
DA:501,0
DA:513,0
DA:514,0
DA:515,0
DA:517,0
DA:518,0
DA:521,0
DA:524,0
DA:525,0
DA:526,0
DA:527,0
DA:528,0
DA:529,0
DA:532,0
DA:534,0
DA:535,0
DA:536,0
DA:540,0
DA:541,0
DA:542,0
DA:543,0
DA:544,0
DA:549,0
DA:552,0
DA:553,0
DA:554,0
DA:556,0
DA:560,0
DA:565,0
DA:568,0
DA:569,0
DA:570,0
DA:571,0
DA:572,0
DA:575,0
DA:581,0
DA:586,0
DA:587,0
DA:588,0
DA:589,0
DA:590,0
DA:592,0
DA:593,0
DA:596,0
DA:597,0
DA:600,0
DA:605,0
DA:606,0
DA:609,0
DA:610,0
DA:613,0
DA:614,0
DA:619,0
DA:620,0
DA:621,0
DA:630,0
DA:633,0
DA:636,0
DA:637,0
DA:638,0
DA:639,0
DA:641,0
DA:643,0
DA:646,0
DA:648,0
DA:649,0
DA:650,0
DA:654,0
DA:655,0
DA:656,0
DA:660,0
DA:664,0
DA:665,0
DA:668,0
DA:671,0
DA:672,0
DA:675,0
DA:678,0
DA:679,0
DA:680,0
DA:681,0
DA:686,0
DA:687,0
DA:691,0
DA:692,0
DA:693,0
DA:694,0
DA:695,0
DA:697,0
DA:699,0
DA:700,0
DA:701,0
DA:702,0
DA:703,0
DA:706,0
DA:707,0
DA:711,0
DA:712,0
DA:713,0
DA:719,0
DA:720,0
DA:725,0
DA:738,0
DA:741,0
DA:744,0
DA:745,0
DA:747,0
DA:748,0
DA:751,0
DA:752,0
DA:753,0
DA:754,0
DA:756,0
DA:757,0
DA:767,0
DA:769,0
DA:770,0
DA:772,0
DA:773,0
DA:774,0
DA:775,0
DA:776,0
DA:780,0
DA:781,0
DA:787,0
DA:788,0
DA:789,0
DA:793,0
DA:794,0
DA:795,0
DA:799,0
DA:801,0
DA:802,0
DA:804,0
DA:805,0
DA:807,0
LF:311
LH:0
BRDA:63,0,0,0
BRDA:72,1,0,0
BRDA:72,1,1,0
BRDA:74,2,0,0
BRDA:78,3,0,0
BRDA:101,4,0,0
BRDA:101,5,0,0
BRDA:101,5,1,0
BRDA:118,6,0,0
BRDA:131,7,0,0
BRDA:131,8,0,0
BRDA:131,8,1,0
BRDA:139,9,0,0
BRDA:170,10,0,0
BRDA:170,10,1,0
BRDA:170,11,0,0
BRDA:170,11,1,0
BRDA:173,12,0,0
BRDA:173,12,1,0
BRDA:252,13,0,0
BRDA:259,14,0,0
BRDA:259,15,0,0
BRDA:259,15,1,0
BRDA:294,16,0,0
BRDA:298,17,0,0
BRDA:298,17,1,0
BRDA:298,18,0,0
BRDA:298,18,1,0
BRDA:302,19,0,0
BRDA:311,20,0,0
BRDA:316,21,0,0
BRDA:320,22,0,0
BRDA:348,23,0,0
BRDA:348,23,1,0
BRDA:348,24,0,0
BRDA:348,24,1,0
BRDA:348,25,0,0
BRDA:348,25,1,0
BRDA:376,26,0,0
BRDA:376,26,1,0
BRDA:395,27,0,0
BRDA:395,27,1,0
BRDA:395,28,0,0
BRDA:395,28,1,0
BRDA:428,29,0,0
BRDA:443,30,0,0
BRDA:455,31,0,0
BRDA:484,32,0,0
BRDA:484,32,1,0
BRDA:492,33,0,0
BRDA:492,34,0,0
BRDA:492,34,1,0
BRDA:521,35,0,0
BRDA:525,36,0,0
BRDA:525,37,0,0
BRDA:525,37,1,0
BRDA:526,38,0,0
BRDA:534,39,0,0
BRDA:541,40,0,0
BRDA:552,41,0,0
BRDA:568,42,0,0
BRDA:589,43,0,0
BRDA:589,44,0,0
BRDA:589,44,1,0
BRDA:613,45,0,0
BRDA:615,46,0,0
BRDA:615,46,1,0
BRDA:623,47,0,0
BRDA:623,47,1,0
BRDA:633,48,0,0
BRDA:633,48,1,0
BRDA:636,49,0,0
BRDA:636,49,1,0
BRDA:638,50,0,0
BRDA:638,50,1,0
BRDA:646,51,0,0
BRDA:646,51,1,0
BRDA:649,52,0,0
BRDA:649,52,1,0
BRDA:649,53,0,0
BRDA:649,53,1,0
BRDA:655,54,0,0
BRDA:668,55,0,0
BRDA:678,56,0,0
BRDA:678,57,0,0
BRDA:678,57,1,0
BRDA:690,58,0,0
BRDA:697,59,0,0
BRDA:697,59,1,0
BRDA:700,60,0,0
BRDA:700,60,1,0
BRDA:702,61,0,0
BRDA:706,62,0,0
BRDA:706,63,0,0
BRDA:706,63,1,0
BRDA:707,64,0,0
BRDA:707,64,1,0
BRDA:712,65,0,0
BRDA:712,66,0,0
BRDA:712,66,1,0
BRDA:712,66,2,0
BRDA:737,67,0,0
BRDA:738,68,0,0
BRDA:741,69,0,0
BRDA:741,69,1,0
BRDA:745,70,0,0
BRDA:754,71,0,0
BRDA:754,71,1,0
BRDA:756,72,0,0
BRDA:756,73,0,0
BRDA:756,73,1,0
BRDA:767,74,0,0
BRDA:776,75,0,0
BRDA:776,75,1,0
BRDA:780,76,0,0
BRDA:780,77,0,0
BRDA:780,77,1,0
BRDA:788,78,0,0
BRDA:793,79,0,0
BRDA:804,80,0,0
BRDA:804,80,1,0
BRF:121
BRH:0
end_of_record
TN:
SF:src/webaudio.ts
FN:38,(anonymous_7)
FN:51,(anonymous_8)
FN:55,(anonymous_10)
FN:59,(anonymous_11)
FN:70,(anonymous_12)
FN:76,(anonymous_13)
FN:80,(anonymous_14)
FN:90,(anonymous_15)
FN:96,(anonymous_16)
FN:122,(anonymous_17)
FN:130,(anonymous_18)
FN:136,(anonymous_19)
FN:142,(anonymous_21)
FN:148,(anonymous_22)
FN:155,(anonymous_23)
FN:165,(anonymous_24)
FN:170,(anonymous_26)
FN:173,(anonymous_27)
FN:180,(anonymous_28)
FN:186,(anonymous_29)
FN:197,(anonymous_30)
FN:200,(anonymous_31)
FN:204,(anonymous_32)
FN:207,(anonymous_33)
FN:212,(anonymous_34)
FN:215,(anonymous_35)
FN:226,(anonymous_36)
FN:231,(anonymous_37)
FN:236,(anonymous_38)
FN:249,(anonymous_39)
FNF:30
FNH:0
FNDA:0,(anonymous_7)
FNDA:0,(anonymous_8)
FNDA:0,(anonymous_10)
FNDA:0,(anonymous_11)
FNDA:0,(anonymous_12)
FNDA:0,(anonymous_13)
FNDA:0,(anonymous_14)
FNDA:0,(anonymous_15)
FNDA:0,(anonymous_16)
FNDA:0,(anonymous_17)
FNDA:0,(anonymous_18)
FNDA:0,(anonymous_19)
FNDA:0,(anonymous_21)
FNDA:0,(anonymous_22)
FNDA:0,(anonymous_23)
FNDA:0,(anonymous_24)
FNDA:0,(anonymous_26)
FNDA:0,(anonymous_27)
FNDA:0,(anonymous_28)
FNDA:0,(anonymous_29)
FNDA:0,(anonymous_30)
FNDA:0,(anonymous_31)
FNDA:0,(anonymous_32)
FNDA:0,(anonymous_33)
FNDA:0,(anonymous_34)
FNDA:0,(anonymous_35)
FNDA:0,(anonymous_36)
FNDA:0,(anonymous_37)
FNDA:0,(anonymous_38)
FNDA:0,(anonymous_39)
DA:25,0
DA:26,0
DA:27,0
DA:28,0
DA:29,0
DA:30,0
DA:31,0
DA:32,0
DA:33,0
DA:34,0
DA:35,0
DA:36,0
DA:39,0
DA:40,0
DA:41,0
DA:42,0
DA:46,0
DA:49,0
DA:52,0
DA:56,0
DA:60,0
DA:61,0
DA:63,0
DA:64,0
DA:65,0
DA:66,0
DA:69,0
DA:71,0
DA:72,0
DA:74,0
DA:77,0
DA:78,0
DA:81,0
DA:83,0
DA:85,0
DA:86,0
DA:88,0
DA:92,0
DA:97,0
DA:98,0
DA:101,0
DA:102,0
DA:103,0
DA:106,0
DA:107,0
DA:108,0
DA:110,0
DA:111,0
DA:113,0
DA:114,0
DA:115,0
DA:116,0
DA:119,0
DA:120,0
DA:122,0
DA:123,0
DA:124,0
DA:125,0
DA:131,0
DA:132,0
DA:133,0
DA:137,0
DA:138,0
DA:139,0
DA:143,0
DA:144,0
DA:145,0
DA:149,0
DA:150,0
DA:151,0
DA:153,0
DA:156,0
DA:157,0
DA:158,0
DA:166,0
DA:167,0
DA:171,0
DA:174,0
DA:175,0
DA:176,0
DA:181,0
DA:184,0
DA:187,0
DA:189,0
DA:190,0
DA:191,0
DA:193,0
DA:194,0
DA:198,0
DA:201,0
DA:205,0
DA:208,0
DA:209,0
DA:213,0
DA:216,0
DA:217,0
DA:219,0
DA:220,0
DA:222,0
DA:227,0
DA:232,0
DA:237,0
DA:238,0
DA:239,0
DA:240,0
DA:241,0
DA:243,0
DA:250,0
DA:252,0
DA:253,0
DA:255,0
DA:256,0
DA:258,0
DA:259,0
DA:261,0
DA:262,0
DA:264,0
DA:265,0
DA:267,0
DA:268,0
LF:120
LH:0
BRDA:38,0,0,0
BRDA:63,1,0,0
BRDA:71,2,0,0
BRDA:77,3,0,0
BRDA:81,4,0,0
BRDA:88,5,0,0
BRDA:97,6,0,0
BRDA:101,7,0,0
BRDA:107,8,0,0
BRDA:114,9,0,0
BRDA:114,10,0,0
BRDA:114,10,1,0
BRDA:123,11,0,0
BRDA:132,12,0,0
BRDA:132,12,1,0
BRDA:132,13,0,0
BRDA:132,13,1,0
BRDA:137,14,0,0
BRDA:143,15,0,0
BRDA:151,16,0,0
BRDA:151,16,1,0
BRDA:151,17,0,0
BRDA:151,17,1,0
BRDA:153,18,0,0
BRDA:153,18,1,0
BRDA:153,19,0,0
BRDA:153,19,1,0
BRDA:156,20,0,0
BRDA:175,21,0,0
BRDA:181,22,0,0
BRDA:181,22,1,0
BRDA:189,23,0,0
BRDA:191,24,0,0
BRDA:198,25,0,0
BRDA:198,25,1,0
BRDA:198,26,0,0
BRDA:198,26,1,0
BRDA:198,27,0,0
BRDA:198,27,1,0
BRDA:198,28,0,0
BRDA:198,28,1,0
BRDA:198,29,0,0
BRDA:198,29,1,0
BRDA:216,30,0,0
BRDA:219,31,0,0
BRDA:219,31,1,0
BRDA:238,32,0,0
BRDA:250,33,0,0
BRDA:250,33,1,0
BRDA:250,33,2,0
BRDA:250,33,3,0
BRDA:250,33,4,0
BRDA:250,33,5,0
BRF:53
BRH:0
end_of_record
TN:
SF:src/components/component.ts
FN:89,createComponent
FN:97,(anonymous_1)
FN:101,(anonymous_2)
FN:109,(anonymous_3)
FN:118,(anonymous_4)
FN:148,createInstances
FNF:6
FNH:0
FNDA:0,createComponent
FNDA:0,(anonymous_1)
FNDA:0,(anonymous_2)
FNDA:0,(anonymous_3)
FNDA:0,(anonymous_4)
FNDA:0,createInstances
DA:94,0
DA:96,0
DA:98,0
DA:102,0
DA:103,0
DA:105,0
DA:106,0
DA:110,0
DA:111,0
DA:113,0
DA:114,0
DA:119,0
DA:120,0
DA:121,0
DA:123,0
DA:124,0
DA:152,0
DA:154,0
DA:156,0
DA:157,0
DA:160,0
LF:21
LH:0
BRDA:102,0,0,0
BRDA:110,1,0,0
BRDA:113,2,0,0
BRDA:119,3,0,0
BRDA:120,4,0,0
BRF:5
BRH:0
end_of_record
TN:
SF:src/components/cursor.ts
FN:39,createCursorComponent
FN:41,(anonymous_1)
FN:57,(anonymous_2)
FNF:3
FNH:0
FNDA:0,createCursorComponent
FNDA:0,(anonymous_1)
FNDA:0,(anonymous_2)
DA:40,0
DA:42,0
DA:58,0
DA:59,0
DA:61,0
DA:62,0
DA:64,0
DA:65,0
DA:67,0
DA:68,0
LF:10
LH:0
BRDA:58,0,0,0
BRDA:61,1,0,0
BRDA:64,2,0,0
BRDA:67,3,0,0
BRF:4
BRH:0
end_of_record
TN:
SF:src/components/progress.ts
FN:36,createProgressComponent
FN:38,(anonymous_1)
FN:64,(anonymous_2)
FNF:3
FNH:0
FNDA:0,createProgressComponent
FNDA:0,(anonymous_1)
FNDA:0,(anonymous_2)
DA:37,0
DA:40,0
DA:46,0
DA:65,0
DA:66,0
DA:68,0
DA:69,0
DA:71,0
DA:72,0
LF:9
LH:0
BRDA:57,0,0,0
BRDA:57,0,1,0
BRDA:65,1,0,0
BRDA:68,2,0,0
BRDA:71,3,0,0
BRF:5
BRH:0
end_of_record
TN:
SF:src/plugins/envelope.ts
FN:65,(anonymous_0)
FN:120,(anonymous_1)
FN:128,(anonymous_2)
FN:139,(anonymous_3)
FN:148,(anonymous_4)
FN:155,(anonymous_5)
FN:157,(anonymous_6)
FN:177,(anonymous_7)
FN:182,(anonymous_8)
FN:183,(anonymous_9)
FN:189,(anonymous_10)
FN:213,(anonymous_11)
FN:218,(anonymous_12)
FN:224,(anonymous_13)
FN:237,(anonymous_14)
FN:242,(anonymous_15)
FN:253,(anonymous_16)
FN:254,(anonymous_17)
FN:270,(anonymous_18)
FN:282,(anonymous_19)
FN:291,(anonymous_20)
FN:316,(anonymous_21)
FN:322,(anonymous_22)
FN:334,(anonymous_23)
FN:346,(anonymous_24)
FN:353,(anonymous_25)
FN:357,(anonymous_26)
FN:372,(anonymous_27)
FN:384,(anonymous_28)
FN:391,(anonymous_29)
FN:392,(anonymous_30)
FN:393,(anonymous_31)
FN:399,(anonymous_32)
FN:413,(anonymous_33)
FN:420,(anonymous_34)
FN:426,(anonymous_35)
FN:437,(anonymous_36)
FN:440,(anonymous_37)
FN:445,(anonymous_38)
FN:449,(anonymous_39)
FN:455,(anonymous_40)
FN:459,(anonymous_41)
FN:464,(anonymous_42)
FN:473,(anonymous_43)
FN:481,(anonymous_44)
FN:485,(anonymous_45)
FN:492,(anonymous_46)
FN:493,(anonymous_47)
FN:504,(anonymous_48)
FN:508,(anonymous_49)
FN:510,(anonymous_50)
FN:514,(anonymous_51)
FNF:52
FNH:0
FNDA:0,(anonymous_0)
FNDA:0,(anonymous_1)
FNDA:0,(anonymous_2)
FNDA:0,(anonymous_3)
FNDA:0,(anonymous_4)
FNDA:0,(anonymous_5)
FNDA:0,(anonymous_6)
FNDA:0,(anonymous_7)
FNDA:0,(anonymous_8)
FNDA:0,(anonymous_9)
FNDA:0,(anonymous_10)
FNDA:0,(anonymous_11)
FNDA:0,(anonymous_12)
FNDA:0,(anonymous_13)
FNDA:0,(anonymous_14)
FNDA:0,(anonymous_15)
FNDA:0,(anonymous_16)
FNDA:0,(anonymous_17)
FNDA:0,(anonymous_18)
FNDA:0,(anonymous_19)
FNDA:0,(anonymous_20)
FNDA:0,(anonymous_21)
FNDA:0,(anonymous_22)
FNDA:0,(anonymous_23)
FNDA:0,(anonymous_24)
FNDA:0,(anonymous_25)
FNDA:0,(anonymous_26)
FNDA:0,(anonymous_27)
FNDA:0,(anonymous_28)
FNDA:0,(anonymous_29)
FNDA:0,(anonymous_30)
FNDA:0,(anonymous_31)
FNDA:0,(anonymous_32)
FNDA:0,(anonymous_33)
FNDA:0,(anonymous_34)
FNDA:0,(anonymous_35)
FNDA:0,(anonymous_36)
FNDA:0,(anonymous_37)
FNDA:0,(anonymous_38)
FNDA:0,(anonymous_39)
FNDA:0,(anonymous_40)
FNDA:0,(anonymous_41)
FNDA:0,(anonymous_42)
FNDA:0,(anonymous_43)
FNDA:0,(anonymous_44)
FNDA:0,(anonymous_45)
FNDA:0,(anonymous_46)
FNDA:0,(anonymous_47)
FNDA:0,(anonymous_48)
FNDA:0,(anonymous_49)
FNDA:0,(anonymous_50)
FNDA:0,(anonymous_51)
DA:27,0
DA:58,0
DA:66,0
DA:68,0
DA:69,0
DA:70,0
DA:72,0
DA:73,0
DA:76,0
DA:95,0
DA:98,0
DA:118,0
DA:119,0
DA:121,0
DA:122,0
DA:123,0
DA:124,0
DA:125,0
DA:127,0
DA:128,0
DA:129,0
DA:130,0
DA:133,0
DA:139,0
DA:140,0
DA:141,0
DA:142,0
DA:143,0
DA:145,0
DA:148,0
DA:149,0
DA:150,0
DA:151,0
DA:155,0
DA:156,0
DA:157,0
DA:158,0
DA:159,0
DA:160,0
DA:161,0
DA:162,0
DA:165,0
DA:169,0
DA:170,0
DA:172,0
DA:173,0
DA:174,0
DA:178,0
DA:182,0
DA:183,0
DA:190,0
DA:191,0
DA:192,0
DA:214,0
DA:215,0
DA:216,0
DA:217,0
DA:218,0
DA:219,0
DA:220,0
DA:221,0
DA:225,0
DA:226,0
DA:227,0
DA:228,0
DA:229,0
DA:231,0
DA:232,0
DA:233,0
DA:235,0
DA:236,0
DA:237,0
DA:238,0
DA:240,0
DA:242,0
DA:243,0
DA:244,0
DA:247,0
DA:248,0
DA:249,0
DA:253,0
DA:254,0
DA:255,0
DA:256,0
DA:260,0
DA:261,0
DA:262,0
DA:263,0
DA:266,0
DA:271,0
DA:273,0
DA:274,0
DA:275,0
DA:278,0
DA:279,0
DA:280,0
DA:282,0
DA:283,0
DA:284,0
DA:285,0
DA:286,0
DA:287,0
DA:293,0
DA:294,0
DA:295,0
DA:299,0
DA:300,0
DA:301,0
DA:303,0
DA:304,0
DA:305,0
DA:307,0
DA:308,0
DA:309,0
DA:311,0
DA:312,0
DA:313,0
DA:316,0
DA:317,0
DA:318,0
DA:322,0
DA:326,0
DA:328,0
DA:329,0
DA:335,0
DA:337,0
DA:339,0
DA:340,0
DA:341,0
DA:342,0
DA:343,0
DA:347,0
DA:354,0
DA:357,0
DA:358,0
DA:360,0
DA:363,0
DA:364,0
DA:365,0
DA:373,0
DA:374,0
DA:375,0
DA:376,0
DA:377,0
DA:385,0
DA:392,0
DA:393,0
DA:401,0
DA:402,0
DA:403,0
DA:406,0
DA:407,0
DA:414,0
DA:421,0
DA:422,0
DA:427,0
DA:428,0
DA:431,0
DA:432,0
DA:434,0
DA:436,0
DA:438,0
DA:440,0
DA:441,0
DA:446,0
DA:450,0
DA:456,0
DA:457,0
DA:459,0
DA:460,0
DA:465,0
DA:466,0
DA:468,0
DA:470,0
DA:472,0
DA:474,0
DA:475,0
DA:476,0
DA:478,0
DA:482,0
DA:486,0
DA:493,0
DA:494,0
DA:497,0
DA:499,0
DA:505,0
DA:509,0
DA:510,0
DA:511,0
DA:512,0
DA:514,0
DA:515,0
DA:516,0
DA:518,0
DA:519,0
DA:520,0
DA:521,0
DA:522,0
DA:524,0
DA:525,0
DA:526,0
LF:201
LH:0
BRDA:107,0,0,0
BRDA:107,0,1,0
BRDA:118,1,0,0
BRDA:149,2,0,0
BRDA:156,3,0,0
BRDA:156,3,1,0
BRDA:215,4,0,0
BRDA:218,5,0,0
BRDA:218,5,1,0
BRDA:247,6,0,0
BRDA:247,7,0,0
BRDA:247,7,1,0
BRDA:247,7,2,0
BRDA:247,7,3,0
BRDA:255,8,0,0
BRDA:255,9,0,0
BRDA:255,9,1,0
BRDA:255,9,2,0
BRDA:255,9,3,0
BRDA:274,10,0,0
BRDA:274,11,0,0
BRDA:274,11,1,0
BRDA:293,12,0,0
BRDA:299,13,0,0
BRDA:303,14,0,0
BRDA:307,15,0,0
BRDA:311,16,0,0
BRDA:337,17,0,0
BRDA:337,17,1,0
BRDA:340,18,0,0
BRDA:340,18,1,0
BRDA:341,19,0,0
BRDA:341,19,1,0
BRDA:342,20,0,0
BRDA:342,20,1,0
BRDA:343,21,0,0
BRDA:343,21,1,0
BRDA:354,22,0,0
BRDA:363,23,0,0
BRDA:363,23,1,0
BRDA:363,24,0,0
BRDA:363,24,1,0
BRDA:364,25,0,0
BRDA:374,26,0,0
BRDA:376,27,0,0
BRDA:376,27,1,0
BRDA:376,28,0,0
BRDA:376,28,1,0
BRDA:401,29,0,0
BRDA:406,30,0,0
BRDA:406,30,1,0
BRDA:406,31,0,0
BRDA:406,31,1,0
BRDA:422,32,0,0
BRDA:422,32,1,0
BRDA:422,33,0,0
BRDA:422,33,1,0
BRDA:427,34,0,0
BRDA:432,35,0,0
BRDA:432,35,1,0
BRDA:432,36,0,0
BRDA:432,36,1,0
BRDA:446,37,0,0
BRDA:446,37,1,0
BRDA:446,38,0,0
BRDA:446,38,1,0
BRDA:456,39,0,0
BRDA:465,40,0,0
BRDA:466,41,0,0
BRDA:474,42,0,0
BRDA:474,42,1,0
BRDA:474,43,0,0
BRDA:474,43,1,0
BRDA:474,44,0,0
BRDA:474,44,1,0
BRDA:487,45,0,0
BRDA:487,45,1,0
BRDA:487,46,0,0
BRDA:487,46,1,0
BRDA:487,47,0,0
BRDA:487,47,1,0
BRDA:499,48,0,0
BRDA:499,48,1,0
BRDA:499,49,0,0
BRDA:499,49,1,0
BRDA:499,50,0,0
BRDA:499,50,1,0
BRDA:505,51,0,0
BRDA:505,51,1,0
BRDA:505,52,0,0
BRDA:505,52,1,0
BRDA:509,53,0,0
BRDA:511,54,0,0
BRDA:512,55,0,0
BRDA:512,55,1,0
BRDA:515,56,0,0
BRDA:524,57,0,0
BRF:97
BRH:0
end_of_record
TN:
SF:src/plugins/hover.ts
FN:39,(anonymous_0)
FN:58,(anonymous_1)
FN:56,(anonymous_2)
FN:137,(anonymous_3)
FN:163,(anonymous_4)
FN:67,(anonymous_5)
FN:71,(anonymous_6)
FN:77,(anonymous_7)
FN:114,(anonymous_8)
FN:129,(anonymous_9)
FN:169,(anonymous_10)
FNF:11
FNH:0
FNDA:0,(anonymous_0)
FNDA:0,(anonymous_1)
FNDA:0,(anonymous_2)
FNDA:0,(anonymous_3)
FNDA:0,(anonymous_4)
FNDA:0,(anonymous_5)
FNDA:0,(anonymous_6)
FNDA:0,(anonymous_7)
FNDA:0,(anonymous_8)
FNDA:0,(anonymous_9)
FNDA:0,(anonymous_10)
DA:35,0
DA:40,0
DA:41,0
DA:42,0
DA:43,0
DA:55,0
DA:56,0
DA:59,0
DA:60,0
DA:63,0
DA:64,0
DA:68,0
DA:72,0
DA:73,0
DA:78,0
DA:79,0
DA:82,0
DA:83,0
DA:86,0
DA:99,0
DA:109,0
DA:110,0
DA:114,0
DA:115,0
DA:117,0
DA:122,0
DA:123,0
DA:126,0
DA:127,0
DA:129,0
DA:130,0
DA:131,0
DA:132,0
DA:133,0
DA:137,0
DA:138,0
DA:141,0
DA:144,0
DA:145,0
DA:146,0
DA:147,0
DA:148,0
DA:149,0
DA:150,0
DA:153,0
DA:154,0
DA:155,0
DA:156,0
DA:157,0
DA:160,0
DA:163,0
DA:164,0
DA:165,0
DA:170,0
DA:171,0
DA:172,0
LF:56
LH:0
BRDA:59,0,0,0
BRDA:59,0,1,0
BRDA:138,1,0,0
BRDA:153,2,0,0
BRDA:153,2,1,0
BRDA:156,3,0,0
BRDA:156,3,1,0
BRDA:157,4,0,0
BRDA:157,4,1,0
BRDA:72,5,0,0
BRDA:72,5,1,0
BRDA:78,6,0,0
BRDA:83,7,0,0
BRDA:83,7,1,0
BRDA:83,7,2,0
BRDA:115,8,0,0
BRF:16
BRH:0
end_of_record
TN:
SF:src/plugins/minimap.ts
FN:59,(anonymous_0)
FN:67,(anonymous_1)
FN:72,(anonymous_2)
FN:91,(anonymous_3)
FN:96,(anonymous_4)
FN:105,(anonymous_5)
FN:125,(anonymous_6)
FN:163,(anonymous_7)
FN:167,(anonymous_8)
FN:171,(anonymous_9)
FN:175,(anonymous_10)
FN:179,(anonymous_11)
FN:183,(anonymous_12)
FN:187,(anonymous_13)
FN:191,(anonymous_14)
FN:195,(anonymous_15)
FN:199,(anonymous_16)
FN:203,(anonymous_17)
FN:207,(anonymous_18)
FN:211,(anonymous_19)
FN:215,(anonymous_20)
FN:219,(anonymous_21)
FN:228,(anonymous_22)
FN:233,(anonymous_23)
FN:238,(anonymous_24)
FN:244,(anonymous_25)
FN:248,(anonymous_26)
FN:252,(anonymous_27)
FN:256,(anonymous_28)
FN:263,(anonymous_29)
FNF:30
FNH:0
FNDA:0,(anonymous_0)
FNDA:0,(anonymous_1)
FNDA:0,(anonymous_2)
FNDA:0,(anonymous_3)
FNDA:0,(anonymous_4)
FNDA:0,(anonymous_5)
FNDA:0,(anonymous_6)
FNDA:0,(anonymous_7)
FNDA:0,(anonymous_8)
FNDA:0,(anonymous_9)
FNDA:0,(anonymous_10)
FNDA:0,(anonymous_11)
FNDA:0,(anonymous_12)
FNDA:0,(anonymous_13)
FNDA:0,(anonymous_14)
FNDA:0,(anonymous_15)
FNDA:0,(anonymous_16)
FNDA:0,(anonymous_17)
FNDA:0,(anonymous_18)
FNDA:0,(anonymous_19)
FNDA:0,(anonymous_20)
FNDA:0,(anonymous_21)
FNDA:0,(anonymous_22)
FNDA:0,(anonymous_23)
FNDA:0,(anonymous_24)
FNDA:0,(anonymous_25)
FNDA:0,(anonymous_26)
FNDA:0,(anonymous_27)
FNDA:0,(anonymous_28)
FNDA:0,(anonymous_29)
DA:14,0
DA:54,0
DA:56,0
DA:57,0
DA:60,0
DA:61,0
DA:63,0
DA:64,0
DA:68,0
DA:73,0
DA:74,0
DA:77,0
DA:78,0
DA:79,0
DA:80,0
DA:81,0
DA:83,0
DA:85,0
DA:86,0
DA:89,0
DA:91,0
DA:92,0
DA:97,0
DA:106,0
DA:127,0
DA:128,0
DA:130,0
DA:131,0
DA:132,0
DA:135,0
DA:136,0
DA:137,0
DA:140,0
DA:141,0
DA:142,0
DA:143,0
DA:144,0
DA:147,0
DA:148,0
DA:149,0
DA:152,0
DA:162,0
DA:164,0
DA:168,0
DA:172,0
DA:176,0
DA:180,0
DA:184,0
DA:188,0
DA:192,0
DA:196,0
DA:200,0
DA:204,0
DA:208,0
DA:212,0
DA:216,0
DA:220,0
DA:225,0
DA:229,0
DA:230,0
DA:234,0
DA:235,0
DA:239,0
DA:240,0
DA:241,0
DA:245,0
DA:247,0
DA:249,0
DA:253,0
DA:257,0
DA:264,0
DA:265,0
DA:266,0
DA:267,0
LF:74
LH:0
BRDA:73,0,0,0
BRDA:77,1,0,0
BRDA:77,1,1,0
BRDA:78,2,0,0
BRDA:78,2,1,0
BRDA:80,3,0,0
BRDA:83,4,0,0
BRDA:83,4,1,0
BRDA:83,5,0,0
BRDA:83,5,1,0
BRDA:86,6,0,0
BRDA:86,6,1,0
BRDA:86,7,0,0
BRDA:86,7,1,0
BRDA:127,8,0,0
BRDA:130,9,0,0
BRDA:135,10,0,0
BRDA:142,11,0,0
BRDA:142,12,0,0
BRDA:142,12,1,0
BRDA:229,13,0,0
BRDA:229,13,1,0
BRDA:229,14,0,0
BRDA:229,14,1,0
BRDA:229,15,0,0
BRDA:229,15,1,0
BRDA:239,16,0,0
BRDA:245,17,0,0
BRDA:264,18,0,0
BRDA:264,18,1,0
BRDA:264,19,0,0
BRDA:264,19,1,0
BRF:32
BRH:0
end_of_record
TN:
SF:src/plugins/record.ts
FN:56,(anonymous_7)
FN:56,(anonymous_8)
FN:75,(anonymous_9)
FN:101,(anonymous_10)
FN:105,(anonymous_11)
FN:134,(anonymous_12)
FN:206,(anonymous_13)
FN:217,(anonymous_14)
FN:225,(anonymous_15)
FN:233,(anonymous_16)
FN:241,(anonymous_17)
FN:266,(anonymous_19)
FN:274,(anonymous_20)
FN:280,(anonymous_21)
FN:294,(anonymous_23)
FN:301,(anonymous_24)
FN:315,(anonymous_25)
FN:317,(anonymous_26)
FN:331,(anonymous_27)
FN:336,(anonymous_28)
FN:340,(anonymous_29)
FN:344,(anonymous_30)
FN:349,(anonymous_31)
FN:358,(anonymous_32)
FN:370,(anonymous_33)
FN:386,(anonymous_34)
FN:389,(anonymous_36)
FN:389,(anonymous_37)
FN:393,(anonymous_38)
FN:405,(anonymous_39)
FNF:30
FNH:0
FNDA:0,(anonymous_7)
FNDA:0,(anonymous_8)
FNDA:0,(anonymous_9)
FNDA:0,(anonymous_10)
FNDA:0,(anonymous_11)
FNDA:0,(anonymous_12)
FNDA:0,(anonymous_13)
FNDA:0,(anonymous_14)
FNDA:0,(anonymous_15)
FNDA:0,(anonymous_16)
FNDA:0,(anonymous_17)
FNDA:0,(anonymous_19)
FNDA:0,(anonymous_20)
FNDA:0,(anonymous_21)
FNDA:0,(anonymous_23)
FNDA:0,(anonymous_24)
FNDA:0,(anonymous_25)
FNDA:0,(anonymous_26)
FNDA:0,(anonymous_27)
FNDA:0,(anonymous_28)
FNDA:0,(anonymous_29)
FNDA:0,(anonymous_30)
FNDA:0,(anonymous_31)
FNDA:0,(anonymous_32)
FNDA:0,(anonymous_33)
FNDA:0,(anonymous_34)
FNDA:0,(anonymous_36)
FNDA:0,(anonymous_37)
FNDA:0,(anonymous_38)
FNDA:0,(anonymous_39)
DA:51,0
DA:52,0
DA:53,0
DA:55,0
DA:56,0
DA:59,0
DA:60,0
DA:61,0
DA:62,0
DA:66,0
DA:67,0
DA:68,0
DA:69,0
DA:72,0
DA:76,0
DA:102,0
DA:106,0
DA:107,0
DA:108,0
DA:109,0
DA:112,0
DA:113,0
DA:115,0
DA:116,0
DA:118,0
DA:120,0
DA:121,0
DA:125,0
DA:126,0
DA:127,0
DA:129,0
DA:130,0
DA:134,0
DA:135,0
DA:137,0
DA:139,0
DA:141,0
DA:144,0
DA:145,0
DA:146,0
DA:147,0
DA:148,0
DA:152,0
DA:153,0
DA:156,0
DA:158,0
DA:160,0
DA:161,0
DA:162,0
DA:166,0
DA:167,0
DA:168,0
DA:170,0
DA:171,0
DA:174,0
DA:177,0
DA:178,0
DA:179,0
DA:180,0
DA:181,0
DA:185,0
DA:186,0
DA:187,0
DA:188,0
DA:191,0
DA:192,0
DA:194,0
DA:198,0
DA:199,0
DA:200,0
DA:207,0
DA:208,0
DA:210,0
DA:211,0
DA:218,0
DA:223,0
DA:225,0
DA:226,0
DA:227,0
DA:228,0
DA:231,0
DA:234,0
DA:235,0
DA:243,0
DA:244,0
DA:248,0
DA:249,0
DA:253,0
DA:256,0
DA:257,0
DA:258,0
DA:259,0
DA:260,0
DA:262,0
DA:267,0
DA:268,0
DA:269,0
DA:270,0
DA:271,0
DA:272,0
DA:273,0
DA:274,0
DA:275,0
DA:276,0
DA:281,0
DA:282,0
DA:284,0
DA:289,0
DA:290,0
DA:292,0
DA:294,0
DA:295,0
DA:296,0
DA:298,0
DA:301,0
DA:302,0
DA:303,0
DA:304,0
DA:305,0
DA:307,0
DA:308,0
DA:310,0
DA:311,0
DA:315,0
DA:317,0
DA:319,0
DA:320,0
DA:321,0
DA:322,0
DA:323,0
DA:327,0
DA:332,0
DA:337,0
DA:341,0
DA:345,0
DA:350,0
DA:351,0
DA:359,0
DA:360,0
DA:361,0
DA:362,0
DA:365,0
DA:371,0
DA:372,0
DA:373,0
DA:376,0
DA:377,0
DA:387,0
DA:389,0
DA:394,0
DA:395,0
DA:396,0
DA:397,0
DA:399,0
DA:400,0
DA:401,0
DA:406,0
DA:407,0
DA:408,0
LF:159
LH:0
BRDA:78,0,0,0
BRDA:78,0,1,0
BRDA:78,1,0,0
BRDA:78,1,1,0
BRDA:79,2,0,0
BRDA:79,2,1,0
BRDA:79,3,0,0
BRDA:79,3,1,0
BRDA:80,4,0,0
BRDA:80,4,1,0
BRDA:80,5,0,0
BRDA:80,5,1,0
BRDA:81,6,0,0
BRDA:81,6,1,0
BRDA:81,7,0,0
BRDA:81,7,1,0
BRDA:82,8,0,0
BRDA:82,8,1,0
BRDA:82,9,0,0
BRDA:82,9,1,0
BRDA:83,10,0,0
BRDA:83,10,1,0
BRDA:83,11,0,0
BRDA:83,11,1,0
BRDA:102,12,0,0
BRDA:102,12,1,0
BRDA:112,13,0,0
BRDA:112,14,0,0
BRDA:112,14,1,0
BRDA:120,15,0,0
BRDA:121,16,0,0
BRDA:121,16,1,0
BRDA:121,17,0,0
BRDA:121,17,1,0
BRDA:126,18,0,0
BRDA:135,19,0,0
BRDA:139,20,0,0
BRDA:139,20,1,0
BRDA:141,21,0,0
BRDA:141,21,1,0
BRDA:147,22,0,0
BRDA:152,23,0,0
BRDA:158,24,0,0
BRDA:158,25,0,0
BRDA:158,25,1,0
BRDA:168,26,0,0
BRDA:168,26,1,0
BRDA:170,27,0,0
BRDA:171,28,0,0
BRDA:171,28,1,0
BRDA:173,29,0,0
BRDA:173,29,1,0
BRDA:173,30,0,0
BRDA:173,30,1,0
BRDA:173,31,0,0
BRDA:173,31,1,0
BRDA:173,32,0,0
BRDA:173,32,1,0
BRDA:180,33,0,0
BRDA:185,34,0,0
BRDA:198,35,0,0
BRDA:199,36,0,0
BRDA:199,36,1,0
BRDA:199,37,0,0
BRDA:199,37,1,0
BRDA:199,38,0,0
BRDA:199,38,1,0
BRDA:199,39,0,0
BRDA:199,39,1,0
BRDA:204,40,0,0
BRDA:204,40,1,0
BRDA:207,41,0,0
BRDA:207,42,0,0
BRDA:207,42,1,0
BRDA:210,43,0,0
BRDA:227,44,0,0
BRDA:227,44,1,0
BRDA:227,45,0,0
BRDA:227,45,1,0
BRDA:228,46,0,0
BRDA:228,46,1,0
BRDA:228,47,0,0
BRDA:228,47,1,0
BRDA:243,48,0,0
BRDA:250,49,0,0
BRDA:250,49,1,0
BRDA:250,50,0,0
BRDA:250,50,1,0
BRDA:267,51,0,0
BRDA:267,51,1,0
BRDA:267,52,0,0
BRDA:267,52,1,0
BRDA:268,53,0,0
BRDA:268,53,1,0
BRDA:268,54,0,0
BRDA:268,54,1,0
BRDA:269,55,0,0
BRDA:269,55,1,0
BRDA:269,56,0,0
BRDA:269,56,1,0
BRDA:273,57,0,0
BRDA:281,58,0,0
BRDA:281,58,1,0
BRDA:284,59,0,0
BRDA:284,59,1,0
BRDA:286,60,0,0
BRDA:286,60,1,0
BRDA:295,61,0,0
BRDA:304,62,0,0
BRDA:307,63,0,0
BRDA:311,64,0,0
BRDA:311,64,1,0
BRDA:311,65,0,0
BRDA:311,65,1,0
BRDA:337,66,0,0
BRDA:337,66,1,0
BRDA:337,67,0,0
BRDA:337,67,1,0
BRDA:341,68,0,0
BRDA:341,68,1,0
BRDA:341,69,0,0
BRDA:341,69,1,0
BRDA:345,70,0,0
BRDA:345,70,1,0
BRDA:345,71,0,0
BRDA:345,71,1,0
BRDA:350,72,0,0
BRDA:351,73,0,0
BRDA:351,73,1,0
BRDA:351,74,0,0
BRDA:351,74,1,0
BRDA:359,75,0,0
BRDA:361,76,0,0
BRDA:361,76,1,0
BRDA:361,77,0,0
BRDA:361,77,1,0
BRDA:362,78,0,0
BRDA:362,78,1,0
BRDA:362,79,0,0
BRDA:362,79,1,0
BRDA:371,80,0,0
BRDA:373,81,0,0
BRDA:373,81,1,0
BRDA:373,82,0,0
BRDA:373,82,1,0
BRDA:399,83,0,0
BRDA:406,84,0,0
BRDA:406,85,0,0
BRDA:406,85,1,0
BRF:149
BRH:0
end_of_record
TN:
SF:src/plugins/spectrogram-windowed.ts
FN:145,(anonymous_7)
FN:149,(anonymous_8)
FN:1028,(anonymous_9)
FN:195,(anonymous_10)
FN:206,(anonymous_11)
FN:222,(anonymous_12)
FN:233,(anonymous_13)
FN:257,(anonymous_14)
FN:264,(anonymous_15)
FN:270,(anonymous_16)
FN:274,(anonymous_17)
FN:286,(anonymous_18)
FN:292,(anonymous_19)
FN:323,(anonymous_20)
FN:340,(anonymous_21)
FN:352,(anonymous_22)
FN:373,(anonymous_23)
FN:379,(anonymous_24)
FN:386,(anonymous_25)
FN:402,(anonymous_27)
FN:417,(anonymous_28)
FN:439,(anonymous_29)
FN:449,(anonymous_30)
FN:484,(anonymous_31)
FN:489,(anonymous_32)
FN:493,(anonymous_33)
FN:498,(anonymous_34)
FN:536,(anonymous_36)
FN:632,(anonymous_38)
FN:638,(anonymous_39)
FN:673,(anonymous_40)
FN:680,(anonymous_41)
FN:685,(anonymous_42)
FN:719,(anonymous_44)
FN:724,(anonymous_45)
FN:733,(anonymous_46)
FN:752,(anonymous_47)
FN:757,(anonymous_48)
FN:780,(anonymous_50)
FN:810,(anonymous_52)
FN:814,(anonymous_53)
FN:845,(anonymous_54)
FN:920,(anonymous_56)
FN:961,(anonymous_58)
FN:1014,(anonymous_60)
FN:1023,(anonymous_61)
FN:1036,(anonymous_62)
FN:1040,(anonymous_63)
FN:1044,(anonymous_64)
FN:1050,(anonymous_65)
FN:1120,(anonymous_66)
FN:1153,(anonymous_68)
FN:1210,(anonymous_69)
FN:1214,(anonymous_70)
FN:1240,(anonymous_71)
FN:1249,(anonymous_72)
FNF:56
FNH:0
FNDA:0,(anonymous_7)
FNDA:0,(anonymous_8)
FNDA:0,(anonymous_9)
FNDA:0,(anonymous_10)
FNDA:0,(anonymous_11)
FNDA:0,(anonymous_12)
FNDA:0,(anonymous_13)
FNDA:0,(anonymous_14)
FNDA:0,(anonymous_15)
FNDA:0,(anonymous_16)
FNDA:0,(anonymous_17)
FNDA:0,(anonymous_18)
FNDA:0,(anonymous_19)
FNDA:0,(anonymous_20)
FNDA:0,(anonymous_21)
FNDA:0,(anonymous_22)
FNDA:0,(anonymous_23)
FNDA:0,(anonymous_24)
FNDA:0,(anonymous_25)
FNDA:0,(anonymous_27)
FNDA:0,(anonymous_28)
FNDA:0,(anonymous_29)
FNDA:0,(anonymous_30)
FNDA:0,(anonymous_31)
FNDA:0,(anonymous_32)
FNDA:0,(anonymous_33)
FNDA:0,(anonymous_34)
FNDA:0,(anonymous_36)
FNDA:0,(anonymous_38)
FNDA:0,(anonymous_39)
FNDA:0,(anonymous_40)
FNDA:0,(anonymous_41)
FNDA:0,(anonymous_42)
FNDA:0,(anonymous_44)
FNDA:0,(anonymous_45)
FNDA:0,(anonymous_46)
FNDA:0,(anonymous_47)
FNDA:0,(anonymous_48)
FNDA:0,(anonymous_50)
FNDA:0,(anonymous_52)
FNDA:0,(anonymous_53)
FNDA:0,(anonymous_54)
FNDA:0,(anonymous_56)
FNDA:0,(anonymous_58)
FNDA:0,(anonymous_60)
FNDA:0,(anonymous_61)
FNDA:0,(anonymous_62)
FNDA:0,(anonymous_63)
FNDA:0,(anonymous_64)
FNDA:0,(anonymous_65)
FNDA:0,(anonymous_66)
FNDA:0,(anonymous_68)
FNDA:0,(anonymous_69)
FNDA:0,(anonymous_70)
FNDA:0,(anonymous_71)
FNDA:0,(anonymous_72)
DA:122,0
DA:123,0
DA:124,0
DA:125,0
DA:126,0
DA:127,0
DA:130,0
DA:137,0
DA:138,0
DA:139,0
DA:142,0
DA:143,0
DA:146,0
DA:150,0
DA:152,0
DA:156,0
DA:159,0
DA:160,0
DA:161,0
DA:162,0
DA:163,0
DA:164,0
DA:165,0
DA:166,0
DA:167,0
DA:168,0
DA:171,0
DA:172,0
DA:175,0
DA:178,0
DA:181,0
DA:182,0
DA:183,0
DA:184,0
DA:186,0
DA:187,0
DA:190,0
DA:191,0
DA:197,0
DA:198,0
DA:199,0
DA:202,0
DA:204,0
DA:206,0
DA:207,0
DA:209,0
DA:210,0
DA:211,0
DA:212,0
DA:213,0
DA:214,0
DA:216,0
DA:222,0
DA:223,0
DA:225,0
DA:228,0
DA:229,0
DA:235,0
DA:236,0
DA:238,0
DA:239,0
DA:243,0
DA:244,0
DA:247,0
DA:248,0
DA:256,0
DA:258,0
DA:263,0
DA:265,0
DA:270,0
DA:273,0
DA:275,0
DA:276,0
DA:277,0
DA:284,0
DA:286,0
DA:287,0
DA:293,0
DA:302,0
DA:303,0
DA:319,0
DA:320,0
DA:324,0
DA:341,0
DA:342,0
DA:345,0
DA:346,0
DA:349,0
DA:353,0
DA:355,0
DA:356,0
DA:359,0
DA:360,0
DA:361,0
DA:362,0
DA:367,0
DA:368,0
DA:369,0
DA:375,0
DA:376,0
DA:379,0
DA:380,0
DA:384,0
DA:387,0
DA:389,0
DA:390,0
DA:393,0
DA:394,0
DA:395,0
DA:397,0
DA:398,0
DA:401,0
DA:402,0
DA:405,0
DA:406,0
DA:410,0
DA:411,0
DA:412,0
DA:419,0
DA:420,0
DA:421,0
DA:422,0
DA:423,0
DA:424,0
DA:427,0
DA:428,0
DA:429,0
DA:430,0
DA:431,0
DA:433,0
DA:436,0
DA:440,0
DA:441,0
DA:442,0
DA:445,0
DA:446,0
DA:450,0
DA:453,0
DA:455,0
DA:456,0
DA:457,0
DA:458,0
DA:459,0
DA:460,0
DA:461,0
DA:462,0
DA:463,0
DA:465,0
DA:466,0
DA:467,0
DA:468,0
DA:469,0
DA:470,0
DA:471,0
DA:474,0
DA:478,0
DA:479,0
DA:481,0
DA:485,0
DA:486,0
DA:490,0
DA:491,0
DA:493,0
DA:494,0
DA:499,0
DA:500,0
DA:502,0
DA:503,0
DA:504,0
DA:507,0
DA:508,0
DA:509,0
DA:510,0
DA:512,0
DA:513,0
DA:516,0
DA:517,0
DA:519,0
DA:520,0
DA:521,0
DA:524,0
DA:525,0
DA:528,0
DA:532,0
DA:537,0
DA:539,0
DA:540,0
DA:541,0
DA:544,0
DA:547,0
DA:549,0
DA:554,0
DA:556,0
DA:557,0
DA:558,0
DA:560,0
DA:561,0
DA:564,0
DA:565,0
DA:569,0
DA:570,0
DA:575,0
DA:577,0
DA:578,0
DA:581,0
DA:584,0
DA:586,0
DA:587,0
DA:588,0
DA:589,0
DA:592,0
DA:593,0
DA:596,0
DA:599,0
DA:600,0
DA:601,0
DA:603,0
DA:604,0
DA:612,0
DA:615,0
DA:616,0
DA:617,0
DA:620,0
DA:627,0
DA:628,0
DA:638,0
DA:640,0
DA:641,0
DA:643,0
DA:645,0
DA:646,0
DA:647,0
DA:654,0
DA:657,0
DA:658,0
DA:663,0
DA:664,0
DA:670,0
DA:674,0
DA:676,0
DA:677,0
DA:680,0
DA:681,0
DA:686,0
DA:689,0
DA:690,0
DA:693,0
DA:694,0
DA:695,0
DA:698,0
DA:699,0
DA:702,0
DA:703,0
DA:705,0
DA:706,0
DA:707,0
DA:709,0
DA:710,0
DA:711,0
DA:716,0
DA:719,0
DA:720,0
DA:725,0
DA:726,0
DA:727,0
DA:728,0
DA:734,0
DA:736,0
DA:738,0
DA:739,0
DA:742,0
DA:745,0
DA:746,0
DA:749,0
DA:753,0
DA:754,0
DA:758,0
DA:760,0
DA:761,0
DA:762,0
DA:765,0
DA:766,0
DA:767,0
DA:768,0
DA:769,0
DA:771,0
DA:777,0
DA:781,0
DA:782,0
DA:785,0
DA:786,0
DA:789,0
DA:790,0
DA:791,0
DA:792,0
DA:793,0
DA:794,0
DA:795,0
DA:796,0
DA:797,0
DA:801,0
DA:802,0
DA:803,0
DA:807,0
DA:810,0
DA:811,0
DA:814,0
DA:815,0
DA:816,0
DA:817,0
DA:823,0
DA:842,0
DA:846,0
DA:848,0
DA:849,0
DA:850,0
DA:851,0
DA:854,0
DA:855,0
DA:859,0
DA:860,0
DA:861,0
DA:862,0
DA:863,0
DA:864,0
DA:865,0
DA:869,0
DA:870,0
DA:871,0
DA:872,0
DA:874,0
DA:876,0
DA:877,0
DA:879,0
DA:880,0
DA:881,0
DA:883,0
DA:884,0
DA:885,0
DA:886,0
DA:889,0
DA:890,0
DA:891,0
DA:895,0
DA:896,0
DA:898,0
DA:899,0
DA:900,0
DA:902,0
DA:903,0
DA:904,0
DA:905,0
DA:907,0
DA:910,0
DA:912,0
DA:915,0
DA:917,0
DA:921,0
DA:922,0
DA:925,0
DA:926,0
DA:927,0
DA:928,0
DA:929,0
DA:930,0
DA:931,0
DA:932,0
DA:934,0
DA:935,0
DA:938,0
DA:939,0
DA:940,0
DA:943,0
DA:944,0
DA:957,0
DA:958,0
DA:971,0
DA:973,0
DA:974,0
DA:975,0
DA:978,0
DA:979,0
DA:980,0
DA:981,0
DA:982,0
DA:983,0
DA:985,0
DA:986,0
DA:987,0
DA:988,0
DA:993,0
DA:994,0
DA:995,0
DA:998,0
DA:999,0
DA:1000,0
DA:1001,0
DA:1004,0
DA:1006,0
DA:1009,0
DA:1010,0
DA:1015,0
DA:1016,0
DA:1017,0
DA:1020,0
DA:1024,0
DA:1025,0
DA:1028,0
DA:1029,0
DA:1030,0
DA:1031,0
DA:1032,0
DA:1033,0
DA:1037,0
DA:1041,0
DA:1045,0
DA:1046,0
DA:1047,0
DA:1061,0
DA:1062,0
DA:1063,0
DA:1064,0
DA:1065,0
DA:1066,0
DA:1067,0
DA:1068,0
DA:1069,0
DA:1070,0
DA:1071,0
DA:1072,0
DA:1073,0
DA:1076,0
DA:1077,0
DA:1078,0
DA:1079,0
DA:1080,0
DA:1082,0
DA:1083,0
DA:1086,0
DA:1089,0
DA:1090,0
DA:1091,0
DA:1095,0
DA:1096,0
DA:1097,0
DA:1099,0
DA:1100,0
DA:1101,0
DA:1102,0
DA:1103,0
DA:1106,0
DA:1109,0
DA:1110,0
DA:1111,0
DA:1113,0
DA:1114,0
DA:1115,0
DA:1121,0
DA:1122,0
DA:1123,0
DA:1126,0
DA:1127,0
DA:1130,0
DA:1131,0
DA:1134,0
DA:1135,0
DA:1149,0
DA:1150,0
DA:1154,0
DA:1156,0
DA:1157,0
DA:1158,0
DA:1161,0
DA:1162,0
DA:1163,0
DA:1167,0
DA:1168,0
DA:1171,0
DA:1172,0
DA:1173,0
DA:1177,0
DA:1178,0
DA:1180,0
DA:1182,0
DA:1185,0
DA:1186,0
DA:1187,0
DA:1189,0
DA:1190,0
DA:1191,0
DA:1193,0
DA:1194,0
DA:1195,0
DA:1199,0
DA:1200,0
DA:1201,0
DA:1202,0
DA:1203,0
DA:1204,0
DA:1206,0
DA:1211,0
DA:1216,0
DA:1217,0
DA:1218,0
DA:1222,0
DA:1225,0
DA:1226,0
DA:1227,0
DA:1231,0
DA:1233,0
DA:1236,0
DA:1241,0
DA:1242,0
DA:1243,0
DA:1244,0
DA:1250,0
DA:1251,0
DA:1252,0
DA:1253,0
LF:519
LH:0
BRDA:146,0,0,0
BRDA:146,0,1,0
BRDA:153,1,0,0
BRDA:153,1,1,0
BRDA:159,2,0,0
BRDA:159,2,1,0
BRDA:160,3,0,0
BRDA:160,3,1,0
BRDA:161,4,0,0
BRDA:161,4,1,0
BRDA:162,5,0,0
BRDA:162,5,1,0
BRDA:164,6,0,0
BRDA:164,6,1,0
BRDA:165,7,0,0
BRDA:165,7,1,0
BRDA:166,8,0,0
BRDA:166,8,1,0
BRDA:166,9,0,0
BRDA:166,9,1,0
BRDA:167,10,0,0
BRDA:167,10,1,0
BRDA:167,11,0,0
BRDA:167,11,1,0
BRDA:168,12,0,0
BRDA:168,12,1,0
BRDA:171,13,0,0
BRDA:171,13,1,0
BRDA:172,14,0,0
BRDA:172,14,1,0
BRDA:178,15,0,0
BRDA:178,15,1,0
BRDA:190,16,0,0
BRDA:197,17,0,0
BRDA:197,18,0,0
BRDA:197,18,1,0
BRDA:209,19,0,0
BRDA:211,20,0,0
BRDA:213,21,0,0
BRDA:213,21,1,0
BRDA:235,22,0,0
BRDA:238,23,0,0
BRDA:247,24,0,0
BRDA:276,25,0,0
BRDA:284,26,0,0
BRDA:302,27,0,0
BRDA:345,28,0,0
BRDA:345,29,0,0
BRDA:345,29,1,0
BRDA:359,30,0,0
BRDA:368,31,0,0
BRDA:368,32,0,0
BRDA:368,32,1,0
BRDA:375,33,0,0
BRDA:387,34,0,0
BRDA:389,35,0,0
BRDA:389,35,1,0
BRDA:389,36,0,0
BRDA:389,36,1,0
BRDA:390,37,0,0
BRDA:402,38,0,0
BRDA:402,38,1,0
BRDA:405,39,0,0
BRDA:411,40,0,0
BRDA:419,41,0,0
BRDA:420,42,0,0
BRDA:420,43,0,0
BRDA:420,43,1,0
BRDA:420,44,0,0
BRDA:420,44,1,0
BRDA:421,45,0,0
BRDA:422,46,0,0
BRDA:423,47,0,0
BRDA:424,48,0,0
BRDA:430,49,0,0
BRDA:430,50,0,0
BRDA:430,50,1,0
BRDA:431,51,0,0
BRDA:440,52,0,0
BRDA:440,52,1,0
BRDA:441,53,0,0
BRDA:441,53,1,0
BRDA:441,54,0,0
BRDA:441,54,1,0
BRDA:441,55,0,0
BRDA:441,55,1,0
BRDA:441,56,0,0
BRDA:441,56,1,0
BRDA:441,57,0,0
BRDA:441,57,1,0
BRDA:445,58,0,0
BRDA:445,59,0,0
BRDA:445,59,1,0
BRDA:446,60,0,0
BRDA:446,60,1,0
BRDA:450,61,0,0
BRDA:450,61,1,0
BRDA:450,62,0,0
BRDA:450,62,1,0
BRDA:455,63,0,0
BRDA:455,63,1,0
BRDA:455,64,0,0
BRDA:455,64,1,0
BRDA:455,65,0,0
BRDA:455,65,1,0
BRDA:457,66,0,0
BRDA:457,66,1,0
BRDA:457,67,0,0
BRDA:457,67,1,0
BRDA:457,68,0,0
BRDA:457,68,1,0
BRDA:457,69,0,0
BRDA:457,69,1,0
BRDA:457,70,0,0
BRDA:457,70,1,0
BRDA:459,71,0,0
BRDA:459,71,1,0
BRDA:459,72,0,0
BRDA:459,72,1,0
BRDA:460,73,0,0
BRDA:460,73,1,0
BRDA:461,74,0,0
BRDA:461,74,1,0
BRDA:461,75,0,0
BRDA:461,75,1,0
BRDA:462,76,0,0
BRDA:462,76,1,0
BRDA:463,77,0,0
BRDA:466,78,0,0
BRDA:466,78,1,0
BRDA:468,79,0,0
BRDA:468,80,0,0
BRDA:468,80,1,0
BRDA:469,81,0,0
BRDA:490,82,0,0
BRDA:499,83,0,0
BRDA:499,84,0,0
BRDA:499,84,1,0
BRDA:503,85,0,0
BRDA:503,85,1,0
BRDA:503,86,0,0
BRDA:503,86,1,0
BRDA:504,87,0,0
BRDA:519,88,0,0
BRDA:537,89,0,0
BRDA:544,90,0,0
BRDA:544,90,1,0
BRDA:549,91,0,0
BRDA:549,91,1,0
BRDA:549,91,2,0
BRDA:554,92,0,0
BRDA:554,92,1,0
BRDA:558,93,0,0
BRDA:558,93,1,0
BRDA:569,94,0,0
BRDA:577,95,0,0
BRDA:592,96,0,0
BRDA:603,97,0,0
BRDA:603,97,1,0
BRDA:603,98,0,0
BRDA:603,98,1,0
BRDA:607,99,0,0
BRDA:607,99,1,0
BRDA:608,100,0,0
BRDA:608,100,1,0
BRDA:627,101,0,0
BRDA:645,102,0,0
BRDA:645,103,0,0
BRDA:645,103,1,0
BRDA:657,104,0,0
BRDA:663,105,0,0
BRDA:674,106,0,0
BRDA:674,107,0,0
BRDA:674,107,1,0
BRDA:674,107,2,0
BRDA:686,108,0,0
BRDA:686,109,0,0
BRDA:686,109,1,0
BRDA:693,110,0,0
BRDA:705,111,0,0
BRDA:726,112,0,0
BRDA:734,113,0,0
BRDA:738,114,0,0
BRDA:739,115,0,0
BRDA:739,116,0,0
BRDA:739,116,1,0
BRDA:745,117,0,0
BRDA:745,118,0,0
BRDA:745,118,1,0
BRDA:758,119,0,0
BRDA:762,120,0,0
BRDA:762,120,1,0
BRDA:765,121,0,0
BRDA:781,122,0,0
BRDA:781,123,0,0
BRDA:781,123,1,0
BRDA:786,124,0,0
BRDA:786,124,1,0
BRDA:790,125,0,0
BRDA:815,126,0,0
BRDA:838,127,0,0
BRDA:838,127,1,0
BRDA:846,128,0,0
BRDA:851,129,0,0
BRDA:851,129,1,0
BRDA:854,130,0,0
BRDA:860,131,0,0
BRDA:890,132,0,0
BRDA:899,133,0,0
BRDA:899,133,1,0
BRDA:902,134,0,0
BRDA:902,134,1,0
BRDA:904,135,0,0
BRDA:904,135,1,0
BRDA:935,136,0,0
BRDA:938,137,0,0
BRDA:938,137,1,0
BRDA:938,138,0,0
BRDA:938,138,1,0
BRDA:938,139,0,0
BRDA:938,139,1,0
BRDA:940,140,0,0
BRDA:940,140,1,0
BRDA:971,141,0,0
BRDA:1009,142,0,0
BRDA:1016,143,0,0
BRDA:1037,144,0,0
BRDA:1037,144,1,0
BRDA:1041,145,0,0
BRDA:1041,145,1,0
BRDA:1062,146,0,0
BRDA:1062,146,1,0
BRDA:1063,147,0,0
BRDA:1063,147,1,0
BRDA:1064,148,0,0
BRDA:1064,148,1,0
BRDA:1065,149,0,0
BRDA:1065,149,1,0
BRDA:1066,150,0,0
BRDA:1066,150,1,0
BRDA:1067,151,0,0
BRDA:1067,151,1,0
BRDA:1068,152,0,0
BRDA:1068,152,1,0
BRDA:1069,153,0,0
BRDA:1069,153,1,0
BRDA:1071,154,0,0
BRDA:1071,154,1,0
BRDA:1082,155,0,0
BRDA:1123,156,0,0
BRDA:1123,156,1,0
BRDA:1126,157,0,0
BRDA:1126,157,1,0
BRDA:1134,158,0,0
BRDA:1141,159,0,0
BRDA:1141,159,1,0
BRDA:1156,160,0,0
BRDA:1161,161,0,0
BRDA:1171,162,0,0
BRDA:1185,163,0,0
BRDA:1189,164,0,0
BRDA:1193,165,0,0
BRDA:1211,166,0,0
BRDA:1211,166,1,0
BRDA:1211,167,0,0
BRDA:1211,167,1,0
BRDA:1211,168,0,0
BRDA:1211,168,1,0
BRDA:1211,169,0,0
BRDA:1211,169,1,0
BRDA:1211,170,0,0
BRDA:1211,170,1,0
BRDA:1216,171,0,0
BRDA:1216,171,1,0
BRDA:1216,172,0,0
BRDA:1216,172,1,0
BRDA:1217,173,0,0
BRDA:1217,174,0,0
BRDA:1217,174,1,0
BRDA:1225,175,0,0
BRDA:1227,176,0,0
BRDA:1227,176,1,0
BRDA:1242,177,0,0
BRDA:1252,178,0,0
BRF:284
BRH:0
end_of_record
TN:
SF:src/plugins/spectrogram-worker.ts
FN:39,(anonymous_0)
FN:65,calculateFrequencies
FNF:2
FNH:0
FNDA:0,(anonymous_0)
FNDA:0,calculateFrequencies
DA:10,0
DA:39,0
DA:40,0
DA:42,0
DA:43,0
DA:44,0
DA:45,0
DA:50,0
DA:52,0
DA:57,0
DA:78,0
DA:80,0
DA:81,0
DA:82,0
DA:85,0
DA:86,0
DA:90,0
DA:91,0
DA:94,0
DA:95,0
DA:96,0
DA:97,0
DA:98,0
DA:100,0
DA:102,0
DA:103,0
DA:104,0
DA:106,0
DA:107,0
DA:108,0
DA:111,0
DA:112,0
DA:116,0
DA:117,0
DA:119,0
DA:120,0
DA:121,0
DA:123,0
DA:124,0
DA:125,0
DA:126,0
DA:128,0
DA:131,0
DA:133,0
DA:136,0
LF:45
LH:0
BRDA:42,0,0,0
BRDA:55,1,0,0
BRDA:55,1,1,0
BRDA:82,2,0,0
BRDA:82,2,1,0
BRDA:85,3,0,0
BRDA:85,4,0,0
BRDA:85,4,1,0
BRDA:86,5,0,0
BRDA:86,5,1,0
BRDA:94,6,0,0
BRDA:94,6,1,0
BRDA:111,7,0,0
BRDA:120,8,0,0
BRDA:120,8,1,0
BRDA:123,9,0,0
BRDA:123,9,1,0
BRDA:125,10,0,0
BRDA:125,10,1,0
BRF:19
BRH:0
end_of_record
TN:
SF:src/plugins/spectrogram.ts
FN:169,(anonymous_7)
FN:173,(anonymous_8)
FN:231,(anonymous_9)
FN:242,(anonymous_10)
FN:258,(anonymous_11)
FN:269,(anonymous_12)
FN:289,(anonymous_13)
FN:295,(anonymous_14)
FN:301,(anonymous_15)
FN:368,(anonymous_16)
FN:377,(anonymous_18)
FN:396,(anonymous_20)
FN:404,(anonymous_21)
FN:435,(anonymous_22)
FN:452,(anonymous_23)
FN:471,(anonymous_24)
FN:472,(anonymous_25)
FN:477,(anonymous_26)
FN:484,(anonymous_27)
FN:501,(anonymous_28)
FN:506,(anonymous_29)
FN:512,(anonymous_30)
FN:532,(anonymous_32)
FN:545,(anonymous_33)
FN:599,(anonymous_34)
FN:655,(anonymous_35)
FN:686,(anonymous_36)
FN:694,(anonymous_37)
FN:718,(anonymous_38)
FN:769,(anonymous_39)
FN:786,(anonymous_40)
FN:792,(anonymous_41)
FN:796,(anonymous_42)
FN:800,(anonymous_43)
FN:827,(anonymous_45)
FN:831,(anonymous_46)
FN:862,(anonymous_47)
FN:946,(anonymous_49)
FN:1017,(anonymous_50)
FN:1018,(anonymous_51)
FN:1021,(anonymous_52)
FN:1088,(anonymous_53)
FNF:42
FNH:0
FNDA:0,(anonymous_7)
FNDA:0,(anonymous_8)
FNDA:0,(anonymous_9)
FNDA:0,(anonymous_10)
FNDA:0,(anonymous_11)
FNDA:0,(anonymous_12)
FNDA:0,(anonymous_13)
FNDA:0,(anonymous_14)
FNDA:0,(anonymous_15)
FNDA:0,(anonymous_16)
FNDA:0,(anonymous_18)
FNDA:0,(anonymous_20)
FNDA:0,(anonymous_21)
FNDA:0,(anonymous_22)
FNDA:0,(anonymous_23)
FNDA:0,(anonymous_24)
FNDA:0,(anonymous_25)
FNDA:0,(anonymous_26)
FNDA:0,(anonymous_27)
FNDA:0,(anonymous_28)
FNDA:0,(anonymous_29)
FNDA:0,(anonymous_30)
FNDA:0,(anonymous_32)
FNDA:0,(anonymous_33)
FNDA:0,(anonymous_34)
FNDA:0,(anonymous_35)
FNDA:0,(anonymous_36)
FNDA:0,(anonymous_37)
FNDA:0,(anonymous_38)
FNDA:0,(anonymous_39)
FNDA:0,(anonymous_40)
FNDA:0,(anonymous_41)
FNDA:0,(anonymous_42)
FNDA:0,(anonymous_43)
FNDA:0,(anonymous_45)
FNDA:0,(anonymous_46)
FNDA:0,(anonymous_47)
FNDA:0,(anonymous_49)
FNDA:0,(anonymous_50)
FNDA:0,(anonymous_51)
FNDA:0,(anonymous_52)
FNDA:0,(anonymous_53)
DA:123,0
DA:124,0
DA:130,0
DA:149,0
DA:150,0
DA:151,0
DA:154,0
DA:155,0
DA:156,0
DA:157,0
DA:158,0
DA:159,0
DA:160,0
DA:161,0
DA:162,0
DA:163,0
DA:164,0
DA:165,0
DA:166,0
DA:170,0
DA:174,0
DA:176,0
DA:179,0
DA:180,0
DA:183,0
DA:187,0
DA:190,0
DA:192,0
DA:193,0
DA:194,0
DA:195,0
DA:196,0
DA:200,0
DA:201,0
DA:203,0
DA:204,0
DA:205,0
DA:208,0
DA:209,0
DA:210,0
DA:211,0
DA:214,0
DA:215,0
DA:219,0
DA:220,0
DA:222,0
DA:223,0
DA:226,0
DA:227,0
DA:233,0
DA:234,0
DA:235,0
DA:238,0
DA:240,0
DA:242,0
DA:243,0
DA:245,0
DA:246,0
DA:247,0
DA:248,0
DA:249,0
DA:250,0
DA:252,0
DA:258,0
DA:259,0
DA:261,0
DA:264,0
DA:265,0
DA:271,0
DA:272,0
DA:274,0
DA:275,0
DA:279,0
DA:280,0
DA:282,0
DA:283,0
DA:289,0
DA:293,0
DA:295,0
DA:296,0
DA:302,0
DA:305,0
DA:308,0
DA:309,0
DA:311,0
DA:312,0
DA:317,0
DA:318,0
DA:319,0
DA:323,0
DA:324,0
DA:325,0
DA:329,0
DA:332,0
DA:333,0
DA:334,0
DA:337,0
DA:338,0
DA:339,0
DA:342,0
DA:343,0
DA:344,0
DA:345,0
DA:347,0
DA:348,0
DA:349,0
DA:351,0
DA:353,0
DA:354,0
DA:358,0
DA:359,0
DA:360,0
DA:361,0
DA:362,0
DA:363,0
DA:365,0
DA:369,0
DA:370,0
DA:371,0
DA:373,0
DA:374,0
DA:378,0
DA:379,0
DA:380,0
DA:383,0
DA:385,0
DA:388,0
DA:389,0
DA:390,0
DA:391,0
DA:397,0
DA:398,0
DA:399,0
DA:400,0
DA:401,0
DA:405,0
DA:414,0
DA:415,0
DA:431,0
DA:432,0
DA:436,0
DA:453,0
DA:464,0
DA:465,0
DA:467,0
DA:468,0
DA:472,0
DA:473,0
DA:474,0
DA:479,0
DA:480,0
DA:486,0
DA:487,0
DA:491,0
DA:492,0
DA:496,0
DA:497,0
DA:499,0
DA:501,0
DA:502,0
DA:506,0
DA:507,0
DA:513,0
DA:514,0
DA:516,0
DA:517,0
DA:518,0
DA:520,0
DA:521,0
DA:522,0
DA:523,0
DA:526,0
DA:528,0
DA:533,0
DA:534,0
DA:536,0
DA:538,0
DA:539,0
DA:541,0
DA:546,0
DA:549,0
DA:553,0
DA:556,0
DA:557,0
DA:559,0
DA:560,0
DA:563,0
DA:566,0
DA:570,0
DA:571,0
DA:573,0
DA:575,0
DA:576,0
DA:578,0
DA:581,0
DA:582,0
DA:583,0
DA:588,0
DA:591,0
DA:592,0
DA:595,0
DA:596,0
DA:599,0
DA:600,0
DA:601,0
DA:603,0
DA:605,0
DA:606,0
DA:608,0
DA:610,0
DA:611,0
DA:612,0
DA:614,0
DA:617,0
DA:618,0
DA:619,0
DA:623,0
DA:624,0
DA:640,0
DA:643,0
DA:644,0
DA:645,0
DA:648,0
DA:650,0
DA:651,0
DA:655,0
DA:656,0
DA:657,0
DA:659,0
DA:660,0
DA:663,0
DA:664,0
DA:665,0
DA:667,0
DA:668,0
DA:671,0
DA:672,0
DA:676,0
DA:677,0
DA:682,0
DA:685,0
DA:686,0
DA:687,0
DA:688,0
DA:691,0
DA:692,0
DA:693,0
DA:694,0
DA:695,0
DA:696,0
DA:701,0
DA:702,0
DA:715,0
DA:731,0
DA:734,0
DA:735,0
DA:739,0
DA:741,0
DA:744,0
DA:745,0
DA:746,0
DA:749,0
DA:752,0
DA:753,0
DA:754,0
DA:757,0
DA:766,0
DA:768,0
DA:771,0
DA:774,0
DA:775,0
DA:776,0
DA:778,0
DA:781,0
DA:782,0
DA:788,0
DA:793,0
DA:797,0
DA:801,0
DA:802,0
DA:805,0
DA:807,0
DA:810,0
DA:811,0
DA:812,0
DA:813,0
DA:814,0
DA:818,0
DA:819,0
DA:820,0
DA:824,0
DA:827,0
DA:828,0
DA:831,0
DA:832,0
DA:833,0
DA:834,0
DA:840,0
DA:859,0
DA:863,0
DA:864,0
DA:866,0
DA:869,0
DA:870,0
DA:871,0
DA:873,0
DA:878,0
DA:880,0
DA:883,0
DA:884,0
DA:887,0
DA:888,0
DA:889,0
DA:890,0
DA:891,0
DA:895,0
DA:896,0
DA:897,0
DA:898,0
DA:899,0
DA:902,0
DA:905,0
DA:906,0
DA:908,0
DA:910,0
DA:911,0
DA:914,0
DA:915,0
DA:916,0
DA:918,0
DA:919,0
DA:923,0
DA:924,0
DA:926,0
DA:927,0
DA:928,0
DA:930,0
DA:931,0
DA:932,0
DA:933,0
DA:935,0
DA:938,0
DA:940,0
DA:943,0
DA:957,0
DA:958,0
DA:959,0
DA:960,0
DA:961,0
DA:962,0
DA:963,0
DA:964,0
DA:965,0
DA:966,0
DA:967,0
DA:968,0
DA:969,0
DA:970,0
DA:973,0
DA:974,0
DA:975,0
DA:976,0
DA:977,0
DA:979,0
DA:980,0
DA:983,0
DA:986,0
DA:987,0
DA:988,0
DA:992,0
DA:993,0
DA:994,0
DA:996,0
DA:997,0
DA:998,0
DA:999,0
DA:1000,0
DA:1003,0
DA:1006,0
DA:1007,0
DA:1008,0
DA:1010,0
DA:1011,0
DA:1012,0
DA:1018,0
DA:1022,0
DA:1023,0
DA:1026,0
DA:1027,0
DA:1030,0
DA:1033,0
DA:1035,0
DA:1037,0
DA:1038,0
DA:1039,0
DA:1040,0
DA:1043,0
DA:1044,0
DA:1046,0
DA:1049,0
DA:1050,0
DA:1051,0
DA:1052,0
DA:1054,0
DA:1057,0
DA:1061,0
DA:1062,0
DA:1063,0
DA:1064,0
DA:1065,0
DA:1067,0
DA:1069,0
DA:1071,0
DA:1074,0
DA:1075,0
DA:1076,0
DA:1077,0
DA:1078,0
DA:1081,0
DA:1085,0
DA:1095,0
DA:1096,0
DA:1097,0
DA:1098,0
DA:1099,0
DA:1100,0
DA:1101,0
DA:1104,0
DA:1105,0
DA:1106,0
DA:1107,0
LF:431
LH:0
BRDA:170,0,0,0
BRDA:170,0,1,0
BRDA:179,1,0,0
BRDA:179,2,0,0
BRDA:179,2,1,0
BRDA:184,3,0,0
BRDA:184,3,1,0
BRDA:192,4,0,0
BRDA:192,4,1,0
BRDA:193,5,0,0
BRDA:193,5,1,0
BRDA:194,6,0,0
BRDA:194,6,1,0
BRDA:195,7,0,0
BRDA:195,7,1,0
BRDA:200,8,0,0
BRDA:200,8,1,0
BRDA:201,9,0,0
BRDA:201,9,1,0
BRDA:203,10,0,0
BRDA:203,10,1,0
BRDA:203,11,0,0
BRDA:203,11,1,0
BRDA:204,12,0,0
BRDA:204,12,1,0
BRDA:204,13,0,0
BRDA:204,13,1,0
BRDA:205,14,0,0
BRDA:205,14,1,0
BRDA:214,15,0,0
BRDA:226,16,0,0
BRDA:233,17,0,0
BRDA:233,18,0,0
BRDA:233,18,1,0
BRDA:245,19,0,0
BRDA:247,20,0,0
BRDA:249,21,0,0
BRDA:249,21,1,0
BRDA:271,22,0,0
BRDA:274,23,0,0
BRDA:282,24,0,0
BRDA:293,25,0,0
BRDA:305,26,0,0
BRDA:308,27,0,0
BRDA:311,28,0,0
BRDA:317,29,0,0
BRDA:323,30,0,0
BRDA:332,31,0,0
BRDA:343,32,0,0
BRDA:347,33,0,0
BRDA:351,34,0,0
BRDA:370,35,0,0
BRDA:378,36,0,0
BRDA:378,36,1,0
BRDA:378,37,0,0
BRDA:378,37,1,0
BRDA:379,38,0,0
BRDA:383,39,0,0
BRDA:383,39,1,0
BRDA:383,40,0,0
BRDA:383,40,1,0
BRDA:414,41,0,0
BRDA:479,42,0,0
BRDA:486,43,0,0
BRDA:491,44,0,0
BRDA:496,45,0,0
BRDA:496,45,1,0
BRDA:496,46,0,0
BRDA:496,46,1,0
BRDA:496,47,0,0
BRDA:496,47,1,0
BRDA:499,48,0,0
BRDA:499,48,1,0
BRDA:499,49,0,0
BRDA:499,49,1,0
BRDA:513,50,0,0
BRDA:517,51,0,0
BRDA:517,51,1,0
BRDA:520,52,0,0
BRDA:520,52,1,0
BRDA:520,53,0,0
BRDA:520,53,1,0
BRDA:521,54,0,0
BRDA:526,55,0,0
BRDA:526,55,1,0
BRDA:526,56,0,0
BRDA:526,56,1,0
BRDA:526,57,0,0
BRDA:526,57,1,0
BRDA:533,58,0,0
BRDA:533,59,0,0
BRDA:533,59,1,0
BRDA:539,60,0,0
BRDA:539,60,1,0
BRDA:539,61,0,0
BRDA:539,61,1,0
BRDA:539,62,0,0
BRDA:539,62,1,0
BRDA:546,63,0,0
BRDA:563,64,0,0
BRDA:563,65,0,0
BRDA:563,65,1,0
BRDA:570,66,0,0
BRDA:570,66,1,0
BRDA:570,67,0,0
BRDA:570,67,1,0
BRDA:570,68,0,0
BRDA:570,68,1,0
BRDA:573,69,0,0
BRDA:573,69,1,0
BRDA:576,70,0,0
BRDA:576,70,1,0
BRDA:576,71,0,0
BRDA:576,71,1,0
BRDA:588,72,0,0
BRDA:588,72,1,0
BRDA:588,73,0,0
BRDA:588,73,1,0
BRDA:588,74,0,0
BRDA:588,74,1,0
BRDA:588,75,0,0
BRDA:588,75,1,0
BRDA:596,76,0,0
BRDA:596,76,1,0
BRDA:600,77,0,0
BRDA:600,78,0,0
BRDA:600,78,1,0
BRDA:601,79,0,0
BRDA:608,80,0,0
BRDA:614,81,0,0
BRDA:617,82,0,0
BRDA:617,83,0,0
BRDA:617,83,1,0
BRDA:643,84,0,0
BRDA:648,85,0,0
BRDA:648,85,1,0
BRDA:648,86,0,0
BRDA:648,86,1,0
BRDA:656,87,0,0
BRDA:656,87,1,0
BRDA:656,88,0,0
BRDA:656,88,1,0
BRDA:657,89,0,0
BRDA:659,90,0,0
BRDA:659,90,1,0
BRDA:660,91,0,0
BRDA:660,91,1,0
BRDA:671,92,0,0
BRDA:687,93,0,0
BRDA:691,94,0,0
BRDA:691,94,1,0
BRDA:691,95,0,0
BRDA:691,95,1,0
BRDA:692,96,0,0
BRDA:696,97,0,0
BRDA:701,98,0,0
BRDA:708,99,0,0
BRDA:708,99,1,0
BRDA:741,100,0,0
BRDA:774,101,0,0
BRDA:781,102,0,0
BRDA:797,103,0,0
BRDA:797,103,1,0
BRDA:797,104,0,0
BRDA:797,104,1,0
BRDA:797,105,0,0
BRDA:797,105,1,0
BRDA:797,106,0,0
BRDA:797,106,1,0
BRDA:797,107,0,0
BRDA:797,107,1,0
BRDA:801,108,0,0
BRDA:807,109,0,0
BRDA:807,109,1,0
BRDA:807,110,0,0
BRDA:807,110,1,0
BRDA:807,111,0,0
BRDA:807,111,1,0
BRDA:807,112,0,0
BRDA:807,112,1,0
BRDA:807,113,0,0
BRDA:807,113,1,0
BRDA:811,114,0,0
BRDA:832,115,0,0
BRDA:855,116,0,0
BRDA:855,116,1,0
BRDA:863,117,0,0
BRDA:863,117,1,0
BRDA:866,118,0,0
BRDA:869,119,0,0
BRDA:869,120,0,0
BRDA:869,120,1,0
BRDA:880,121,0,0
BRDA:880,121,1,0
BRDA:880,122,0,0
BRDA:880,122,1,0
BRDA:880,123,0,0
BRDA:880,123,1,0
BRDA:880,124,0,0
BRDA:880,124,1,0
BRDA:880,125,0,0
BRDA:880,125,1,0
BRDA:888,126,0,0
BRDA:895,127,0,0
BRDA:895,127,1,0
BRDA:918,128,0,0
BRDA:927,129,0,0
BRDA:927,129,1,0
BRDA:930,130,0,0
BRDA:930,130,1,0
BRDA:932,131,0,0
BRDA:932,131,1,0
BRDA:958,132,0,0
BRDA:958,132,1,0
BRDA:959,133,0,0
BRDA:959,133,1,0
BRDA:960,134,0,0
BRDA:960,134,1,0
BRDA:961,135,0,0
BRDA:961,135,1,0
BRDA:962,136,0,0
BRDA:962,136,1,0
BRDA:963,137,0,0
BRDA:963,137,1,0
BRDA:964,138,0,0
BRDA:964,138,1,0
BRDA:965,139,0,0
BRDA:965,139,1,0
BRDA:967,140,0,0
BRDA:967,140,1,0
BRDA:979,141,0,0
BRDA:1023,142,0,0
BRDA:1023,142,1,0
BRDA:1023,143,0,0
BRDA:1023,143,1,0
BRDA:1023,144,0,0
BRDA:1023,144,1,0
BRDA:1026,145,0,0
BRDA:1026,146,0,0
BRDA:1026,146,1,0
BRDA:1035,147,0,0
BRDA:1035,147,1,0
BRDA:1044,148,0,0
BRDA:1044,148,1,0
BRDA:1069,149,0,0
BRDA:1069,149,1,0
BRDA:1069,150,0,0
BRDA:1069,150,1,0
BRF:248
BRH:0
end_of_record
TN:
SF:src/plugins/timeline.ts
FN:49,calculateTimeInterval
FN:67,calculatePrimaryLabelInterval
FN:85,calculateSecondaryLabelInterval
FN:103,formatTimeLabel
FN:125,isNotchVisible
FN:150,(anonymous_5)
FN:157,(anonymous_6)
FN:162,(anonymous_7)
FN:185,(anonymous_8)
FN:193,(anonymous_9)
FN:194,(anonymous_10)
FN:200,(anonymous_11)
FN:204,(anonymous_12)
FN:226,(anonymous_13)
FN:227,(anonymous_14)
FN:241,(anonymous_15)
FN:242,(anonymous_16)
FN:330,(anonymous_17)
FNF:18
FNH:0
FNDA:0,calculateTimeInterval
FNDA:0,calculatePrimaryLabelInterval
FNDA:0,calculateSecondaryLabelInterval
FNDA:0,formatTimeLabel
FNDA:0,isNotchVisible
FNDA:0,(anonymous_5)
FNDA:0,(anonymous_6)
FNDA:0,(anonymous_7)
FNDA:0,(anonymous_8)
FNDA:0,(anonymous_9)
FNDA:0,(anonymous_10)
FNDA:0,(anonymous_11)
FNDA:0,(anonymous_12)
FNDA:0,(anonymous_13)
FNDA:0,(anonymous_14)
FNDA:0,(anonymous_15)
FNDA:0,(anonymous_16)
FNDA:0,(anonymous_17)
DA:50,0
DA:51,0
DA:52,0
DA:53,0
DA:54,0
DA:55,0
DA:57,0
DA:68,0
DA:69,0
DA:70,0
DA:71,0
DA:72,0
DA:73,0
DA:75,0
DA:86,0
DA:87,0
DA:88,0
DA:89,0
DA:90,0
DA:91,0
DA:93,0
DA:104,0
DA:106,0
DA:107,0
DA:108,0
DA:109,0
DA:111,0
DA:112,0
DA:131,0
DA:134,0
DA:146,0
DA:148,0
DA:151,0
DA:153,0
DA:154,0
DA:158,0
DA:163,0
DA:164,0
DA:167,0
DA:168,0
DA:169,0
DA:170,0
DA:171,0
DA:172,0
DA:173,0
DA:176,0
DA:177,0
DA:182,0
DA:185,0
DA:187,0
DA:188,0
DA:194,0
DA:195,0
DA:196,0
DA:197,0
DA:201,0
DA:206,0
DA:213,0
DA:214,0
DA:215,0
DA:217,0
DA:218,0
DA:219,0
DA:221,0
DA:222,0
DA:227,0
DA:228,0
DA:230,0
DA:231,0
DA:233,0
DA:234,0
DA:236,0
DA:242,0
DA:243,0
DA:244,0
DA:246,0
DA:247,0
DA:248,0
DA:249,0
DA:250,0
DA:251,0
DA:252,0
DA:253,0
DA:255,0
DA:275,0
DA:277,0
DA:278,0
DA:279,0
DA:280,0
DA:283,0
DA:300,0
DA:301,0
DA:303,0
DA:306,0
DA:309,0
DA:310,0
DA:311,0
DA:312,0
DA:313,0
DA:316,0
DA:317,0
DA:319,0
DA:320,0
DA:321,0
DA:324,0
DA:325,0
DA:328,0
DA:329,0
DA:331,0
DA:336,0
LF:110
LH:0
BRDA:50,0,0,0
BRDA:50,0,1,0
BRDA:52,1,0,0
BRDA:52,1,1,0
BRDA:54,2,0,0
BRDA:68,3,0,0
BRDA:68,3,1,0
BRDA:70,4,0,0
BRDA:70,4,1,0
BRDA:72,5,0,0
BRDA:86,6,0,0
BRDA:86,6,1,0
BRDA:88,7,0,0
BRDA:88,7,1,0
BRDA:90,8,0,0
BRDA:104,9,0,0
BRDA:108,10,0,0
BRDA:108,10,1,0
BRDA:131,11,0,0
BRDA:131,11,1,0
BRDA:151,12,0,0
BRDA:151,12,1,0
BRDA:163,13,0,0
BRDA:168,14,0,0
BRDA:168,14,1,0
BRDA:170,15,0,0
BRDA:172,16,0,0
BRDA:176,17,0,0
BRDA:176,17,1,0
BRDA:177,18,0,0
BRDA:177,18,1,0
BRDA:187,19,0,0
BRDA:187,20,0,0
BRDA:187,20,1,0
BRDA:187,21,0,0
BRDA:187,21,1,0
BRDA:187,22,0,0
BRDA:187,22,1,0
BRDA:213,23,0,0
BRDA:221,24,0,0
BRDA:230,25,0,0
BRDA:233,26,0,0
BRDA:233,26,1,0
BRDA:246,27,0,0
BRDA:246,27,1,0
BRDA:246,28,0,0
BRDA:246,28,1,0
BRDA:246,29,0,0
BRDA:246,29,1,0
BRDA:246,30,0,0
BRDA:246,30,1,0
BRDA:246,31,0,0
BRDA:246,31,1,0
BRDA:246,32,0,0
BRDA:246,32,1,0
BRDA:247,33,0,0
BRDA:247,33,1,0
BRDA:247,34,0,0
BRDA:247,34,1,0
BRDA:247,35,0,0
BRDA:247,35,1,0
BRDA:248,36,0,0
BRDA:248,36,1,0
BRDA:248,37,0,0
BRDA:248,37,1,0
BRDA:249,38,0,0
BRDA:249,38,1,0
BRDA:249,39,0,0
BRDA:249,39,1,0
BRDA:251,40,0,0
BRDA:251,40,1,0
BRDA:251,41,0,0
BRDA:251,41,1,0
BRDA:261,42,0,0
BRDA:261,42,1,0
BRDA:277,43,0,0
BRDA:277,43,1,0
BRDA:279,44,0,0
BRDA:289,45,0,0
BRDA:289,45,1,0
BRDA:290,46,0,0
BRDA:290,46,1,0
BRDA:291,47,0,0
BRDA:291,47,1,0
BRDA:294,48,0,0
BRDA:294,48,1,0
BRDA:294,49,0,0
BRDA:294,49,1,0
BRDA:303,50,0,0
BRDA:303,50,1,0
BRDA:303,50,2,0
BRDA:306,51,0,0
BRDA:306,51,1,0
BRDA:306,51,2,0
BRDA:309,52,0,0
BRDA:309,53,0,0
BRDA:309,53,1,0
BRDA:313,54,0,0
BRDA:316,55,0,0
BRDA:316,55,1,0
BRDA:316,56,0,0
BRDA:316,56,1,0
BRDA:328,57,0,0
BRF:103
BRH:0
end_of_record
TN:
SF:src/plugins/zoom.ts
FN:82,(anonymous_0)
FN:110,(anonymous_1)
FN:157,(anonymous_2)
FN:184,(anonymous_3)
FN:209,(anonymous_4)
FN:242,(anonymous_5)
FN:87,(anonymous_6)
FN:91,(anonymous_7)
FN:172,(anonymous_8)
FN:178,(anonymous_9)
FN:250,(anonymous_10)
FNF:11
FNH:0
FNDA:0,(anonymous_0)
FNDA:0,(anonymous_1)
FNDA:0,(anonymous_2)
FNDA:0,(anonymous_3)
FNDA:0,(anonymous_4)
FNDA:0,(anonymous_5)
FNDA:0,(anonymous_6)
FNDA:0,(anonymous_7)
FNDA:0,(anonymous_8)
FNDA:0,(anonymous_9)
FNDA:0,(anonymous_10)
DA:56,0
DA:67,0
DA:68,0
DA:71,0
DA:72,0
DA:73,0
DA:74,0
DA:75,0
DA:78,0
DA:79,0
DA:80,0
DA:83,0
DA:84,0
DA:88,0
DA:92,0
DA:93,0
DA:94,0
DA:96,0
DA:98,0
DA:99,0
DA:100,0
DA:101,0
DA:102,0
DA:104,0
DA:105,0
DA:107,0
DA:110,0
DA:111,0
DA:112,0
DA:115,0
DA:118,0
DA:120,0
DA:121,0
DA:125,0
DA:126,0
DA:128,0
DA:131,0
DA:132,0
DA:133,0
DA:136,0
DA:137,0
DA:139,0
DA:141,0
DA:142,0
DA:144,0
DA:145,0
DA:146,0
DA:148,0
DA:149,0
DA:153,0
DA:157,0
DA:159,0
DA:161,0
DA:164,0
DA:167,0
DA:169,0
DA:173,0
DA:174,0
DA:175,0
DA:179,0
DA:180,0
DA:181,0
DA:184,0
DA:185,0
DA:187,0
DA:188,0
DA:189,0
DA:192,0
DA:195,0
DA:196,0
DA:202,0
DA:203,0
DA:204,0
DA:205,0
DA:209,0
DA:210,0
DA:211,0
DA:213,0
DA:216,0
DA:217,0
DA:218,0
DA:221,0
DA:224,0
DA:225,0
DA:226,0
DA:227,0
DA:228,0
DA:232,0
DA:233,0
DA:234,0
DA:235,0
DA:237,0
DA:238,0
DA:242,0
DA:243,0
DA:244,0
DA:245,0
DA:246,0
DA:251,0
DA:252,0
DA:253,0
DA:254,0
DA:255,0
DA:256,0
DA:258,0
LF:105
LH:0
BRDA:83,0,0,0
BRDA:83,0,1,0
BRDA:111,1,0,0
BRDA:111,2,0,0
BRDA:111,2,1,0
BRDA:111,2,2,0
BRDA:120,3,0,0
BRDA:120,4,0,0
BRDA:120,4,1,0
BRDA:125,5,0,0
BRDA:125,6,0,0
BRDA:125,6,1,0
BRDA:128,7,0,0
BRDA:128,7,1,0
BRDA:136,8,0,0
BRDA:136,9,0,0
BRDA:136,9,1,0
BRDA:144,10,0,0
BRDA:144,10,1,0
BRDA:159,11,0,0
BRDA:159,11,1,0
BRDA:161,12,0,0
BRDA:161,12,1,0
BRDA:185,13,0,0
BRDA:185,14,0,0
BRDA:185,14,1,0
BRDA:187,15,0,0
BRDA:197,16,0,0
BRDA:197,16,1,0
BRDA:210,17,0,0
BRDA:210,18,0,0
BRDA:210,18,1,0
BRDA:210,18,2,0
BRDA:210,18,3,0
BRDA:227,19,0,0
BRDA:233,20,0,0
BRDA:233,20,1,0
BRDA:243,21,0,0
BRDA:243,22,0,0
BRDA:243,22,1,0
BRDA:92,23,0,0
BRDA:92,23,1,0
BRDA:92,24,0,0
BRDA:92,24,1,0
BRDA:93,25,0,0
BRDA:104,26,0,0
BRDA:251,27,0,0
BRF:47
BRH:0
end_of_record
TN:
SF:src/reactive/drag-stream.ts
FN:50,createDragStream
FN:60,(anonymous_1)
FN:62,(anonymous_2)
FN:78,(anonymous_3)
FN:118,(anonymous_4)
FN:134,(anonymous_5)
FN:141,(anonymous_6)
FN:148,(anonymous_7)
FN:164,(anonymous_8)
FN:170,(anonymous_9)
FN:178,(anonymous_10)
FNF:11
FNH:0
FNDA:0,createDragStream
FNDA:0,(anonymous_1)
FNDA:0,(anonymous_2)
FNDA:0,(anonymous_3)
FNDA:0,(anonymous_4)
FNDA:0,(anonymous_5)
FNDA:0,(anonymous_6)
FNDA:0,(anonymous_7)
FNDA:0,(anonymous_8)
FNDA:0,(anonymous_9)
FNDA:0,(anonymous_10)
DA:54,0
DA:56,0
DA:57,0
DA:58,0
DA:60,0
DA:62,0
DA:63,0
DA:65,0
DA:66,0
DA:67,0
DA:70,0
DA:71,0
DA:72,0
DA:73,0
DA:75,0
DA:76,0
DA:78,0
DA:79,0
DA:80,0
DA:83,0
DA:85,0
DA:86,0
DA:87,0
DA:88,0
DA:90,0
DA:91,0
DA:92,0
DA:94,0
DA:96,0
DA:101,0
DA:105,0
DA:113,0
DA:114,0
DA:118,0
DA:119,0
DA:120,0
DA:121,0
DA:122,0
DA:125,0
DA:131,0
DA:134,0
DA:135,0
DA:136,0
DA:137,0
DA:141,0
DA:142,0
DA:143,0
DA:144,0
DA:148,0
DA:149,0
DA:150,0
DA:152,0
DA:153,0
DA:157,0
DA:158,0
DA:159,0
DA:160,0
DA:161,0
DA:162,0
DA:164,0
DA:165,0
DA:166,0
DA:167,0
DA:168,0
DA:169,0
DA:170,0
DA:171,0
DA:176,0
DA:178,0
DA:179,0
DA:180,0
DA:181,0
DA:182,0
DA:185,0
LF:74
LH:0
BRDA:52,0,0,0
BRDA:54,1,0,0
BRDA:54,2,0,0
BRDA:54,3,0,0
BRDA:63,4,0,0
BRDA:66,5,0,0
BRDA:79,6,0,0
BRDA:79,7,0,0
BRDA:79,7,1,0
BRDA:83,8,0,0
BRDA:83,9,0,0
BRDA:83,9,1,0
BRDA:90,10,0,0
BRDA:90,11,0,0
BRDA:90,11,1,0
BRDA:90,11,2,0
BRDA:94,12,0,0
BRDA:120,13,0,0
BRDA:136,14,0,0
BRDA:136,15,0,0
BRDA:136,15,1,0
BRDA:142,16,0,0
BRDA:149,17,0,0
BRDA:149,18,0,0
BRDA:149,18,1,0
BRDA:152,19,0,0
BRF:26
BRH:0
end_of_record
TN:
SF:src/reactive/event-streams.ts
FN:18,fromEvent
FN:24,(anonymous_1)
FN:31,(anonymous_2)
FN:47,map
FN:50,(anonymous_4)
FN:69,filter
FN:73,(anonymous_6)
FN:96,debounce
FN:100,(anonymous_8)
FN:102,(anonymous_9)
FN:108,(anonymous_10)
FN:128,throttle
FN:133,(anonymous_12)
FN:144,(anonymous_13)
FN:152,(anonymous_14)
FN:165,cleanup
FNF:16
FNH:0
FNDA:0,fromEvent
FNDA:0,(anonymous_1)
FNDA:0,(anonymous_2)
FNDA:0,map
FNDA:0,(anonymous_4)
FNDA:0,filter
FNDA:0,(anonymous_6)
FNDA:0,debounce
FNDA:0,(anonymous_8)
FNDA:0,(anonymous_9)
FNDA:0,(anonymous_10)
FNDA:0,throttle
FNDA:0,(anonymous_12)
FNDA:0,(anonymous_13)
FNDA:0,(anonymous_14)
FNDA:0,cleanup
DA:22,0
DA:24,0
DA:25,0
DA:28,0
DA:31,0
DA:32,0
DA:35,0
DA:48,0
DA:50,0
DA:51,0
DA:55,0
DA:57,0
DA:70,0
DA:71,0
DA:73,0
DA:74,0
DA:75,0
DA:77,0
DA:82,0
DA:84,0
DA:97,0
DA:100,0
DA:101,0
DA:102,0
DA:103,0
DA:108,0
DA:109,0
DA:110,0
DA:113,0
DA:129,0
DA:130,0
DA:133,0
DA:134,0
DA:135,0
DA:137,0
DA:139,0
DA:140,0
DA:143,0
DA:144,0
DA:145,0
DA:146,0
DA:152,0
DA:153,0
DA:154,0
DA:157,0
DA:166,0
DA:167,0
DA:168,0
LF:48
LH:0
BRDA:70,0,0,0
BRDA:70,0,1,0
BRDA:74,1,0,0
BRDA:74,1,1,0
BRDA:137,2,0,0
BRDA:137,2,1,0
BRDA:167,3,0,0
BRF:7
BRH:0
end_of_record
TN:
SF:src/reactive/media-event-bridge.ts
FN:32,bridgeMediaEvents
FN:36,(anonymous_1)
FN:42,(anonymous_2)
FN:49,(anonymous_3)
FN:53,(anonymous_4)
FN:57,(anonymous_5)
FN:69,(anonymous_6)
FN:73,(anonymous_7)
FN:79,(anonymous_8)
FN:89,(anonymous_9)
FN:93,(anonymous_10)
FN:101,(anonymous_11)
FN:109,(anonymous_12)
FN:114,(anonymous_13)
FN:115,(anonymous_14)
FN:139,bridgeMediaEventsWithHandler
FN:145,(anonymous_16)
FN:146,(anonymous_17)
FN:150,(anonymous_18)
FN:179,(anonymous_19)
FN:181,(anonymous_20)
FN:182,(anonymous_21)
FNF:22
FNH:0
FNDA:0,bridgeMediaEvents
FNDA:0,(anonymous_1)
FNDA:0,(anonymous_2)
FNDA:0,(anonymous_3)
FNDA:0,(anonymous_4)
FNDA:0,(anonymous_5)
FNDA:0,(anonymous_6)
FNDA:0,(anonymous_7)
FNDA:0,(anonymous_8)
FNDA:0,(anonymous_9)
FNDA:0,(anonymous_10)
FNDA:0,(anonymous_11)
FNDA:0,(anonymous_12)
FNDA:0,(anonymous_13)
FNDA:0,(anonymous_14)
FNDA:0,bridgeMediaEventsWithHandler
FNDA:0,(anonymous_16)
FNDA:0,(anonymous_17)
FNDA:0,(anonymous_18)
FNDA:0,(anonymous_19)
FNDA:0,(anonymous_20)
FNDA:0,(anonymous_21)
DA:33,0
DA:36,0
DA:41,0
DA:42,0
DA:49,0
DA:50,0
DA:53,0
DA:54,0
DA:57,0
DA:58,0
DA:60,0
DA:61,0
DA:69,0
DA:70,0
DA:73,0
DA:74,0
DA:75,0
DA:79,0
DA:80,0
DA:81,0
DA:89,0
DA:90,0
DA:93,0
DA:94,0
DA:101,0
DA:102,0
DA:109,0
DA:110,0
DA:114,0
DA:115,0
DA:143,0
DA:145,0
DA:146,0
DA:147,0
DA:149,0
DA:150,0
DA:154,0
DA:179,0
DA:181,0
DA:182,0
LF:40
LH:0
BRDA:60,0,0,0
BRDA:74,1,0,0
BRDA:80,2,0,0
BRF:3
BRH:0
end_of_record
TN:
SF:src/reactive/render-scheduler.ts
FN:8,(anonymous_0)
FN:29,(anonymous_1)
FN:40,(anonymous_2)
FN:55,(anonymous_3)
FN:69,(anonymous_4)
FN:77,(anonymous_5)
FNF:6
FNH:0
FNDA:0,(anonymous_0)
FNDA:0,(anonymous_1)
FNDA:0,(anonymous_2)
FNDA:0,(anonymous_3)
FNDA:0,(anonymous_4)
FNDA:0,(anonymous_5)
DA:9,0
DA:10,0
DA:31,0
DA:32,0
DA:33,0
DA:37,0
DA:39,0
DA:40,0
DA:41,0
DA:42,0
DA:45,0
DA:46,0
DA:56,0
DA:57,0
DA:58,0
DA:59,0
DA:70,0
DA:71,0
DA:78,0
LF:19
LH:0
BRDA:29,0,0,0
BRDA:31,1,0,0
BRDA:37,2,0,0
BRDA:56,3,0,0
BRF:4
BRH:0
end_of_record
TN:
SF:src/reactive/scroll-stream.ts
FN:38,calculateScrollPercentages
FN:61,calculateScrollBounds
FN:104,createScrollStream
FN:113,(anonymous_3)
FN:117,(anonymous_4)
FN:122,(anonymous_5)
FN:134,(anonymous_6)
FN:164,createScrollStreamWithAction
FN:171,(anonymous_8)
FN:177,(anonymous_9)
FNF:10
FNH:0
FNDA:0,calculateScrollPercentages
FNDA:0,calculateScrollBounds
FNDA:0,createScrollStream
FNDA:0,(anonymous_3)
FNDA:0,(anonymous_4)
FNDA:0,(anonymous_5)
FNDA:0,(anonymous_6)
FNDA:0,createScrollStreamWithAction
FNDA:0,(anonymous_8)
FNDA:0,(anonymous_9)
DA:39,0
DA:41,0
DA:42,0
DA:45,0
DA:46,0
DA:48,0
DA:62,0
DA:106,0
DA:113,0
DA:114,0
DA:117,0
DA:118,0
DA:122,0
DA:123,0
DA:131,0
DA:134,0
DA:135,0
DA:136,0
DA:139,0
DA:168,0
DA:171,0
DA:172,0
DA:176,0
DA:177,0
DA:178,0
DA:179,0
DA:182,0
LF:27
LH:0
BRDA:41,0,0,0
BRF:1
BRH:0
end_of_record
TN:
SF:src/reactive/state-event-emitter.ts
FN:40,setupStateEventEmission
FN:49,(anonymous_1)
FN:61,(anonymous_2)
FN:78,(anonymous_3)
FN:93,(anonymous_4)
FN:108,(anonymous_5)
FN:117,(anonymous_6)
FN:118,(anonymous_7)
FN:144,setupSignalEventEmission
FN:149,(anonymous_9)
FN:177,setupDebouncedEventEmission
FN:185,(anonymous_11)
FN:194,(anonymous_12)
FN:202,(anonymous_13)
FN:232,setupConditionalEventEmission
FN:238,(anonymous_15)
FNF:16
FNH:16
FNDA:11,setupStateEventEmission
FNDA:13,(anonymous_1)
FNDA:16,(anonymous_2)
FNDA:15,(anonymous_3)
FNDA:16,(anonymous_4)
FNDA:12,(anonymous_5)
FNDA:11,(anonymous_6)
FNDA:55,(anonymous_7)
FNDA:2,setupSignalEventEmission
FNDA:3,(anonymous_9)
FNDA:3,setupDebouncedEventEmission
FNDA:9,(anonymous_11)
FNDA:2,(anonymous_12)
FNDA:3,(anonymous_13)
FNDA:3,setupConditionalEventEmission
FNDA:7,(anonymous_15)
DA:8,1
DA:40,1
DA:41,11
DA:48,11
DA:50,13
DA:51,13
DA:60,11
DA:62,16
DA:63,16
DA:66,16
DA:67,4
DA:77,11
DA:79,15
DA:80,15
DA:81,1
DA:91,11
DA:92,11
DA:94,16
DA:95,16
DA:96,2
DA:97,2
DA:107,11
DA:109,12
DA:110,12
DA:111,1
DA:117,11
DA:118,55
DA:144,1
DA:149,2
DA:150,3
DA:151,3
DA:152,3
DA:177,1
DA:183,3
DA:185,3
DA:186,9
DA:189,9
DA:190,6
DA:194,9
DA:195,2
DA:196,2
DA:197,2
DA:202,3
DA:203,3
DA:204,1
DA:206,3
DA:232,1
DA:238,3
DA:239,7
DA:240,7
DA:241,2
DA:242,2
LF:52
LH:52
BRDA:51,0,0,3
BRDA:51,0,1,10
BRDA:66,1,0,4
BRDA:80,2,0,1
BRDA:95,3,0,2
BRDA:95,4,0,16
BRDA:95,4,1,3
BRDA:110,5,0,1
BRDA:189,6,0,6
BRDA:203,7,0,1
BRDA:240,8,0,2
BRF:11
BRH:11
end_of_record
TN:
SF:src/reactive/store.ts
FN:38,signal
FN:43,(anonymous_1)
FN:47,(anonymous_2)
FN:51,(anonymous_3)
FN:55,(anonymous_4)
FN:59,(anonymous_5)
FN:61,(anonymous_6)
FN:78,computed
FN:83,(anonymous_8)
FN:84,(anonymous_9)
FN:95,(anonymous_10)
FN:99,(anonymous_11)
FN:104,(anonymous_12)
FN:108,(anonymous_13)
FN:132,effect
FN:135,(anonymous_15)
FN:146,(anonymous_16)
FN:152,(anonymous_17)
FN:157,(anonymous_18)
FNF:19
FNH:18
FNDA:184,signal
FNDA:229,(anonymous_1)
FNDA:50,(anonymous_2)
FNDA:53,(anonymous_3)
FNDA:0,(anonymous_4)
FNDA:173,(anonymous_5)
FNDA:129,(anonymous_6)
FNDA:55,computed
FNDA:77,(anonymous_8)
FNDA:25,(anonymous_9)
FNDA:32,(anonymous_10)
FNDA:22,(anonymous_11)
FNDA:22,(anonymous_12)
FNDA:33,(anonymous_13)
FNDA:63,effect
FNDA:91,(anonymous_15)
FNDA:96,(anonymous_16)
FNDA:63,(anonymous_17)
FNDA:96,(anonymous_18)
DA:38,1
DA:39,184
DA:40,184
DA:42,184
DA:44,229
DA:49,50
DA:50,45
DA:51,53
DA:56,0
DA:60,173
DA:61,173
DA:78,1
DA:79,55
DA:80,55
DA:83,55
DA:84,77
DA:85,25
DA:87,25
DA:88,14
DA:94,55
DA:96,32
DA:101,22
DA:104,22
DA:105,22
DA:107,22
DA:108,33
DA:132,1
DA:135,63
DA:137,91
DA:138,0
DA:139,0
DA:142,91
DA:146,96
DA:149,63
DA:152,63
DA:153,63
DA:154,0
DA:155,0
DA:157,96
LF:39
LH:34
BRDA:49,0,0,45
BRDA:87,1,0,14
BRDA:107,2,0,22
BRDA:137,3,0,0
BRDA:153,4,0,0
BRF:5
BRH:3
end_of_record
TN:
SF:src/renderer/declarative-renderer.ts
FN:50,(anonymous_0)
FN:80,(anonymous_1)
FN:100,(anonymous_2)
FN:113,(anonymous_3)
FN:128,(anonymous_4)
FN:150,(anonymous_5)
FN:154,(anonymous_6)
FN:168,(anonymous_7)
FN:175,(anonymous_8)
FN:182,(anonymous_9)
FN:189,(anonymous_10)
FN:196,(anonymous_11)
FN:203,(anonymous_12)
FN:212,(anonymous_13)
FN:222,(anonymous_14)
FN:235,(anonymous_15)
FN:245,(anonymous_16)
FN:247,(anonymous_17)
FN:258,(anonymous_18)
FN:263,(anonymous_19)
FNF:20
FNH:0
FNDA:0,(anonymous_0)
FNDA:0,(anonymous_1)
FNDA:0,(anonymous_2)
FNDA:0,(anonymous_3)
FNDA:0,(anonymous_4)
FNDA:0,(anonymous_5)
FNDA:0,(anonymous_6)
FNDA:0,(anonymous_7)
FNDA:0,(anonymous_8)
FNDA:0,(anonymous_9)
FNDA:0,(anonymous_10)
FNDA:0,(anonymous_11)
FNDA:0,(anonymous_12)
FNDA:0,(anonymous_13)
FNDA:0,(anonymous_14)
FNDA:0,(anonymous_15)
FNDA:0,(anonymous_16)
FNDA:0,(anonymous_17)
FNDA:0,(anonymous_18)
FNDA:0,(anonymous_19)
DA:44,0
DA:45,0
DA:46,0
DA:47,0
DA:48,0
DA:51,0
DA:52,0
DA:55,0
DA:56,0
DA:57,0
DA:58,0
DA:60,0
DA:62,0
DA:66,0
DA:67,0
DA:68,0
DA:69,0
DA:70,0
DA:71,0
DA:74,0
DA:81,0
DA:82,0
DA:83,0
DA:84,0
DA:85,0
DA:86,0
DA:88,0
DA:89,0
DA:91,0
DA:94,0
DA:101,0
DA:102,0
DA:103,0
DA:104,0
DA:105,0
DA:107,0
DA:114,0
DA:115,0
DA:116,0
DA:117,0
DA:118,0
DA:119,0
DA:130,0
DA:131,0
DA:137,0
DA:140,0
DA:141,0
DA:146,0
DA:150,0
DA:151,0
DA:154,0
DA:155,0
DA:156,0
DA:159,0
DA:169,0
DA:176,0
DA:183,0
DA:190,0
DA:197,0
DA:204,0
DA:205,0
DA:215,0
DA:216,0
DA:223,0
DA:224,0
DA:225,0
DA:227,0
DA:228,0
DA:236,0
DA:237,0
DA:246,0
DA:247,0
DA:248,0
DA:249,0
DA:260,0
DA:263,0
DA:264,0
DA:267,0
DA:268,0
DA:271,0
DA:274,0
DA:275,0
LF:82
LH:0
BRDA:55,0,0,0
BRDA:55,0,1,0
BRDA:57,1,0,0
BRDA:88,2,0,0
BRDA:88,2,1,0
BRDA:133,3,0,0
BRDA:133,3,1,0
BRDA:133,3,2,0
BRDA:134,4,0,0
BRDA:134,4,1,0
BRDA:143,5,0,0
BRDA:143,5,1,0
BRDA:155,6,0,0
BRDA:155,6,1,0
BRDA:155,7,0,0
BRDA:155,7,1,0
BRDA:155,8,0,0
BRDA:155,8,1,0
BRDA:155,9,0,0
BRDA:155,9,1,0
BRDA:156,10,0,0
BRDA:156,10,1,0
BRDA:156,11,0,0
BRDA:156,11,1,0
BRDA:156,12,0,0
BRDA:156,12,1,0
BRDA:156,13,0,0
BRDA:156,13,1,0
BRDA:215,14,0,0
BRDA:215,14,1,0
BRDA:215,15,0,0
BRDA:215,15,1,0
BRDA:215,16,0,0
BRDA:215,16,1,0
BRDA:215,17,0,0
BRDA:215,17,1,0
BRDA:216,18,0,0
BRDA:216,18,1,0
BRDA:216,19,0,0
BRDA:216,19,1,0
BRDA:216,20,0,0
BRDA:216,20,1,0
BRDA:216,21,0,0
BRDA:216,21,1,0
BRDA:224,22,0,0
BRDA:225,23,0,0
BRDA:227,24,0,0
BRDA:228,25,0,0
BRDA:228,25,1,0
BRDA:228,26,0,0
BRDA:228,26,1,0
BRDA:228,27,0,0
BRDA:228,27,1,0
BRDA:228,28,0,0
BRDA:228,28,1,0
BRDA:236,29,0,0
BRDA:237,30,0,0
BRDA:237,30,1,0
BRDA:237,31,0,0
BRDA:237,31,1,0
BRDA:237,32,0,0
BRDA:237,32,1,0
BRDA:237,33,0,0
BRDA:237,33,1,0
BRDA:248,34,0,0
BRDA:248,34,1,0
BRDA:248,35,0,0
BRDA:248,35,1,0
BRDA:248,36,0,0
BRDA:248,36,1,0
BRDA:248,37,0,0
BRDA:248,37,1,0
BRDA:249,38,0,0
BRDA:249,38,1,0
BRDA:249,39,0,0
BRDA:249,39,1,0
BRDA:249,40,0,0
BRDA:249,40,1,0
BRDA:249,41,0,0
BRDA:249,41,1,0
BRDA:267,42,0,0
BRDA:267,42,1,0
BRDA:267,43,0,0
BRDA:267,43,1,0
BRDA:267,44,0,0
BRDA:267,44,1,0
BRDA:267,45,0,0
BRDA:267,45,1,0
BRDA:268,46,0,0
BRDA:268,46,1,0
BRDA:268,47,0,0
BRDA:268,47,1,0
BRDA:268,48,0,0
BRDA:268,48,1,0
BRDA:268,49,0,0
BRDA:268,49,1,0
BRF:96
BRH:0
end_of_record
TN:
SF:src/renderer/waveform-renderer.ts
FN:43,generateChannelPath
FN:82,buildWaveformPathData
FN:121,generateWaveformPath
FN:134,renderLineWaveform
FN:168,renderBarWaveform
FN:177,(anonymous_5)
FN:195,renderRoundedRect
FN:220,renderWaveformWithChannelData
FNF:8
FNH:0
FNDA:0,generateChannelPath
FNDA:0,buildWaveformPathData
FNDA:0,generateWaveformPath
FNDA:0,renderLineWaveform
FNDA:0,renderBarWaveform
FNDA:0,(anonymous_5)
FNDA:0,renderRoundedRect
FNDA:0,renderWaveformWithChannelData
DA:50,0
DA:51,0
DA:52,0
DA:54,0
DA:55,0
DA:56,0
DA:57,0
DA:59,0
DA:60,0
DA:62,0
DA:66,0
DA:83,0
DA:84,0
DA:85,0
DA:86,0
DA:87,0
DA:89,0
DA:92,0
DA:93,0
DA:96,0
DA:97,0
DA:98,0
DA:99,0
DA:100,0
DA:101,0
DA:103,0
DA:106,0
DA:108,0
DA:127,0
DA:128,0
DA:144,0
DA:145,0
DA:148,0
DA:149,0
DA:152,0
DA:153,0
DA:154,0
DA:155,0
DA:157,0
DA:158,0
DA:159,0
DA:160,0
DA:161,0
DA:177,0
DA:178,0
DA:180,0
DA:182,0
DA:184,0
DA:187,0
DA:203,0
DA:204,0
DA:205,0
DA:206,0
DA:207,0
DA:208,0
DA:209,0
DA:210,0
DA:211,0
DA:212,0
DA:213,0
DA:214,0
DA:226,0
DA:229,0
DA:232,0
DA:233,0
DA:235,0
LF:66
LH:0
BRDA:48,0,0,0
BRDA:55,1,0,0
BRDA:55,1,1,0
BRDA:56,2,0,0
BRDA:56,2,1,0
BRDA:57,3,0,0
BRDA:57,3,1,0
BRDA:59,4,0,0
BRDA:59,4,1,0
BRDA:85,5,0,0
BRDA:85,5,1,0
BRDA:86,6,0,0
BRDA:86,6,1,0
BRDA:89,7,0,0
BRDA:98,8,0,0
BRDA:98,8,1,0
BRDA:99,9,0,0
BRDA:99,9,1,0
BRDA:125,10,0,0
BRDA:127,11,0,0
BRDA:152,12,0,0
BRDA:152,13,0,0
BRDA:152,13,1,0
BRDA:152,13,2,0
BRDA:178,14,0,0
BRDA:178,14,1,0
BRDA:178,14,2,0
BRDA:180,15,0,0
BRDA:180,15,1,0
BRDA:180,16,0,0
BRDA:180,16,1,0
BRDA:182,17,0,0
BRDA:182,17,1,0
BRDA:232,18,0,0
BRDA:232,18,1,0
BRDA:232,19,0,0
BRDA:232,19,1,0
BRF:37
BRH:0
end_of_record
TN:
SF:src/state/wavesurfer-state.ts
FN:77,createWaveSurferState
FN:95,(anonymous_1)
FN:97,(anonymous_2)
FN:99,(anonymous_3)
FN:103,(anonymous_4)
FN:105,(anonymous_5)
FN:131,(anonymous_6)
FN:136,(anonymous_7)
FN:140,(anonymous_8)
FN:144,(anonymous_9)
FN:148,(anonymous_10)
FN:153,(anonymous_11)
FN:158,(anonymous_12)
FN:165,(anonymous_13)
FN:169,(anonymous_14)
FN:173,(anonymous_15)
FN:177,(anonymous_16)
FNF:17
FNH:12
FNDA:11,createWaveSurferState
FNDA:16,(anonymous_1)
FNDA:13,(anonymous_2)
FNDA:16,(anonymous_3)
FNDA:16,(anonymous_4)
FNDA:19,(anonymous_5)
FNDA:5,(anonymous_6)
FNDA:3,(anonymous_7)
FNDA:6,(anonymous_8)
FNDA:1,(anonymous_9)
FNDA:0,(anonymous_10)
FNDA:0,(anonymous_11)
FNDA:2,(anonymous_12)
FNDA:0,(anonymous_13)
FNDA:0,(anonymous_14)
FNDA:3,(anonymous_15)
FNDA:0,(anonymous_16)
DA:8,1
DA:77,1
DA:82,11
DA:83,11
DA:84,11
DA:85,11
DA:86,11
DA:87,11
DA:88,11
DA:89,11
DA:90,11
DA:91,11
DA:92,11
DA:95,16
DA:97,13
DA:99,11
DA:100,16
DA:103,16
DA:105,11
DA:106,19
DA:110,11
DA:130,11
DA:132,5
DA:133,5
DA:137,3
DA:141,6
DA:145,1
DA:149,0
DA:150,0
DA:154,0
DA:155,0
DA:159,2
DA:160,2
DA:161,2
DA:166,0
DA:170,0
DA:174,3
DA:178,0
DA:182,11
LF:39
LH:32
BRDA:100,0,0,16
BRDA:100,0,1,3
BRDA:106,1,0,3
BRDA:106,1,1,16
BRDA:132,2,0,5
BRDA:132,2,1,5
BRDA:160,3,0,2
BRF:7
BRH:7
end_of_record
