TN:
SF:src/base-plugin.ts
FN:18,(anonymous_1)
FN:24,(anonymous_2)
FN:29,(anonymous_3)
FN:41,(anonymous_4)
FN:43,(anonymous_5)
FNF:5
FNH:5
FNDA:3,(anonymous_1)
FNDA:1,(anonymous_2)
FNDA:2,(anonymous_3)
FNDA:2,(anonymous_4)
FNDA:1,(anonymous_5)
DA:1,3
DA:11,3
DA:13,3
DA:15,3
DA:19,3
DA:20,3
DA:25,1
DA:31,2
DA:32,0
DA:33,0
DA:36,2
DA:37,2
DA:42,2
DA:43,2
DA:44,2
DA:45,2
DA:46,2
DA:50,3
LF:18
LH:16
BRDA:31,0,0,0
BRF:1
BRH:0
end_of_record
TN:
SF:src/color-utils.ts
FN:37,parseColor
FN:64,parseHexColor
FN:105,parseRgbColor
FN:109,(anonymous_3)
FN:129,rgbaToString
FN:141,rgbaToHex
FN:169,interpolateColor
FN:187,interpolateColors
FN:214,generateColorStops
FN:221,(anonymous_9)
FN:241,createCanvasGradient
FN:249,(anonymous_11)
FNF:12
FNH:10
FNDA:10,parseColor
FNDA:7,parseHexColor
FNDA:2,parseRgbColor
FNDA:7,(anonymous_3)
FNDA:3,rgbaToString
FNDA:3,rgbaToHex
FNDA:10,interpolateColor
FNDA:7,interpolateColors
FNDA:5,generateColorStops
FNDA:9,(anonymous_9)
FNDA:0,createCanvasGradient
FNDA:0,(anonymous_11)
DA:37,1
DA:38,10
DA:41,10
DA:42,4
DA:46,6
DA:47,2
DA:51,4
DA:52,4
DA:53,3
DA:57,1
DA:66,7
DA:69,7
DA:70,2
DA:79,5
DA:80,4
DA:89,1
DA:90,1
DA:98,0
DA:106,2
DA:107,2
DA:109,7
DA:110,2
DA:129,1
DA:130,3
DA:141,1
DA:142,3
DA:143,3
DA:144,3
DA:146,3
DA:147,1
DA:150,1
DA:153,2
DA:169,1
DA:170,10
DA:171,10
DA:187,1
DA:188,7
DA:189,6
DA:191,5
DA:194,5
DA:196,4
DA:197,4
DA:198,4
DA:200,4
DA:214,1
DA:215,5
DA:216,4
DA:218,3
DA:219,3
DA:221,3
DA:222,9
DA:228,3
DA:241,1
DA:247,0
DA:249,0
DA:250,0
DA:253,0
DA:260,1
LF:58
LH:53
BRDA:41,0,0,4
BRDA:46,1,0,2
BRDA:52,2,0,3
BRDA:69,3,0,2
BRDA:79,4,0,4
BRDA:89,5,0,1
BRDA:107,6,0,0
BRDA:111,7,0,2
BRDA:111,7,1,0
BRDA:112,8,0,2
BRDA:112,8,1,0
BRDA:113,9,0,2
BRDA:113,9,1,2
BRDA:114,10,0,1
BRDA:114,10,1,1
BRDA:141,11,0,2
BRDA:146,12,0,1
BRDA:188,13,0,1
BRDA:189,14,0,1
BRDA:194,15,0,1
BRDA:215,16,0,1
BRDA:216,17,0,1
BRDA:244,18,0,0
BRDA:245,19,0,0
BRF:24
BRH:19
end_of_record
TN:
SF:src/decoder.ts
FN:11,extractChannelData
FN:23,findMaxAmplitude
FN:40,needsNormalization
FN:43,(anonymous_10)
FN:50,normalizeChannelData
FN:58,(anonymous_12)
FN:74,decode
FN:88,normalize
FN:105,createBuffer
FN:126,(anonymous_17)
FN:135,(anonymous_18)
FNF:11
FNH:0
FNDA:0,extractChannelData
FNDA:0,findMaxAmplitude
FNDA:0,needsNormalization
FNDA:0,(anonymous_10)
FNDA:0,normalizeChannelData
FNDA:0,(anonymous_12)
FNDA:0,decode
FNDA:0,normalize
FNDA:0,createBuffer
FNDA:0,(anonymous_17)
FNDA:0,(anonymous_18)
DA:11,1
DA:12,0
DA:13,0
DA:14,0
DA:16,0
DA:23,1
DA:24,0
DA:25,0
DA:27,0
DA:28,0
DA:29,0
DA:30,0
DA:31,0
DA:33,0
DA:40,1
DA:41,0
DA:42,0
DA:43,0
DA:50,1
DA:51,0
DA:52,0
DA:55,0
DA:56,0
DA:58,0
DA:59,0
DA:60,0
DA:61,0
DA:63,0
DA:75,0
DA:76,0
DA:77,0
DA:80,0
DA:89,0
DA:90,0
DA:93,0
DA:94,0
DA:96,0
DA:97,0
DA:98,0
DA:101,0
DA:107,0
DA:108,0
DA:110,0
DA:111,0
DA:115,0
DA:118,0
DA:119,0
DA:123,0
DA:126,0
DA:127,0
DA:130,0
DA:136,0
DA:137,0
DA:138,0
DA:140,0
DA:147,1
DA:152,1
LF:57
LH:6
BRDA:25,0,0,0
BRDA:31,1,0,0
BRDA:42,2,0,0
BRDA:43,3,0,0
BRDA:43,3,1,0
BRDA:51,4,0,0
BRDA:56,5,0,0
BRDA:89,6,0,0
BRDA:94,7,0,0
BRDA:107,8,0,0
BRDA:107,9,0,0
BRDA:107,9,1,0
BRDA:110,10,0,0
BRDA:115,11,0,0
BRDA:118,12,0,0
BRDA:118,13,0,0
BRDA:118,13,1,0
BRDA:127,14,0,0
BRDA:127,14,1,0
BRDA:137,15,0,0
BRF:20
BRH:0
end_of_record
TN:
SF:src/dom.ts
FN:8,renderNode
FN:38,createElement
FNF:2
FNH:2
FNDA:123,renderNode
FNDA:122,createElement
DA:9,123
DA:13,123
DA:14,245
DA:15,42
DA:16,42
DA:17,41
DA:18,1
DA:19,0
DA:21,1
DA:24,203
DA:25,121
DA:26,82
DA:27,1
DA:29,81
DA:33,123
DA:38,6
DA:39,122
DA:40,122
DA:41,122
DA:44,6
LF:20
LH:19
BRDA:9,0,0,0
BRDA:9,0,1,123
BRDA:14,1,0,42
BRDA:14,1,1,203
BRDA:14,2,0,245
BRDA:14,2,1,42
BRDA:16,3,0,41
BRDA:16,3,1,1
BRDA:18,4,0,0
BRDA:18,4,1,1
BRDA:24,5,0,121
BRDA:24,5,1,82
BRDA:26,6,0,1
BRDA:26,6,1,81
BRDA:39,7,0,122
BRDA:39,7,1,0
BRDA:40,8,0,121
BRDA:40,8,1,1
BRDA:40,9,0,122
BRDA:40,9,1,122
BRF:20
BRH:17
end_of_record
TN:
SF:src/draggable.ts
FN:1,makeDraggable
FN:10,(anonymous_1)
FN:15,(anonymous_2)
FN:17,(anonymous_3)
FN:30,(anonymous_4)
FN:61,(anonymous_5)
FN:74,(anonymous_6)
FN:81,(anonymous_7)
FN:88,(anonymous_8)
FN:104,(anonymous_9)
FN:110,(anonymous_10)
FN:118,(anonymous_11)
FNF:12
FNH:6
FNDA:1,makeDraggable
FNDA:0,(anonymous_1)
FNDA:0,(anonymous_2)
FNDA:1,(anonymous_3)
FNDA:1,(anonymous_4)
FNDA:1,(anonymous_5)
FNDA:0,(anonymous_6)
FNDA:0,(anonymous_7)
FNDA:0,(anonymous_8)
FNDA:2,(anonymous_9)
FNDA:0,(anonymous_10)
FNDA:1,(anonymous_11)
DA:1,3
DA:10,1
DA:12,1
DA:13,1
DA:15,1
DA:17,1
DA:18,1
DA:20,1
DA:21,1
DA:22,0
DA:25,1
DA:26,1
DA:27,1
DA:28,1
DA:30,1
DA:31,1
DA:32,0
DA:35,1
DA:37,1
DA:38,1
DA:39,1
DA:40,1
DA:42,1
DA:43,1
DA:44,1
DA:46,1
DA:47,1
DA:49,1
DA:50,1
DA:51,1
DA:54,1
DA:56,1
DA:57,1
DA:61,1
DA:62,1
DA:63,1
DA:64,1
DA:65,1
DA:66,1
DA:67,1
DA:69,1
DA:71,1
DA:74,1
DA:75,0
DA:76,0
DA:77,0
DA:81,1
DA:82,0
DA:83,0
DA:84,0
DA:88,1
DA:89,0
DA:90,0
DA:92,0
DA:93,0
DA:97,1
DA:98,1
DA:99,1
DA:100,1
DA:101,1
DA:102,1
DA:104,1
DA:105,2
DA:106,2
DA:107,2
DA:108,2
DA:109,2
DA:110,2
DA:111,0
DA:116,1
DA:118,1
DA:119,1
DA:120,1
DA:121,1
LF:74
LH:61
BRDA:6,0,0,0
BRDA:7,1,0,1
BRDA:8,2,0,1
BRDA:10,3,0,0
BRDA:18,4,0,0
BRDA:21,5,0,0
BRDA:31,6,0,0
BRDA:31,7,0,1
BRDA:31,7,1,1
BRDA:35,8,0,0
BRDA:35,9,0,1
BRDA:35,9,1,0
BRDA:42,10,0,1
BRDA:42,11,0,1
BRDA:42,11,1,1
BRDA:42,11,2,0
BRDA:49,12,0,1
BRDA:50,13,0,0
BRDA:50,13,1,1
BRDA:50,14,0,1
BRDA:50,14,1,1
BRDA:63,15,0,1
BRDA:69,16,0,0
BRDA:69,16,1,1
BRDA:69,17,0,1
BRDA:69,17,1,1
BRDA:76,18,0,0
BRDA:76,19,0,0
BRDA:76,19,1,0
BRDA:82,20,0,0
BRDA:89,21,0,0
BRDA:89,22,0,0
BRDA:89,22,1,0
BRDA:92,23,0,0
BRF:34
BRH:16
end_of_record
TN:
SF:src/event-emitter.ts
FN:16,(anonymous_0)
FN:20,(anonymous_1)
FN:31,(anonymous_2)
FN:36,(anonymous_3)
FN:40,(anonymous_4)
FN:44,(anonymous_5)
FN:52,(anonymous_6)
FN:60,(anonymous_7)
FN:65,(anonymous_8)
FN:67,(anonymous_9)
FNF:10
FNH:9
FNDA:135,(anonymous_0)
FNDA:35,(anonymous_1)
FNDA:2,(anonymous_2)
FNDA:0,(anonymous_3)
FNDA:26,(anonymous_4)
FNDA:28,(anonymous_5)
FNDA:2,(anonymous_6)
FNDA:1,(anonymous_7)
FNDA:242,(anonymous_8)
FNDA:41,(anonymous_9)
DA:17,135
DA:25,35
DA:26,35
DA:29,35
DA:31,2
DA:32,2
DA:33,2
DA:35,2
DA:36,2
DA:39,33
DA:40,33
DA:48,28
DA:56,2
DA:61,1
DA:66,242
DA:67,47
DA:72,7
LF:17
LH:17
BRDA:25,0,0,35
BRDA:29,1,0,2
BRDA:29,2,0,33
BRDA:29,2,1,2
BRDA:29,3,0,35
BRDA:29,3,1,35
BRDA:48,4,0,0
BRDA:48,4,1,28
BRDA:48,5,0,28
BRDA:48,5,1,28
BRDA:66,6,0,47
BRF:11
BRH:10
end_of_record
TN:
SF:src/fetcher.ts
FN:1,watchProgress
FN:9,(anonymous_9)
FN:33,fetchBlob
FNF:3
FNH:3
FNDA:1,watchProgress
FNDA:1,(anonymous_9)
FNDA:1,fetchBlob
DA:2,1
DA:3,1
DA:5,1
DA:6,1
DA:9,1
DA:11,1
DA:12,1
DA:13,1
DA:17,1
DA:18,1
DA:19,2
DA:21,2
DA:22,1
DA:25,1
DA:29,0
DA:39,1
DA:41,1
DA:42,0
DA:46,1
DA:48,1
DA:51,3
DA:55,3
LF:22
LH:20
BRDA:2,0,0,0
BRDA:2,1,0,1
BRDA:2,1,1,1
BRDA:5,2,0,1
BRDA:5,2,1,0
BRDA:11,3,0,1
BRDA:11,3,1,0
BRDA:11,4,0,0
BRDA:11,4,1,1
BRDA:11,5,0,1
BRDA:11,5,1,1
BRDA:21,6,0,1
BRDA:41,7,0,0
BRF:13
BRH:8
end_of_record
TN:
SF:src/fft.ts
FN:14,hzToMel
FN:18,melToHz
FN:22,hzToLog
FN:26,logToHz
FN:30,hzToBark
FN:42,barkToHz
FN:53,hzToErb
FN:58,erbToHz
FN:64,hzToScale
FN:79,scaleToHz
FN:95,createFilterBank
FN:104,(anonymous_11)
FN:119,applyFilterBank
FN:121,(anonymous_13)
FN:131,createFilterBankForScale
FN:153,(anonymous_15)
FN:162,(anonymous_16)
FN:171,(anonymous_17)
FN:434,setupColorMap
FN:459,freqType
FN:466,unitType
FN:473,getLabelFrequency
FN:488,createWrapperClickHandler
FN:489,(anonymous_23)
FN:501,FFT
FN:597,(anonymous_25)
FNF:26
FNH:0
FNDA:0,hzToMel
FNDA:0,melToHz
FNDA:0,hzToLog
FNDA:0,logToHz
FNDA:0,hzToBark
FNDA:0,barkToHz
FNDA:0,hzToErb
FNDA:0,erbToHz
FNDA:0,hzToScale
FNDA:0,scaleToHz
FNDA:0,createFilterBank
FNDA:0,(anonymous_11)
FNDA:0,applyFilterBank
FNDA:0,(anonymous_13)
FNDA:0,createFilterBankForScale
FNDA:0,(anonymous_15)
FNDA:0,(anonymous_16)
FNDA:0,(anonymous_17)
FNDA:0,setupColorMap
FNDA:0,freqType
FNDA:0,unitType
FNDA:0,getLabelFrequency
FNDA:0,createWrapperClickHandler
FNDA:0,(anonymous_23)
FNDA:0,FFT
FNDA:0,(anonymous_25)
DA:11,0
DA:15,0
DA:19,0
DA:23,0
DA:27,0
DA:32,0
DA:33,0
DA:34,0
DA:36,0
DA:37,0
DA:39,0
DA:44,0
DA:45,0
DA:47,0
DA:48,0
DA:50,0
DA:55,0
DA:60,0
DA:65,0
DA:67,0
DA:69,0
DA:71,0
DA:73,0
DA:75,0
DA:80,0
DA:82,0
DA:84,0
DA:86,0
DA:88,0
DA:90,0
DA:102,0
DA:103,0
DA:104,0
DA:105,0
DA:107,0
DA:108,0
DA:109,0
DA:110,0
DA:111,0
DA:112,0
DA:113,0
DA:114,0
DA:116,0
DA:120,0
DA:121,0
DA:122,0
DA:123,0
DA:124,0
DA:127,0
DA:137,0
DA:139,0
DA:141,0
DA:143,0
DA:145,0
DA:148,0
DA:152,0
DA:154,0
DA:155,0
DA:156,0
DA:157,0
DA:159,0
DA:163,0
DA:164,0
DA:165,0
DA:166,0
DA:168,0
DA:171,0
DA:435,0
DA:436,0
DA:437,0
DA:439,0
DA:440,0
DA:441,0
DA:442,0
DA:445,0
DA:448,0
DA:449,0
DA:450,0
DA:453,0
DA:460,0
DA:467,0
DA:480,0
DA:481,0
DA:482,0
DA:489,0
DA:490,0
DA:491,0
DA:492,0
DA:493,0
DA:494,0
DA:502,0
DA:503,0
DA:504,0
DA:506,0
DA:507,0
DA:508,0
DA:509,0
DA:511,0
DA:512,0
DA:514,0
DA:516,0
DA:517,0
DA:519,0
DA:521,0
DA:522,0
DA:525,0
DA:527,0
DA:528,0
DA:529,0
DA:534,0
DA:536,0
DA:537,0
DA:539,0
DA:541,0
DA:542,0
DA:543,0
DA:548,0
DA:550,0
DA:551,0
DA:553,0
DA:556,0
DA:557,0
DA:559,0
DA:561,0
DA:562,0
DA:565,0
DA:567,0
DA:568,0
DA:570,0
DA:572,0
DA:573,0
DA:575,0
DA:577,0
DA:580,0
DA:581,0
DA:583,0
DA:584,0
DA:585,0
DA:588,0
DA:589,0
DA:592,0
DA:593,0
DA:594,0
DA:597,0
DA:598,0
DA:599,0
DA:600,0
DA:601,0
DA:602,0
DA:603,0
DA:604,0
DA:605,0
DA:606,0
DA:610,0
DA:612,0
DA:613,0
DA:615,0
DA:616,0
DA:624,0
DA:634,0
DA:635,0
DA:636,0
DA:639,0
DA:640,0
DA:641,0
DA:643,0
DA:644,0
DA:646,0
DA:647,0
DA:649,0
DA:650,0
DA:651,0
DA:652,0
DA:654,0
DA:655,0
DA:656,0
DA:657,0
DA:659,0
DA:662,0
DA:663,0
DA:664,0
DA:667,0
DA:670,0
DA:671,0
DA:672,0
DA:673,0
DA:675,0
DA:676,0
DA:677,0
DA:679,0
DA:681,0
LF:191
LH:0
BRDA:33,0,0,0
BRDA:36,1,0,0
BRDA:44,2,0,0
BRDA:47,3,0,0
BRDA:65,4,0,0
BRDA:65,4,1,0
BRDA:65,4,2,0
BRDA:65,4,3,0
BRDA:65,4,4,0
BRDA:80,5,0,0
BRDA:80,5,1,0
BRDA:80,5,2,0
BRDA:80,5,3,0
BRDA:80,5,4,0
BRDA:137,6,0,0
BRDA:137,6,1,0
BRDA:137,6,2,0
BRDA:137,6,3,0
BRDA:137,6,4,0
BRDA:137,6,5,0
BRDA:434,7,0,0
BRDA:435,8,0,0
BRDA:435,9,0,0
BRDA:435,9,1,0
BRDA:436,10,0,0
BRDA:441,11,0,0
BRDA:449,12,0,0
BRDA:460,13,0,0
BRDA:460,13,1,0
BRDA:467,14,0,0
BRDA:467,14,1,0
BRDA:514,15,0,0
BRDA:514,15,1,0
BRDA:514,15,2,0
BRDA:514,15,3,0
BRDA:514,15,4,0
BRDA:514,15,5,0
BRDA:514,15,6,0
BRDA:514,15,7,0
BRDA:514,15,8,0
BRDA:514,15,9,0
BRDA:514,15,10,0
BRDA:514,15,11,0
BRDA:527,16,0,0
BRDA:527,16,1,0
BRDA:541,17,0,0
BRDA:541,17,1,0
BRDA:612,18,0,0
BRDA:615,19,0,0
BRDA:675,20,0,0
BRF:50
BRH:0
end_of_record
TN:
SF:src/player.ts
FN:24,(anonymous_8)
FN:58,(anonymous_9)
FN:72,(anonymous_10)
FN:74,(anonymous_11)
FN:78,(anonymous_12)
FN:82,(anonymous_13)
FN:87,(anonymous_14)
FN:91,(anonymous_15)
FN:96,(anonymous_16)
FN:100,(anonymous_17)
FN:105,(anonymous_18)
FN:111,(anonymous_19)
FN:118,(anonymous_20)
FN:123,(anonymous_21)
FN:128,(anonymous_22)
FN:133,(anonymous_23)
FN:138,(anonymous_24)
FN:143,(anonymous_25)
FN:148,(anonymous_26)
FN:152,(anonymous_27)
FN:158,(anonymous_28)
FN:161,(anonymous_29)
FN:165,(anonymous_30)
FN:172,(anonymous_31)
FN:176,(anonymous_32)
FN:197,(anonymous_33)
FN:208,(anonymous_34)
FN:213,(anonymous_35)
FN:225,(anonymous_37)
FN:230,(anonymous_38)
FN:235,(anonymous_39)
FN:240,(anonymous_40)
FN:245,(anonymous_41)
FN:250,(anonymous_42)
FN:255,(anonymous_43)
FN:260,(anonymous_44)
FN:265,(anonymous_45)
FN:270,(anonymous_46)
FN:275,(anonymous_47)
FN:280,(anonymous_48)
FN:289,(anonymous_49)
FN:294,(anonymous_50)
FNF:42
FNH:37
FNDA:65,(anonymous_8)
FNDA:0,(anonymous_9)
FNDA:65,(anonymous_10)
FNDA:3,(anonymous_11)
FNDA:1,(anonymous_12)
FNDA:1,(anonymous_13)
FNDA:1,(anonymous_14)
FNDA:1,(anonymous_15)
FNDA:1,(anonymous_16)
FNDA:1,(anonymous_17)
FNDA:3,(anonymous_18)
FNDA:2,(anonymous_19)
FNDA:8,(anonymous_20)
FNDA:4,(anonymous_21)
FNDA:3,(anonymous_22)
FNDA:3,(anonymous_23)
FNDA:3,(anonymous_24)
FNDA:3,(anonymous_25)
FNDA:5,(anonymous_26)
FNDA:585,(anonymous_27)
FNDA:0,(anonymous_28)
FNDA:72,(anonymous_29)
FNDA:27,(anonymous_30)
FNDA:0,(anonymous_31)
FNDA:0,(anonymous_32)
FNDA:28,(anonymous_33)
FNDA:1,(anonymous_34)
FNDA:4,(anonymous_35)
FNDA:4,(anonymous_37)
FNDA:54,(anonymous_38)
FNDA:8,(anonymous_39)
FNDA:39,(anonymous_40)
FNDA:4,(anonymous_41)
FNDA:1,(anonymous_42)
FNDA:1,(anonymous_43)
FNDA:1,(anonymous_44)
FNDA:1,(anonymous_45)
FNDA:1,(anonymous_46)
FNDA:0,(anonymous_47)
FNDA:1,(anonymous_48)
FNDA:78,(anonymous_49)
FNDA:1,(anonymous_50)
DA:1,3
DA:2,3
DA:13,65
DA:25,65
DA:27,65
DA:28,39
DA:29,39
DA:31,26
DA:35,65
DA:36,65
DA:37,65
DA:38,65
DA:39,65
DA:40,65
DA:41,65
DA:44,65
DA:47,65
DA:48,0
DA:51,65
DA:52,0
DA:55,65
DA:56,0
DA:59,0
DA:60,0
DA:74,65
DA:75,3
DA:78,65
DA:79,1
DA:82,65
DA:83,1
DA:87,65
DA:88,1
DA:91,65
DA:92,1
DA:96,65
DA:97,1
DA:100,65
DA:101,1
DA:105,65
DA:106,3
DA:107,3
DA:111,65
DA:112,2
DA:119,8
DA:124,4
DA:129,3
DA:134,3
DA:139,3
DA:144,3
DA:149,5
DA:157,585
DA:158,585
DA:162,72
DA:166,27
DA:167,27
DA:168,0
DA:173,0
DA:177,0
DA:178,0
DA:180,0
DA:181,0
DA:184,0
DA:185,0
DA:188,0
DA:189,0
DA:190,0
DA:192,0
DA:198,28
DA:199,27
DA:200,27
DA:201,27
DA:203,27
DA:205,27
DA:209,1
DA:214,4
DA:215,4
DA:217,1
DA:218,1
DA:220,0
DA:226,4
DA:231,54
DA:236,8
DA:241,39
DA:246,4
DA:251,1
DA:256,1
DA:261,1
DA:266,1
DA:271,1
DA:276,0
DA:282,1
DA:283,0
DA:285,1
DA:290,78
DA:296,1
DA:297,1
DA:301,3
LF:97
LH:77
BRDA:27,0,0,39
BRDA:27,0,1,26
BRDA:40,1,0,65
BRDA:40,1,1,0
BRDA:47,2,0,0
BRDA:51,3,0,0
BRDA:55,4,0,0
BRDA:59,5,0,0
BRDA:162,6,0,72
BRDA:162,6,1,72
BRDA:162,6,2,72
BRDA:167,7,0,0
BRDA:178,8,0,0
BRDA:178,9,0,0
BRDA:178,9,1,0
BRDA:181,10,0,0
BRDA:181,10,1,0
BRDA:181,11,0,0
BRDA:181,11,1,0
BRDA:181,11,2,0
BRDA:184,12,0,0
BRDA:188,13,0,0
BRDA:188,14,0,0
BRDA:188,14,1,0
BRDA:198,15,0,1
BRDA:217,16,0,1
BRDA:217,17,0,1
BRDA:217,17,1,1
BRDA:231,18,0,54
BRDA:231,18,1,1
BRDA:282,19,0,0
BRF:31
BRH:12
end_of_record
TN:
SF:src/renderer-utils.ts
FN:20,clampToUnit
FN:41,findPeakInRange
FN:58,calculatePeaks
FN:82,findPeaksInRange
FN:101,calculateBarRenderConfig
FN:131,calculateBarHeights
FN:149,resolveBarYPosition
FN:167,calculateBarSegments
FN:251,getRelativePointerPosition
FN:269,pixelToTime
FN:283,timeToPixel
FN:295,relativeToTime
FN:307,timeToRelative
FN:320,normalizeToViewport
FN:342,calculateZoomLevel
FN:354,calculateFitZoom
FN:368,calculateZoomScrollOffset
FN:392,calculateZoom
FN:406,resolveChannelHeight
FN:424,(anonymous_19)
FN:432,getPixelRatio
FN:436,shouldRenderBars
FN:440,resolveColorValue
FN:454,(anonymous_23)
FN:461,calculateWaveformLayout
FN:487,clampWidthToBarGrid
FN:496,calculateSingleCanvasWidth
FN:509,sliceChannelData
FN:520,(anonymous_28)
FN:527,shouldClearCanvases
FN:531,getLazyRenderRange
FN:546,calculateVerticalScale
FN:577,calculateLinePaths
FN:593,(anonymous_33)
FN:624,calculateScrollPercentages
FN:643,roundToHalfAwayFromZero
FNF:36
FNH:23
FNDA:3,clampToUnit
FNDA:0,findPeakInRange
FNDA:0,calculatePeaks
FNDA:0,findPeaksInRange
FNDA:5,calculateBarRenderConfig
FNDA:14,calculateBarHeights
FNDA:15,resolveBarYPosition
FNDA:4,calculateBarSegments
FNDA:1,getRelativePointerPosition
FNDA:0,pixelToTime
FNDA:0,timeToPixel
FNDA:0,relativeToTime
FNDA:0,timeToRelative
FNDA:0,normalizeToViewport
FNDA:0,calculateZoomLevel
FNDA:0,calculateFitZoom
FNDA:0,calculateZoomScrollOffset
FNDA:0,calculateZoom
FNDA:55,resolveChannelHeight
FNDA:3,(anonymous_19)
FNDA:25,getPixelRatio
FNDA:19,shouldRenderBars
FNDA:12,resolveColorValue
FNDA:4,(anonymous_23)
FNDA:5,calculateWaveformLayout
FNDA:11,clampWidthToBarGrid
FNDA:6,calculateSingleCanvasWidth
FNDA:2,sliceChannelData
FNDA:3,(anonymous_28)
FNDA:2,shouldClearCanvases
FNDA:2,getLazyRenderRange
FNDA:6,calculateVerticalScale
FNDA:4,calculateLinePaths
FNDA:8,(anonymous_33)
FNDA:2,calculateScrollPercentages
FNDA:0,roundToHalfAwayFromZero
DA:14,3
DA:16,3
DA:18,3
DA:20,3
DA:21,3
DA:22,2
DA:23,1
DA:41,3
DA:42,0
DA:43,0
DA:44,0
DA:45,0
DA:47,0
DA:58,3
DA:59,0
DA:60,0
DA:61,0
DA:63,0
DA:64,0
DA:65,0
DA:66,0
DA:69,0
DA:82,3
DA:88,0
DA:89,0
DA:91,0
DA:92,0
DA:93,0
DA:94,0
DA:95,0
DA:98,0
DA:101,3
DA:114,5
DA:115,5
DA:116,5
DA:117,5
DA:118,5
DA:119,5
DA:121,5
DA:131,3
DA:142,14
DA:143,14
DA:144,14
DA:146,14
DA:149,3
DA:162,15
DA:163,14
DA:164,13
DA:167,3
DA:186,4
DA:187,4
DA:188,4
DA:190,4
DA:192,4
DA:193,4
DA:194,4
DA:196,4
DA:197,16
DA:199,16
DA:200,12
DA:207,12
DA:215,12
DA:222,12
DA:223,12
DA:224,12
DA:227,16
DA:228,16
DA:229,16
DA:230,16
DA:233,4
DA:251,3
DA:252,1
DA:253,1
DA:254,1
DA:255,1
DA:256,1
DA:269,3
DA:270,0
DA:283,3
DA:284,0
DA:295,3
DA:296,0
DA:307,3
DA:308,0
DA:320,3
DA:321,0
DA:342,3
DA:343,0
DA:354,3
DA:355,0
DA:368,3
DA:374,0
DA:375,0
DA:376,0
DA:392,3
DA:401,0
DA:402,0
DA:403,0
DA:406,3
DA:419,55
DA:420,5
DA:421,5
DA:422,3
DA:423,2
DA:424,3
DA:425,2
DA:427,0
DA:429,1
DA:432,3
DA:433,25
DA:436,3
DA:437,19
DA:440,3
DA:444,12
DA:445,4
DA:446,3
DA:448,2
DA:449,2
DA:450,2
DA:451,2
DA:453,2
DA:454,2
DA:455,4
DA:458,2
DA:461,3
DA:474,5
DA:475,5
DA:476,5
DA:477,5
DA:479,5
DA:487,3
DA:488,11
DA:489,6
DA:490,6
DA:491,6
DA:492,6
DA:493,6
DA:496,3
DA:505,6
DA:506,6
DA:509,3
DA:520,2
DA:521,3
DA:522,3
DA:523,3
DA:527,3
DA:528,2
DA:531,3
DA:540,2
DA:541,1
DA:542,1
DA:543,1
DA:546,3
DA:557,6
DA:558,6
DA:560,1
DA:561,1
DA:564,1
DA:565,1
DA:566,1
DA:567,2
DA:568,2
DA:569,2
DA:573,1
DA:574,1
DA:577,3
DA:588,4
DA:589,4
DA:590,4
DA:591,4
DA:593,4
DA:594,8
DA:595,8
DA:596,8
DA:597,8
DA:599,8
DA:600,8
DA:601,8
DA:603,8
DA:604,28
DA:606,28
DA:607,20
DA:608,20
DA:609,20
DA:610,20
DA:611,20
DA:614,28
DA:615,28
DA:618,8
DA:620,8
DA:624,3
DA:633,2
DA:634,1
DA:637,1
DA:638,1
DA:640,1
DA:643,3
DA:644,0
DA:645,0
DA:646,0
LF:200
LH:162
BRDA:21,0,0,1
BRDA:22,1,0,1
BRDA:44,2,0,0
BRDA:44,2,1,0
BRDA:45,3,0,0
BRDA:92,4,0,0
BRDA:92,4,1,0
BRDA:93,5,0,0
BRDA:93,5,1,0
BRDA:94,6,0,0
BRDA:95,7,0,0
BRDA:115,8,0,3
BRDA:115,8,1,2
BRDA:116,9,0,1
BRDA:116,9,1,4
BRDA:116,10,0,2
BRDA:116,10,1,2
BRDA:117,11,0,5
BRDA:117,11,1,4
BRDA:118,12,0,5
BRDA:118,12,1,0
BRDA:119,13,0,5
BRDA:119,13,1,0
BRDA:144,14,0,14
BRDA:144,14,1,4
BRDA:162,15,0,1
BRDA:163,16,0,1
BRDA:186,17,0,4
BRDA:186,17,1,0
BRDA:187,18,0,4
BRDA:187,18,1,2
BRDA:199,19,0,12
BRDA:227,20,0,16
BRDA:227,20,1,7
BRDA:228,21,0,16
BRDA:228,21,1,7
BRDA:229,22,0,9
BRDA:230,23,0,9
BRDA:269,24,0,0
BRDA:283,25,0,0
BRDA:308,26,0,0
BRDA:308,26,1,0
BRDA:342,27,0,0
BRDA:342,28,0,0
BRDA:355,29,0,0
BRDA:355,29,1,0
BRDA:398,30,0,0
BRDA:399,31,0,0
BRDA:411,32,0,2
BRDA:419,33,0,50
BRDA:421,34,0,2
BRDA:422,35,0,2
BRDA:423,36,0,2
BRDA:423,36,1,1
BRDA:424,37,0,2
BRDA:424,38,0,0
BRDA:424,38,1,2
BRDA:424,39,0,2
BRDA:424,39,1,2
BRDA:433,40,0,25
BRDA:433,40,1,1
BRDA:437,41,0,19
BRDA:437,41,1,10
BRDA:437,41,2,9
BRDA:444,42,0,8
BRDA:444,43,0,8
BRDA:444,43,1,6
BRDA:445,44,0,1
BRDA:446,45,0,1
BRDA:446,46,0,1
BRDA:446,46,1,0
BRDA:451,47,0,2
BRDA:451,47,1,0
BRDA:463,48,0,0
BRDA:476,49,0,5
BRDA:476,49,1,2
BRDA:477,50,0,1
BRDA:477,50,1,4
BRDA:488,51,0,5
BRDA:489,52,0,6
BRDA:489,52,1,0
BRDA:490,53,0,6
BRDA:490,53,1,3
BRDA:492,54,0,0
BRDA:540,55,0,1
BRDA:557,56,0,6
BRDA:557,56,1,4
BRDA:558,57,0,5
BRDA:561,58,0,0
BRDA:561,59,0,1
BRDA:561,59,1,1
BRDA:564,60,0,0
BRDA:564,60,1,1
BRDA:564,61,0,1
BRDA:564,61,1,1
BRDA:565,62,0,1
BRDA:567,63,0,2
BRDA:567,63,1,0
BRDA:567,64,0,2
BRDA:567,64,1,2
BRDA:569,65,0,2
BRDA:573,66,0,0
BRDA:589,67,0,4
BRDA:589,67,1,0
BRDA:590,68,0,4
BRDA:590,68,1,2
BRDA:595,69,0,8
BRDA:595,69,1,0
BRDA:597,70,0,4
BRDA:597,70,1,4
BRDA:606,71,0,20
BRDA:607,72,0,20
BRDA:607,72,1,8
BRDA:614,73,0,28
BRDA:614,73,1,16
BRDA:615,74,0,12
BRDA:633,75,0,1
BRDA:645,76,0,0
BRDA:645,76,1,0
BRF:119
BRH:83
end_of_record
TN:
SF:src/renderer.ts
FN:62,(anonymous_18)
FN:103,(anonymous_19)
FN:118,(anonymous_20)
FN:120,(anonymous_21)
FN:127,(anonymous_22)
FN:144,(anonymous_23)
FN:146,(anonymous_24)
FN:147,(anonymous_25)
FN:153,(anonymous_26)
FN:162,(anonymous_27)
FN:169,(anonymous_28)
FN:175,(anonymous_29)
FN:182,(anonymous_30)
FN:193,(anonymous_31)
FN:279,(anonymous_32)
FN:297,(anonymous_33)
FN:301,(anonymous_34)
FN:305,(anonymous_35)
FN:309,(anonymous_36)
FN:313,(anonymous_37)
FN:319,(anonymous_38)
FN:320,(anonymous_39)
FN:326,(anonymous_40)
FN:339,(anonymous_41)
FN:343,(anonymous_42)
FN:356,(anonymous_43)
FN:357,(anonymous_44)
FN:363,(anonymous_45)
FN:372,(anonymous_46)
FN:386,(anonymous_47)
FN:390,(anonymous_48)
FN:394,(anonymous_49)
FN:444,(anonymous_50)
FN:468,(anonymous_51)
FN:491,(anonymous_52)
FN:533,(anonymous_53)
FN:552,(anonymous_54)
FN:568,(anonymous_55)
FN:593,(anonymous_56)
FN:597,(anonymous_57)
FN:600,(anonymous_58)
FN:607,(anonymous_59)
FN:631,(anonymous_60)
FN:633,(anonymous_62)
FN:689,(anonymous_63)
FN:695,(anonymous_64)
FN:696,(anonymous_65)
FN:717,(anonymous_66)
FN:722,(anonymous_67)
FN:758,(anonymous_68)
FN:765,(anonymous_69)
FN:787,(anonymous_70)
FN:793,(anonymous_71)
FN:807,(anonymous_72)
FN:815,(anonymous_74)
FN:821,(anonymous_75)
FN:822,(anonymous_76)
FN:824,(anonymous_77)
FNF:58
FNH:36
FNDA:44,(anonymous_18)
FNDA:47,(anonymous_19)
FNDA:44,(anonymous_20)
FNDA:0,(anonymous_21)
FNDA:0,(anonymous_22)
FNDA:0,(anonymous_23)
FNDA:0,(anonymous_24)
FNDA:0,(anonymous_25)
FNDA:0,(anonymous_26)
FNDA:0,(anonymous_27)
FNDA:0,(anonymous_28)
FNDA:0,(anonymous_29)
FNDA:0,(anonymous_30)
FNDA:45,(anonymous_31)
FNDA:0,(anonymous_32)
FNDA:1,(anonymous_33)
FNDA:0,(anonymous_34)
FNDA:2,(anonymous_35)
FNDA:1,(anonymous_36)
FNDA:0,(anonymous_37)
FNDA:46,(anonymous_38)
FNDA:0,(anonymous_39)
FNDA:0,(anonymous_40)
FNDA:1,(anonymous_41)
FNDA:1,(anonymous_42)
FNDA:1,(anonymous_43)
FNDA:1,(anonymous_44)
FNDA:1,(anonymous_45)
FNDA:52,(anonymous_46)
FNDA:8,(anonymous_47)
FNDA:22,(anonymous_48)
FNDA:3,(anonymous_49)
FNDA:3,(anonymous_50)
FNDA:4,(anonymous_51)
FNDA:2,(anonymous_52)
FNDA:5,(anonymous_53)
FNDA:2,(anonymous_54)
FNDA:0,(anonymous_55)
FNDA:0,(anonymous_56)
FNDA:0,(anonymous_57)
FNDA:0,(anonymous_58)
FNDA:4,(anonymous_59)
FNDA:3,(anonymous_60)
FNDA:0,(anonymous_62)
FNDA:3,(anonymous_63)
FNDA:2,(anonymous_64)
FNDA:0,(anonymous_65)
FNDA:1,(anonymous_66)
FNDA:1,(anonymous_67)
FNDA:2,(anonymous_68)
FNDA:0,(anonymous_69)
FNDA:1,(anonymous_70)
FNDA:1,(anonymous_71)
FNDA:2,(anonymous_72)
FNDA:1,(anonymous_74)
FNDA:1,(anonymous_75)
FNDA:1,(anonymous_76)
FNDA:1,(anonymous_77)
DA:1,2
DA:2,2
DA:3,2
DA:5,2
DA:6,2
DA:7,2
DA:32,44
DA:33,44
DA:34,44
DA:35,44
DA:36,44
DA:37,44
DA:38,44
DA:39,44
DA:40,44
DA:41,44
DA:42,44
DA:43,44
DA:63,44
DA:65,44
DA:66,44
DA:69,44
DA:70,44
DA:71,44
DA:72,44
DA:73,44
DA:74,44
DA:77,44
DA:78,44
DA:79,44
DA:80,44
DA:81,44
DA:82,44
DA:84,44
DA:85,44
DA:87,44
DA:88,44
DA:89,44
DA:90,44
DA:91,44
DA:92,44
DA:93,44
DA:94,44
DA:96,44
DA:97,26
DA:100,44
DA:105,47
DA:106,2
DA:107,45
DA:108,45
DA:111,47
DA:112,1
DA:115,46
DA:120,44
DA:121,0
DA:122,0
DA:123,0
DA:127,44
DA:128,0
DA:129,0
DA:130,0
DA:134,44
DA:135,0
DA:139,44
DA:142,44
DA:143,0
DA:144,0
DA:145,0
DA:146,0
DA:147,0
DA:149,0
DA:154,0
DA:155,0
DA:156,0
DA:157,0
DA:159,0
DA:164,0
DA:166,0
DA:170,0
DA:171,0
DA:172,0
DA:176,0
DA:177,0
DA:178,0
DA:179,0
DA:183,0
DA:184,0
DA:185,0
DA:186,0
DA:190,0
DA:194,45
DA:195,45
DA:198,45
DA:200,45
DA:275,45
DA:280,0
DA:281,0
DA:282,0
DA:284,0
DA:287,0
DA:288,0
DA:291,0
DA:294,0
DA:298,1
DA:302,0
DA:306,2
DA:310,1
DA:314,0
DA:315,0
DA:316,0
DA:320,46
DA:321,46
DA:322,46
DA:323,0
DA:324,0
DA:326,46
DA:327,46
DA:330,46
DA:331,43
DA:332,43
DA:336,46
DA:343,1
DA:344,1
DA:345,0
DA:346,0
DA:348,1
DA:349,0
DA:350,0
DA:354,1
DA:356,1
DA:357,1
DA:359,1
DA:361,1
DA:363,1
DA:364,1
DA:365,1
DA:366,1
DA:376,52
DA:377,52
DA:387,8
DA:391,22
DA:400,3
DA:401,3
DA:409,3
DA:420,3
DA:422,3
DA:423,6
DA:425,0
DA:436,6
DA:440,3
DA:441,3
DA:450,3
DA:451,3
DA:453,3
DA:455,3
DA:456,6
DA:457,6
DA:458,6
DA:459,20
DA:460,20
DA:464,3
DA:465,3
DA:469,4
DA:471,4
DA:472,0
DA:473,0
DA:476,4
DA:483,4
DA:484,2
DA:485,2
DA:488,2
DA:500,2
DA:501,2
DA:502,2
DA:503,2
DA:504,2
DA:505,2
DA:506,2
DA:507,2
DA:509,2
DA:512,2
DA:513,0
DA:514,0
DA:516,2
DA:520,2
DA:521,2
DA:522,2
DA:523,2
DA:525,2
DA:526,2
DA:528,2
DA:529,2
DA:541,5
DA:542,5
DA:543,5
DA:545,5
DA:546,5
DA:549,5
DA:552,1
DA:553,2
DA:554,2
DA:555,2
DA:556,2
DA:557,2
DA:560,2
DA:562,2
DA:563,1
DA:564,1
DA:568,1
DA:569,0
DA:570,0
DA:571,0
DA:572,0
DA:577,1
DA:580,1
DA:581,1
DA:582,2
DA:584,1
DA:588,0
DA:593,0
DA:596,0
DA:597,0
DA:598,0
DA:599,0
DA:600,0
DA:603,0
DA:609,4
DA:614,4
DA:615,4
DA:616,4
DA:617,4
DA:618,0
DA:620,4
DA:621,4
DA:624,4
DA:625,4
DA:628,4
DA:633,3
DA:634,3
DA:637,3
DA:638,3
DA:641,3
DA:642,0
DA:647,3
DA:648,3
DA:649,3
DA:658,3
DA:661,3
DA:664,3
DA:665,3
DA:666,3
DA:667,3
DA:669,3
DA:672,3
DA:675,3
DA:677,0
DA:678,0
DA:679,0
DA:683,3
DA:684,3
DA:685,3
DA:689,3
DA:691,3
DA:696,2
DA:697,2
DA:700,2
DA:703,1
DA:704,1
DA:707,1
DA:710,1
DA:711,0
DA:712,0
DA:713,0
DA:718,1
DA:719,1
DA:723,1
DA:724,1
DA:725,1
DA:726,1
DA:727,1
DA:729,1
DA:731,0
DA:732,0
DA:733,0
DA:734,0
DA:735,0
DA:738,1
DA:739,1
DA:743,1
DA:744,1
DA:745,0
DA:759,2
DA:762,2
DA:765,2
DA:766,0
DA:768,0
DA:769,0
DA:772,0
DA:773,0
DA:774,0
DA:775,0
DA:777,0
DA:778,0
DA:788,1
DA:790,1
DA:791,1
DA:793,1
DA:794,1
DA:795,1
DA:796,1
DA:797,1
DA:801,1
DA:802,0
DA:808,2
DA:809,2
DA:810,0
DA:814,2
DA:815,1
DA:816,1
DA:820,1
DA:822,1
DA:823,1
DA:825,1
DA:826,1
DA:828,0
DA:840,2
LF:326
LH:233
BRDA:96,0,0,26
BRDA:105,1,0,2
BRDA:105,1,1,45
BRDA:107,2,0,45
BRDA:111,3,0,1
BRDA:134,4,0,0
BRDA:134,5,0,44
BRDA:134,5,1,44
BRDA:142,6,0,0
BRDA:155,7,0,0
BRDA:155,8,0,0
BRDA:155,8,1,0
BRDA:164,9,0,0
BRDA:198,10,0,0
BRDA:198,10,1,45
BRDA:198,11,0,45
BRDA:198,11,1,0
BRDA:201,12,0,0
BRDA:201,12,1,45
BRDA:280,13,0,0
BRDA:287,14,0,0
BRDA:287,15,0,0
BRDA:287,15,1,0
BRDA:322,16,0,0
BRDA:326,17,0,0
BRDA:326,17,1,46
BRDA:326,18,0,46
BRDA:326,18,1,46
BRDA:330,19,0,43
BRDA:339,20,0,0
BRDA:344,21,0,0
BRDA:348,22,0,0
BRDA:376,23,0,52
BRDA:376,23,1,46
BRDA:376,24,0,46
BRDA:376,24,1,6
BRDA:376,25,0,52
BRDA:376,25,1,6
BRDA:404,26,0,3
BRDA:404,26,1,0
BRDA:423,27,0,0
BRDA:423,27,1,6
BRDA:423,28,0,6
BRDA:423,28,1,0
BRDA:456,29,0,0
BRDA:471,30,0,0
BRDA:483,31,0,2
BRDA:512,32,0,0
BRDA:512,32,1,2
BRDA:520,33,0,2
BRDA:520,34,0,2
BRDA:520,34,1,2
BRDA:549,35,0,4
BRDA:553,36,0,0
BRDA:553,37,0,2
BRDA:553,37,1,2
BRDA:554,38,0,0
BRDA:562,39,0,1
BRDA:569,40,0,0
BRDA:580,41,0,1
BRDA:596,42,0,0
BRDA:617,43,0,0
BRDA:617,44,0,4
BRDA:617,44,1,0
BRDA:641,45,0,0
BRDA:643,46,0,0
BRDA:643,46,1,0
BRDA:651,47,0,3
BRDA:651,47,1,3
BRDA:661,48,0,0
BRDA:661,48,1,3
BRDA:664,49,0,0
BRDA:664,49,1,3
BRDA:666,50,0,3
BRDA:666,50,1,3
BRDA:675,51,0,0
BRDA:675,51,1,3
BRDA:678,52,0,0
BRDA:678,52,1,0
BRDA:678,53,0,0
BRDA:678,53,1,0
BRDA:684,54,0,0
BRDA:700,55,0,1
BRDA:710,56,0,0
BRDA:710,57,0,1
BRDA:710,57,1,0
BRDA:722,58,0,1
BRDA:729,59,0,0
BRDA:729,59,1,1
BRDA:732,60,0,0
BRDA:732,60,1,0
BRDA:734,61,0,0
BRDA:738,62,0,1
BRDA:738,63,0,1
BRDA:738,63,1,1
BRDA:739,64,0,0
BRDA:739,64,1,1
BRDA:744,65,0,0
BRDA:744,66,0,1
BRDA:744,66,1,0
BRDA:744,66,2,0
BRDA:758,67,0,2
BRDA:759,68,0,0
BRDA:762,69,0,2
BRDA:762,69,1,2
BRDA:766,70,0,0
BRDA:775,71,0,0
BRDA:775,71,1,0
BRDA:777,72,0,0
BRDA:777,73,0,0
BRDA:777,73,1,0
BRDA:788,74,0,0
BRDA:797,75,0,0
BRDA:797,75,1,1
BRDA:801,76,0,0
BRDA:801,77,0,1
BRDA:801,77,1,0
BRDA:809,78,0,0
BRDA:814,79,0,1
BRDA:825,80,0,1
BRDA:825,80,1,0
BRF:121
BRH:57
end_of_record
TN:
SF:src/wavesurfer.ts
FN:175,(anonymous_17)
FN:180,(anonymous_18)
FN:221,(anonymous_19)
FN:230,(anonymous_20)
FN:238,(anonymous_21)
FN:243,(anonymous_22)
FN:247,(anonymous_23)
FN:258,(anonymous_24)
FN:278,(anonymous_25)
FN:287,(anonymous_26)
FN:295,(anonymous_27)
FN:304,(anonymous_28)
FN:307,(anonymous_29)
FN:319,(anonymous_30)
FN:330,(anonymous_31)
FN:341,(anonymous_32)
FN:350,(anonymous_33)
FN:359,(anonymous_34)
FN:369,(anonymous_35)
FN:397,(anonymous_36)
FN:407,(anonymous_37)
FN:414,(anonymous_38)
FN:417,(anonymous_39)
FN:422,(anonymous_40)
FN:423,(anonymous_41)
FN:428,(anonymous_42)
FN:448,(anonymous_43)
FN:458,(anonymous_44)
FN:459,(anonymous_45)
FN:460,(anonymous_46)
FN:468,(anonymous_47)
FN:469,(anonymous_48)
FN:474,(anonymous_49)
FN:479,(anonymous_50)
FN:484,(anonymous_51)
FN:489,(anonymous_52)
FN:494,(anonymous_53)
FN:499,(anonymous_54)
FN:505,(anonymous_55)
FN:509,(anonymous_56)
FN:535,(anonymous_58)
FN:547,(anonymous_59)
FN:554,(anonymous_60)
FN:590,(anonymous_61)
FN:600,(anonymous_63)
FN:610,(anonymous_65)
FN:619,(anonymous_66)
FN:624,(anonymous_67)
FN:649,(anonymous_68)
FN:659,(anonymous_69)
FN:664,(anonymous_70)
FN:672,(anonymous_71)
FN:678,(anonymous_72)
FN:696,(anonymous_75)
FN:701,(anonymous_77)
FN:707,(anonymous_78)
FN:712,(anonymous_79)
FN:717,(anonymous_80)
FN:737,(anonymous_81)
FN:738,(anonymous_82)
FN:746,(anonymous_83)
FN:750,(anonymous_84)
FN:751,(anonymous_85)
FN:755,(anonymous_86)
FNF:64
FNH:52
FNDA:45,(anonymous_17)
FNDA:45,(anonymous_18)
FNDA:45,(anonymous_19)
FNDA:0,(anonymous_20)
FNDA:6,(anonymous_21)
FNDA:45,(anonymous_22)
FNDA:45,(anonymous_23)
FNDA:0,(anonymous_24)
FNDA:28,(anonymous_25)
FNDA:46,(anonymous_26)
FNDA:46,(anonymous_27)
FNDA:45,(anonymous_28)
FNDA:45,(anonymous_29)
FNDA:45,(anonymous_30)
FNDA:26,(anonymous_31)
FNDA:45,(anonymous_32)
FNDA:45,(anonymous_33)
FNDA:45,(anonymous_34)
FNDA:45,(anonymous_35)
FNDA:0,(anonymous_36)
FNDA:28,(anonymous_37)
FNDA:45,(anonymous_38)
FNDA:0,(anonymous_39)
FNDA:29,(anonymous_40)
FNDA:27,(anonymous_41)
FNDA:1,(anonymous_42)
FNDA:1,(anonymous_43)
FNDA:1,(anonymous_44)
FNDA:1,(anonymous_45)
FNDA:1,(anonymous_46)
FNDA:0,(anonymous_47)
FNDA:0,(anonymous_48)
FNDA:1,(anonymous_49)
FNDA:3,(anonymous_50)
FNDA:1,(anonymous_51)
FNDA:1,(anonymous_52)
FNDA:1,(anonymous_53)
FNDA:1,(anonymous_54)
FNDA:2,(anonymous_55)
FNDA:0,(anonymous_56)
FNDA:0,(anonymous_58)
FNDA:0,(anonymous_59)
FNDA:0,(anonymous_60)
FNDA:1,(anonymous_61)
FNDA:1,(anonymous_63)
FNDA:2,(anonymous_65)
FNDA:1,(anonymous_66)
FNDA:1,(anonymous_67)
FNDA:37,(anonymous_68)
FNDA:1,(anonymous_69)
FNDA:6,(anonymous_70)
FNDA:1,(anonymous_71)
FNDA:2,(anonymous_72)
FNDA:2,(anonymous_75)
FNDA:1,(anonymous_77)
FNDA:1,(anonymous_78)
FNDA:1,(anonymous_79)
FNDA:1,(anonymous_80)
FNDA:1,(anonymous_81)
FNDA:1,(anonymous_82)
FNDA:28,(anonymous_83)
FNDA:0,(anonymous_84)
FNDA:0,(anonymous_85)
FNDA:251,(anonymous_86)
DA:1,2
DA:2,2
DA:3,2
DA:4,2
DA:5,2
DA:6,2
DA:7,2
DA:8,2
DA:9,2
DA:10,2
DA:11,2
DA:90,2
DA:157,45
DA:158,45
DA:159,45
DA:160,45
DA:161,45
DA:162,45
DA:163,45
DA:168,45
DA:169,45
DA:171,2
DA:172,2
DA:176,45
DA:182,45
DA:185,45
DA:192,45
DA:195,45
DA:196,45
DA:197,45
DA:199,45
DA:200,45
DA:202,45
DA:203,45
DA:204,45
DA:205,45
DA:208,45
DA:211,45
DA:218,45
DA:221,45
DA:222,45
DA:226,45
DA:227,45
DA:230,0
DA:232,0
DA:239,6
DA:240,6
DA:244,45
DA:247,45
DA:248,45
DA:251,45
DA:252,0
DA:253,0
DA:256,45
DA:258,0
DA:259,0
DA:260,0
DA:263,0
DA:264,0
DA:265,0
DA:270,0
DA:273,0
DA:278,45
DA:279,28
DA:280,0
DA:281,0
DA:283,28
DA:289,46
DA:290,0
DA:294,46
DA:296,46
DA:297,46
DA:298,46
DA:306,45
DA:308,45
DA:309,45
DA:310,0
DA:311,0
DA:312,0
DA:318,45
DA:320,45
DA:321,45
DA:322,0
DA:328,45
DA:329,26
DA:331,26
DA:332,26
DA:333,26
DA:334,26
DA:340,45
DA:342,45
DA:343,0
DA:349,45
DA:351,45
DA:352,0
DA:358,45
DA:360,45
DA:361,0
DA:369,45
DA:370,45
DA:371,45
DA:373,0
DA:376,0
DA:377,0
DA:378,0
DA:379,0
DA:380,0
DA:382,0
DA:385,0
DA:386,0
DA:388,0
DA:389,0
DA:390,0
DA:391,0
DA:392,0
DA:393,0
DA:394,0
DA:397,0
DA:398,0
DA:401,0
DA:402,0
DA:407,45
DA:408,28
DA:409,28
DA:415,45
DA:417,0
DA:418,0
DA:423,29
DA:424,29
DA:429,1
DA:430,1
DA:431,0
DA:433,1
DA:435,0
DA:437,1
DA:439,1
DA:440,1
DA:442,1
DA:443,1
DA:450,1
DA:451,0
DA:454,1
DA:455,1
DA:458,1
DA:459,1
DA:460,1
DA:462,1
DA:464,1
DA:469,0
DA:470,0
DA:475,1
DA:480,3
DA:485,1
DA:490,1
DA:495,1
DA:500,1
DA:501,1
DA:506,2
DA:511,0
DA:512,0
DA:517,0
DA:519,0
DA:521,0
DA:522,0
DA:525,0
DA:526,0
DA:529,0
DA:530,0
DA:531,0
DA:532,0
DA:533,0
DA:535,0
DA:536,0
DA:537,0
DA:538,0
DA:539,0
DA:544,0
DA:547,0
DA:548,0
DA:549,0
DA:550,0
DA:554,0
DA:555,0
DA:556,0
DA:557,0
DA:558,0
DA:561,0
DA:566,0
DA:567,0
DA:568,0
DA:569,0
DA:574,0
DA:575,0
DA:576,0
DA:577,0
DA:578,0
DA:581,0
DA:582,0
DA:583,0
DA:586,0
DA:591,1
DA:592,1
DA:594,0
DA:595,0
DA:601,1
DA:602,1
DA:604,0
DA:605,0
DA:611,2
DA:612,1
DA:614,1
DA:615,1
DA:620,1
DA:625,1
DA:626,0
DA:628,1
DA:629,1
DA:630,1
DA:631,1
DA:632,1
DA:633,1
DA:634,1
DA:635,3
DA:636,3
DA:637,3
DA:638,3
DA:639,3
DA:641,3
DA:643,1
DA:645,1
DA:650,37
DA:652,37
DA:653,1
DA:655,37
DA:660,1
DA:665,6
DA:666,6
DA:667,6
DA:668,6
DA:673,1
DA:674,1
DA:679,2
DA:680,1
DA:683,2
DA:684,2
DA:685,1
DA:686,0
DA:688,1
DA:692,2
DA:697,2
DA:702,1
DA:703,1
DA:708,1
DA:713,1
DA:718,1
DA:720,1
DA:721,1
DA:722,1
DA:724,1
DA:738,1
DA:742,1
DA:747,28
DA:748,28
DA:749,28
DA:750,28
DA:751,28
DA:752,28
DA:753,28
DA:754,28
DA:755,251
DA:756,28
DA:760,2
LF:272
LH:175
BRDA:182,0,0,45
BRDA:182,0,1,26
BRDA:183,1,0,0
BRDA:183,1,1,26
BRDA:199,2,0,19
BRDA:199,2,1,26
BRDA:218,3,0,45
BRDA:218,3,1,45
BRDA:218,3,2,45
BRDA:227,4,0,0
BRDA:227,5,0,45
BRDA:227,5,1,45
BRDA:227,5,2,0
BRDA:232,6,0,0
BRDA:232,6,1,0
BRDA:238,7,0,0
BRDA:251,8,0,0
BRDA:256,9,0,0
BRDA:259,10,0,0
BRDA:263,11,0,0
BRDA:263,12,0,0
BRDA:263,12,1,0
BRDA:279,13,0,0
BRDA:289,14,0,0
BRDA:297,15,0,46
BRDA:309,16,0,0
BRDA:309,17,0,45
BRDA:309,17,1,0
BRDA:321,18,0,0
BRDA:328,19,0,26
BRDA:342,20,0,0
BRDA:351,21,0,0
BRDA:360,22,0,0
BRDA:371,23,0,45
BRDA:371,24,0,45
BRDA:371,24,1,0
BRDA:376,25,0,0
BRDA:376,25,1,0
BRDA:378,26,0,0
BRDA:378,26,1,0
BRDA:380,27,0,0
BRDA:389,28,0,0
BRDA:389,28,1,0
BRDA:391,29,0,0
BRDA:391,29,1,0
BRDA:393,30,0,0
BRDA:393,31,0,0
BRDA:393,31,1,0
BRDA:394,32,0,0
BRDA:394,32,1,0
BRDA:394,33,0,0
BRDA:394,33,1,0
BRDA:415,34,0,45
BRDA:415,35,0,45
BRDA:415,35,1,0
BRDA:415,36,0,45
BRDA:415,36,1,45
BRDA:430,37,0,0
BRDA:430,38,0,1
BRDA:430,38,1,0
BRDA:433,39,0,0
BRDA:433,40,0,1
BRDA:433,40,1,0
BRDA:439,41,0,1
BRDA:442,42,0,1
BRDA:450,43,0,0
BRDA:511,44,0,0
BRDA:519,45,0,0
BRDA:519,46,0,0
BRDA:519,46,1,0
BRDA:525,47,0,0
BRDA:525,47,1,0
BRDA:525,48,0,0
BRDA:525,48,1,0
BRDA:529,49,0,0
BRDA:529,50,0,0
BRDA:529,50,1,0
BRDA:530,51,0,0
BRDA:530,51,1,0
BRDA:531,52,0,0
BRDA:531,53,0,0
BRDA:531,53,1,0
BRDA:538,54,0,0
BRDA:548,55,0,0
BRDA:548,55,1,0
BRDA:549,56,0,0
BRDA:549,56,1,0
BRDA:556,57,0,0
BRDA:557,58,0,0
BRDA:557,58,1,0
BRDA:557,59,0,0
BRDA:557,59,1,0
BRDA:566,60,0,0
BRDA:566,61,0,0
BRDA:566,61,1,0
BRDA:568,62,0,0
BRDA:574,63,0,0
BRDA:574,63,1,0
BRDA:575,64,0,0
BRDA:575,64,1,0
BRDA:576,65,0,0
BRDA:581,66,0,0
BRDA:611,67,0,1
BRDA:624,68,0,0
BRDA:624,69,0,1
BRDA:624,70,0,0
BRDA:624,71,0,0
BRDA:625,72,0,0
BRDA:639,73,0,2
BRDA:650,74,0,37
BRDA:650,74,1,26
BRDA:652,75,0,1
BRDA:652,76,0,37
BRDA:652,76,1,11
BRDA:652,76,2,27
BRDA:679,77,0,1
BRDA:684,78,0,1
BRDA:685,79,0,0
BRDA:685,79,1,1
BRDA:697,80,0,1
BRDA:697,80,1,1
BRDA:720,81,0,0
BRDA:720,81,1,1
BRDA:720,82,0,1
BRDA:720,82,1,1
BRDA:738,83,0,0
BRDA:739,84,0,0
BRDA:740,85,0,0
BRDA:749,86,0,28
BRDA:749,86,1,0
BRDA:749,87,0,28
BRDA:749,87,1,0
BRDA:753,88,0,0
BRDA:753,88,1,28
BRDA:753,89,0,28
BRDA:753,89,1,28
BRF:136
BRH:45
end_of_record
TN:
SF:src/webaudio.ts
FN:38,(anonymous_8)
FN:51,(anonymous_9)
FN:55,(anonymous_11)
FN:59,(anonymous_12)
FN:70,(anonymous_13)
FN:76,(anonymous_14)
FN:80,(anonymous_15)
FN:90,(anonymous_16)
FN:96,(anonymous_17)
FN:122,(anonymous_18)
FN:130,(anonymous_19)
FN:136,(anonymous_20)
FN:142,(anonymous_22)
FN:148,(anonymous_23)
FN:155,(anonymous_24)
FN:165,(anonymous_25)
FN:170,(anonymous_27)
FN:173,(anonymous_28)
FN:180,(anonymous_29)
FN:186,(anonymous_30)
FN:197,(anonymous_31)
FN:200,(anonymous_32)
FN:204,(anonymous_33)
FN:207,(anonymous_34)
FN:212,(anonymous_35)
FN:215,(anonymous_36)
FN:226,(anonymous_37)
FN:231,(anonymous_38)
FN:236,(anonymous_39)
FN:249,(anonymous_40)
FNF:30
FNH:0
FNDA:0,(anonymous_8)
FNDA:0,(anonymous_9)
FNDA:0,(anonymous_11)
FNDA:0,(anonymous_12)
FNDA:0,(anonymous_13)
FNDA:0,(anonymous_14)
FNDA:0,(anonymous_15)
FNDA:0,(anonymous_16)
FNDA:0,(anonymous_17)
FNDA:0,(anonymous_18)
FNDA:0,(anonymous_19)
FNDA:0,(anonymous_20)
FNDA:0,(anonymous_22)
FNDA:0,(anonymous_23)
FNDA:0,(anonymous_24)
FNDA:0,(anonymous_25)
FNDA:0,(anonymous_27)
FNDA:0,(anonymous_28)
FNDA:0,(anonymous_29)
FNDA:0,(anonymous_30)
FNDA:0,(anonymous_31)
FNDA:0,(anonymous_32)
FNDA:0,(anonymous_33)
FNDA:0,(anonymous_34)
FNDA:0,(anonymous_35)
FNDA:0,(anonymous_36)
FNDA:0,(anonymous_37)
FNDA:0,(anonymous_38)
FNDA:0,(anonymous_39)
FNDA:0,(anonymous_40)
DA:1,2
DA:25,0
DA:26,0
DA:27,0
DA:28,0
DA:29,0
DA:30,0
DA:31,0
DA:32,0
DA:33,0
DA:34,0
DA:35,0
DA:36,0
DA:39,0
DA:40,0
DA:41,0
DA:42,0
DA:46,0
DA:49,0
DA:52,0
DA:56,0
DA:60,0
DA:61,0
DA:63,0
DA:64,0
DA:65,0
DA:66,0
DA:69,0
DA:71,0
DA:72,0
DA:74,0
DA:77,0
DA:78,0
DA:81,0
DA:83,0
DA:85,0
DA:86,0
DA:88,0
DA:92,0
DA:97,0
DA:98,0
DA:101,0
DA:102,0
DA:103,0
DA:106,0
DA:107,0
DA:108,0
DA:110,0
DA:111,0
DA:113,0
DA:114,0
DA:115,0
DA:116,0
DA:119,0
DA:120,0
DA:122,0
DA:123,0
DA:124,0
DA:125,0
DA:131,0
DA:132,0
DA:133,0
DA:137,0
DA:138,0
DA:139,0
DA:143,0
DA:144,0
DA:145,0
DA:149,0
DA:150,0
DA:151,0
DA:153,0
DA:156,0
DA:157,0
DA:158,0
DA:166,0
DA:167,0
DA:171,0
DA:174,0
DA:175,0
DA:176,0
DA:181,0
DA:184,0
DA:187,0
DA:189,0
DA:190,0
DA:191,0
DA:193,0
DA:194,0
DA:198,0
DA:201,0
DA:205,0
DA:208,0
DA:209,0
DA:213,0
DA:216,0
DA:217,0
DA:219,0
DA:220,0
DA:222,0
DA:227,0
DA:232,0
DA:237,0
DA:238,0
DA:239,0
DA:240,0
DA:241,0
DA:243,0
DA:250,0
DA:252,0
DA:253,0
DA:255,0
DA:256,0
DA:258,0
DA:259,0
DA:261,0
DA:262,0
DA:264,0
DA:265,0
DA:267,0
DA:268,0
DA:273,2
LF:122
LH:2
BRDA:38,0,0,0
BRDA:63,1,0,0
BRDA:71,2,0,0
BRDA:77,3,0,0
BRDA:81,4,0,0
BRDA:88,5,0,0
BRDA:97,6,0,0
BRDA:101,7,0,0
BRDA:107,8,0,0
BRDA:114,9,0,0
BRDA:114,10,0,0
BRDA:114,10,1,0
BRDA:123,11,0,0
BRDA:132,12,0,0
BRDA:132,12,1,0
BRDA:132,13,0,0
BRDA:132,13,1,0
BRDA:137,14,0,0
BRDA:143,15,0,0
BRDA:151,16,0,0
BRDA:151,16,1,0
BRDA:151,17,0,0
BRDA:151,17,1,0
BRDA:153,18,0,0
BRDA:153,18,1,0
BRDA:153,19,0,0
BRDA:153,19,1,0
BRDA:156,20,0,0
BRDA:175,21,0,0
BRDA:181,22,0,0
BRDA:181,22,1,0
BRDA:189,23,0,0
BRDA:191,24,0,0
BRDA:198,25,0,0
BRDA:198,25,1,0
BRDA:198,26,0,0
BRDA:198,26,1,0
BRDA:198,27,0,0
BRDA:198,27,1,0
BRDA:198,28,0,0
BRDA:198,28,1,0
BRDA:198,29,0,0
BRDA:198,29,1,0
BRDA:216,30,0,0
BRDA:219,31,0,0
BRDA:219,31,1,0
BRDA:238,32,0,0
BRDA:250,33,0,0
BRDA:250,33,1,0
BRDA:250,33,2,0
BRDA:250,33,3,0
BRDA:250,33,4,0
BRDA:250,33,5,0
BRF:53
BRH:0
end_of_record
TN:
SF:src/components/component.ts
FN:89,createComponent
FN:97,(anonymous_1)
FN:101,(anonymous_2)
FN:109,(anonymous_3)
FN:118,(anonymous_4)
FN:148,createInstances
FNF:6
FNH:5
FNDA:97,createComponent
FNDA:6,(anonymous_1)
FNDA:96,(anonymous_2)
FNDA:117,(anonymous_3)
FNDA:13,(anonymous_4)
FNDA:0,createInstances
DA:89,4
DA:94,97
DA:96,97
DA:98,6
DA:102,96
DA:103,1
DA:105,95
DA:106,95
DA:110,117
DA:111,1
DA:113,116
DA:114,115
DA:119,13
DA:120,12
DA:121,1
DA:123,12
DA:124,12
DA:148,4
DA:152,0
DA:154,0
DA:156,0
DA:157,0
DA:160,0
LF:23
LH:18
BRDA:102,0,0,1
BRDA:110,1,0,1
BRDA:113,2,0,115
BRDA:119,3,0,12
BRDA:120,4,0,1
BRF:5
BRH:5
end_of_record
TN:
SF:src/components/cursor.ts
FN:39,createCursorComponent
FN:41,(anonymous_1)
FN:57,(anonymous_2)
FNF:3
FNH:3
FNDA:39,createCursorComponent
FNDA:39,(anonymous_1)
FNDA:49,(anonymous_2)
DA:5,2
DA:6,2
DA:39,2
DA:40,39
DA:42,39
DA:58,49
DA:59,43
DA:61,49
DA:62,3
DA:64,49
DA:65,3
DA:67,49
DA:68,1
LF:13
LH:13
BRDA:58,0,0,43
BRDA:61,1,0,3
BRDA:64,2,0,3
BRDA:67,3,0,1
BRF:4
BRH:4
end_of_record
TN:
SF:src/components/progress.ts
FN:36,createProgressComponent
FN:38,(anonymous_1)
FN:64,(anonymous_2)
FNF:3
FNH:3
FNDA:41,createProgressComponent
FNDA:41,(anonymous_1)
FNDA:50,(anonymous_2)
DA:5,2
DA:6,2
DA:36,2
DA:37,41
DA:40,41
DA:46,41
DA:65,50
DA:66,46
DA:68,50
DA:69,3
DA:71,50
DA:72,1
LF:12
LH:12
BRDA:57,0,0,41
BRDA:57,0,1,0
BRDA:65,1,0,46
BRDA:68,2,0,3
BRDA:71,3,0,1
BRF:5
BRH:4
end_of_record
TN:
SF:src/plugins/envelope.ts
FN:66,(anonymous_0)
FN:121,(anonymous_1)
FN:129,(anonymous_2)
FN:140,(anonymous_3)
FN:149,(anonymous_4)
FN:156,(anonymous_5)
FN:158,(anonymous_6)
FN:178,(anonymous_7)
FN:183,(anonymous_8)
FN:184,(anonymous_9)
FN:190,(anonymous_10)
FN:214,(anonymous_11)
FN:219,(anonymous_12)
FN:225,(anonymous_13)
FN:238,(anonymous_14)
FN:243,(anonymous_15)
FN:254,(anonymous_16)
FN:255,(anonymous_17)
FN:271,(anonymous_18)
FN:283,(anonymous_19)
FN:292,(anonymous_20)
FN:317,(anonymous_21)
FN:323,(anonymous_22)
FN:335,(anonymous_23)
FN:347,(anonymous_24)
FN:354,(anonymous_25)
FN:358,(anonymous_26)
FN:373,(anonymous_27)
FN:385,(anonymous_28)
FN:392,(anonymous_29)
FN:393,(anonymous_30)
FN:394,(anonymous_31)
FN:400,(anonymous_32)
FN:414,(anonymous_33)
FN:421,(anonymous_34)
FN:427,(anonymous_35)
FN:439,(anonymous_36)
FN:442,(anonymous_37)
FN:452,(anonymous_38)
FN:462,(anonymous_39)
FN:468,(anonymous_40)
FN:472,(anonymous_41)
FN:477,(anonymous_42)
FN:486,(anonymous_43)
FN:494,(anonymous_44)
FN:498,(anonymous_45)
FN:505,(anonymous_46)
FN:506,(anonymous_47)
FN:517,(anonymous_48)
FN:521,(anonymous_49)
FN:523,(anonymous_50)
FN:527,(anonymous_51)
FNF:52
FNH:0
FNDA:0,(anonymous_0)
FNDA:0,(anonymous_1)
FNDA:0,(anonymous_2)
FNDA:0,(anonymous_3)
FNDA:0,(anonymous_4)
FNDA:0,(anonymous_5)
FNDA:0,(anonymous_6)
FNDA:0,(anonymous_7)
FNDA:0,(anonymous_8)
FNDA:0,(anonymous_9)
FNDA:0,(anonymous_10)
FNDA:0,(anonymous_11)
FNDA:0,(anonymous_12)
FNDA:0,(anonymous_13)
FNDA:0,(anonymous_14)
FNDA:0,(anonymous_15)
FNDA:0,(anonymous_16)
FNDA:0,(anonymous_17)
FNDA:0,(anonymous_18)
FNDA:0,(anonymous_19)
FNDA:0,(anonymous_20)
FNDA:0,(anonymous_21)
FNDA:0,(anonymous_22)
FNDA:0,(anonymous_23)
FNDA:0,(anonymous_24)
FNDA:0,(anonymous_25)
FNDA:0,(anonymous_26)
FNDA:0,(anonymous_27)
FNDA:0,(anonymous_28)
FNDA:0,(anonymous_29)
FNDA:0,(anonymous_30)
FNDA:0,(anonymous_31)
FNDA:0,(anonymous_32)
FNDA:0,(anonymous_33)
FNDA:0,(anonymous_34)
FNDA:0,(anonymous_35)
FNDA:0,(anonymous_36)
FNDA:0,(anonymous_37)
FNDA:0,(anonymous_38)
FNDA:0,(anonymous_39)
FNDA:0,(anonymous_40)
FNDA:0,(anonymous_41)
FNDA:0,(anonymous_42)
FNDA:0,(anonymous_43)
FNDA:0,(anonymous_44)
FNDA:0,(anonymous_45)
FNDA:0,(anonymous_46)
FNDA:0,(anonymous_47)
FNDA:0,(anonymous_48)
FNDA:0,(anonymous_49)
FNDA:0,(anonymous_50)
FNDA:0,(anonymous_51)
DA:28,0
DA:59,0
DA:67,0
DA:69,0
DA:70,0
DA:71,0
DA:73,0
DA:74,0
DA:77,0
DA:96,0
DA:99,0
DA:119,0
DA:120,0
DA:122,0
DA:123,0
DA:124,0
DA:125,0
DA:126,0
DA:128,0
DA:129,0
DA:130,0
DA:131,0
DA:134,0
DA:140,0
DA:141,0
DA:142,0
DA:143,0
DA:144,0
DA:146,0
DA:149,0
DA:150,0
DA:151,0
DA:152,0
DA:156,0
DA:157,0
DA:158,0
DA:159,0
DA:160,0
DA:161,0
DA:162,0
DA:163,0
DA:166,0
DA:170,0
DA:171,0
DA:173,0
DA:174,0
DA:175,0
DA:179,0
DA:183,0
DA:184,0
DA:191,0
DA:192,0
DA:193,0
DA:215,0
DA:216,0
DA:217,0
DA:218,0
DA:219,0
DA:220,0
DA:221,0
DA:222,0
DA:226,0
DA:227,0
DA:228,0
DA:229,0
DA:230,0
DA:232,0
DA:233,0
DA:234,0
DA:236,0
DA:237,0
DA:238,0
DA:239,0
DA:241,0
DA:243,0
DA:244,0
DA:245,0
DA:248,0
DA:249,0
DA:250,0
DA:254,0
DA:255,0
DA:256,0
DA:257,0
DA:261,0
DA:262,0
DA:263,0
DA:264,0
DA:267,0
DA:272,0
DA:274,0
DA:275,0
DA:276,0
DA:279,0
DA:280,0
DA:281,0
DA:283,0
DA:284,0
DA:285,0
DA:286,0
DA:287,0
DA:288,0
DA:294,0
DA:295,0
DA:296,0
DA:300,0
DA:301,0
DA:302,0
DA:304,0
DA:305,0
DA:306,0
DA:308,0
DA:309,0
DA:310,0
DA:312,0
DA:313,0
DA:314,0
DA:317,0
DA:318,0
DA:319,0
DA:323,0
DA:327,0
DA:329,0
DA:330,0
DA:336,0
DA:338,0
DA:340,0
DA:341,0
DA:342,0
DA:343,0
DA:344,0
DA:348,0
DA:355,0
DA:358,0
DA:359,0
DA:361,0
DA:364,0
DA:365,0
DA:366,0
DA:374,0
DA:375,0
DA:376,0
DA:377,0
DA:378,0
DA:386,0
DA:393,0
DA:394,0
DA:402,0
DA:403,0
DA:404,0
DA:407,0
DA:408,0
DA:415,0
DA:422,0
DA:423,0
DA:428,0
DA:429,0
DA:432,0
DA:433,0
DA:435,0
DA:438,0
DA:440,0
DA:442,0
DA:443,0
DA:449,0
DA:450,0
DA:451,0
DA:453,0
DA:454,0
DA:461,0
DA:463,0
DA:469,0
DA:470,0
DA:472,0
DA:473,0
DA:478,0
DA:479,0
DA:481,0
DA:483,0
DA:485,0
DA:487,0
DA:488,0
DA:489,0
DA:491,0
DA:495,0
DA:499,0
DA:506,0
DA:507,0
DA:510,0
DA:512,0
DA:518,0
DA:522,0
DA:523,0
DA:524,0
DA:525,0
DA:527,0
DA:528,0
DA:529,0
DA:531,0
DA:532,0
DA:533,0
DA:534,0
DA:535,0
DA:537,0
DA:538,0
DA:539,0
LF:206
LH:0
BRDA:108,0,0,0
BRDA:108,0,1,0
BRDA:119,1,0,0
BRDA:150,2,0,0
BRDA:157,3,0,0
BRDA:157,3,1,0
BRDA:216,4,0,0
BRDA:219,5,0,0
BRDA:219,5,1,0
BRDA:248,6,0,0
BRDA:248,7,0,0
BRDA:248,7,1,0
BRDA:248,7,2,0
BRDA:248,7,3,0
BRDA:256,8,0,0
BRDA:256,9,0,0
BRDA:256,9,1,0
BRDA:256,9,2,0
BRDA:256,9,3,0
BRDA:275,10,0,0
BRDA:275,11,0,0
BRDA:275,11,1,0
BRDA:294,12,0,0
BRDA:300,13,0,0
BRDA:304,14,0,0
BRDA:308,15,0,0
BRDA:312,16,0,0
BRDA:338,17,0,0
BRDA:338,17,1,0
BRDA:341,18,0,0
BRDA:341,18,1,0
BRDA:342,19,0,0
BRDA:342,19,1,0
BRDA:343,20,0,0
BRDA:343,20,1,0
BRDA:344,21,0,0
BRDA:344,21,1,0
BRDA:355,22,0,0
BRDA:364,23,0,0
BRDA:364,23,1,0
BRDA:364,24,0,0
BRDA:364,24,1,0
BRDA:365,25,0,0
BRDA:375,26,0,0
BRDA:377,27,0,0
BRDA:377,27,1,0
BRDA:377,28,0,0
BRDA:377,28,1,0
BRDA:402,29,0,0
BRDA:407,30,0,0
BRDA:407,30,1,0
BRDA:407,31,0,0
BRDA:407,31,1,0
BRDA:423,32,0,0
BRDA:423,32,1,0
BRDA:423,33,0,0
BRDA:423,33,1,0
BRDA:428,34,0,0
BRDA:433,35,0,0
BRDA:433,35,1,0
BRDA:433,36,0,0
BRDA:433,36,1,0
BRDA:449,37,0,0
BRDA:449,37,1,0
BRDA:449,38,0,0
BRDA:449,38,1,0
BRDA:450,39,0,0
BRDA:453,40,0,0
BRDA:454,41,0,0
BRDA:454,41,1,0
BRDA:454,42,0,0
BRDA:454,42,1,0
BRDA:469,43,0,0
BRDA:478,44,0,0
BRDA:479,45,0,0
BRDA:487,46,0,0
BRDA:487,46,1,0
BRDA:487,47,0,0
BRDA:487,47,1,0
BRDA:487,48,0,0
BRDA:487,48,1,0
BRDA:500,49,0,0
BRDA:500,49,1,0
BRDA:500,50,0,0
BRDA:500,50,1,0
BRDA:500,51,0,0
BRDA:500,51,1,0
BRDA:512,52,0,0
BRDA:512,52,1,0
BRDA:512,53,0,0
BRDA:512,53,1,0
BRDA:512,54,0,0
BRDA:512,54,1,0
BRDA:518,55,0,0
BRDA:518,55,1,0
BRDA:518,56,0,0
BRDA:518,56,1,0
BRDA:522,57,0,0
BRDA:524,58,0,0
BRDA:525,59,0,0
BRDA:525,59,1,0
BRDA:528,60,0,0
BRDA:537,61,0,0
BRF:103
BRH:0
end_of_record
TN:
SF:src/plugins/hover.ts
FN:40,(anonymous_0)
FN:60,(anonymous_1)
FN:57,(anonymous_2)
FN:152,(anonymous_3)
FN:178,(anonymous_4)
FN:69,(anonymous_5)
FN:73,(anonymous_6)
FN:79,(anonymous_7)
FN:120,(anonymous_8)
FN:133,(anonymous_9)
FN:146,(anonymous_10)
FN:184,(anonymous_11)
FN:187,(anonymous_12)
FNF:13
FNH:0
FNDA:0,(anonymous_0)
FNDA:0,(anonymous_1)
FNDA:0,(anonymous_2)
FNDA:0,(anonymous_3)
FNDA:0,(anonymous_4)
FNDA:0,(anonymous_5)
FNDA:0,(anonymous_6)
FNDA:0,(anonymous_7)
FNDA:0,(anonymous_8)
FNDA:0,(anonymous_9)
FNDA:0,(anonymous_10)
FNDA:0,(anonymous_11)
FNDA:0,(anonymous_12)
DA:36,0
DA:41,0
DA:42,0
DA:43,0
DA:44,0
DA:56,0
DA:57,0
DA:58,0
DA:61,0
DA:62,0
DA:65,0
DA:66,0
DA:70,0
DA:74,0
DA:75,0
DA:80,0
DA:81,0
DA:84,0
DA:85,0
DA:88,0
DA:101,0
DA:111,0
DA:112,0
DA:116,0
DA:117,0
DA:119,0
DA:122,0
DA:123,0
DA:124,0
DA:131,0
DA:132,0
DA:134,0
DA:135,0
DA:136,0
DA:143,0
DA:144,0
DA:146,0
DA:147,0
DA:148,0
DA:152,0
DA:153,0
DA:156,0
DA:159,0
DA:160,0
DA:161,0
DA:162,0
DA:163,0
DA:164,0
DA:165,0
DA:168,0
DA:169,0
DA:170,0
DA:171,0
DA:172,0
DA:175,0
DA:178,0
DA:179,0
DA:180,0
DA:185,0
DA:186,0
DA:187,0
DA:188,0
LF:62
LH:0
BRDA:61,0,0,0
BRDA:61,0,1,0
BRDA:153,1,0,0
BRDA:168,2,0,0
BRDA:168,2,1,0
BRDA:171,3,0,0
BRDA:171,3,1,0
BRDA:172,4,0,0
BRDA:172,4,1,0
BRDA:74,5,0,0
BRDA:74,5,1,0
BRDA:80,6,0,0
BRDA:85,7,0,0
BRDA:85,7,1,0
BRDA:85,7,2,0
BRDA:116,8,0,0
BRDA:116,8,1,0
BRDA:116,9,0,0
BRDA:116,9,1,0
BRDA:117,10,0,0
BRDA:117,11,0,0
BRDA:117,11,1,0
BRDA:123,12,0,0
BRDA:123,13,0,0
BRDA:123,13,1,0
BRDA:123,13,2,0
BRDA:131,14,0,0
BRDA:135,15,0,0
BRDA:135,16,0,0
BRDA:135,16,1,0
BRF:30
BRH:0
end_of_record
TN:
SF:src/plugins/minimap.ts
FN:60,(anonymous_0)
FN:68,(anonymous_1)
FN:73,(anonymous_2)
FN:92,(anonymous_3)
FN:97,(anonymous_4)
FN:106,(anonymous_5)
FN:126,(anonymous_6)
FN:164,(anonymous_7)
FN:168,(anonymous_8)
FN:172,(anonymous_9)
FN:176,(anonymous_10)
FN:180,(anonymous_11)
FN:184,(anonymous_12)
FN:188,(anonymous_13)
FN:192,(anonymous_14)
FN:196,(anonymous_15)
FN:200,(anonymous_16)
FN:204,(anonymous_17)
FN:208,(anonymous_18)
FN:212,(anonymous_19)
FN:216,(anonymous_20)
FN:220,(anonymous_21)
FN:229,(anonymous_22)
FN:234,(anonymous_23)
FN:239,(anonymous_24)
FN:245,(anonymous_25)
FN:253,(anonymous_26)
FN:261,(anonymous_27)
FN:273,(anonymous_28)
FN:283,(anonymous_29)
FNF:30
FNH:0
FNDA:0,(anonymous_0)
FNDA:0,(anonymous_1)
FNDA:0,(anonymous_2)
FNDA:0,(anonymous_3)
FNDA:0,(anonymous_4)
FNDA:0,(anonymous_5)
FNDA:0,(anonymous_6)
FNDA:0,(anonymous_7)
FNDA:0,(anonymous_8)
FNDA:0,(anonymous_9)
FNDA:0,(anonymous_10)
FNDA:0,(anonymous_11)
FNDA:0,(anonymous_12)
FNDA:0,(anonymous_13)
FNDA:0,(anonymous_14)
FNDA:0,(anonymous_15)
FNDA:0,(anonymous_16)
FNDA:0,(anonymous_17)
FNDA:0,(anonymous_18)
FNDA:0,(anonymous_19)
FNDA:0,(anonymous_20)
FNDA:0,(anonymous_21)
FNDA:0,(anonymous_22)
FNDA:0,(anonymous_23)
FNDA:0,(anonymous_24)
FNDA:0,(anonymous_25)
FNDA:0,(anonymous_26)
FNDA:0,(anonymous_27)
FNDA:0,(anonymous_28)
FNDA:0,(anonymous_29)
DA:15,0
DA:55,0
DA:57,0
DA:58,0
DA:61,0
DA:62,0
DA:64,0
DA:65,0
DA:69,0
DA:74,0
DA:75,0
DA:78,0
DA:79,0
DA:80,0
DA:81,0
DA:82,0
DA:84,0
DA:86,0
DA:87,0
DA:90,0
DA:92,0
DA:93,0
DA:98,0
DA:107,0
DA:128,0
DA:129,0
DA:131,0
DA:132,0
DA:133,0
DA:136,0
DA:137,0
DA:138,0
DA:141,0
DA:142,0
DA:143,0
DA:144,0
DA:145,0
DA:148,0
DA:149,0
DA:150,0
DA:153,0
DA:163,0
DA:165,0
DA:169,0
DA:173,0
DA:177,0
DA:181,0
DA:185,0
DA:189,0
DA:193,0
DA:197,0
DA:201,0
DA:205,0
DA:209,0
DA:213,0
DA:217,0
DA:221,0
DA:226,0
DA:230,0
DA:231,0
DA:235,0
DA:236,0
DA:240,0
DA:241,0
DA:242,0
DA:246,0
DA:248,0
DA:252,0
DA:254,0
DA:259,0
DA:260,0
DA:262,0
DA:263,0
DA:264,0
DA:265,0
DA:271,0
DA:272,0
DA:274,0
DA:275,0
DA:284,0
DA:285,0
DA:286,0
DA:287,0
LF:83
LH:0
BRDA:74,0,0,0
BRDA:78,1,0,0
BRDA:78,1,1,0
BRDA:79,2,0,0
BRDA:79,2,1,0
BRDA:81,3,0,0
BRDA:84,4,0,0
BRDA:84,4,1,0
BRDA:84,5,0,0
BRDA:84,5,1,0
BRDA:87,6,0,0
BRDA:87,6,1,0
BRDA:87,7,0,0
BRDA:87,7,1,0
BRDA:128,8,0,0
BRDA:131,9,0,0
BRDA:136,10,0,0
BRDA:143,11,0,0
BRDA:143,12,0,0
BRDA:143,12,1,0
BRDA:230,13,0,0
BRDA:230,13,1,0
BRDA:230,14,0,0
BRDA:230,14,1,0
BRDA:230,15,0,0
BRDA:230,15,1,0
BRDA:240,16,0,0
BRDA:246,17,0,0
BRDA:248,18,0,0
BRDA:248,18,1,0
BRDA:248,19,0,0
BRDA:248,19,1,0
BRDA:259,20,0,0
BRDA:259,21,0,0
BRDA:259,21,1,0
BRDA:263,22,0,0
BRDA:263,22,1,0
BRDA:263,23,0,0
BRDA:263,23,1,0
BRDA:263,24,0,0
BRDA:263,24,1,0
BRDA:271,25,0,0
BRDA:274,26,0,0
BRDA:284,27,0,0
BRDA:284,27,1,0
BRDA:284,28,0,0
BRDA:284,28,1,0
BRF:47
BRH:0
end_of_record
TN:
SF:src/plugins/record.ts
FN:56,(anonymous_7)
FN:56,(anonymous_8)
FN:75,(anonymous_9)
FN:101,(anonymous_10)
FN:105,(anonymous_11)
FN:134,(anonymous_12)
FN:206,(anonymous_13)
FN:217,(anonymous_14)
FN:225,(anonymous_15)
FN:233,(anonymous_16)
FN:241,(anonymous_17)
FN:266,(anonymous_19)
FN:274,(anonymous_20)
FN:280,(anonymous_21)
FN:294,(anonymous_23)
FN:301,(anonymous_24)
FN:315,(anonymous_25)
FN:317,(anonymous_26)
FN:331,(anonymous_27)
FN:336,(anonymous_28)
FN:340,(anonymous_29)
FN:344,(anonymous_30)
FN:349,(anonymous_31)
FN:358,(anonymous_32)
FN:370,(anonymous_33)
FN:386,(anonymous_34)
FN:389,(anonymous_36)
FN:389,(anonymous_37)
FN:393,(anonymous_38)
FN:405,(anonymous_39)
FNF:30
FNH:0
FNDA:0,(anonymous_7)
FNDA:0,(anonymous_8)
FNDA:0,(anonymous_9)
FNDA:0,(anonymous_10)
FNDA:0,(anonymous_11)
FNDA:0,(anonymous_12)
FNDA:0,(anonymous_13)
FNDA:0,(anonymous_14)
FNDA:0,(anonymous_15)
FNDA:0,(anonymous_16)
FNDA:0,(anonymous_17)
FNDA:0,(anonymous_19)
FNDA:0,(anonymous_20)
FNDA:0,(anonymous_21)
FNDA:0,(anonymous_23)
FNDA:0,(anonymous_24)
FNDA:0,(anonymous_25)
FNDA:0,(anonymous_26)
FNDA:0,(anonymous_27)
FNDA:0,(anonymous_28)
FNDA:0,(anonymous_29)
FNDA:0,(anonymous_30)
FNDA:0,(anonymous_31)
FNDA:0,(anonymous_32)
FNDA:0,(anonymous_33)
FNDA:0,(anonymous_34)
FNDA:0,(anonymous_36)
FNDA:0,(anonymous_37)
FNDA:0,(anonymous_38)
FNDA:0,(anonymous_39)
DA:51,0
DA:52,0
DA:53,0
DA:55,0
DA:56,0
DA:59,0
DA:60,0
DA:61,0
DA:62,0
DA:66,0
DA:67,0
DA:68,0
DA:69,0
DA:72,0
DA:76,0
DA:102,0
DA:106,0
DA:107,0
DA:108,0
DA:109,0
DA:112,0
DA:113,0
DA:115,0
DA:116,0
DA:118,0
DA:120,0
DA:121,0
DA:125,0
DA:126,0
DA:127,0
DA:129,0
DA:130,0
DA:134,0
DA:135,0
DA:137,0
DA:139,0
DA:141,0
DA:144,0
DA:145,0
DA:146,0
DA:147,0
DA:148,0
DA:152,0
DA:153,0
DA:156,0
DA:158,0
DA:160,0
DA:161,0
DA:162,0
DA:166,0
DA:167,0
DA:168,0
DA:170,0
DA:171,0
DA:174,0
DA:177,0
DA:178,0
DA:179,0
DA:180,0
DA:181,0
DA:185,0
DA:186,0
DA:187,0
DA:188,0
DA:191,0
DA:192,0
DA:194,0
DA:198,0
DA:199,0
DA:200,0
DA:207,0
DA:208,0
DA:210,0
DA:211,0
DA:218,0
DA:223,0
DA:225,0
DA:226,0
DA:227,0
DA:228,0
DA:231,0
DA:234,0
DA:235,0
DA:243,0
DA:244,0
DA:248,0
DA:249,0
DA:253,0
DA:256,0
DA:257,0
DA:258,0
DA:259,0
DA:260,0
DA:262,0
DA:267,0
DA:268,0
DA:269,0
DA:270,0
DA:271,0
DA:272,0
DA:273,0
DA:274,0
DA:275,0
DA:276,0
DA:281,0
DA:282,0
DA:284,0
DA:289,0
DA:290,0
DA:292,0
DA:294,0
DA:295,0
DA:296,0
DA:298,0
DA:301,0
DA:302,0
DA:303,0
DA:304,0
DA:305,0
DA:307,0
DA:308,0
DA:310,0
DA:311,0
DA:315,0
DA:317,0
DA:319,0
DA:320,0
DA:321,0
DA:322,0
DA:323,0
DA:327,0
DA:332,0
DA:337,0
DA:341,0
DA:345,0
DA:350,0
DA:351,0
DA:359,0
DA:360,0
DA:361,0
DA:362,0
DA:365,0
DA:371,0
DA:372,0
DA:373,0
DA:376,0
DA:377,0
DA:387,0
DA:389,0
DA:394,0
DA:395,0
DA:396,0
DA:397,0
DA:399,0
DA:400,0
DA:401,0
DA:406,0
DA:407,0
DA:408,0
LF:159
LH:0
BRDA:78,0,0,0
BRDA:78,0,1,0
BRDA:78,1,0,0
BRDA:78,1,1,0
BRDA:79,2,0,0
BRDA:79,2,1,0
BRDA:79,3,0,0
BRDA:79,3,1,0
BRDA:80,4,0,0
BRDA:80,4,1,0
BRDA:80,5,0,0
BRDA:80,5,1,0
BRDA:81,6,0,0
BRDA:81,6,1,0
BRDA:81,7,0,0
BRDA:81,7,1,0
BRDA:82,8,0,0
BRDA:82,8,1,0
BRDA:82,9,0,0
BRDA:82,9,1,0
BRDA:83,10,0,0
BRDA:83,10,1,0
BRDA:83,11,0,0
BRDA:83,11,1,0
BRDA:102,12,0,0
BRDA:102,12,1,0
BRDA:112,13,0,0
BRDA:112,14,0,0
BRDA:112,14,1,0
BRDA:120,15,0,0
BRDA:121,16,0,0
BRDA:121,16,1,0
BRDA:121,17,0,0
BRDA:121,17,1,0
BRDA:126,18,0,0
BRDA:135,19,0,0
BRDA:139,20,0,0
BRDA:139,20,1,0
BRDA:141,21,0,0
BRDA:141,21,1,0
BRDA:147,22,0,0
BRDA:152,23,0,0
BRDA:158,24,0,0
BRDA:158,25,0,0
BRDA:158,25,1,0
BRDA:168,26,0,0
BRDA:168,26,1,0
BRDA:170,27,0,0
BRDA:171,28,0,0
BRDA:171,28,1,0
BRDA:173,29,0,0
BRDA:173,29,1,0
BRDA:173,30,0,0
BRDA:173,30,1,0
BRDA:173,31,0,0
BRDA:173,31,1,0
BRDA:173,32,0,0
BRDA:173,32,1,0
BRDA:180,33,0,0
BRDA:185,34,0,0
BRDA:198,35,0,0
BRDA:199,36,0,0
BRDA:199,36,1,0
BRDA:199,37,0,0
BRDA:199,37,1,0
BRDA:199,38,0,0
BRDA:199,38,1,0
BRDA:199,39,0,0
BRDA:199,39,1,0
BRDA:204,40,0,0
BRDA:204,40,1,0
BRDA:207,41,0,0
BRDA:207,42,0,0
BRDA:207,42,1,0
BRDA:210,43,0,0
BRDA:227,44,0,0
BRDA:227,44,1,0
BRDA:227,45,0,0
BRDA:227,45,1,0
BRDA:228,46,0,0
BRDA:228,46,1,0
BRDA:228,47,0,0
BRDA:228,47,1,0
BRDA:243,48,0,0
BRDA:250,49,0,0
BRDA:250,49,1,0
BRDA:250,50,0,0
BRDA:250,50,1,0
BRDA:267,51,0,0
BRDA:267,51,1,0
BRDA:267,52,0,0
BRDA:267,52,1,0
BRDA:268,53,0,0
BRDA:268,53,1,0
BRDA:268,54,0,0
BRDA:268,54,1,0
BRDA:269,55,0,0
BRDA:269,55,1,0
BRDA:269,56,0,0
BRDA:269,56,1,0
BRDA:273,57,0,0
BRDA:281,58,0,0
BRDA:281,58,1,0
BRDA:284,59,0,0
BRDA:284,59,1,0
BRDA:286,60,0,0
BRDA:286,60,1,0
BRDA:295,61,0,0
BRDA:304,62,0,0
BRDA:307,63,0,0
BRDA:311,64,0,0
BRDA:311,64,1,0
BRDA:311,65,0,0
BRDA:311,65,1,0
BRDA:337,66,0,0
BRDA:337,66,1,0
BRDA:337,67,0,0
BRDA:337,67,1,0
BRDA:341,68,0,0
BRDA:341,68,1,0
BRDA:341,69,0,0
BRDA:341,69,1,0
BRDA:345,70,0,0
BRDA:345,70,1,0
BRDA:345,71,0,0
BRDA:345,71,1,0
BRDA:350,72,0,0
BRDA:351,73,0,0
BRDA:351,73,1,0
BRDA:351,74,0,0
BRDA:351,74,1,0
BRDA:359,75,0,0
BRDA:361,76,0,0
BRDA:361,76,1,0
BRDA:361,77,0,0
BRDA:361,77,1,0
BRDA:362,78,0,0
BRDA:362,78,1,0
BRDA:362,79,0,0
BRDA:362,79,1,0
BRDA:371,80,0,0
BRDA:373,81,0,0
BRDA:373,81,1,0
BRDA:373,82,0,0
BRDA:373,82,1,0
BRDA:399,83,0,0
BRDA:406,84,0,0
BRDA:406,85,0,0
BRDA:406,85,1,0
BRF:149
BRH:0
end_of_record
TN:
SF:src/plugins/regions.ts
FN:124,(anonymous_0)
FN:127,(anonymous_1)
FN:131,(anonymous_2)
FN:134,(anonymous_3)
FN:138,(anonymous_4)
FN:141,(anonymous_5)
FN:145,(anonymous_6)
FN:148,(anonymous_7)
FN:152,(anonymous_8)
FN:155,(anonymous_9)
FN:159,(anonymous_10)
FN:162,(anonymous_11)
FN:166,(anonymous_12)
FN:169,(anonymous_13)
FN:173,(anonymous_14)
FN:177,(anonymous_15)
FN:113,(anonymous_16)
FN:114,(anonymous_17)
FN:204,(anonymous_18)
FN:208,(anonymous_19)
FN:213,(anonymous_20)
FN:224,(anonymous_21)
FN:236,(anonymous_22)
FN:246,(anonymous_23)
FN:256,(anonymous_24)
FN:270,(anonymous_25)
FN:319,(anonymous_26)
FN:320,(anonymous_27)
FN:321,(anonymous_28)
FN:326,(anonymous_29)
FN:327,(anonymous_30)
FN:328,(anonymous_31)
FN:334,(anonymous_32)
FN:345,(anonymous_33)
FN:373,(anonymous_34)
FN:378,(anonymous_35)
FN:382,(anonymous_36)
FN:383,(anonymous_37)
FN:384,(anonymous_38)
FN:385,(anonymous_39)
FN:386,(anonymous_40)
FN:387,(anonymous_41)
FN:393,(anonymous_42)
FN:394,(anonymous_43)
FN:395,(anonymous_44)
FN:403,(anonymous_45)
FN:404,(anonymous_46)
FN:410,(anonymous_47)
FN:441,(anonymous_48)
FN:446,(anonymous_49)
FN:453,(anonymous_50)
FN:459,(anonymous_51)
FN:466,(anonymous_52)
FN:470,(anonymous_53)
FN:475,(anonymous_54)
FN:481,(anonymous_55)
FN:486,(anonymous_56)
FN:497,(anonymous_57)
FN:530,(anonymous_58)
FN:531,(anonymous_59)
FN:541,(anonymous_60)
FN:594,(anonymous_61)
FN:597,(anonymous_62)
FN:610,(anonymous_63)
FN:616,(anonymous_64)
FN:621,(anonymous_65)
FN:629,(anonymous_66)
FN:630,(anonymous_67)
FN:636,(anonymous_68)
FN:639,(anonymous_69)
FN:645,(anonymous_70)
FN:652,(anonymous_71)
FN:664,(anonymous_72)
FN:680,(anonymous_73)
FN:684,(anonymous_74)
FN:687,(anonymous_75)
FN:694,(anonymous_76)
FN:703,(anonymous_77)
FN:709,(anonymous_78)
FN:726,(anonymous_79)
FN:727,(anonymous_80)
FN:746,(anonymous_81)
FN:759,(anonymous_82)
FN:767,(anonymous_83)
FN:774,(anonymous_84)
FN:782,(anonymous_85)
FN:787,(anonymous_86)
FN:791,(anonymous_87)
FN:795,(anonymous_88)
FN:798,(anonymous_89)
FN:803,(anonymous_90)
FN:804,(anonymous_91)
FN:805,(anonymous_92)
FN:816,(anonymous_93)
FN:828,(anonymous_94)
FN:844,(anonymous_95)
FN:846,(anonymous_96)
FN:857,(anonymous_97)
FN:866,(anonymous_98)
FN:899,(anonymous_99)
FN:912,(anonymous_100)
FN:914,(anonymous_101)
FN:919,(anonymous_102)
FNF:103
FNH:0
FNDA:0,(anonymous_0)
FNDA:0,(anonymous_1)
FNDA:0,(anonymous_2)
FNDA:0,(anonymous_3)
FNDA:0,(anonymous_4)
FNDA:0,(anonymous_5)
FNDA:0,(anonymous_6)
FNDA:0,(anonymous_7)
FNDA:0,(anonymous_8)
FNDA:0,(anonymous_9)
FNDA:0,(anonymous_10)
FNDA:0,(anonymous_11)
FNDA:0,(anonymous_12)
FNDA:0,(anonymous_13)
FNDA:0,(anonymous_14)
FNDA:0,(anonymous_15)
FNDA:0,(anonymous_16)
FNDA:0,(anonymous_17)
FNDA:0,(anonymous_18)
FNDA:0,(anonymous_19)
FNDA:0,(anonymous_20)
FNDA:0,(anonymous_21)
FNDA:0,(anonymous_22)
FNDA:0,(anonymous_23)
FNDA:0,(anonymous_24)
FNDA:0,(anonymous_25)
FNDA:0,(anonymous_26)
FNDA:0,(anonymous_27)
FNDA:0,(anonymous_28)
FNDA:0,(anonymous_29)
FNDA:0,(anonymous_30)
FNDA:0,(anonymous_31)
FNDA:0,(anonymous_32)
FNDA:0,(anonymous_33)
FNDA:0,(anonymous_34)
FNDA:0,(anonymous_35)
FNDA:0,(anonymous_36)
FNDA:0,(anonymous_37)
FNDA:0,(anonymous_38)
FNDA:0,(anonymous_39)
FNDA:0,(anonymous_40)
FNDA:0,(anonymous_41)
FNDA:0,(anonymous_42)
FNDA:0,(anonymous_43)
FNDA:0,(anonymous_44)
FNDA:0,(anonymous_45)
FNDA:0,(anonymous_46)
FNDA:0,(anonymous_47)
FNDA:0,(anonymous_48)
FNDA:0,(anonymous_49)
FNDA:0,(anonymous_50)
FNDA:0,(anonymous_51)
FNDA:0,(anonymous_52)
FNDA:0,(anonymous_53)
FNDA:0,(anonymous_54)
FNDA:0,(anonymous_55)
FNDA:0,(anonymous_56)
FNDA:0,(anonymous_57)
FNDA:0,(anonymous_58)
FNDA:0,(anonymous_59)
FNDA:0,(anonymous_60)
FNDA:0,(anonymous_61)
FNDA:0,(anonymous_62)
FNDA:0,(anonymous_63)
FNDA:0,(anonymous_64)
FNDA:0,(anonymous_65)
FNDA:0,(anonymous_66)
FNDA:0,(anonymous_67)
FNDA:0,(anonymous_68)
FNDA:0,(anonymous_69)
FNDA:0,(anonymous_70)
FNDA:0,(anonymous_71)
FNDA:0,(anonymous_72)
FNDA:0,(anonymous_73)
FNDA:0,(anonymous_74)
FNDA:0,(anonymous_75)
FNDA:0,(anonymous_76)
FNDA:0,(anonymous_77)
FNDA:0,(anonymous_78)
FNDA:0,(anonymous_79)
FNDA:0,(anonymous_80)
FNDA:0,(anonymous_81)
FNDA:0,(anonymous_82)
FNDA:0,(anonymous_83)
FNDA:0,(anonymous_84)
FNDA:0,(anonymous_85)
FNDA:0,(anonymous_86)
FNDA:0,(anonymous_87)
FNDA:0,(anonymous_88)
FNDA:0,(anonymous_89)
FNDA:0,(anonymous_90)
FNDA:0,(anonymous_91)
FNDA:0,(anonymous_92)
FNDA:0,(anonymous_93)
FNDA:0,(anonymous_94)
FNDA:0,(anonymous_95)
FNDA:0,(anonymous_96)
FNDA:0,(anonymous_97)
FNDA:0,(anonymous_98)
FNDA:0,(anonymous_99)
FNDA:0,(anonymous_100)
FNDA:0,(anonymous_101)
FNDA:0,(anonymous_102)
DA:89,0
DA:92,0
DA:93,0
DA:95,0
DA:96,0
DA:97,0
DA:98,0
DA:103,0
DA:104,0
DA:105,0
DA:106,0
DA:107,0
DA:108,0
DA:109,0
DA:110,0
DA:113,0
DA:114,0
DA:115,0
DA:116,0
DA:117,0
DA:125,0
DA:128,0
DA:132,0
DA:135,0
DA:139,0
DA:142,0
DA:146,0
DA:149,0
DA:153,0
DA:156,0
DA:160,0
DA:163,0
DA:167,0
DA:170,0
DA:174,0
DA:180,0
DA:182,0
DA:184,0
DA:185,0
DA:186,0
DA:187,0
DA:188,0
DA:189,0
DA:190,0
DA:191,0
DA:192,0
DA:193,0
DA:194,0
DA:195,0
DA:196,0
DA:197,0
DA:198,0
DA:199,0
DA:200,0
DA:201,0
DA:205,0
DA:209,0
DA:212,0
DA:214,0
DA:215,0
DA:216,0
DA:217,0
DA:223,0
DA:225,0
DA:226,0
DA:227,0
DA:228,0
DA:229,0
DA:235,0
DA:237,0
DA:238,0
DA:239,0
DA:245,0
DA:247,0
DA:248,0
DA:249,0
DA:255,0
DA:257,0
DA:258,0
DA:259,0
DA:260,0
DA:261,0
DA:263,0
DA:272,0
DA:273,0
DA:276,0
DA:286,0
DA:300,0
DA:315,0
DA:316,0
DA:319,0
DA:320,0
DA:321,0
DA:326,0
DA:327,0
DA:328,0
DA:335,0
DA:336,0
DA:337,0
DA:338,0
DA:340,0
DA:341,0
DA:346,0
DA:348,0
DA:349,0
DA:351,0
DA:352,0
DA:353,0
DA:356,0
DA:370,0
DA:374,0
DA:375,0
DA:379,0
DA:380,0
DA:382,0
DA:383,0
DA:384,0
DA:385,0
DA:386,0
DA:387,0
DA:390,0
DA:393,0
DA:394,0
DA:396,0
DA:397,0
DA:402,0
DA:403,0
DA:404,0
DA:405,0
DA:406,0
DA:411,0
DA:412,0
DA:413,0
DA:414,0
DA:415,0
DA:416,0
DA:417,0
DA:418,0
DA:419,0
DA:420,0
DA:422,0
DA:427,0
DA:428,0
DA:429,0
DA:431,0
DA:432,0
DA:433,0
DA:435,0
DA:436,0
DA:437,0
DA:442,0
DA:443,0
DA:447,0
DA:448,0
DA:449,0
DA:450,0
DA:454,0
DA:455,0
DA:456,0
DA:460,0
DA:461,0
DA:462,0
DA:463,0
DA:467,0
DA:471,0
DA:476,0
DA:477,0
DA:482,0
DA:487,0
DA:488,0
DA:490,0
DA:491,0
DA:493,0
DA:498,0
DA:501,0
DA:502,0
DA:503,0
DA:505,0
DA:506,0
DA:510,0
DA:511,0
DA:512,0
DA:513,0
DA:515,0
DA:516,0
DA:517,0
DA:525,0
DA:527,0
DA:528,0
DA:530,0
DA:531,0
DA:532,0
DA:533,0
DA:535,0
DA:536,0
DA:537,0
DA:546,0
DA:548,0
DA:549,0
DA:553,0
DA:554,0
DA:558,0
DA:559,0
DA:560,0
DA:561,0
DA:565,0
DA:566,0
DA:569,0
DA:570,0
DA:571,0
DA:574,0
DA:575,0
DA:576,0
DA:577,0
DA:578,0
DA:580,0
DA:584,0
DA:585,0
DA:588,0
DA:589,0
DA:595,0
DA:596,0
DA:597,0
DA:598,0
DA:599,0
DA:600,0
DA:606,0
DA:611,0
DA:612,0
DA:617,0
DA:622,0
DA:623,0
DA:625,0
DA:628,0
DA:630,0
DA:634,0
DA:635,0
DA:638,0
DA:640,0
DA:645,0
DA:646,0
DA:647,0
DA:652,0
DA:653,0
DA:654,0
DA:659,0
DA:665,0
DA:681,0
DA:685,0
DA:687,0
DA:690,0
DA:691,0
DA:693,0
DA:695,0
DA:697,0
DA:698,0
DA:699,0
DA:701,0
DA:703,0
DA:705,0
DA:710,0
DA:711,0
DA:712,0
DA:713,0
DA:714,0
DA:715,0
DA:716,0
DA:717,0
DA:718,0
DA:719,0
DA:720,0
DA:721,0
DA:722,0
DA:727,0
DA:728,0
DA:729,0
DA:730,0
DA:731,0
DA:732,0
DA:733,0
DA:734,0
DA:737,0
DA:739,0
DA:740,0
DA:741,0
DA:742,0
DA:746,0
DA:748,0
DA:749,0
DA:751,0
DA:752,0
DA:753,0
DA:756,0
DA:759,0
DA:760,0
DA:761,0
DA:762,0
DA:768,0
DA:769,0
DA:770,0
DA:771,0
DA:773,0
DA:776,0
DA:777,0
DA:779,0
DA:783,0
DA:784,0
DA:788,0
DA:792,0
DA:796,0
DA:799,0
DA:804,0
DA:805,0
DA:806,0
DA:810,0
DA:812,0
DA:817,0
DA:818,0
DA:821,0
DA:822,0
DA:823,0
DA:824,0
DA:826,0
DA:827,0
DA:829,0
DA:830,0
DA:834,0
DA:837,0
DA:845,0
DA:846,0
DA:848,0
DA:849,0
DA:850,0
DA:851,0
DA:853,0
DA:858,0
DA:861,0
DA:867,0
DA:868,0
DA:869,0
DA:870,0
DA:871,0
DA:872,0
DA:875,0
DA:877,0
DA:880,0
DA:890,0
DA:893,0
DA:894,0
DA:900,0
DA:901,0
DA:902,0
DA:903,0
DA:913,0
DA:914,0
DA:915,0
DA:920,0
DA:921,0
DA:922,0
LF:359
LH:0
BRDA:180,0,0,0
BRDA:116,1,0,0
BRDA:185,2,0,0
BRDA:185,2,1,0
BRDA:188,3,0,0
BRDA:188,3,1,0
BRDA:188,4,0,0
BRDA:188,4,1,0
BRDA:189,5,0,0
BRDA:189,5,1,0
BRDA:189,6,0,0
BRDA:189,6,1,0
BRDA:190,7,0,0
BRDA:190,7,1,0
BRDA:190,8,0,0
BRDA:190,8,1,0
BRDA:191,9,0,0
BRDA:191,9,1,0
BRDA:191,10,0,0
BRDA:191,10,1,0
BRDA:192,11,0,0
BRDA:192,11,1,0
BRDA:192,12,0,0
BRDA:192,12,1,0
BRDA:193,13,0,0
BRDA:193,13,1,0
BRDA:193,14,0,0
BRDA:193,14,1,0
BRDA:194,15,0,0
BRDA:194,15,1,0
BRDA:194,16,0,0
BRDA:194,16,1,0
BRDA:195,17,0,0
BRDA:195,17,1,0
BRDA:195,18,0,0
BRDA:195,18,1,0
BRDA:196,19,0,0
BRDA:196,19,1,0
BRDA:196,20,0,0
BRDA:196,20,1,0
BRDA:197,21,0,0
BRDA:197,21,1,0
BRDA:197,22,0,0
BRDA:197,22,1,0
BRDA:209,23,0,0
BRDA:215,24,0,0
BRDA:227,25,0,0
BRDA:228,26,0,0
BRDA:228,26,1,0
BRDA:229,27,0,0
BRDA:229,27,1,0
BRDA:238,28,0,0
BRDA:239,29,0,0
BRDA:239,29,1,0
BRDA:248,30,0,0
BRDA:249,31,0,0
BRDA:249,31,1,0
BRDA:259,32,0,0
BRDA:260,33,0,0
BRDA:260,33,1,0
BRDA:260,34,0,0
BRDA:260,34,1,0
BRDA:272,35,0,0
BRDA:337,36,0,0
BRDA:340,37,0,0
BRDA:346,38,0,0
BRDA:351,39,0,0
BRDA:351,40,0,0
BRDA:351,40,1,0
BRDA:351,40,2,0
BRDA:374,41,0,0
BRDA:374,42,0,0
BRDA:374,42,1,0
BRDA:374,43,0,0
BRDA:374,43,1,0
BRDA:374,44,0,0
BRDA:374,44,1,0
BRDA:375,45,0,0
BRDA:375,45,1,0
BRDA:380,46,0,0
BRDA:397,47,0,0
BRDA:402,48,0,0
BRDA:402,49,0,0
BRDA:402,49,1,0
BRDA:411,50,0,0
BRDA:411,51,0,0
BRDA:411,51,1,0
BRDA:411,52,0,0
BRDA:411,52,1,0
BRDA:414,53,0,0
BRDA:414,53,1,0
BRDA:414,54,0,0
BRDA:414,54,1,0
BRDA:415,55,0,0
BRDA:415,55,1,0
BRDA:415,56,0,0
BRDA:415,56,1,0
BRDA:417,57,0,0
BRDA:418,58,0,0
BRDA:418,59,0,0
BRDA:418,59,1,0
BRDA:419,60,0,0
BRDA:419,60,1,0
BRDA:432,61,0,0
BRDA:432,61,1,0
BRDA:433,62,0,0
BRDA:433,63,0,0
BRDA:433,63,1,0
BRDA:433,63,2,0
BRDA:442,64,0,0
BRDA:447,65,0,0
BRDA:448,66,0,0
BRDA:448,67,0,0
BRDA:448,67,1,0
BRDA:449,68,0,0
BRDA:449,69,0,0
BRDA:449,69,1,0
BRDA:454,70,0,0
BRDA:477,71,0,0
BRDA:477,71,1,0
BRDA:477,72,0,0
BRDA:477,72,1,0
BRDA:477,73,0,0
BRDA:477,73,1,0
BRDA:482,74,0,0
BRDA:482,74,1,0
BRDA:482,75,0,0
BRDA:482,75,1,0
BRDA:486,76,0,0
BRDA:487,77,0,0
BRDA:488,78,0,0
BRDA:488,78,1,0
BRDA:490,79,0,0
BRDA:491,80,0,0
BRDA:491,80,1,0
BRDA:491,81,0,0
BRDA:491,81,1,0
BRDA:491,82,0,0
BRDA:491,82,1,0
BRDA:498,83,0,0
BRDA:501,84,0,0
BRDA:501,85,0,0
BRDA:501,85,1,0
BRDA:502,86,0,0
BRDA:505,87,0,0
BRDA:510,88,0,0
BRDA:510,88,1,0
BRDA:510,89,0,0
BRDA:510,89,1,0
BRDA:511,90,0,0
BRDA:515,91,0,0
BRDA:515,91,1,0
BRDA:519,92,0,0
BRDA:519,92,1,0
BRDA:527,93,0,0
BRDA:546,94,0,0
BRDA:548,95,0,0
BRDA:553,96,0,0
BRDA:558,97,0,0
BRDA:558,98,0,0
BRDA:558,98,1,0
BRDA:560,99,0,0
BRDA:560,99,1,0
BRDA:560,100,0,0
BRDA:560,100,1,0
BRDA:561,101,0,0
BRDA:561,101,1,0
BRDA:561,102,0,0
BRDA:561,102,1,0
BRDA:561,103,0,0
BRDA:561,103,1,0
BRDA:565,104,0,0
BRDA:569,105,0,0
BRDA:574,106,0,0
BRDA:574,107,0,0
BRDA:574,107,1,0
BRDA:577,108,0,0
BRDA:577,108,1,0
BRDA:577,109,0,0
BRDA:577,109,1,0
BRDA:584,110,0,0
BRDA:588,111,0,0
BRDA:598,112,0,0
BRDA:622,113,0,0
BRDA:640,114,0,0
BRDA:640,114,1,0
BRDA:641,115,0,0
BRDA:641,115,1,0
BRDA:646,116,0,0
BRDA:653,117,0,0
BRDA:685,118,0,0
BRDA:695,119,0,0
BRDA:695,120,0,0
BRDA:695,120,1,0
BRDA:698,121,0,0
BRDA:698,122,0,0
BRDA:698,122,1,0
BRDA:710,123,0,0
BRDA:711,124,0,0
BRDA:711,124,1,0
BRDA:711,125,0,0
BRDA:711,125,1,0
BRDA:711,126,0,0
BRDA:711,126,1,0
BRDA:711,127,0,0
BRDA:711,127,1,0
BRDA:712,128,0,0
BRDA:714,129,0,0
BRDA:719,130,0,0
BRDA:719,130,1,0
BRDA:721,131,0,0
BRDA:728,132,0,0
BRDA:734,133,0,0
BRDA:734,133,1,0
BRDA:737,134,0,0
BRDA:737,134,1,0
BRDA:739,135,0,0
BRDA:739,135,1,0
BRDA:739,136,0,0
BRDA:739,136,1,0
BRDA:741,137,0,0
BRDA:741,138,0,0
BRDA:741,138,1,0
BRDA:748,139,0,0
BRDA:748,140,0,0
BRDA:748,140,1,0
BRDA:768,141,0,0
BRDA:776,142,0,0
BRDA:788,143,0,0
BRDA:788,143,1,0
BRDA:788,144,0,0
BRDA:788,144,1,0
BRDA:817,145,0,0
BRDA:822,146,0,0
BRDA:822,146,1,0
BRDA:822,147,0,0
BRDA:822,147,1,0
BRDA:822,148,0,0
BRDA:822,148,1,0
BRDA:822,149,0,0
BRDA:822,149,1,0
BRDA:826,150,0,0
BRDA:826,150,1,0
BRDA:844,151,0,0
BRDA:845,152,0,0
BRDA:845,152,1,0
BRDA:845,153,0,0
BRDA:845,153,1,0
BRDA:846,154,0,0
BRDA:846,155,0,0
BRDA:846,155,1,0
BRDA:858,156,0,0
BRDA:861,157,0,0
BRDA:861,157,1,0
BRDA:868,158,0,0
BRDA:870,159,0,0
BRDA:870,159,1,0
BRDA:870,160,0,0
BRDA:870,160,1,0
BRDA:870,161,0,0
BRDA:870,161,1,0
BRDA:870,162,0,0
BRDA:870,162,1,0
BRDA:893,163,0,0
BRDA:900,164,0,0
BRF:265
BRH:0
end_of_record
TN:
SF:src/plugins/spectrogram-windowed.ts
FN:145,(anonymous_7)
FN:149,(anonymous_8)
FN:1028,(anonymous_9)
FN:195,(anonymous_10)
FN:206,(anonymous_11)
FN:222,(anonymous_12)
FN:233,(anonymous_13)
FN:257,(anonymous_14)
FN:264,(anonymous_15)
FN:270,(anonymous_16)
FN:274,(anonymous_17)
FN:286,(anonymous_18)
FN:292,(anonymous_19)
FN:323,(anonymous_20)
FN:340,(anonymous_21)
FN:352,(anonymous_22)
FN:373,(anonymous_23)
FN:379,(anonymous_24)
FN:386,(anonymous_25)
FN:402,(anonymous_27)
FN:417,(anonymous_28)
FN:439,(anonymous_29)
FN:449,(anonymous_30)
FN:484,(anonymous_31)
FN:489,(anonymous_32)
FN:493,(anonymous_33)
FN:498,(anonymous_34)
FN:536,(anonymous_36)
FN:632,(anonymous_38)
FN:638,(anonymous_39)
FN:673,(anonymous_40)
FN:680,(anonymous_41)
FN:685,(anonymous_42)
FN:719,(anonymous_44)
FN:724,(anonymous_45)
FN:733,(anonymous_46)
FN:752,(anonymous_47)
FN:757,(anonymous_48)
FN:780,(anonymous_50)
FN:810,(anonymous_52)
FN:814,(anonymous_53)
FN:845,(anonymous_54)
FN:920,(anonymous_56)
FN:961,(anonymous_58)
FN:1014,(anonymous_60)
FN:1023,(anonymous_61)
FN:1036,(anonymous_62)
FN:1040,(anonymous_63)
FN:1044,(anonymous_64)
FN:1050,(anonymous_65)
FN:1120,(anonymous_66)
FN:1153,(anonymous_68)
FN:1210,(anonymous_69)
FN:1214,(anonymous_70)
FN:1240,(anonymous_71)
FN:1249,(anonymous_72)
FNF:56
FNH:0
FNDA:0,(anonymous_7)
FNDA:0,(anonymous_8)
FNDA:0,(anonymous_9)
FNDA:0,(anonymous_10)
FNDA:0,(anonymous_11)
FNDA:0,(anonymous_12)
FNDA:0,(anonymous_13)
FNDA:0,(anonymous_14)
FNDA:0,(anonymous_15)
FNDA:0,(anonymous_16)
FNDA:0,(anonymous_17)
FNDA:0,(anonymous_18)
FNDA:0,(anonymous_19)
FNDA:0,(anonymous_20)
FNDA:0,(anonymous_21)
FNDA:0,(anonymous_22)
FNDA:0,(anonymous_23)
FNDA:0,(anonymous_24)
FNDA:0,(anonymous_25)
FNDA:0,(anonymous_27)
FNDA:0,(anonymous_28)
FNDA:0,(anonymous_29)
FNDA:0,(anonymous_30)
FNDA:0,(anonymous_31)
FNDA:0,(anonymous_32)
FNDA:0,(anonymous_33)
FNDA:0,(anonymous_34)
FNDA:0,(anonymous_36)
FNDA:0,(anonymous_38)
FNDA:0,(anonymous_39)
FNDA:0,(anonymous_40)
FNDA:0,(anonymous_41)
FNDA:0,(anonymous_42)
FNDA:0,(anonymous_44)
FNDA:0,(anonymous_45)
FNDA:0,(anonymous_46)
FNDA:0,(anonymous_47)
FNDA:0,(anonymous_48)
FNDA:0,(anonymous_50)
FNDA:0,(anonymous_52)
FNDA:0,(anonymous_53)
FNDA:0,(anonymous_54)
FNDA:0,(anonymous_56)
FNDA:0,(anonymous_58)
FNDA:0,(anonymous_60)
FNDA:0,(anonymous_61)
FNDA:0,(anonymous_62)
FNDA:0,(anonymous_63)
FNDA:0,(anonymous_64)
FNDA:0,(anonymous_65)
FNDA:0,(anonymous_66)
FNDA:0,(anonymous_68)
FNDA:0,(anonymous_69)
FNDA:0,(anonymous_70)
FNDA:0,(anonymous_71)
FNDA:0,(anonymous_72)
DA:122,0
DA:123,0
DA:124,0
DA:125,0
DA:126,0
DA:127,0
DA:130,0
DA:137,0
DA:138,0
DA:139,0
DA:142,0
DA:143,0
DA:146,0
DA:150,0
DA:152,0
DA:156,0
DA:159,0
DA:160,0
DA:161,0
DA:162,0
DA:163,0
DA:164,0
DA:165,0
DA:166,0
DA:167,0
DA:168,0
DA:171,0
DA:172,0
DA:175,0
DA:178,0
DA:181,0
DA:182,0
DA:183,0
DA:184,0
DA:186,0
DA:187,0
DA:190,0
DA:191,0
DA:197,0
DA:198,0
DA:199,0
DA:202,0
DA:204,0
DA:206,0
DA:207,0
DA:209,0
DA:210,0
DA:211,0
DA:212,0
DA:213,0
DA:214,0
DA:216,0
DA:222,0
DA:223,0
DA:225,0
DA:228,0
DA:229,0
DA:235,0
DA:236,0
DA:238,0
DA:239,0
DA:243,0
DA:244,0
DA:247,0
DA:248,0
DA:256,0
DA:258,0
DA:263,0
DA:265,0
DA:270,0
DA:273,0
DA:275,0
DA:276,0
DA:277,0
DA:284,0
DA:286,0
DA:287,0
DA:293,0
DA:302,0
DA:303,0
DA:319,0
DA:320,0
DA:324,0
DA:341,0
DA:342,0
DA:345,0
DA:346,0
DA:349,0
DA:353,0
DA:355,0
DA:356,0
DA:359,0
DA:360,0
DA:361,0
DA:362,0
DA:367,0
DA:368,0
DA:369,0
DA:375,0
DA:376,0
DA:379,0
DA:380,0
DA:384,0
DA:387,0
DA:389,0
DA:390,0
DA:393,0
DA:394,0
DA:395,0
DA:397,0
DA:398,0
DA:401,0
DA:402,0
DA:405,0
DA:406,0
DA:410,0
DA:411,0
DA:412,0
DA:419,0
DA:420,0
DA:421,0
DA:422,0
DA:423,0
DA:424,0
DA:427,0
DA:428,0
DA:429,0
DA:430,0
DA:431,0
DA:433,0
DA:436,0
DA:440,0
DA:441,0
DA:442,0
DA:445,0
DA:446,0
DA:450,0
DA:453,0
DA:455,0
DA:456,0
DA:457,0
DA:458,0
DA:459,0
DA:460,0
DA:461,0
DA:462,0
DA:463,0
DA:465,0
DA:466,0
DA:467,0
DA:468,0
DA:469,0
DA:470,0
DA:471,0
DA:474,0
DA:478,0
DA:479,0
DA:481,0
DA:485,0
DA:486,0
DA:490,0
DA:491,0
DA:493,0
DA:494,0
DA:499,0
DA:500,0
DA:502,0
DA:503,0
DA:504,0
DA:507,0
DA:508,0
DA:509,0
DA:510,0
DA:512,0
DA:513,0
DA:516,0
DA:517,0
DA:519,0
DA:520,0
DA:521,0
DA:524,0
DA:525,0
DA:528,0
DA:532,0
DA:537,0
DA:539,0
DA:540,0
DA:541,0
DA:544,0
DA:547,0
DA:549,0
DA:554,0
DA:556,0
DA:557,0
DA:558,0
DA:560,0
DA:561,0
DA:564,0
DA:565,0
DA:569,0
DA:570,0
DA:575,0
DA:577,0
DA:578,0
DA:581,0
DA:584,0
DA:586,0
DA:587,0
DA:588,0
DA:589,0
DA:592,0
DA:593,0
DA:596,0
DA:599,0
DA:600,0
DA:601,0
DA:603,0
DA:604,0
DA:612,0
DA:615,0
DA:616,0
DA:617,0
DA:620,0
DA:627,0
DA:628,0
DA:638,0
DA:640,0
DA:641,0
DA:643,0
DA:645,0
DA:646,0
DA:647,0
DA:654,0
DA:657,0
DA:658,0
DA:663,0
DA:664,0
DA:670,0
DA:674,0
DA:676,0
DA:677,0
DA:680,0
DA:681,0
DA:686,0
DA:689,0
DA:690,0
DA:693,0
DA:694,0
DA:695,0
DA:698,0
DA:699,0
DA:702,0
DA:703,0
DA:705,0
DA:706,0
DA:707,0
DA:709,0
DA:710,0
DA:711,0
DA:716,0
DA:719,0
DA:720,0
DA:725,0
DA:726,0
DA:727,0
DA:728,0
DA:734,0
DA:736,0
DA:738,0
DA:739,0
DA:742,0
DA:745,0
DA:746,0
DA:749,0
DA:753,0
DA:754,0
DA:758,0
DA:760,0
DA:761,0
DA:762,0
DA:765,0
DA:766,0
DA:767,0
DA:768,0
DA:769,0
DA:771,0
DA:777,0
DA:781,0
DA:782,0
DA:785,0
DA:786,0
DA:789,0
DA:790,0
DA:791,0
DA:792,0
DA:793,0
DA:794,0
DA:795,0
DA:796,0
DA:797,0
DA:801,0
DA:802,0
DA:803,0
DA:807,0
DA:810,0
DA:811,0
DA:814,0
DA:815,0
DA:816,0
DA:817,0
DA:823,0
DA:842,0
DA:846,0
DA:848,0
DA:849,0
DA:850,0
DA:851,0
DA:854,0
DA:855,0
DA:859,0
DA:860,0
DA:861,0
DA:862,0
DA:863,0
DA:864,0
DA:865,0
DA:869,0
DA:870,0
DA:871,0
DA:872,0
DA:874,0
DA:876,0
DA:877,0
DA:879,0
DA:880,0
DA:881,0
DA:883,0
DA:884,0
DA:885,0
DA:886,0
DA:889,0
DA:890,0
DA:891,0
DA:895,0
DA:896,0
DA:898,0
DA:899,0
DA:900,0
DA:902,0
DA:903,0
DA:904,0
DA:905,0
DA:907,0
DA:910,0
DA:912,0
DA:915,0
DA:917,0
DA:921,0
DA:922,0
DA:925,0
DA:926,0
DA:927,0
DA:928,0
DA:929,0
DA:930,0
DA:931,0
DA:932,0
DA:934,0
DA:935,0
DA:938,0
DA:939,0
DA:940,0
DA:943,0
DA:944,0
DA:957,0
DA:958,0
DA:971,0
DA:973,0
DA:974,0
DA:975,0
DA:978,0
DA:979,0
DA:980,0
DA:981,0
DA:982,0
DA:983,0
DA:985,0
DA:986,0
DA:987,0
DA:988,0
DA:993,0
DA:994,0
DA:995,0
DA:998,0
DA:999,0
DA:1000,0
DA:1001,0
DA:1004,0
DA:1006,0
DA:1009,0
DA:1010,0
DA:1015,0
DA:1016,0
DA:1017,0
DA:1020,0
DA:1024,0
DA:1025,0
DA:1028,0
DA:1029,0
DA:1030,0
DA:1031,0
DA:1032,0
DA:1033,0
DA:1037,0
DA:1041,0
DA:1045,0
DA:1046,0
DA:1047,0
DA:1061,0
DA:1062,0
DA:1063,0
DA:1064,0
DA:1065,0
DA:1066,0
DA:1067,0
DA:1068,0
DA:1069,0
DA:1070,0
DA:1071,0
DA:1072,0
DA:1073,0
DA:1076,0
DA:1077,0
DA:1078,0
DA:1079,0
DA:1080,0
DA:1082,0
DA:1083,0
DA:1086,0
DA:1089,0
DA:1090,0
DA:1091,0
DA:1095,0
DA:1096,0
DA:1097,0
DA:1099,0
DA:1100,0
DA:1101,0
DA:1102,0
DA:1103,0
DA:1106,0
DA:1109,0
DA:1110,0
DA:1111,0
DA:1113,0
DA:1114,0
DA:1115,0
DA:1121,0
DA:1122,0
DA:1123,0
DA:1126,0
DA:1127,0
DA:1130,0
DA:1131,0
DA:1134,0
DA:1135,0
DA:1149,0
DA:1150,0
DA:1154,0
DA:1156,0
DA:1157,0
DA:1158,0
DA:1161,0
DA:1162,0
DA:1163,0
DA:1167,0
DA:1168,0
DA:1171,0
DA:1172,0
DA:1173,0
DA:1177,0
DA:1178,0
DA:1180,0
DA:1182,0
DA:1185,0
DA:1186,0
DA:1187,0
DA:1189,0
DA:1190,0
DA:1191,0
DA:1193,0
DA:1194,0
DA:1195,0
DA:1199,0
DA:1200,0
DA:1201,0
DA:1202,0
DA:1203,0
DA:1204,0
DA:1206,0
DA:1211,0
DA:1216,0
DA:1217,0
DA:1218,0
DA:1222,0
DA:1225,0
DA:1226,0
DA:1227,0
DA:1231,0
DA:1233,0
DA:1236,0
DA:1241,0
DA:1242,0
DA:1243,0
DA:1244,0
DA:1250,0
DA:1251,0
DA:1252,0
DA:1253,0
LF:519
LH:0
BRDA:146,0,0,0
BRDA:146,0,1,0
BRDA:153,1,0,0
BRDA:153,1,1,0
BRDA:159,2,0,0
BRDA:159,2,1,0
BRDA:160,3,0,0
BRDA:160,3,1,0
BRDA:161,4,0,0
BRDA:161,4,1,0
BRDA:162,5,0,0
BRDA:162,5,1,0
BRDA:164,6,0,0
BRDA:164,6,1,0
BRDA:165,7,0,0
BRDA:165,7,1,0
BRDA:166,8,0,0
BRDA:166,8,1,0
BRDA:166,9,0,0
BRDA:166,9,1,0
BRDA:167,10,0,0
BRDA:167,10,1,0
BRDA:167,11,0,0
BRDA:167,11,1,0
BRDA:168,12,0,0
BRDA:168,12,1,0
BRDA:171,13,0,0
BRDA:171,13,1,0
BRDA:172,14,0,0
BRDA:172,14,1,0
BRDA:178,15,0,0
BRDA:178,15,1,0
BRDA:190,16,0,0
BRDA:197,17,0,0
BRDA:197,18,0,0
BRDA:197,18,1,0
BRDA:209,19,0,0
BRDA:211,20,0,0
BRDA:213,21,0,0
BRDA:213,21,1,0
BRDA:235,22,0,0
BRDA:238,23,0,0
BRDA:247,24,0,0
BRDA:276,25,0,0
BRDA:284,26,0,0
BRDA:302,27,0,0
BRDA:345,28,0,0
BRDA:345,29,0,0
BRDA:345,29,1,0
BRDA:359,30,0,0
BRDA:368,31,0,0
BRDA:368,32,0,0
BRDA:368,32,1,0
BRDA:375,33,0,0
BRDA:387,34,0,0
BRDA:389,35,0,0
BRDA:389,35,1,0
BRDA:389,36,0,0
BRDA:389,36,1,0
BRDA:390,37,0,0
BRDA:402,38,0,0
BRDA:402,38,1,0
BRDA:405,39,0,0
BRDA:411,40,0,0
BRDA:419,41,0,0
BRDA:420,42,0,0
BRDA:420,43,0,0
BRDA:420,43,1,0
BRDA:420,44,0,0
BRDA:420,44,1,0
BRDA:421,45,0,0
BRDA:422,46,0,0
BRDA:423,47,0,0
BRDA:424,48,0,0
BRDA:430,49,0,0
BRDA:430,50,0,0
BRDA:430,50,1,0
BRDA:431,51,0,0
BRDA:440,52,0,0
BRDA:440,52,1,0
BRDA:441,53,0,0
BRDA:441,53,1,0
BRDA:441,54,0,0
BRDA:441,54,1,0
BRDA:441,55,0,0
BRDA:441,55,1,0
BRDA:441,56,0,0
BRDA:441,56,1,0
BRDA:441,57,0,0
BRDA:441,57,1,0
BRDA:445,58,0,0
BRDA:445,59,0,0
BRDA:445,59,1,0
BRDA:446,60,0,0
BRDA:446,60,1,0
BRDA:450,61,0,0
BRDA:450,61,1,0
BRDA:450,62,0,0
BRDA:450,62,1,0
BRDA:455,63,0,0
BRDA:455,63,1,0
BRDA:455,64,0,0
BRDA:455,64,1,0
BRDA:455,65,0,0
BRDA:455,65,1,0
BRDA:457,66,0,0
BRDA:457,66,1,0
BRDA:457,67,0,0
BRDA:457,67,1,0
BRDA:457,68,0,0
BRDA:457,68,1,0
BRDA:457,69,0,0
BRDA:457,69,1,0
BRDA:457,70,0,0
BRDA:457,70,1,0
BRDA:459,71,0,0
BRDA:459,71,1,0
BRDA:459,72,0,0
BRDA:459,72,1,0
BRDA:460,73,0,0
BRDA:460,73,1,0
BRDA:461,74,0,0
BRDA:461,74,1,0
BRDA:461,75,0,0
BRDA:461,75,1,0
BRDA:462,76,0,0
BRDA:462,76,1,0
BRDA:463,77,0,0
BRDA:466,78,0,0
BRDA:466,78,1,0
BRDA:468,79,0,0
BRDA:468,80,0,0
BRDA:468,80,1,0
BRDA:469,81,0,0
BRDA:490,82,0,0
BRDA:499,83,0,0
BRDA:499,84,0,0
BRDA:499,84,1,0
BRDA:503,85,0,0
BRDA:503,85,1,0
BRDA:503,86,0,0
BRDA:503,86,1,0
BRDA:504,87,0,0
BRDA:519,88,0,0
BRDA:537,89,0,0
BRDA:544,90,0,0
BRDA:544,90,1,0
BRDA:549,91,0,0
BRDA:549,91,1,0
BRDA:549,91,2,0
BRDA:554,92,0,0
BRDA:554,92,1,0
BRDA:558,93,0,0
BRDA:558,93,1,0
BRDA:569,94,0,0
BRDA:577,95,0,0
BRDA:592,96,0,0
BRDA:603,97,0,0
BRDA:603,97,1,0
BRDA:603,98,0,0
BRDA:603,98,1,0
BRDA:607,99,0,0
BRDA:607,99,1,0
BRDA:608,100,0,0
BRDA:608,100,1,0
BRDA:627,101,0,0
BRDA:645,102,0,0
BRDA:645,103,0,0
BRDA:645,103,1,0
BRDA:657,104,0,0
BRDA:663,105,0,0
BRDA:674,106,0,0
BRDA:674,107,0,0
BRDA:674,107,1,0
BRDA:674,107,2,0
BRDA:686,108,0,0
BRDA:686,109,0,0
BRDA:686,109,1,0
BRDA:693,110,0,0
BRDA:705,111,0,0
BRDA:726,112,0,0
BRDA:734,113,0,0
BRDA:738,114,0,0
BRDA:739,115,0,0
BRDA:739,116,0,0
BRDA:739,116,1,0
BRDA:745,117,0,0
BRDA:745,118,0,0
BRDA:745,118,1,0
BRDA:758,119,0,0
BRDA:762,120,0,0
BRDA:762,120,1,0
BRDA:765,121,0,0
BRDA:781,122,0,0
BRDA:781,123,0,0
BRDA:781,123,1,0
BRDA:786,124,0,0
BRDA:786,124,1,0
BRDA:790,125,0,0
BRDA:815,126,0,0
BRDA:838,127,0,0
BRDA:838,127,1,0
BRDA:846,128,0,0
BRDA:851,129,0,0
BRDA:851,129,1,0
BRDA:854,130,0,0
BRDA:860,131,0,0
BRDA:890,132,0,0
BRDA:899,133,0,0
BRDA:899,133,1,0
BRDA:902,134,0,0
BRDA:902,134,1,0
BRDA:904,135,0,0
BRDA:904,135,1,0
BRDA:935,136,0,0
BRDA:938,137,0,0
BRDA:938,137,1,0
BRDA:938,138,0,0
BRDA:938,138,1,0
BRDA:938,139,0,0
BRDA:938,139,1,0
BRDA:940,140,0,0
BRDA:940,140,1,0
BRDA:971,141,0,0
BRDA:1009,142,0,0
BRDA:1016,143,0,0
BRDA:1037,144,0,0
BRDA:1037,144,1,0
BRDA:1041,145,0,0
BRDA:1041,145,1,0
BRDA:1062,146,0,0
BRDA:1062,146,1,0
BRDA:1063,147,0,0
BRDA:1063,147,1,0
BRDA:1064,148,0,0
BRDA:1064,148,1,0
BRDA:1065,149,0,0
BRDA:1065,149,1,0
BRDA:1066,150,0,0
BRDA:1066,150,1,0
BRDA:1067,151,0,0
BRDA:1067,151,1,0
BRDA:1068,152,0,0
BRDA:1068,152,1,0
BRDA:1069,153,0,0
BRDA:1069,153,1,0
BRDA:1071,154,0,0
BRDA:1071,154,1,0
BRDA:1082,155,0,0
BRDA:1123,156,0,0
BRDA:1123,156,1,0
BRDA:1126,157,0,0
BRDA:1126,157,1,0
BRDA:1134,158,0,0
BRDA:1141,159,0,0
BRDA:1141,159,1,0
BRDA:1156,160,0,0
BRDA:1161,161,0,0
BRDA:1171,162,0,0
BRDA:1185,163,0,0
BRDA:1189,164,0,0
BRDA:1193,165,0,0
BRDA:1211,166,0,0
BRDA:1211,166,1,0
BRDA:1211,167,0,0
BRDA:1211,167,1,0
BRDA:1211,168,0,0
BRDA:1211,168,1,0
BRDA:1211,169,0,0
BRDA:1211,169,1,0
BRDA:1211,170,0,0
BRDA:1211,170,1,0
BRDA:1216,171,0,0
BRDA:1216,171,1,0
BRDA:1216,172,0,0
BRDA:1216,172,1,0
BRDA:1217,173,0,0
BRDA:1217,174,0,0
BRDA:1217,174,1,0
BRDA:1225,175,0,0
BRDA:1227,176,0,0
BRDA:1227,176,1,0
BRDA:1242,177,0,0
BRDA:1252,178,0,0
BRF:284
BRH:0
end_of_record
TN:
SF:src/plugins/spectrogram-worker.ts
FN:39,(anonymous_0)
FN:65,calculateFrequencies
FNF:2
FNH:0
FNDA:0,(anonymous_0)
FNDA:0,calculateFrequencies
DA:10,0
DA:39,0
DA:40,0
DA:42,0
DA:43,0
DA:44,0
DA:45,0
DA:50,0
DA:52,0
DA:57,0
DA:78,0
DA:80,0
DA:81,0
DA:82,0
DA:85,0
DA:86,0
DA:90,0
DA:91,0
DA:94,0
DA:95,0
DA:96,0
DA:97,0
DA:98,0
DA:100,0
DA:102,0
DA:103,0
DA:104,0
DA:106,0
DA:107,0
DA:108,0
DA:111,0
DA:112,0
DA:116,0
DA:117,0
DA:119,0
DA:120,0
DA:121,0
DA:123,0
DA:124,0
DA:125,0
DA:126,0
DA:128,0
DA:131,0
DA:133,0
DA:136,0
LF:45
LH:0
BRDA:42,0,0,0
BRDA:55,1,0,0
BRDA:55,1,1,0
BRDA:82,2,0,0
BRDA:82,2,1,0
BRDA:85,3,0,0
BRDA:85,4,0,0
BRDA:85,4,1,0
BRDA:86,5,0,0
BRDA:86,5,1,0
BRDA:94,6,0,0
BRDA:94,6,1,0
BRDA:111,7,0,0
BRDA:120,8,0,0
BRDA:120,8,1,0
BRDA:123,9,0,0
BRDA:123,9,1,0
BRDA:125,10,0,0
BRDA:125,10,1,0
BRF:19
BRH:0
end_of_record
TN:
SF:src/plugins/spectrogram.ts
FN:169,(anonymous_7)
FN:173,(anonymous_8)
FN:231,(anonymous_9)
FN:242,(anonymous_10)
FN:258,(anonymous_11)
FN:269,(anonymous_12)
FN:289,(anonymous_13)
FN:295,(anonymous_14)
FN:301,(anonymous_15)
FN:368,(anonymous_16)
FN:377,(anonymous_18)
FN:396,(anonymous_20)
FN:404,(anonymous_21)
FN:435,(anonymous_22)
[...]
BRDA:191,22,0,0
BRDA:198,23,0,0
BRDA:198,24,0,0
BRDA:198,24,1,0
BRDA:198,25,0,0
BRDA:198,25,1,0
BRDA:198,26,0,0
BRDA:198,26,1,0
BRDA:224,27,0,0
BRDA:232,28,0,0
BRDA:241,29,0,0
BRDA:244,30,0,0
BRDA:244,30,1,0
BRDA:257,31,0,0
BRDA:257,31,1,0
BRDA:257,32,0,0
BRDA:257,32,1,0
BRDA:257,33,0,0
BRDA:257,33,1,0
BRDA:257,34,0,0
BRDA:257,34,1,0
BRDA:257,35,0,0
BRDA:257,35,1,0
BRDA:257,36,0,0
BRDA:257,36,1,0
BRDA:258,37,0,0
BRDA:258,37,1,0
BRDA:258,38,0,0
BRDA:258,38,1,0
BRDA:258,39,0,0
BRDA:258,39,1,0
BRDA:259,40,0,0
BRDA:259,40,1,0
BRDA:259,41,0,0
BRDA:259,41,1,0
BRDA:260,42,0,0
BRDA:260,42,1,0
BRDA:260,43,0,0
BRDA:260,43,1,0
BRDA:262,44,0,0
BRDA:262,44,1,0
BRDA:262,45,0,0
BRDA:262,45,1,0
BRDA:272,46,0,0
BRDA:272,46,1,0
BRDA:288,47,0,0
BRDA:288,47,1,0
BRDA:290,48,0,0
BRDA:300,49,0,0
BRDA:300,49,1,0
BRDA:301,50,0,0
BRDA:301,50,1,0
BRDA:302,51,0,0
BRDA:302,51,1,0
BRDA:305,52,0,0
BRDA:305,52,1,0
BRDA:305,53,0,0
BRDA:305,53,1,0
BRDA:314,54,0,0
BRDA:314,54,1,0
BRDA:314,54,2,0
BRDA:317,55,0,0
BRDA:317,55,1,0
BRDA:317,55,2,0
BRDA:320,56,0,0
BRDA:320,57,0,0
BRDA:320,57,1,0
BRDA:324,58,0,0
BRDA:327,59,0,0
BRDA:327,59,1,0
BRDA:327,60,0,0
BRDA:327,60,1,0
BRDA:339,61,0,0
BRDA:339,61,1,0
BRDA:339,62,0,0
BRDA:339,62,1,0
BRDA:339,63,0,0
BRDA:339,63,1,0
BRDA:339,64,0,0
BRDA:339,64,1,0
BRDA:340,65,0,0
BRDA:340,66,0,0
BRDA:340,66,1,0
BRF:119
BRH:0
end_of_record
TN:
SF:src/plugins/zoom.ts
FN:82,(anonymous_0)
FN:110,(anonymous_1)
FN:157,(anonymous_2)
FN:184,(anonymous_3)
FN:209,(anonymous_4)
FN:242,(anonymous_5)
FN:87,(anonymous_6)
FN:91,(anonymous_7)
FN:172,(anonymous_8)
FN:178,(anonymous_9)
FN:250,(anonymous_10)
FNF:11
FNH:0
FNDA:0,(anonymous_0)
FNDA:0,(anonymous_1)
FNDA:0,(anonymous_2)
FNDA:0,(anonymous_3)
FNDA:0,(anonymous_4)
FNDA:0,(anonymous_5)
FNDA:0,(anonymous_6)
FNDA:0,(anonymous_7)
FNDA:0,(anonymous_8)
FNDA:0,(anonymous_9)
FNDA:0,(anonymous_10)
DA:56,0
DA:67,0
DA:68,0
DA:71,0
DA:72,0
DA:73,0
DA:74,0
DA:75,0
DA:78,0
DA:79,0
DA:80,0
DA:83,0
DA:84,0
DA:88,0
DA:92,0
DA:93,0
DA:94,0
DA:96,0
DA:98,0
DA:99,0
DA:100,0
DA:101,0
DA:102,0
DA:104,0
DA:105,0
DA:107,0
DA:110,0
DA:111,0
DA:112,0
DA:115,0
DA:118,0
DA:120,0
DA:121,0
DA:125,0
DA:126,0
DA:128,0
DA:131,0
DA:132,0
DA:133,0
DA:136,0
DA:137,0
DA:139,0
DA:141,0
DA:142,0
DA:144,0
DA:145,0
DA:146,0
DA:148,0
DA:149,0
DA:153,0
DA:157,0
DA:159,0
DA:161,0
DA:164,0
DA:167,0
DA:169,0
DA:173,0
DA:174,0
DA:175,0
DA:179,0
DA:180,0
DA:181,0
DA:184,0
DA:185,0
DA:187,0
DA:188,0
DA:189,0
DA:192,0
DA:195,0
DA:196,0
DA:202,0
DA:203,0
DA:204,0
DA:205,0
DA:209,0
DA:210,0
DA:211,0
DA:213,0
DA:216,0
DA:217,0
DA:218,0
DA:221,0
DA:224,0
DA:225,0
DA:226,0
DA:227,0
DA:228,0
DA:232,0
DA:233,0
DA:234,0
DA:235,0
DA:237,0
DA:238,0
DA:242,0
DA:243,0
DA:244,0
DA:245,0
DA:246,0
DA:251,0
DA:252,0
DA:253,0
DA:254,0
DA:255,0
DA:256,0
DA:258,0
LF:105
LH:0
BRDA:83,0,0,0
BRDA:83,0,1,0
BRDA:111,1,0,0
BRDA:111,2,0,0
BRDA:111,2,1,0
BRDA:111,2,2,0
BRDA:120,3,0,0
BRDA:120,4,0,0
BRDA:120,4,1,0
BRDA:125,5,0,0
BRDA:125,6,0,0
BRDA:125,6,1,0
BRDA:128,7,0,0
BRDA:128,7,1,0
BRDA:136,8,0,0
BRDA:136,9,0,0
BRDA:136,9,1,0
BRDA:144,10,0,0
BRDA:144,10,1,0
BRDA:159,11,0,0
BRDA:159,11,1,0
BRDA:161,12,0,0
BRDA:161,12,1,0
BRDA:185,13,0,0
BRDA:185,14,0,0
BRDA:185,14,1,0
BRDA:187,15,0,0
BRDA:197,16,0,0
BRDA:197,16,1,0
BRDA:210,17,0,0
BRDA:210,18,0,0
BRDA:210,18,1,0
BRDA:210,18,2,0
BRDA:210,18,3,0
BRDA:227,19,0,0
BRDA:233,20,0,0
BRDA:233,20,1,0
BRDA:243,21,0,0
BRDA:243,22,0,0
BRDA:243,22,1,0
BRDA:92,23,0,0
BRDA:92,23,1,0
BRDA:92,24,0,0
BRDA:92,24,1,0
BRDA:93,25,0,0
BRDA:104,26,0,0
BRDA:251,27,0,0
BRF:47
BRH:0
end_of_record
TN:
SF:src/reactive/drag-stream.ts
FN:50,createDragStream
FN:60,(anonymous_1)
FN:62,(anonymous_2)
FN:78,(anonymous_3)
FN:118,(anonymous_4)
FN:134,(anonymous_5)
FN:141,(anonymous_6)
FN:148,(anonymous_7)
FN:164,(anonymous_8)
FN:170,(anonymous_9)
FN:178,(anonymous_10)
FNF:11
FNH:9
FNDA:9,createDragStream
FNDA:2,(anonymous_1)
FNDA:8,(anonymous_2)
FNDA:7,(anonymous_3)
FNDA:3,(anonymous_4)
FNDA:1,(anonymous_5)
FNDA:6,(anonymous_6)
FNDA:0,(anonymous_7)
FNDA:10,(anonymous_8)
FNDA:0,(anonymous_9)
FNDA:9,(anonymous_10)
DA:8,1
DA:9,1
DA:50,1
DA:54,9
DA:56,9
DA:57,9
DA:58,9
DA:60,9
DA:62,9
DA:63,8
DA:65,7
DA:66,7
DA:67,0
DA:70,7
DA:71,7
DA:72,7
DA:73,7
DA:75,7
DA:76,7
DA:78,7
DA:79,7
DA:80,0
DA:83,7
DA:85,7
DA:86,7
DA:87,7
DA:88,7
DA:90,7
DA:91,6
DA:92,6
DA:94,6
DA:96,6
DA:101,6
DA:105,6
DA:113,6
DA:114,6
DA:118,7
DA:119,3
DA:120,3
DA:121,3
DA:122,3
DA:125,3
DA:131,3
DA:134,7
DA:135,1
DA:136,1
DA:137,1
DA:141,7
DA:142,6
DA:143,5
DA:144,5
DA:148,7
DA:149,0
DA:150,0
DA:152,0
DA:153,0
DA:157,7
DA:158,7
DA:159,7
DA:160,7
DA:161,7
DA:162,7
DA:164,7
DA:165,10
DA:166,10
DA:167,10
DA:168,10
DA:169,10
DA:170,10
DA:171,0
DA:176,9
DA:178,9
DA:179,9
DA:180,9
DA:181,9
DA:182,9
DA:185,9
LF:77
LH:70
BRDA:52,0,0,3
BRDA:54,1,0,3
BRDA:54,2,0,9
BRDA:54,3,0,9
BRDA:63,4,0,1
BRDA:66,5,0,0
BRDA:79,6,0,0
BRDA:79,7,0,7
BRDA:79,7,1,7
BRDA:83,8,0,0
BRDA:83,9,0,7
BRDA:83,9,1,0
BRDA:90,10,0,6
BRDA:90,11,0,7
BRDA:90,11,1,7
BRDA:90,11,2,1
BRDA:94,12,0,6
BRDA:120,13,0,3
BRDA:136,14,0,1
BRDA:136,15,0,1
BRDA:136,15,1,1
BRDA:142,16,0,5
BRDA:149,17,0,0
BRDA:149,18,0,0
BRDA:149,18,1,0
BRDA:152,19,0,0
BRF:26
BRH:18
end_of_record
TN:
SF:src/reactive/event-stream-emitter.ts
FN:32,toStream
FN:42,(anonymous_1)
FN:76,toStreams
FN:94,(anonymous_3)
FN:95,(anonymous_4)
FN:119,mergeStreams
FN:134,(anonymous_6)
FN:142,(anonymous_7)
FN:143,(anonymous_8)
FN:157,mapStream
FN:160,(anonymous_10)
FN:179,filterStream
FN:183,(anonymous_12)
FNF:13
FNH:13
FNDA:17,toStream
FNDA:27,(anonymous_1)
FNDA:3,toStreams
FNDA:3,(anonymous_3)
FNDA:5,(anonymous_4)
FNDA:5,mergeStreams
FNDA:8,(anonymous_6)
FNDA:5,(anonymous_7)
FNDA:9,(anonymous_8)
FNDA:5,mapStream
FNDA:10,(anonymous_10)
FNDA:4,filterStream
FNDA:12,(anonymous_12)
DA:8,1
DA:32,1
DA:39,17
DA:42,17
DA:43,27
DA:47,17
DA:49,17
DA:76,1
DA:84,3
DA:85,3
DA:87,3
DA:88,5
DA:89,5
DA:90,5
DA:94,3
DA:95,5
DA:98,3
DA:119,1
DA:126,5
DA:130,5
DA:132,5
DA:134,9
DA:135,8
DA:137,9
DA:140,5
DA:143,9
DA:157,1
DA:158,5
DA:160,5
DA:161,10
DA:165,5
DA:167,5
DA:179,1
DA:180,4
DA:181,4
DA:183,4
DA:184,12
DA:185,6
DA:187,6
DA:192,4
DA:194,4
LF:41
LH:41
BRDA:180,0,0,0
BRDA:180,0,1,4
BRDA:184,1,0,6
BRDA:184,1,1,6
BRF:4
BRH:3
end_of_record
TN:
SF:src/reactive/event-streams.ts
FN:18,fromEvent
FN:24,(anonymous_1)
FN:31,(anonymous_2)
FN:47,map
FN:50,(anonymous_4)
FN:69,filter
FN:73,(anonymous_6)
FN:96,debounce
FN:100,(anonymous_8)
FN:102,(anonymous_9)
FN:108,(anonymous_10)
FN:128,throttle
FN:133,(anonymous_12)
FN:144,(anonymous_13)
FN:152,(anonymous_14)
FN:165,cleanup
FNF:16
FNH:16
FNDA:7,fromEvent
FNDA:9,(anonymous_1)
FNDA:2,(anonymous_2)
FNDA:7,map
FNDA:11,(anonymous_4)
FNDA:7,filter
FNDA:10,(anonymous_6)
FNDA:7,debounce
FNDA:13,(anonymous_8)
FNDA:5,(anonymous_9)
FNDA:2,(anonymous_10)
FNDA:5,throttle
FNDA:8,(anonymous_12)
FNDA:1,(anonymous_13)
FNDA:1,(anonymous_14)
FNDA:69,cleanup
DA:7,5
DA:18,5
DA:22,7
DA:24,7
DA:25,9
DA:28,7
DA:31,7
DA:32,2
DA:35,7
DA:47,5
DA:48,7
DA:50,7
DA:51,11
DA:55,7
DA:57,7
DA:69,5
DA:70,7
DA:71,7
DA:73,7
DA:74,10
DA:75,5
DA:77,5
DA:82,7
DA:84,7
DA:96,5
DA:97,7
DA:100,7
DA:101,13
DA:102,13
DA:103,5
DA:108,7
DA:109,2
DA:110,2
DA:113,7
DA:128,5
DA:129,5
DA:130,5
DA:133,5
DA:134,8
DA:135,8
DA:137,8
DA:139,5
DA:140,5
DA:143,3
DA:144,3
DA:145,1
DA:146,1
DA:152,5
DA:153,1
DA:154,1
DA:157,5
DA:165,5
DA:166,69
DA:167,69
DA:168,9
LF:55
LH:55
BRDA:70,0,0,3
BRDA:70,0,1,4
BRDA:74,1,0,5
BRDA:74,1,1,5
BRDA:137,2,0,5
BRDA:137,2,1,3
BRDA:167,3,0,9
BRF:7
BRH:7
end_of_record
TN:
SF:src/reactive/media-event-bridge.ts
FN:32,bridgeMediaEvents
FN:36,(anonymous_1)
FN:42,(anonymous_2)
FN:49,(anonymous_3)
FN:53,(anonymous_4)
FN:57,(anonymous_5)
FN:69,(anonymous_6)
FN:73,(anonymous_7)
FN:79,(anonymous_8)
FN:89,(anonymous_9)
FN:93,(anonymous_10)
FN:101,(anonymous_11)
FN:109,(anonymous_12)
FN:114,(anonymous_13)
FN:115,(anonymous_14)
FN:139,bridgeMediaEventsWithHandler
FN:145,(anonymous_16)
FN:146,(anonymous_17)
FN:150,(anonymous_18)
FN:179,(anonymous_19)
FN:181,(anonymous_20)
FN:182,(anonymous_21)
FNF:22
FNH:22
FNDA:60,bridgeMediaEvents
FNDA:600,(anonymous_1)
FNDA:430,(anonymous_2)
FNDA:2,(anonymous_3)
FNDA:2,(anonymous_4)
FNDA:1,(anonymous_5)
FNDA:2,(anonymous_6)
FNDA:2,(anonymous_7)
FNDA:2,(anonymous_8)
FNDA:1,(anonymous_9)
FNDA:1,(anonymous_10)
FNDA:1,(anonymous_11)
FNDA:2,(anonymous_12)
FNDA:43,(anonymous_13)
FNDA:430,(anonymous_14)
FNDA:3,bridgeMediaEventsWithHandler
FNDA:66,(anonymous_16)
FNDA:6,(anonymous_17)
FNDA:66,(anonymous_18)
FNDA:66,(anonymous_19)
FNDA:3,(anonymous_20)
FNDA:66,(anonymous_21)
DA:32,3
DA:33,60
DA:36,60
DA:41,600
DA:42,600
DA:49,60
DA:50,2
DA:53,60
DA:54,2
DA:57,60
DA:58,1
DA:60,1
DA:61,1
DA:69,60
DA:70,2
DA:73,60
DA:74,2
DA:75,1
DA:79,60
DA:80,2
DA:81,2
DA:89,60
DA:90,1
DA:93,60
DA:94,1
DA:101,60
DA:102,1
DA:109,60
DA:110,2
DA:114,60
DA:115,430
DA:139,3
DA:143,3
DA:145,3
DA:146,66
DA:147,6
DA:149,66
DA:150,66
DA:154,3
DA:179,66
DA:181,3
DA:182,66
LF:42
LH:42
BRDA:60,0,0,1
BRDA:74,1,0,1
BRDA:80,2,0,2
BRF:3
BRH:3
end_of_record
TN:
SF:src/reactive/render-scheduler.ts
FN:8,(anonymous_0)
FN:29,(anonymous_1)
FN:40,(anonymous_2)
FN:55,(anonymous_3)
FN:69,(anonymous_4)
FN:77,(anonymous_5)
FNF:6
FNH:6
FNDA:98,(anonymous_0)
FNDA:11176,(anonymous_1)
FNDA:22,(anonymous_2)
FNDA:1096,(anonymous_3)
FNDA:14,(anonymous_4)
FNDA:11,(anonymous_5)
DA:8,4
DA:9,98
DA:10,98
DA:31,11176
DA:32,5
DA:33,5
DA:37,11171
DA:39,1053
DA:40,1053
DA:41,22
DA:42,22
DA:45,22
DA:46,22
DA:56,1096
DA:57,1020
DA:58,1020
DA:59,1020
DA:70,14
DA:71,14
DA:78,11
LF:20
LH:20
BRDA:29,0,0,11165
BRDA:31,1,0,5
BRDA:37,2,0,10118
BRDA:56,3,0,1020
BRF:4
BRH:4
end_of_record
TN:
SF:src/reactive/scroll-stream.ts
FN:38,calculateScrollPercentages
FN:61,calculateScrollBounds
FN:104,createScrollStream
FN:113,(anonymous_3)
FN:117,(anonymous_4)
FN:122,(anonymous_5)
FN:134,(anonymous_6)
FN:164,createScrollStreamWithAction
FN:171,(anonymous_8)
FN:177,(anonymous_9)
FNF:10
FNH:10
FNDA:59,calculateScrollPercentages
FNDA:56,calculateScrollBounds
FNDA:52,createScrollStream
FNDA:54,(anonymous_3)
FNDA:54,(anonymous_4)
FNDA:2,(anonymous_5)
FNDA:51,(anonymous_6)
FNDA:2,createScrollStreamWithAction
FNDA:3,(anonymous_8)
FNDA:2,(anonymous_9)
DA:8,3
DA:9,3
DA:38,3
DA:39,59
DA:41,59
DA:42,45
DA:45,14
DA:46,14
DA:48,14
DA:61,3
DA:62,56
DA:104,3
DA:106,52
DA:113,52
DA:114,54
DA:117,52
DA:118,54
DA:122,52
DA:123,2
DA:131,52
DA:134,52
DA:135,51
DA:136,51
DA:139,52
DA:164,3
DA:168,2
DA:171,2
DA:172,3
DA:176,2
DA:177,2
DA:178,2
DA:179,2
DA:182,2
LF:33
LH:33
BRDA:41,0,0,45
BRF:1
BRH:1
end_of_record
TN:
SF:src/reactive/state-event-emitter.ts
FN:40,setupStateEventEmission
FN:49,(anonymous_1)
FN:61,(anonymous_2)
FN:78,(anonymous_3)
FN:93,(anonymous_4)
FN:109,(anonymous_5)
FN:133,(anonymous_6)
FN:142,(anonymous_7)
FN:143,(anonymous_8)
FN:169,setupSignalEventEmission
FN:174,(anonymous_10)
FN:202,setupDebouncedEventEmission
FN:210,(anonymous_12)
FN:219,(anonymous_13)
FN:227,(anonymous_14)
FN:257,setupConditionalEventEmission
FN:263,(anonymous_16)
FNF:17
FNH:17
FNDA:56,setupStateEventEmission
FNDA:58,(anonymous_1)
FNDA:61,(anonymous_2)
FNDA:60,(anonymous_3)
FNDA:61,(anonymous_4)
FNDA:64,(anonymous_5)
FNDA:57,(anonymous_6)
FNDA:39,(anonymous_7)
FNDA:234,(anonymous_8)
FNDA:2,setupSignalEventEmission
FNDA:3,(anonymous_10)
FNDA:3,setupDebouncedEventEmission
FNDA:9,(anonymous_12)
FNDA:2,(anonymous_13)
FNDA:3,(anonymous_14)
FNDA:3,setupConditionalEventEmission
FNDA:7,(anonymous_16)
DA:8,3
DA:40,3
DA:41,56
DA:48,56
DA:50,58
DA:51,58
DA:60,56
DA:62,61
DA:63,61
DA:66,61
DA:67,4
DA:77,56
DA:79,60
DA:80,60
DA:81,1
DA:91,56
DA:92,56
DA:94,61
DA:95,61
DA:96,2
DA:97,2
DA:107,56
DA:108,56
DA:110,64
DA:111,64
DA:112,64
DA:115,64
DA:118,64
DA:119,0
DA:123,64
DA:132,56
DA:134,57
DA:135,57
DA:136,1
DA:142,56
DA:143,234
DA:169,3
DA:174,2
DA:175,3
DA:176,3
DA:177,3
DA:202,3
DA:208,3
DA:210,3
DA:211,9
DA:214,9
DA:215,6
DA:219,9
DA:220,2
DA:221,2
DA:222,2
DA:227,3
DA:228,3
DA:229,1
DA:231,3
DA:257,3
DA:263,3
DA:264,7
DA:265,7
DA:266,2
DA:267,2
LF:61
LH:60
BRDA:51,0,0,3
BRDA:51,0,1,55
BRDA:66,1,0,4
BRDA:80,2,0,1
BRDA:95,3,0,2
BRDA:95,4,0,61
BRDA:95,4,1,3
BRDA:115,5,0,64
BRDA:115,5,1,3
BRDA:118,6,0,0
BRDA:118,7,0,64
BRDA:118,7,1,0
BRDA:118,7,2,0
BRDA:123,8,0,64
BRDA:123,8,1,4
BRDA:135,9,0,1
BRDA:214,10,0,6
BRDA:228,11,0,1
BRDA:265,12,0,2
BRF:19
BRH:16
end_of_record
TN:
SF:src/reactive/store.ts
FN:38,signal
FN:43,(anonymous_1)
FN:47,(anonymous_2)
FN:51,(anonymous_3)
FN:55,(anonymous_4)
FN:59,(anonymous_5)
FN:61,(anonymous_6)
FN:78,computed
FN:83,(anonymous_8)
FN:84,(anonymous_9)
FN:95,(anonymous_10)
FN:99,(anonymous_11)
FN:104,(anonymous_12)
FN:108,(anonymous_13)
FN:132,effect
FN:135,(anonymous_15)
FN:146,(anonymous_16)
FN:152,(anonymous_17)
FN:157,(anonymous_18)
FNF:19
FNH:19
FNDA:3345,signal
FNDA:3180,(anonymous_1)
FNDA:774,(anonymous_2)
FNDA:782,(anonymous_3)
FNDA:1,(anonymous_4)
FNDA:3224,(anonymous_5)
FNDA:1855,(anonymous_6)
FNDA:808,computed
FNDA:1088,(anonymous_8)
FNDA:390,(anonymous_9)
FNDA:445,(anonymous_10)
FNDA:257,(anonymous_11)
FNDA:109,(anonymous_12)
FNDA:151,(anonymous_13)
FNDA:771,effect
FNDA:837,(anonymous_15)
FNDA:1052,(anonymous_16)
FNDA:500,(anonymous_17)
FNDA:695,(anonymous_18)
DA:38,13
DA:39,3345
DA:40,3345
DA:42,3345
DA:44,3180
DA:49,774
DA:50,753
DA:51,782
DA:56,1
DA:60,3224
DA:61,3224
DA:78,13
DA:79,808
DA:80,808
DA:83,808
DA:84,1088
DA:85,390
DA:87,390
DA:88,228
DA:94,808
DA:96,445
DA:101,257
DA:104,257
DA:105,109
DA:107,109
DA:108,151
DA:132,13
DA:135,771
DA:137,837
DA:138,2
DA:139,2
DA:142,837
DA:146,1052
DA:149,771
DA:152,771
DA:153,500
DA:154,1
DA:155,1
DA:157,695
LF:39
LH:39
BRDA:49,0,0,753
BRDA:87,1,0,228
BRDA:107,2,0,109
BRDA:137,3,0,2
BRDA:153,4,0,1
BRF:5
BRH:5
end_of_record
TN:
SF:src/renderer/declarative-renderer.ts
FN:50,(anonymous_0)
FN:80,(anonymous_1)
FN:100,(anonymous_2)
FN:113,(anonymous_3)
FN:128,(anonymous_4)
FN:150,(anonymous_5)
FN:154,(anonymous_6)
FN:168,(anonymous_7)
FN:175,(anonymous_8)
FN:182,(anonymous_9)
FN:189,(anonymous_10)
FN:196,(anonymous_11)
FN:203,(anonymous_12)
FN:212,(anonymous_13)
FN:222,(anonymous_14)
FN:235,(anonymous_15)
FN:245,(anonymous_16)
FN:247,(anonymous_17)
FN:258,(anonymous_18)
FN:263,(anonymous_19)
FNF:20
FNH:20
FNDA:29,(anonymous_0)
FNDA:28,(anonymous_1)
FNDA:28,(anonymous_2)
FNDA:28,(anonymous_3)
FNDA:28,(anonymous_4)
FNDA:44,(anonymous_5)
FNDA:12,(anonymous_6)
FNDA:16,(anonymous_7)
FNDA:2,(anonymous_8)
FNDA:1,(anonymous_9)
FNDA:4,(anonymous_10)
FNDA:2,(anonymous_11)
FNDA:1,(anonymous_12)
FNDA:1,(anonymous_13)
FNDA:1,(anonymous_14)
FNDA:1,(anonymous_15)
FNDA:4,(anonymous_16)
FNDA:4,(anonymous_17)
FNDA:3,(anonymous_18)
FNDA:3,(anonymous_19)
DA:8,1
DA:9,1
DA:11,1
DA:12,1
DA:37,1
DA:44,29
DA:45,29
DA:46,29
DA:47,29
DA:48,29
DA:51,29
DA:52,29
DA:55,29
DA:56,2
DA:57,2
DA:58,1
DA:60,1
DA:62,27
DA:66,28
DA:67,28
DA:68,28
DA:69,28
DA:70,28
DA:71,28
DA:74,28
DA:81,28
DA:82,28
DA:83,28
DA:84,28
DA:85,28
DA:86,28
DA:88,28
DA:89,1
DA:91,27
DA:94,28
DA:101,28
DA:102,28
DA:103,28
DA:104,28
DA:105,28
DA:107,28
DA:114,28
DA:115,28
DA:116,28
DA:117,28
DA:118,28
DA:119,28
DA:130,28
DA:131,28
DA:137,28
DA:140,28
DA:141,28
DA:146,28
DA:150,28
DA:151,44
DA:154,44
DA:155,12
DA:156,12
DA:159,28
DA:169,16
DA:176,2
DA:183,1
DA:190,4
DA:197,2
DA:204,1
DA:205,1
DA:215,1
DA:216,1
DA:223,1
DA:224,1
DA:225,1
DA:227,1
DA:228,1
DA:236,1
DA:237,1
DA:246,4
DA:247,4
DA:248,4
DA:249,4
DA:260,3
DA:263,3
DA:264,3
DA:267,3
DA:268,3
DA:271,3
DA:274,3
DA:275,3
LF:87
LH:87
BRDA:55,0,0,2
BRDA:55,0,1,27
BRDA:57,1,0,1
BRDA:88,2,0,1
BRDA:88,2,1,27
BRDA:133,3,0,28
BRDA:133,3,1,25
BRDA:133,3,2,22
BRDA:134,4,0,28
BRDA:134,4,1,27
BRDA:143,5,0,28
BRDA:143,5,1,24
BRDA:155,6,0,0
BRDA:155,6,1,12
BRDA:155,7,0,12
BRDA:155,7,1,12
BRDA:155,8,0,0
BRDA:155,8,1,12
BRDA:155,9,0,12
BRDA:155,9,1,12
BRDA:156,10,0,0
BRDA:156,10,1,12
BRDA:156,11,0,12
BRDA:156,11,1,12
BRDA:156,12,0,0
BRDA:156,12,1,12
BRDA:156,13,0,12
BRDA:156,13,1,12
BRDA:215,14,0,0
BRDA:215,14,1,1
BRDA:215,15,0,1
BRDA:215,15,1,1
BRDA:215,16,0,0
BRDA:215,16,1,1
BRDA:215,17,0,1
BRDA:215,17,1,1
BRDA:216,18,0,0
BRDA:216,18,1,1
BRDA:216,19,0,1
BRDA:216,19,1,1
BRDA:216,20,0,0
BRDA:216,20,1,1
BRDA:216,21,0,1
BRDA:216,21,1,1
BRDA:224,22,0,1
BRDA:225,23,0,1
BRDA:227,24,0,1
BRDA:228,25,0,0
BRDA:228,25,1,1
BRDA:228,26,0,1
BRDA:228,26,1,1
BRDA:228,27,0,0
BRDA:228,27,1,1
BRDA:228,28,0,1
BRDA:228,28,1,1
BRDA:236,29,0,1
BRDA:237,30,0,0
BRDA:237,30,1,1
BRDA:237,31,0,1
BRDA:237,31,1,1
BRDA:237,32,0,0
BRDA:237,32,1,1
BRDA:237,33,0,1
BRDA:237,33,1,1
BRDA:248,34,0,0
BRDA:248,34,1,4
BRDA:248,35,0,4
BRDA:248,35,1,4
BRDA:248,36,0,0
BRDA:248,36,1,4
BRDA:248,37,0,4
BRDA:248,37,1,4
BRDA:249,38,0,0
BRDA:249,38,1,4
BRDA:249,39,0,4
BRDA:249,39,1,4
BRDA:249,40,0,0
BRDA:249,40,1,4
BRDA:249,41,0,4
BRDA:249,41,1,4
BRDA:267,42,0,0
BRDA:267,42,1,3
BRDA:267,43,0,3
BRDA:267,43,1,3
BRDA:267,44,0,0
BRDA:267,44,1,3
BRDA:267,45,0,3
BRDA:267,45,1,3
BRDA:268,46,0,0
BRDA:268,46,1,3
BRDA:268,47,0,3
BRDA:268,47,1,3
BRDA:268,48,0,0
BRDA:268,48,1,3
BRDA:268,49,0,3
BRDA:268,49,1,3
BRF:96
BRH:76
end_of_record
TN:
SF:src/renderer/waveform-renderer.ts
FN:43,generateChannelPath
FN:82,buildWaveformPathData
FN:121,generateWaveformPath
FN:134,renderLineWaveform
FN:168,renderBarWaveform
FN:177,(anonymous_5)
FN:195,renderRoundedRect
FN:220,renderWaveformWithChannelData
FNF:8
FNH:8
FNDA:16,generateChannelPath
FNDA:14,buildWaveformPathData
FNDA:2,generateWaveformPath
FNDA:6,renderLineWaveform
FNDA:6,renderBarWaveform
FNDA:7,(anonymous_5)
FNDA:2,renderRoundedRect
FNDA:4,renderWaveformWithChannelData
DA:43,1
DA:50,16
DA:51,16
DA:52,16
DA:54,16
DA:55,50
DA:56,50
DA:57,50
DA:59,50
DA:60,15
DA:62,35
DA:66,16
DA:82,1
DA:83,14
DA:84,14
DA:85,14
DA:86,14
DA:87,14
DA:89,14
DA:92,12
DA:93,12
DA:96,12
DA:97,12
DA:98,38
DA:99,38
DA:100,38
DA:101,38
DA:103,12
DA:106,12
DA:108,12
DA:121,1
DA:127,2
DA:128,2
DA:134,1
DA:144,6
DA:145,6
DA:148,6
DA:149,6
DA:152,6
DA:153,2
DA:154,2
DA:155,2
DA:157,2
DA:158,2
DA:159,2
DA:160,2
DA:161,2
DA:168,1
DA:177,6
DA:178,7
DA:180,7
DA:182,7
DA:184,2
DA:187,5
DA:203,2
DA:204,2
DA:205,2
DA:206,2
DA:207,2
DA:208,2
DA:209,2
DA:210,2
DA:211,2
DA:212,2
DA:213,2
DA:214,2
DA:220,1
DA:226,4
DA:229,4
DA:232,4
DA:233,2
DA:235,2
LF:72
LH:72
BRDA:48,0,0,1
BRDA:55,1,0,50
BRDA:55,1,1,0
BRDA:56,2,0,50
BRDA:56,2,1,17
BRDA:57,3,0,3
BRDA:57,3,1,47
BRDA:59,4,0,15
BRDA:59,4,1,35
BRDA:85,5,0,14
BRDA:85,5,1,1
BRDA:86,6,0,14
BRDA:86,6,1,13
BRDA:89,7,0,2
BRDA:98,8,0,38
BRDA:98,8,1,0
BRDA:99,9,0,38
BRDA:99,9,1,13
BRDA:125,10,0,1
BRDA:127,11,0,1
BRDA:152,12,0,2
BRDA:152,13,0,6
BRDA:152,13,1,3
BRDA:152,13,2,3
BRDA:178,14,0,7
BRDA:178,14,1,2
BRDA:178,14,2,2
BRDA:180,15,0,1
BRDA:180,15,1,6
BRDA:180,16,0,7
BRDA:180,16,1,1
BRDA:182,17,0,2
BRDA:182,17,1,5
BRDA:232,18,0,2
BRDA:232,18,1,2
BRDA:232,19,0,4
BRDA:232,19,1,2
BRF:37
BRH:35
end_of_record
TN:
SF:src/state/wavesurfer-state.ts
FN:77,createWaveSurferState
FN:95,(anonymous_1)
FN:97,(anonymous_2)
FN:99,(anonymous_3)
FN:103,(anonymous_4)
FN:105,(anonymous_5)
FN:131,(anonymous_6)
FN:136,(anonymous_7)
FN:140,(anonymous_8)
FN:144,(anonymous_9)
FN:148,(anonymous_10)
FN:153,(anonymous_11)
FN:158,(anonymous_12)
FN:165,(anonymous_13)
FN:169,(anonymous_14)
FN:173,(anonymous_15)
FN:177,(anonymous_16)
FNF:17
FNH:17
FNDA:138,createWaveSurferState
FNDA:161,(anonymous_1)
FNDA:147,(anonymous_2)
FNDA:173,(anonymous_3)
FNDA:276,(anonymous_4)
FNDA:300,(anonymous_5)
FNDA:140,(anonymous_6)
FNDA:25,(anonymous_7)
FNDA:25,(anonymous_8)
FNDA:5,(anonymous_9)
FNDA:6,(anonymous_10)
FNDA:5,(anonymous_11)
FNDA:9,(anonymous_12)
FNDA:1,(anonymous_13)
FNDA:1,(anonymous_14)
FNDA:5,(anonymous_15)
FNDA:2,(anonymous_16)
DA:8,6
DA:77,6
DA:82,138
DA:83,138
DA:84,138
DA:85,138
DA:86,138
DA:87,138
DA:88,138
DA:89,138
DA:90,138
DA:91,138
DA:92,138
DA:95,161
DA:97,147
DA:99,138
DA:100,173
DA:103,276
DA:105,138
DA:106,300
DA:110,138
DA:130,138
DA:132,140
DA:133,140
DA:137,25
DA:141,25
DA:145,5
DA:149,6
DA:150,6
DA:154,5
DA:155,5
DA:159,9
DA:160,9
DA:161,7
DA:166,1
DA:170,1
DA:174,5
DA:178,2
DA:182,138
LF:39
LH:39
BRDA:100,0,0,173
BRDA:100,0,1,12
BRDA:106,1,0,51
BRDA:106,1,1,249
BRDA:132,2,0,140
BRDA:132,2,1,111
BRDA:160,3,0,7
BRF:7
BRH:7
end_of_record
